Conda environment: *
R version 4.3.1 (2023-06-16)
Platform: x86_64-conda-linux-gnu (64-bit)
Running under: Red Hat Enterprise Linux 8.3 (Ootpa)

Matrix products: default
BLAS/LAPACK: /ess/home/home1/beiw/miniconda3/envs/5hmc_os_env/lib/libopenblasp-r0.3.27.so;  LAPACK version 3.12.0

locale:
[1] C

time zone: America/Chicago
tzcode source: system (glibc)

attached base packages:
[1] stats4    stats     graphics  grDevices utils     datasets  methods  
[8] base     

other attached packages:
 [1] conflicted_1.2.0            DESeq2_1.40.2              
 [3] SummarizedExperiment_1.30.2 Biobase_2.60.0             
 [5] MatrixGenerics_1.12.2       matrixStats_1.2.0          
 [7] GenomicRanges_1.52.0        GenomeInfoDb_1.36.1        
 [9] IRanges_2.34.1              S4Vectors_0.38.1           
[11] BiocGenerics_0.46.0         glmnet_4.1-8               
[13] Matrix_1.6-5                mlr3learners_0.5.8         
[15] mlr3tuning_0.19.0           paradox_0.11.1             
[17] mlr3_0.19.0                 lubridate_1.9.3            
[19] forcats_1.0.0               stringr_1.5.1              
[21] purrr_1.0.2                 readr_2.1.5                
[23] tidyr_1.3.1                 tibble_3.2.1               
[25] ggplot2_3.4.4               tidyverse_2.0.0            
[27] dplyr_1.1.4                

loaded via a namespace (and not attached):
 [1] gtable_0.3.4            shape_1.4.6             lattice_0.21-9         
 [4] tzdb_0.4.0              bitops_1.0-7            vctrs_0.6.4            
 [7] tools_4.3.1             generics_0.1.3          parallel_4.3.1         
[10] fansi_1.0.5             pkgconfig_2.0.3         data.table_1.15.2      
[13] checkmate_2.3.1         uuid_1.1-1              GenomeInfoDbData_1.2.11
[16] lifecycle_1.0.3         compiler_4.3.1          munsell_0.5.0          
[19] RhpcBLASctl_0.23-42     codetools_0.2-20        bbotk_0.7.2            
[22] RCurl_1.98-1.12         pillar_1.9.0            crayon_1.5.2           
[25] BiocParallel_1.34.2     cachem_1.0.8            DelayedArray_0.26.6    
[28] iterators_1.0.14        foreach_1.5.2           parallelly_1.37.1      
[31] locfit_1.5-9.8          tidyselect_1.2.0        digest_0.6.35          
[34] stringi_1.7.12          future_1.33.2           listenv_0.9.1          
[37] splines_4.3.1           fastmap_1.1.1           grid_4.3.1             
[40] colorspace_2.1-0        cli_3.6.1               magrittr_2.0.3         
[43] S4Arrays_1.0.4          survival_3.5-7          utf8_1.2.4             
[46] withr_2.5.1             scales_1.2.1            backports_1.4.1        
[49] timechange_0.2.0        XVector_0.40.0          globals_0.16.3         
[52] hms_1.1.3               memoise_2.0.1           mlr3misc_0.15.0        
[55] rlang_1.1.1             Rcpp_1.0.11             glue_1.6.2             
[58] palmerpenguins_0.1.1    lgr_0.4.4               R6_2.5.1               
[61] zlibbioc_1.46.0        
INFO  [11:56:34.089] [bbotk] Starting to optimize 1 parameter(s) with '<TunerGridSearch>' and '<TerminatorNone>'
INFO  [11:56:34.113] [bbotk] Evaluating 1 configuration(s)
INFO  [11:56:34.145] [mlr3] Running benchmark with 5 resampling iterations
INFO  [11:56:34.178] [mlr3] Applying learner 'classif.cv_glmnet' on task 'candi_gene' (iter 1/5)
INFO  [11:56:34.853] [mlr3] Applying learner 'classif.cv_glmnet' on task 'candi_gene' (iter 2/5)
INFO  [11:56:35.087] [mlr3] Applying learner 'classif.cv_glmnet' on task 'candi_gene' (iter 3/5)
INFO  [11:56:35.334] [mlr3] Applying learner 'classif.cv_glmnet' on task 'candi_gene' (iter 4/5)
INFO  [11:56:35.574] [mlr3] Applying learner 'classif.cv_glmnet' on task 'candi_gene' (iter 5/5)
INFO  [11:56:35.824] [mlr3] Finished benchmark
INFO  [11:56:35.856] [bbotk] Result of batch 1:
INFO  [11:56:35.860] [bbotk]  alpha classif.auc warnings errors runtime_learners
INFO  [11:56:35.860] [bbotk]    0.1    0.675294        0      0            1.602
INFO  [11:56:35.860] [bbotk]                                 uhash
INFO  [11:56:35.860] [bbotk]  7e4fe208-d670-48c0-bc6c-019c2650410e
INFO  [11:56:35.862] [bbotk] Evaluating 1 configuration(s)
INFO  [11:56:35.885] [mlr3] Running benchmark with 5 resampling iterations
INFO  [11:56:35.889] [mlr3] Applying learner 'classif.cv_glmnet' on task 'candi_gene' (iter 1/5)
INFO  [11:56:36.075] [mlr3] Applying learner 'classif.cv_glmnet' on task 'candi_gene' (iter 2/5)
INFO  [11:56:36.247] [mlr3] Applying learner 'classif.cv_glmnet' on task 'candi_gene' (iter 3/5)
INFO  [11:56:36.431] [mlr3] Applying learner 'classif.cv_glmnet' on task 'candi_gene' (iter 4/5)
INFO  [11:56:36.617] [mlr3] Applying learner 'classif.cv_glmnet' on task 'candi_gene' (iter 5/5)
INFO  [11:56:36.818] [mlr3] Finished benchmark
INFO  [11:56:36.843] [bbotk] Result of batch 2:
INFO  [11:56:36.845] [bbotk]  alpha classif.auc warnings errors runtime_learners
INFO  [11:56:36.845] [bbotk]   0.95   0.5956275        0      0            0.889
INFO  [11:56:36.845] [bbotk]                                 uhash
INFO  [11:56:36.845] [bbotk]  d27799eb-318b-4a3d-9116-4b468adecdc8
INFO  [11:56:36.846] [bbotk] Evaluating 1 configuration(s)
INFO  [11:56:36.869] [mlr3] Running benchmark with 5 resampling iterations
INFO  [11:56:36.873] [mlr3] Applying learner 'classif.cv_glmnet' on task 'candi_gene' (iter 1/5)
INFO  [11:56:37.152] [mlr3] Applying learner 'classif.cv_glmnet' on task 'candi_gene' (iter 2/5)
INFO  [11:56:37.405] [mlr3] Applying learner 'classif.cv_glmnet' on task 'candi_gene' (iter 3/5)
INFO  [11:56:37.682] [mlr3] Applying learner 'classif.cv_glmnet' on task 'candi_gene' (iter 4/5)
INFO  [11:56:37.949] [mlr3] Applying learner 'classif.cv_glmnet' on task 'candi_gene' (iter 5/5)
INFO  [11:56:38.223] [mlr3] Finished benchmark
INFO  [11:56:38.247] [bbotk] Result of batch 3:
INFO  [11:56:38.249] [bbotk]  alpha classif.auc warnings errors runtime_learners
INFO  [11:56:38.249] [bbotk]   0.05   0.6698901        0      0            1.307
INFO  [11:56:38.249] [bbotk]                                 uhash
INFO  [11:56:38.249] [bbotk]  3e1a64d5-0617-45b5-8a96-a60a2493217f
INFO  [11:56:38.250] [bbotk] Evaluating 1 configuration(s)
INFO  [11:56:38.272] [mlr3] Running benchmark with 5 resampling iterations
INFO  [11:56:38.277] [mlr3] Applying learner 'classif.cv_glmnet' on task 'candi_gene' (iter 1/5)
INFO  [11:56:39.010] [mlr3] Applying learner 'classif.cv_glmnet' on task 'candi_gene' (iter 2/5)
INFO  [11:56:39.447] [mlr3] Applying learner 'classif.cv_glmnet' on task 'candi_gene' (iter 3/5)
INFO  [11:56:39.862] [mlr3] Applying learner 'classif.cv_glmnet' on task 'candi_gene' (iter 4/5)
INFO  [11:56:40.284] [mlr3] Applying learner 'classif.cv_glmnet' on task 'candi_gene' (iter 5/5)
INFO  [11:56:40.676] [mlr3] Finished benchmark
INFO  [11:56:40.700] [bbotk] Result of batch 4:
INFO  [11:56:40.702] [bbotk]  alpha classif.auc warnings errors runtime_learners
INFO  [11:56:40.702] [bbotk]      0   0.6402699        0      0            2.356
INFO  [11:56:40.702] [bbotk]                                 uhash
INFO  [11:56:40.702] [bbotk]  cc907687-519e-4635-8cce-284240307ee9
INFO  [11:56:40.703] [bbotk] Evaluating 1 configuration(s)
INFO  [11:56:40.726] [mlr3] Running benchmark with 5 resampling iterations
INFO  [11:56:40.730] [mlr3] Applying learner 'classif.cv_glmnet' on task 'candi_gene' (iter 1/5)
INFO  [11:56:40.916] [mlr3] Applying learner 'classif.cv_glmnet' on task 'candi_gene' (iter 2/5)
INFO  [11:56:41.440] [mlr3] Applying learner 'classif.cv_glmnet' on task 'candi_gene' (iter 3/5)
INFO  [11:56:41.616] [mlr3] Applying learner 'classif.cv_glmnet' on task 'candi_gene' (iter 4/5)
INFO  [11:56:41.797] [mlr3] Applying learner 'classif.cv_glmnet' on task 'candi_gene' (iter 5/5)
INFO  [11:56:41.989] [mlr3] Finished benchmark
INFO  [11:56:42.013] [bbotk] Result of batch 5:
INFO  [11:56:42.015] [bbotk]  alpha classif.auc warnings errors runtime_learners
INFO  [11:56:42.015] [bbotk]   0.85   0.6125641        0      0            1.216
INFO  [11:56:42.015] [bbotk]                                 uhash
INFO  [11:56:42.015] [bbotk]  1dc23d33-2e56-467f-abc5-f10ccd7abd0d
INFO  [11:56:42.016] [bbotk] Evaluating 1 configuration(s)
INFO  [11:56:42.039] [mlr3] Running benchmark with 5 resampling iterations
INFO  [11:56:42.043] [mlr3] Applying learner 'classif.cv_glmnet' on task 'candi_gene' (iter 1/5)
INFO  [11:56:42.244] [mlr3] Applying learner 'classif.cv_glmnet' on task 'candi_gene' (iter 2/5)
INFO  [11:56:42.426] [mlr3] Applying learner 'classif.cv_glmnet' on task 'candi_gene' (iter 3/5)
INFO  [11:56:42.621] [mlr3] Applying learner 'classif.cv_glmnet' on task 'candi_gene' (iter 4/5)
INFO  [11:56:42.810] [mlr3] Applying learner 'classif.cv_glmnet' on task 'candi_gene' (iter 5/5)
INFO  [11:56:43.007] [mlr3] Finished benchmark
INFO  [11:56:43.036] [bbotk] Result of batch 6:
INFO  [11:56:43.038] [bbotk]  alpha classif.auc warnings errors runtime_learners
INFO  [11:56:43.038] [bbotk]    0.4   0.6272219        0      0            0.923
INFO  [11:56:43.038] [bbotk]                                 uhash
INFO  [11:56:43.038] [bbotk]  3afff1b3-f50f-4d73-8abd-fcb7f98bf64c
INFO  [11:56:43.039] [bbotk] Evaluating 1 configuration(s)
INFO  [11:56:43.062] [mlr3] Running benchmark with 5 resampling iterations
INFO  [11:56:43.067] [mlr3] Applying learner 'classif.cv_glmnet' on task 'candi_gene' (iter 1/5)
INFO  [11:56:43.278] [mlr3] Applying learner 'classif.cv_glmnet' on task 'candi_gene' (iter 2/5)
INFO  [11:56:43.472] [mlr3] Applying learner 'classif.cv_glmnet' on task 'candi_gene' (iter 3/5)
INFO  [11:56:43.682] [mlr3] Applying learner 'classif.cv_glmnet' on task 'candi_gene' (iter 4/5)
INFO  [11:56:43.888] [mlr3] Applying learner 'classif.cv_glmnet' on task 'candi_gene' (iter 5/5)
INFO  [11:56:44.108] [mlr3] Finished benchmark
INFO  [11:56:44.132] [bbotk] Result of batch 7:
INFO  [11:56:44.134] [bbotk]  alpha classif.auc warnings errors runtime_learners
INFO  [11:56:44.134] [bbotk]   0.25   0.5716663        0      0            1.001
INFO  [11:56:44.134] [bbotk]                                 uhash
INFO  [11:56:44.134] [bbotk]  35cd61fa-47fe-43b1-9919-11bf3cea0bd0
INFO  [11:56:44.135] [bbotk] Evaluating 1 configuration(s)
INFO  [11:56:44.158] [mlr3] Running benchmark with 5 resampling iterations
INFO  [11:56:44.162] [mlr3] Applying learner 'classif.cv_glmnet' on task 'candi_gene' (iter 1/5)
INFO  [11:56:44.353] [mlr3] Applying learner 'classif.cv_glmnet' on task 'candi_gene' (iter 2/5)
INFO  [11:56:44.530] [mlr3] Applying learner 'classif.cv_glmnet' on task 'candi_gene' (iter 3/5)
INFO  [11:56:44.717] [mlr3] Applying learner 'classif.cv_glmnet' on task 'candi_gene' (iter 4/5)
INFO  [11:56:44.901] [mlr3] Applying learner 'classif.cv_glmnet' on task 'candi_gene' (iter 5/5)
INFO  [11:56:45.094] [mlr3] Finished benchmark
INFO  [11:56:45.118] [bbotk] Result of batch 8:
INFO  [11:56:45.120] [bbotk]  alpha classif.auc warnings errors runtime_learners
INFO  [11:56:45.120] [bbotk]    0.6   0.5912281        0      0            0.889
INFO  [11:56:45.120] [bbotk]                                 uhash
INFO  [11:56:45.120] [bbotk]  dcf11c2e-fead-47fa-93b7-7359a26f3aeb
INFO  [11:56:45.121] [bbotk] Evaluating 1 configuration(s)
INFO  [11:56:45.143] [mlr3] Running benchmark with 5 resampling iterations
INFO  [11:56:45.148] [mlr3] Applying learner 'classif.cv_glmnet' on task 'candi_gene' (iter 1/5)
INFO  [11:56:45.348] [mlr3] Applying learner 'classif.cv_glmnet' on task 'candi_gene' (iter 2/5)
INFO  [11:56:45.523] [mlr3] Applying learner 'classif.cv_glmnet' on task 'candi_gene' (iter 3/5)
INFO  [11:56:45.715] [mlr3] Applying learner 'classif.cv_glmnet' on task 'candi_gene' (iter 4/5)
INFO  [11:56:45.892] [mlr3] Applying learner 'classif.cv_glmnet' on task 'candi_gene' (iter 5/5)
INFO  [11:56:46.091] [mlr3] Finished benchmark
INFO  [11:56:46.115] [bbotk] Result of batch 9:
INFO  [11:56:46.117] [bbotk]  alpha classif.auc warnings errors runtime_learners
INFO  [11:56:46.117] [bbotk]   0.55   0.6305128        0      0            0.901
INFO  [11:56:46.117] [bbotk]                                 uhash
INFO  [11:56:46.117] [bbotk]  dbc8b7a6-3624-4a50-b501-3c695ee1f808
INFO  [11:56:46.118] [bbotk] Evaluating 1 configuration(s)
INFO  [11:56:46.141] [mlr3] Running benchmark with 5 resampling iterations
INFO  [11:56:46.145] [mlr3] Applying learner 'classif.cv_glmnet' on task 'candi_gene' (iter 1/5)
INFO  [11:56:46.356] [mlr3] Applying learner 'classif.cv_glmnet' on task 'candi_gene' (iter 2/5)
INFO  [11:56:46.547] [mlr3] Applying learner 'classif.cv_glmnet' on task 'candi_gene' (iter 3/5)
INFO  [11:56:46.751] [mlr3] Applying learner 'classif.cv_glmnet' on task 'candi_gene' (iter 4/5)
INFO  [11:56:46.946] [mlr3] Applying learner 'classif.cv_glmnet' on task 'candi_gene' (iter 5/5)
INFO  [11:56:47.159] [mlr3] Finished benchmark
INFO  [11:56:47.183] [bbotk] Result of batch 10:
INFO  [11:56:47.185] [bbotk]  alpha classif.auc warnings errors runtime_learners
INFO  [11:56:47.185] [bbotk]    0.3   0.5894062        0      0             0.97
INFO  [11:56:47.185] [bbotk]                                 uhash
INFO  [11:56:47.185] [bbotk]  66d98cb6-5c4a-43b4-b205-23e3971ec01d
INFO  [11:56:47.186] [bbotk] Evaluating 1 configuration(s)
INFO  [11:56:47.209] [mlr3] Running benchmark with 5 resampling iterations
INFO  [11:56:47.214] [mlr3] Applying learner 'classif.cv_glmnet' on task 'candi_gene' (iter 1/5)
INFO  [11:56:47.404] [mlr3] Applying learner 'classif.cv_glmnet' on task 'candi_gene' (iter 2/5)
INFO  [11:56:47.574] [mlr3] Applying learner 'classif.cv_glmnet' on task 'candi_gene' (iter 3/5)
INFO  [11:56:47.757] [mlr3] Applying learner 'classif.cv_glmnet' on task 'candi_gene' (iter 4/5)
INFO  [11:56:47.941] [mlr3] Applying learner 'classif.cv_glmnet' on task 'candi_gene' (iter 5/5)
INFO  [11:56:48.135] [mlr3] Finished benchmark
INFO  [11:56:48.159] [bbotk] Result of batch 11:
INFO  [11:56:48.161] [bbotk]  alpha classif.auc warnings errors runtime_learners
INFO  [11:56:48.161] [bbotk]   0.75   0.6496941        0      0            0.881
INFO  [11:56:48.161] [bbotk]                                 uhash
INFO  [11:56:48.161] [bbotk]  66313ea0-1f53-4ca6-b573-8f86375599b4
INFO  [11:56:48.162] [bbotk] Evaluating 1 configuration(s)
INFO  [11:56:48.185] [mlr3] Running benchmark with 5 resampling iterations
INFO  [11:56:48.190] [mlr3] Applying learner 'classif.cv_glmnet' on task 'candi_gene' (iter 1/5)
INFO  [11:56:48.416] [mlr3] Applying learner 'classif.cv_glmnet' on task 'candi_gene' (iter 2/5)
INFO  [11:56:48.620] [mlr3] Applying learner 'classif.cv_glmnet' on task 'candi_gene' (iter 3/5)
INFO  [11:56:48.836] [mlr3] Applying learner 'classif.cv_glmnet' on task 'candi_gene' (iter 4/5)
INFO  [11:56:49.055] [mlr3] Applying learner 'classif.cv_glmnet' on task 'candi_gene' (iter 5/5)
INFO  [11:56:49.278] [mlr3] Finished benchmark
INFO  [11:56:49.303] [bbotk] Result of batch 12:
INFO  [11:56:49.305] [bbotk]  alpha classif.auc warnings errors runtime_learners
INFO  [11:56:49.305] [bbotk]    0.2   0.6266667        0      0            1.048
INFO  [11:56:49.305] [bbotk]                                 uhash
INFO  [11:56:49.305] [bbotk]  900718fe-df2d-4e4f-bdc0-35d68a101922
INFO  [11:56:49.306] [bbotk] Evaluating 1 configuration(s)
INFO  [11:56:49.341] [mlr3] Running benchmark with 5 resampling iterations
INFO  [11:56:49.346] [mlr3] Applying learner 'classif.cv_glmnet' on task 'candi_gene' (iter 1/5)
INFO  [11:56:49.542] [mlr3] Applying learner 'classif.cv_glmnet' on task 'candi_gene' (iter 2/5)
INFO  [11:56:49.719] [mlr3] Applying learner 'classif.cv_glmnet' on task 'candi_gene' (iter 3/5)
INFO  [11:56:49.913] [mlr3] Applying learner 'classif.cv_glmnet' on task 'candi_gene' (iter 4/5)
INFO  [11:56:50.096] [mlr3] Applying learner 'classif.cv_glmnet' on task 'candi_gene' (iter 5/5)
INFO  [11:56:50.294] [mlr3] Finished benchmark
INFO  [11:56:50.319] [bbotk] Result of batch 13:
INFO  [11:56:50.321] [bbotk]  alpha classif.auc warnings errors runtime_learners
INFO  [11:56:50.321] [bbotk]    0.5    0.571525        0      0            0.906
INFO  [11:56:50.321] [bbotk]                                 uhash
INFO  [11:56:50.321] [bbotk]  b34fdc3d-1b73-4387-b426-f03d9451dabc
INFO  [11:56:50.322] [bbotk] Evaluating 1 configuration(s)
INFO  [11:56:50.345] [mlr3] Running benchmark with 5 resampling iterations
INFO  [11:56:50.349] [mlr3] Applying learner 'classif.cv_glmnet' on task 'candi_gene' (iter 1/5)
INFO  [11:56:50.559] [mlr3] Applying learner 'classif.cv_glmnet' on task 'candi_gene' (iter 2/5)
INFO  [11:56:50.751] [mlr3] Applying learner 'classif.cv_glmnet' on task 'candi_gene' (iter 3/5)
INFO  [11:56:50.946] [mlr3] Applying learner 'classif.cv_glmnet' on task 'candi_gene' (iter 4/5)
INFO  [11:56:51.143] [mlr3] Applying learner 'classif.cv_glmnet' on task 'candi_gene' (iter 5/5)
INFO  [11:56:51.353] [mlr3] Finished benchmark
INFO  [11:56:51.378] [bbotk] Result of batch 14:
INFO  [11:56:51.380] [bbotk]  alpha classif.auc warnings errors runtime_learners
INFO  [11:56:51.380] [bbotk]   0.35   0.5973279        0      0            0.965
INFO  [11:56:51.380] [bbotk]                                 uhash
INFO  [11:56:51.380] [bbotk]  743f1f35-5742-4a1d-8dfa-034ad1e8f534
INFO  [11:56:51.381] [bbotk] Evaluating 1 configuration(s)
INFO  [11:56:51.404] [mlr3] Running benchmark with 5 resampling iterations
INFO  [11:56:51.408] [mlr3] Applying learner 'classif.cv_glmnet' on task 'candi_gene' (iter 1/5)
INFO  [11:56:51.592] [mlr3] Applying learner 'classif.cv_glmnet' on task 'candi_gene' (iter 2/5)
INFO  [11:56:52.123] [mlr3] Applying learner 'classif.cv_glmnet' on task 'candi_gene' (iter 3/5)
INFO  [11:56:52.306] [mlr3] Applying learner 'classif.cv_glmnet' on task 'candi_gene' (iter 4/5)
INFO  [11:56:52.482] [mlr3] Applying learner 'classif.cv_glmnet' on task 'candi_gene' (iter 5/5)
INFO  [11:56:52.676] [mlr3] Finished benchmark
INFO  [11:56:52.700] [bbotk] Result of batch 15:
INFO  [11:56:52.702] [bbotk]  alpha classif.auc warnings errors runtime_learners
INFO  [11:56:52.702] [bbotk]    0.8   0.6546019        0      0            1.225
INFO  [11:56:52.702] [bbotk]                                 uhash
INFO  [11:56:52.702] [bbotk]  d948931f-39e2-4b95-a49f-07a4c211457b
INFO  [11:56:52.704] [bbotk] Evaluating 1 configuration(s)
INFO  [11:56:52.726] [mlr3] Running benchmark with 5 resampling iterations
INFO  [11:56:52.731] [mlr3] Applying learner 'classif.cv_glmnet' on task 'candi_gene' (iter 1/5)
INFO  [11:56:52.919] [mlr3] Applying learner 'classif.cv_glmnet' on task 'candi_gene' (iter 2/5)
INFO  [11:56:53.088] [mlr3] Applying learner 'classif.cv_glmnet' on task 'candi_gene' (iter 3/5)
INFO  [11:56:53.273] [mlr3] Applying learner 'classif.cv_glmnet' on task 'candi_gene' (iter 4/5)
INFO  [11:56:53.454] [mlr3] Applying learner 'classif.cv_glmnet' on task 'candi_gene' (iter 5/5)
INFO  [11:56:53.639] [mlr3] Finished benchmark
INFO  [11:56:53.663] [bbotk] Result of batch 16:
INFO  [11:56:53.665] [bbotk]  alpha classif.auc warnings errors runtime_learners
INFO  [11:56:53.665] [bbotk]      1   0.5824561        0      0            0.865
INFO  [11:56:53.665] [bbotk]                                 uhash
INFO  [11:56:53.665] [bbotk]  b94424e6-6c71-4ba2-a944-d59f81152640
INFO  [11:56:53.666] [bbotk] Evaluating 1 configuration(s)
INFO  [11:56:53.689] [mlr3] Running benchmark with 5 resampling iterations
INFO  [11:56:53.693] [mlr3] Applying learner 'classif.cv_glmnet' on task 'candi_gene' (iter 1/5)
INFO  [11:56:53.888] [mlr3] Applying learner 'classif.cv_glmnet' on task 'candi_gene' (iter 2/5)
INFO  [11:56:54.059] [mlr3] Applying learner 'classif.cv_glmnet' on task 'candi_gene' (iter 3/5)
INFO  [11:56:54.237] [mlr3] Applying learner 'classif.cv_glmnet' on task 'candi_gene' (iter 4/5)
INFO  [11:56:54.418] [mlr3] Applying learner 'classif.cv_glmnet' on task 'candi_gene' (iter 5/5)
INFO  [11:56:54.612] [mlr3] Finished benchmark
INFO  [11:56:54.636] [bbotk] Result of batch 17:
INFO  [11:56:54.638] [bbotk]  alpha classif.auc warnings errors runtime_learners
INFO  [11:56:54.638] [bbotk]   0.65   0.5531039        0      0            0.878
INFO  [11:56:54.638] [bbotk]                                 uhash
INFO  [11:56:54.638] [bbotk]  5bec37ea-74cd-450a-acc8-2a04d27db3ce
INFO  [11:56:54.640] [bbotk] Evaluating 1 configuration(s)
INFO  [11:56:54.662] [mlr3] Running benchmark with 5 resampling iterations
INFO  [11:56:54.667] [mlr3] Applying learner 'classif.cv_glmnet' on task 'candi_gene' (iter 1/5)
INFO  [11:56:54.858] [mlr3] Applying learner 'classif.cv_glmnet' on task 'candi_gene' (iter 2/5)
INFO  [11:56:55.028] [mlr3] Applying learner 'classif.cv_glmnet' on task 'candi_gene' (iter 3/5)
INFO  [11:56:55.212] [mlr3] Applying learner 'classif.cv_glmnet' on task 'candi_gene' (iter 4/5)
INFO  [11:56:55.393] [mlr3] Applying learner 'classif.cv_glmnet' on task 'candi_gene' (iter 5/5)
INFO  [11:56:55.585] [mlr3] Finished benchmark
INFO  [11:56:55.610] [bbotk] Result of batch 18:
INFO  [11:56:55.612] [bbotk]  alpha classif.auc warnings errors runtime_learners
INFO  [11:56:55.612] [bbotk]    0.7   0.5883266        0      0            0.878
INFO  [11:56:55.612] [bbotk]                                 uhash
INFO  [11:56:55.612] [bbotk]  0d260bfd-a7e0-49e1-897b-08c7ed2edf1b
INFO  [11:56:55.613] [bbotk] Evaluating 1 configuration(s)
INFO  [11:56:55.636] [mlr3] Running benchmark with 5 resampling iterations
INFO  [11:56:55.640] [mlr3] Applying learner 'classif.cv_glmnet' on task 'candi_gene' (iter 1/5)
INFO  [11:56:55.846] [mlr3] Applying learner 'classif.cv_glmnet' on task 'candi_gene' (iter 2/5)
INFO  [11:56:56.022] [mlr3] Applying learner 'classif.cv_glmnet' on task 'candi_gene' (iter 3/5)
INFO  [11:56:56.214] [mlr3] Applying learner 'classif.cv_glmnet' on task 'candi_gene' (iter 4/5)
INFO  [11:56:56.402] [mlr3] Applying learner 'classif.cv_glmnet' on task 'candi_gene' (iter 5/5)
INFO  [11:56:56.619] [mlr3] Finished benchmark
INFO  [11:56:56.644] [bbotk] Result of batch 19:
INFO  [11:56:56.645] [bbotk]  alpha classif.auc warnings errors runtime_learners
INFO  [11:56:56.645] [bbotk]   0.45   0.5829992        0      0            0.937
INFO  [11:56:56.645] [bbotk]                                 uhash
INFO  [11:56:56.645] [bbotk]  9c9b79be-02e9-427d-9134-3f52627534d4
INFO  [11:56:56.647] [bbotk] Evaluating 1 configuration(s)
INFO  [11:56:56.669] [mlr3] Running benchmark with 5 resampling iterations
INFO  [11:56:56.674] [mlr3] Applying learner 'classif.cv_glmnet' on task 'candi_gene' (iter 1/5)
INFO  [11:56:56.856] [mlr3] Applying learner 'classif.cv_glmnet' on task 'candi_gene' (iter 2/5)
INFO  [11:56:57.035] [mlr3] Applying learner 'classif.cv_glmnet' on task 'candi_gene' (iter 3/5)
INFO  [11:56:57.215] [mlr3] Applying learner 'classif.cv_glmnet' on task 'candi_gene' (iter 4/5)
INFO  [11:56:57.397] [mlr3] Applying learner 'classif.cv_glmnet' on task 'candi_gene' (iter 5/5)
INFO  [11:56:57.594] [mlr3] Finished benchmark
INFO  [11:56:57.619] [bbotk] Result of batch 20:
INFO  [11:56:57.621] [bbotk]  alpha classif.auc warnings errors runtime_learners
INFO  [11:56:57.621] [bbotk]    0.9   0.5468286        0      0            0.881
INFO  [11:56:57.621] [bbotk]                                 uhash
INFO  [11:56:57.621] [bbotk]  c5f37af2-9915-4a9f-826e-63785a0877c8
INFO  [11:56:57.622] [bbotk] Evaluating 1 configuration(s)
INFO  [11:56:57.644] [mlr3] Running benchmark with 5 resampling iterations
INFO  [11:56:57.649] [mlr3] Applying learner 'classif.cv_glmnet' on task 'candi_gene' (iter 1/5)
INFO  [11:56:57.885] [mlr3] Applying learner 'classif.cv_glmnet' on task 'candi_gene' (iter 2/5)
INFO  [11:56:58.098] [mlr3] Applying learner 'classif.cv_glmnet' on task 'candi_gene' (iter 3/5)
INFO  [11:56:58.329] [mlr3] Applying learner 'classif.cv_glmnet' on task 'candi_gene' (iter 4/5)
INFO  [11:56:58.553] [mlr3] Applying learner 'classif.cv_glmnet' on task 'candi_gene' (iter 5/5)
INFO  [11:56:58.789] [mlr3] Finished benchmark
INFO  [11:56:58.814] [bbotk] Result of batch 21:
INFO  [11:56:58.816] [bbotk]  alpha classif.auc warnings errors runtime_learners
INFO  [11:56:58.816] [bbotk]   0.15   0.6520371        0      0            1.097
INFO  [11:56:58.816] [bbotk]                                 uhash
INFO  [11:56:58.816] [bbotk]  e14b368c-3f0e-4bd6-9039-4c842a0f0d6f
INFO  [11:56:58.820] [bbotk] Finished optimizing after 21 evaluation(s)
INFO  [11:56:58.821] [bbotk] Result:
INFO  [11:56:58.823] [bbotk]   alpha learner_param_vals x_domain classif.auc
INFO  [11:56:58.823] [bbotk]  <char>             <list>   <list>       <num>
INFO  [11:56:58.823] [bbotk]     0.1       c(7.8947....      0.1    0.675294
