Conda environment: *
R version 4.3.1 (2023-06-16)
Platform: x86_64-conda-linux-gnu (64-bit)
Running under: Red Hat Enterprise Linux 8.3 (Ootpa)

Matrix products: default
BLAS/LAPACK: /ess/home/home1/beiw/miniconda3/envs/5hmc_os_env/lib/libopenblasp-r0.3.27.so;  LAPACK version 3.12.0

locale:
[1] C

time zone: America/Chicago
tzcode source: system (glibc)

attached base packages:
[1] stats4    stats     graphics  grDevices utils     datasets  methods  
[8] base     

other attached packages:
 [1] conflicted_1.2.0            DESeq2_1.40.2              
 [3] SummarizedExperiment_1.30.2 Biobase_2.60.0             
 [5] MatrixGenerics_1.12.2       matrixStats_1.2.0          
 [7] GenomicRanges_1.52.0        GenomeInfoDb_1.36.1        
 [9] IRanges_2.34.1              S4Vectors_0.38.1           
[11] BiocGenerics_0.46.0         glmnet_4.1-8               
[13] Matrix_1.6-5                mlr3learners_0.5.8         
[15] mlr3tuning_0.19.0           paradox_0.11.1             
[17] mlr3_0.19.0                 lubridate_1.9.3            
[19] forcats_1.0.0               stringr_1.5.1              
[21] purrr_1.0.2                 readr_2.1.5                
[23] tidyr_1.3.1                 tibble_3.2.1               
[25] ggplot2_3.4.4               tidyverse_2.0.0            
[27] dplyr_1.1.4                

loaded via a namespace (and not attached):
 [1] gtable_0.3.4            shape_1.4.6             lattice_0.21-9         
 [4] tzdb_0.4.0              bitops_1.0-7            vctrs_0.6.4            
 [7] tools_4.3.1             generics_0.1.3          parallel_4.3.1         
[10] fansi_1.0.5             pkgconfig_2.0.3         data.table_1.15.2      
[13] checkmate_2.3.1         uuid_1.1-1              GenomeInfoDbData_1.2.11
[16] lifecycle_1.0.3         compiler_4.3.1          munsell_0.5.0          
[19] RhpcBLASctl_0.23-42     codetools_0.2-20        bbotk_0.7.2            
[22] RCurl_1.98-1.12         pillar_1.9.0            crayon_1.5.2           
[25] BiocParallel_1.34.2     cachem_1.0.8            DelayedArray_0.26.6    
[28] iterators_1.0.14        foreach_1.5.2           parallelly_1.37.1      
[31] locfit_1.5-9.8          tidyselect_1.2.0        digest_0.6.35          
[34] stringi_1.7.12          future_1.33.2           listenv_0.9.1          
[37] splines_4.3.1           fastmap_1.1.1           grid_4.3.1             
[40] colorspace_2.1-0        cli_3.6.1               magrittr_2.0.3         
[43] S4Arrays_1.0.4          survival_3.5-7          utf8_1.2.4             
[46] withr_2.5.1             scales_1.2.1            backports_1.4.1        
[49] timechange_0.2.0        XVector_0.40.0          globals_0.16.3         
[52] hms_1.1.3               memoise_2.0.1           mlr3misc_0.15.0        
[55] rlang_1.1.1             Rcpp_1.0.11             glue_1.6.2             
[58] palmerpenguins_0.1.1    lgr_0.4.4               R6_2.5.1               
[61] zlibbioc_1.46.0        
INFO  [11:57:07.463] [bbotk] Starting to optimize 1 parameter(s) with '<TunerGridSearch>' and '<TerminatorNone>'
INFO  [11:57:07.487] [bbotk] Evaluating 1 configuration(s)
INFO  [11:57:07.519] [mlr3] Running benchmark with 5 resampling iterations
INFO  [11:57:07.552] [mlr3] Applying learner 'classif.cv_glmnet' on task 'candi_gene' (iter 1/5)
INFO  [11:57:08.137] [mlr3] Applying learner 'classif.cv_glmnet' on task 'candi_gene' (iter 2/5)
INFO  [11:57:08.321] [mlr3] Applying learner 'classif.cv_glmnet' on task 'candi_gene' (iter 3/5)
INFO  [11:57:08.493] [mlr3] Applying learner 'classif.cv_glmnet' on task 'candi_gene' (iter 4/5)
INFO  [11:57:08.678] [mlr3] Applying learner 'classif.cv_glmnet' on task 'candi_gene' (iter 5/5)
INFO  [11:57:08.873] [mlr3] Finished benchmark
INFO  [11:57:08.900] [bbotk] Result of batch 1:
INFO  [11:57:08.904] [bbotk]  alpha classif.auc warnings errors runtime_learners
INFO  [11:57:08.904] [bbotk]   0.95   0.4792593        0      0            1.272
INFO  [11:57:08.904] [bbotk]                                 uhash
INFO  [11:57:08.904] [bbotk]  2bfe5091-088f-4382-9cef-e0bb97eae61e
INFO  [11:57:08.906] [bbotk] Evaluating 1 configuration(s)
INFO  [11:57:08.929] [mlr3] Running benchmark with 5 resampling iterations
INFO  [11:57:08.934] [mlr3] Applying learner 'classif.cv_glmnet' on task 'candi_gene' (iter 1/5)
INFO  [11:57:09.100] [mlr3] Applying learner 'classif.cv_glmnet' on task 'candi_gene' (iter 2/5)
INFO  [11:57:09.295] [mlr3] Applying learner 'classif.cv_glmnet' on task 'candi_gene' (iter 3/5)
INFO  [11:57:09.470] [mlr3] Applying learner 'classif.cv_glmnet' on task 'candi_gene' (iter 4/5)
INFO  [11:57:09.650] [mlr3] Applying learner 'classif.cv_glmnet' on task 'candi_gene' (iter 5/5)
INFO  [11:57:09.839] [mlr3] Finished benchmark
INFO  [11:57:09.869] [bbotk] Result of batch 2:
INFO  [11:57:09.871] [bbotk]  alpha classif.auc warnings errors runtime_learners
INFO  [11:57:09.871] [bbotk]   0.85   0.4792593        0      0            0.864
INFO  [11:57:09.871] [bbotk]                                 uhash
INFO  [11:57:09.871] [bbotk]  84219cca-b775-4c26-aeeb-2ddb9b8d04e6
INFO  [11:57:09.873] [bbotk] Evaluating 1 configuration(s)
INFO  [11:57:09.895] [mlr3] Running benchmark with 5 resampling iterations
INFO  [11:57:09.900] [mlr3] Applying learner 'classif.cv_glmnet' on task 'candi_gene' (iter 1/5)
INFO  [11:57:10.076] [mlr3] Applying learner 'classif.cv_glmnet' on task 'candi_gene' (iter 2/5)
INFO  [11:57:10.264] [mlr3] Applying learner 'classif.cv_glmnet' on task 'candi_gene' (iter 3/5)
INFO  [11:57:10.444] [mlr3] Applying learner 'classif.cv_glmnet' on task 'candi_gene' (iter 4/5)
INFO  [11:57:10.633] [mlr3] Applying learner 'classif.cv_glmnet' on task 'candi_gene' (iter 5/5)
INFO  [11:57:10.824] [mlr3] Finished benchmark
INFO  [11:57:10.848] [bbotk] Result of batch 3:
INFO  [11:57:10.850] [bbotk]  alpha classif.auc warnings errors runtime_learners
INFO  [11:57:10.850] [bbotk]   0.65   0.4866667        0      0            0.882
INFO  [11:57:10.850] [bbotk]                                 uhash
INFO  [11:57:10.850] [bbotk]  048c3e56-5f62-4905-a477-ad80f6cf52ad
INFO  [11:57:10.851] [bbotk] Evaluating 1 configuration(s)
INFO  [11:57:10.874] [mlr3] Running benchmark with 5 resampling iterations
INFO  [11:57:10.879] [mlr3] Applying learner 'classif.cv_glmnet' on task 'candi_gene' (iter 1/5)
INFO  [11:57:11.052] [mlr3] Applying learner 'classif.cv_glmnet' on task 'candi_gene' (iter 2/5)
INFO  [11:57:11.242] [mlr3] Applying learner 'classif.cv_glmnet' on task 'candi_gene' (iter 3/5)
INFO  [11:57:11.415] [mlr3] Applying learner 'classif.cv_glmnet' on task 'candi_gene' (iter 4/5)
INFO  [11:57:11.597] [mlr3] Applying learner 'classif.cv_glmnet' on task 'candi_gene' (iter 5/5)
INFO  [11:57:11.790] [mlr3] Finished benchmark
INFO  [11:57:11.814] [bbotk] Result of batch 4:
INFO  [11:57:11.816] [bbotk]  alpha classif.auc warnings errors runtime_learners
INFO  [11:57:11.816] [bbotk]   0.75   0.4748148        0      0            0.867
INFO  [11:57:11.816] [bbotk]                                 uhash
INFO  [11:57:11.816] [bbotk]  f100de0b-a51e-46f2-aae2-b40edeb8e090
INFO  [11:57:11.818] [bbotk] Evaluating 1 configuration(s)
INFO  [11:57:11.841] [mlr3] Running benchmark with 5 resampling iterations
INFO  [11:57:11.845] [mlr3] Applying learner 'classif.cv_glmnet' on task 'candi_gene' (iter 1/5)
INFO  [11:57:12.076] [mlr3] Applying learner 'classif.cv_glmnet' on task 'candi_gene' (iter 2/5)
INFO  [11:57:12.311] [mlr3] Applying learner 'classif.cv_glmnet' on task 'candi_gene' (iter 3/5)
INFO  [11:57:12.540] [mlr3] Applying learner 'classif.cv_glmnet' on task 'candi_gene' (iter 4/5)
INFO  [11:57:13.129] [mlr3] Applying learner 'classif.cv_glmnet' on task 'candi_gene' (iter 5/5)
INFO  [11:57:13.352] [mlr3] Finished benchmark
INFO  [11:57:13.377] [bbotk] Result of batch 5:
INFO  [11:57:13.379] [bbotk]  alpha classif.auc warnings errors runtime_learners
INFO  [11:57:13.379] [bbotk]   0.15   0.5712698        0      0            1.464
INFO  [11:57:13.379] [bbotk]                                 uhash
INFO  [11:57:13.379] [bbotk]  da031032-52f7-4949-89d9-084a9ac866bc
INFO  [11:57:13.380] [bbotk] Evaluating 1 configuration(s)
INFO  [11:57:13.403] [mlr3] Running benchmark with 5 resampling iterations
INFO  [11:57:13.407] [mlr3] Applying learner 'classif.cv_glmnet' on task 'candi_gene' (iter 1/5)
INFO  [11:57:13.585] [mlr3] Applying learner 'classif.cv_glmnet' on task 'candi_gene' (iter 2/5)
INFO  [11:57:13.773] [mlr3] Applying learner 'classif.cv_glmnet' on task 'candi_gene' (iter 3/5)
INFO  [11:57:13.947] [mlr3] Applying learner 'classif.cv_glmnet' on task 'candi_gene' (iter 4/5)
INFO  [11:57:14.130] [mlr3] Applying learner 'classif.cv_glmnet' on task 'candi_gene' (iter 5/5)
INFO  [11:57:14.318] [mlr3] Finished benchmark
INFO  [11:57:14.342] [bbotk] Result of batch 6:
INFO  [11:57:14.344] [bbotk]  alpha classif.auc warnings errors runtime_learners
INFO  [11:57:14.344] [bbotk]    0.6   0.4807407        0      0            0.865
INFO  [11:57:14.344] [bbotk]                                 uhash
INFO  [11:57:14.344] [bbotk]  37369962-cab2-4398-b593-7d02ea6b1bf8
INFO  [11:57:14.345] [bbotk] Evaluating 1 configuration(s)
INFO  [11:57:14.368] [mlr3] Running benchmark with 5 resampling iterations
INFO  [11:57:14.373] [mlr3] Applying learner 'classif.cv_glmnet' on task 'candi_gene' (iter 1/5)
INFO  [11:57:14.542] [mlr3] Applying learner 'classif.cv_glmnet' on task 'candi_gene' (iter 2/5)
INFO  [11:57:14.721] [mlr3] Applying learner 'classif.cv_glmnet' on task 'candi_gene' (iter 3/5)
INFO  [11:57:14.890] [mlr3] Applying learner 'classif.cv_glmnet' on task 'candi_gene' (iter 4/5)
INFO  [11:57:15.069] [mlr3] Applying learner 'classif.cv_glmnet' on task 'candi_gene' (iter 5/5)
INFO  [11:57:15.252] [mlr3] Finished benchmark
INFO  [11:57:15.277] [bbotk] Result of batch 7:
INFO  [11:57:15.279] [bbotk]  alpha classif.auc warnings errors runtime_learners
INFO  [11:57:15.279] [bbotk]    0.8   0.4792593        0      0             0.83
INFO  [11:57:15.279] [bbotk]                                 uhash
INFO  [11:57:15.279] [bbotk]  122f9826-e60c-4721-acd1-f02f807659b1
INFO  [11:57:15.280] [bbotk] Evaluating 1 configuration(s)
INFO  [11:57:15.303] [mlr3] Running benchmark with 5 resampling iterations
INFO  [11:57:15.308] [mlr3] Applying learner 'classif.cv_glmnet' on task 'candi_gene' (iter 1/5)
INFO  [11:57:15.739] [mlr3] Applying learner 'classif.cv_glmnet' on task 'candi_gene' (iter 2/5)
INFO  [11:57:16.108] [mlr3] Applying learner 'classif.cv_glmnet' on task 'candi_gene' (iter 3/5)
INFO  [11:57:16.519] [mlr3] Applying learner 'classif.cv_glmnet' on task 'candi_gene' (iter 4/5)
INFO  [11:57:16.949] [mlr3] Applying learner 'classif.cv_glmnet' on task 'candi_gene' (iter 5/5)
INFO  [11:57:17.357] [mlr3] Finished benchmark
INFO  [11:57:17.382] [bbotk] Result of batch 8:
INFO  [11:57:17.384] [bbotk]  alpha classif.auc warnings errors runtime_learners
INFO  [11:57:17.384] [bbotk]      0   0.5671693        0      0            2.006
INFO  [11:57:17.384] [bbotk]                                 uhash
INFO  [11:57:17.384] [bbotk]  f2988a64-95b1-45f8-99c9-5254037e7e00
INFO  [11:57:17.385] [bbotk] Evaluating 1 configuration(s)
INFO  [11:57:17.408] [mlr3] Running benchmark with 5 resampling iterations
INFO  [11:57:17.412] [mlr3] Applying learner 'classif.cv_glmnet' on task 'candi_gene' (iter 1/5)
INFO  [11:57:17.624] [mlr3] Applying learner 'classif.cv_glmnet' on task 'candi_gene' (iter 2/5)
INFO  [11:57:17.833] [mlr3] Applying learner 'classif.cv_glmnet' on task 'candi_gene' (iter 3/5)
INFO  [11:57:18.041] [mlr3] Applying learner 'classif.cv_glmnet' on task 'candi_gene' (iter 4/5)
INFO  [11:57:18.247] [mlr3] Applying learner 'classif.cv_glmnet' on task 'candi_gene' (iter 5/5)
INFO  [11:57:18.457] [mlr3] Finished benchmark
INFO  [11:57:18.482] [bbotk] Result of batch 9:
INFO  [11:57:18.484] [bbotk]  alpha classif.auc warnings errors runtime_learners
INFO  [11:57:18.484] [bbotk]   0.25   0.5325132        0      0            1.003
INFO  [11:57:18.484] [bbotk]                                 uhash
INFO  [11:57:18.484] [bbotk]  74fe587e-59ae-4c40-ba6f-b5119123d12e
INFO  [11:57:18.485] [bbotk] Evaluating 1 configuration(s)
INFO  [11:57:18.508] [mlr3] Running benchmark with 5 resampling iterations
INFO  [11:57:18.513] [mlr3] Applying learner 'classif.cv_glmnet' on task 'candi_gene' (iter 1/5)
INFO  [11:57:18.773] [mlr3] Applying learner 'classif.cv_glmnet' on task 'candi_gene' (iter 2/5)
INFO  [11:57:19.049] [mlr3] Applying learner 'classif.cv_glmnet' on task 'candi_gene' (iter 3/5)
INFO  [11:57:19.307] [mlr3] Applying learner 'classif.cv_glmnet' on task 'candi_gene' (iter 4/5)
INFO  [11:57:19.576] [mlr3] Applying learner 'classif.cv_glmnet' on task 'candi_gene' (iter 5/5)
INFO  [11:57:19.842] [mlr3] Finished benchmark
INFO  [11:57:19.866] [bbotk] Result of batch 10:
INFO  [11:57:19.868] [bbotk]  alpha classif.auc warnings errors runtime_learners
INFO  [11:57:19.868] [bbotk]   0.05   0.6998308        0      0            1.284
INFO  [11:57:19.868] [bbotk]                                 uhash
INFO  [11:57:19.868] [bbotk]  cd5bf861-4cbb-443e-9dd5-8d2d93fe6aa0
INFO  [11:57:19.870] [bbotk] Evaluating 1 configuration(s)
INFO  [11:57:19.893] [mlr3] Running benchmark with 5 resampling iterations
INFO  [11:57:19.897] [mlr3] Applying learner 'classif.cv_glmnet' on task 'candi_gene' (iter 1/5)
INFO  [11:57:20.103] [mlr3] Applying learner 'classif.cv_glmnet' on task 'candi_gene' (iter 2/5)
INFO  [11:57:20.306] [mlr3] Applying learner 'classif.cv_glmnet' on task 'candi_gene' (iter 3/5)
INFO  [11:57:20.507] [mlr3] Applying learner 'classif.cv_glmnet' on task 'candi_gene' (iter 4/5)
INFO  [11:57:21.072] [mlr3] Applying learner 'classif.cv_glmnet' on task 'candi_gene' (iter 5/5)
INFO  [11:57:21.276] [mlr3] Finished benchmark
INFO  [11:57:21.301] [bbotk] Result of batch 11:
INFO  [11:57:21.303] [bbotk]  alpha classif.auc warnings errors runtime_learners
INFO  [11:57:21.303] [bbotk]    0.3   0.5586243        0      0            1.333
INFO  [11:57:21.303] [bbotk]                                 uhash
INFO  [11:57:21.303] [bbotk]  742d2e84-9f5d-4a06-9970-748484e98676
INFO  [11:57:21.304] [bbotk] Evaluating 1 configuration(s)
INFO  [11:57:21.327] [mlr3] Running benchmark with 5 resampling iterations
INFO  [11:57:21.331] [mlr3] Applying learner 'classif.cv_glmnet' on task 'candi_gene' (iter 1/5)
INFO  [11:57:21.490] [mlr3] Applying learner 'classif.cv_glmnet' on task 'candi_gene' (iter 2/5)
INFO  [11:57:21.674] [mlr3] Applying learner 'classif.cv_glmnet' on task 'candi_gene' (iter 3/5)
INFO  [11:57:21.847] [mlr3] Applying learner 'classif.cv_glmnet' on task 'candi_gene' (iter 4/5)
INFO  [11:57:22.029] [mlr3] Applying learner 'classif.cv_glmnet' on task 'candi_gene' (iter 5/5)
INFO  [11:57:22.221] [mlr3] Finished benchmark
INFO  [11:57:22.245] [bbotk] Result of batch 12:
INFO  [11:57:22.247] [bbotk]  alpha classif.auc warnings errors runtime_learners
INFO  [11:57:22.247] [bbotk]      1   0.4807407        0      0            0.846
INFO  [11:57:22.247] [bbotk]                                 uhash
INFO  [11:57:22.247] [bbotk]  65271ce3-50b9-47fb-8898-ca70c3dcbc26
INFO  [11:57:22.249] [bbotk] Evaluating 1 configuration(s)
INFO  [11:57:22.272] [mlr3] Running benchmark with 5 resampling iterations
INFO  [11:57:22.276] [mlr3] Applying learner 'classif.cv_glmnet' on task 'candi_gene' (iter 1/5)
INFO  [11:57:22.468] [mlr3] Applying learner 'classif.cv_glmnet' on task 'candi_gene' (iter 2/5)
INFO  [11:57:22.664] [mlr3] Applying learner 'classif.cv_glmnet' on task 'candi_gene' (iter 3/5)
INFO  [11:57:22.861] [mlr3] Applying learner 'classif.cv_glmnet' on task 'candi_gene' (iter 4/5)
INFO  [11:57:23.058] [mlr3] Applying learner 'classif.cv_glmnet' on task 'candi_gene' (iter 5/5)
INFO  [11:57:23.256] [mlr3] Finished benchmark
INFO  [11:57:23.280] [bbotk] Result of batch 13:
INFO  [11:57:23.282] [bbotk]  alpha classif.auc warnings errors runtime_learners
INFO  [11:57:23.282] [bbotk]   0.35   0.5286508        0      0            0.936
INFO  [11:57:23.282] [bbotk]                                 uhash
INFO  [11:57:23.282] [bbotk]  43fe2259-39d4-4d35-ae7e-ecf7a48745cd
INFO  [11:57:23.284] [bbotk] Evaluating 1 configuration(s)
INFO  [11:57:23.306] [mlr3] Running benchmark with 5 resampling iterations
INFO  [11:57:23.311] [mlr3] Applying learner 'classif.cv_glmnet' on task 'candi_gene' (iter 1/5)
INFO  [11:57:23.491] [mlr3] Applying learner 'classif.cv_glmnet' on task 'candi_gene' (iter 2/5)
INFO  [11:57:23.679] [mlr3] Applying learner 'classif.cv_glmnet' on task 'candi_gene' (iter 3/5)
INFO  [11:57:23.854] [mlr3] Applying learner 'classif.cv_glmnet' on task 'candi_gene' (iter 4/5)
INFO  [11:57:24.043] [mlr3] Applying learner 'classif.cv_glmnet' on task 'candi_gene' (iter 5/5)
INFO  [11:57:24.241] [mlr3] Finished benchmark
INFO  [11:57:24.265] [bbotk] Result of batch 14:
INFO  [11:57:24.267] [bbotk]  alpha classif.auc warnings errors runtime_learners
INFO  [11:57:24.267] [bbotk]    0.5   0.4896296        0      0            0.888
INFO  [11:57:24.267] [bbotk]                                 uhash
INFO  [11:57:24.267] [bbotk]  4fb867ed-22b1-4a15-9df2-53eb4c820eb5
INFO  [11:57:24.269] [bbotk] Evaluating 1 configuration(s)
INFO  [11:57:24.291] [mlr3] Running benchmark with 5 resampling iterations
INFO  [11:57:24.296] [mlr3] Applying learner 'classif.cv_glmnet' on task 'candi_gene' (iter 1/5)
INFO  [11:57:24.535] [mlr3] Applying learner 'classif.cv_glmnet' on task 'candi_gene' (iter 2/5)
INFO  [11:57:24.785] [mlr3] Applying learner 'classif.cv_glmnet' on task 'candi_gene' (iter 3/5)
INFO  [11:57:25.022] [mlr3] Applying learner 'classif.cv_glmnet' on task 'candi_gene' (iter 4/5)
INFO  [11:57:25.257] [mlr3] Applying learner 'classif.cv_glmnet' on task 'candi_gene' (iter 5/5)
INFO  [11:57:25.498] [mlr3] Finished benchmark
INFO  [11:57:25.523] [bbotk] Result of batch 15:
INFO  [11:57:25.525] [bbotk]  alpha classif.auc warnings errors runtime_learners
INFO  [11:57:25.525] [bbotk]    0.1   0.5908466        0      0            1.159
INFO  [11:57:25.525] [bbotk]                                 uhash
INFO  [11:57:25.525] [bbotk]  ccff71aa-7d1f-45fb-bec7-8ebfaa00aa02
INFO  [11:57:25.526] [bbotk] Evaluating 1 configuration(s)
INFO  [11:57:25.549] [mlr3] Running benchmark with 5 resampling iterations
INFO  [11:57:25.554] [mlr3] Applying learner 'classif.cv_glmnet' on task 'candi_gene' (iter 1/5)
INFO  [11:57:25.722] [mlr3] Applying learner 'classif.cv_glmnet' on task 'candi_gene' (iter 2/5)
INFO  [11:57:25.909] [mlr3] Applying learner 'classif.cv_glmnet' on task 'candi_gene' (iter 3/5)
INFO  [11:57:26.075] [mlr3] Applying learner 'classif.cv_glmnet' on task 'candi_gene' (iter 4/5)
INFO  [11:57:26.257] [mlr3] Applying learner 'classif.cv_glmnet' on task 'candi_gene' (iter 5/5)
INFO  [11:57:26.446] [mlr3] Finished benchmark
INFO  [11:57:26.471] [bbotk] Result of batch 16:
INFO  [11:57:26.473] [bbotk]  alpha classif.auc warnings errors runtime_learners
INFO  [11:57:26.473] [bbotk]    0.9   0.4792593        0      0            0.853
INFO  [11:57:26.473] [bbotk]                                 uhash
INFO  [11:57:26.473] [bbotk]  dd466abf-4d0c-46e8-b2e3-6adefb043cce
INFO  [11:57:26.474] [bbotk] Evaluating 1 configuration(s)
INFO  [11:57:26.497] [mlr3] Running benchmark with 5 resampling iterations
INFO  [11:57:26.502] [mlr3] Applying learner 'classif.cv_glmnet' on task 'candi_gene' (iter 1/5)
INFO  [11:57:26.689] [mlr3] Applying learner 'classif.cv_glmnet' on task 'candi_gene' (iter 2/5)
INFO  [11:57:26.885] [mlr3] Applying learner 'classif.cv_glmnet' on task 'candi_gene' (iter 3/5)
INFO  [11:57:27.076] [mlr3] Applying learner 'classif.cv_glmnet' on task 'candi_gene' (iter 4/5)
INFO  [11:57:27.269] [mlr3] Applying learner 'classif.cv_glmnet' on task 'candi_gene' (iter 5/5)
INFO  [11:57:27.464] [mlr3] Finished benchmark
INFO  [11:57:27.489] [bbotk] Result of batch 17:
INFO  [11:57:27.491] [bbotk]  alpha classif.auc warnings errors runtime_learners
INFO  [11:57:27.491] [bbotk]   0.45   0.4837037        0      0            0.919
INFO  [11:57:27.491] [bbotk]                                 uhash
INFO  [11:57:27.491] [bbotk]  81476583-f53e-4f66-9a90-4bc2a20ac00b
INFO  [11:57:27.492] [bbotk] Evaluating 1 configuration(s)
INFO  [11:57:27.515] [mlr3] Running benchmark with 5 resampling iterations
INFO  [11:57:27.520] [mlr3] Applying learner 'classif.cv_glmnet' on task 'candi_gene' (iter 1/5)
INFO  [11:57:27.692] [mlr3] Applying learner 'classif.cv_glmnet' on task 'candi_gene' (iter 2/5)
INFO  [11:57:27.886] [mlr3] Applying learner 'classif.cv_glmnet' on task 'candi_gene' (iter 3/5)
INFO  [11:57:28.065] [mlr3] Applying learner 'classif.cv_glmnet' on task 'candi_gene' (iter 4/5)
INFO  [11:57:28.243] [mlr3] Applying learner 'classif.cv_glmnet' on task 'candi_gene' (iter 5/5)
INFO  [11:57:28.436] [mlr3] Finished benchmark
INFO  [11:57:28.461] [bbotk] Result of batch 18:
INFO  [11:57:28.463] [bbotk]  alpha classif.auc warnings errors runtime_learners
INFO  [11:57:28.463] [bbotk]    0.7   0.4718519        0      0            0.873
INFO  [11:57:28.463] [bbotk]                                 uhash
INFO  [11:57:28.463] [bbotk]  8c4c07c7-91f3-4b4a-8fe6-a000f7f3892e
INFO  [11:57:28.464] [bbotk] Evaluating 1 configuration(s)
INFO  [11:57:28.487] [mlr3] Running benchmark with 5 resampling iterations
INFO  [11:57:28.492] [mlr3] Applying learner 'classif.cv_glmnet' on task 'candi_gene' (iter 1/5)
INFO  [11:57:28.670] [mlr3] Applying learner 'classif.cv_glmnet' on task 'candi_gene' (iter 2/5)
INFO  [11:57:28.856] [mlr3] Applying learner 'classif.cv_glmnet' on task 'candi_gene' (iter 3/5)
INFO  [11:57:29.040] [mlr3] Applying learner 'classif.cv_glmnet' on task 'candi_gene' (iter 4/5)
INFO  [11:57:29.230] [mlr3] Applying learner 'classif.cv_glmnet' on task 'candi_gene' (iter 5/5)
INFO  [11:57:29.418] [mlr3] Finished benchmark
INFO  [11:57:29.451] [bbotk] Result of batch 19:
INFO  [11:57:29.453] [bbotk]  alpha classif.auc warnings errors runtime_learners
INFO  [11:57:29.453] [bbotk]   0.55   0.4792593        0      0            0.883
INFO  [11:57:29.453] [bbotk]                                 uhash
INFO  [11:57:29.453] [bbotk]  bfe43323-807e-42ef-a2e3-1aa0e1592a1e
INFO  [11:57:29.455] [bbotk] Evaluating 1 configuration(s)
INFO  [11:57:29.478] [mlr3] Running benchmark with 5 resampling iterations
INFO  [11:57:29.483] [mlr3] Applying learner 'classif.cv_glmnet' on task 'candi_gene' (iter 1/5)
INFO  [11:57:29.689] [mlr3] Applying learner 'classif.cv_glmnet' on task 'candi_gene' (iter 2/5)
INFO  [11:57:29.915] [mlr3] Applying learner 'classif.cv_glmnet' on task 'candi_gene' (iter 3/5)
INFO  [11:57:30.133] [mlr3] Applying learner 'classif.cv_glmnet' on task 'candi_gene' (iter 4/5)
INFO  [11:57:30.350] [mlr3] Applying learner 'classif.cv_glmnet' on task 'candi_gene' (iter 5/5)
INFO  [11:57:30.568] [mlr3] Finished benchmark
INFO  [11:57:30.593] [bbotk] Result of batch 20:
INFO  [11:57:30.595] [bbotk]  alpha classif.auc warnings errors runtime_learners
INFO  [11:57:30.595] [bbotk]    0.2   0.4881481        0      0            1.042
INFO  [11:57:30.595] [bbotk]                                 uhash
INFO  [11:57:30.595] [bbotk]  2ffda945-014f-4e88-94dc-7fbf5969006f
INFO  [11:57:30.596] [bbotk] Evaluating 1 configuration(s)
INFO  [11:57:30.619] [mlr3] Running benchmark with 5 resampling iterations
INFO  [11:57:30.624] [mlr3] Applying learner 'classif.cv_glmnet' on task 'candi_gene' (iter 1/5)
INFO  [11:57:30.815] [mlr3] Applying learner 'classif.cv_glmnet' on task 'candi_gene' (iter 2/5)
INFO  [11:57:31.020] [mlr3] Applying learner 'classif.cv_glmnet' on task 'candi_gene' (iter 3/5)
INFO  [11:57:31.204] [mlr3] Applying learner 'classif.cv_glmnet' on task 'candi_gene' (iter 4/5)
INFO  [11:57:31.403] [mlr3] Applying learner 'classif.cv_glmnet' on task 'candi_gene' (iter 5/5)
INFO  [11:57:31.604] [mlr3] Finished benchmark
INFO  [11:57:31.629] [bbotk] Result of batch 21:
INFO  [11:57:31.631] [bbotk]  alpha classif.auc warnings errors runtime_learners
INFO  [11:57:31.631] [bbotk]    0.4   0.4792593        0      0            0.928
INFO  [11:57:31.631] [bbotk]                                 uhash
INFO  [11:57:31.631] [bbotk]  aec6d195-43a3-4fca-9edc-99fb505fbd06
INFO  [11:57:31.636] [bbotk] Finished optimizing after 21 evaluation(s)
INFO  [11:57:31.636] [bbotk] Result:
INFO  [11:57:31.639] [bbotk]   alpha learner_param_vals x_domain classif.auc
INFO  [11:57:31.639] [bbotk]  <char>             <list>   <list>       <num>
INFO  [11:57:31.639] [bbotk]    0.05       c(7.8947....     0.05   0.6998308
