Conda environment: *
R version 4.3.1 (2023-06-16)
Platform: x86_64-conda-linux-gnu (64-bit)
Running under: Red Hat Enterprise Linux 8.3 (Ootpa)

Matrix products: default
BLAS/LAPACK: /ess/home/home1/beiw/miniconda3/envs/5hmc_os_env/lib/libopenblasp-r0.3.27.so;  LAPACK version 3.12.0

locale:
[1] C

time zone: America/Chicago
tzcode source: system (glibc)

attached base packages:
[1] stats4    stats     graphics  grDevices utils     datasets  methods  
[8] base     

other attached packages:
 [1] conflicted_1.2.0            DESeq2_1.40.2              
 [3] SummarizedExperiment_1.30.2 Biobase_2.60.0             
 [5] MatrixGenerics_1.12.2       matrixStats_1.2.0          
 [7] GenomicRanges_1.52.0        GenomeInfoDb_1.36.1        
 [9] IRanges_2.34.1              S4Vectors_0.38.1           
[11] BiocGenerics_0.46.0         glmnet_4.1-8               
[13] Matrix_1.6-5                mlr3learners_0.5.8         
[15] mlr3tuning_0.19.0           paradox_0.11.1             
[17] mlr3_0.19.0                 lubridate_1.9.3            
[19] forcats_1.0.0               stringr_1.5.1              
[21] purrr_1.0.2                 readr_2.1.5                
[23] tidyr_1.3.1                 tibble_3.2.1               
[25] ggplot2_3.4.4               tidyverse_2.0.0            
[27] dplyr_1.1.4                

loaded via a namespace (and not attached):
 [1] gtable_0.3.4            shape_1.4.6             lattice_0.21-9         
 [4] tzdb_0.4.0              bitops_1.0-7            vctrs_0.6.4            
 [7] tools_4.3.1             generics_0.1.3          parallel_4.3.1         
[10] fansi_1.0.5             pkgconfig_2.0.3         data.table_1.15.2      
[13] checkmate_2.3.1         uuid_1.1-1              GenomeInfoDbData_1.2.11
[16] lifecycle_1.0.3         compiler_4.3.1          munsell_0.5.0          
[19] RhpcBLASctl_0.23-42     codetools_0.2-20        bbotk_0.7.2            
[22] RCurl_1.98-1.12         pillar_1.9.0            crayon_1.5.2           
[25] BiocParallel_1.34.2     cachem_1.0.8            DelayedArray_0.26.6    
[28] iterators_1.0.14        foreach_1.5.2           parallelly_1.37.1      
[31] locfit_1.5-9.8          tidyselect_1.2.0        digest_0.6.35          
[34] stringi_1.7.12          future_1.33.2           listenv_0.9.1          
[37] splines_4.3.1           fastmap_1.1.1           grid_4.3.1             
[40] colorspace_2.1-0        cli_3.6.1               magrittr_2.0.3         
[43] S4Arrays_1.0.4          survival_3.5-7          utf8_1.2.4             
[46] withr_2.5.1             scales_1.2.1            backports_1.4.1        
[49] timechange_0.2.0        XVector_0.40.0          globals_0.16.3         
[52] hms_1.1.3               memoise_2.0.1           mlr3misc_0.15.0        
[55] rlang_1.1.1             Rcpp_1.0.11             glue_1.6.2             
[58] palmerpenguins_0.1.1    lgr_0.4.4               R6_2.5.1               
[61] zlibbioc_1.46.0        
INFO  [11:55:53.785] [bbotk] Starting to optimize 1 parameter(s) with '<TunerGridSearch>' and '<TerminatorNone>'
INFO  [11:55:53.810] [bbotk] Evaluating 1 configuration(s)
INFO  [11:55:53.843] [mlr3] Running benchmark with 5 resampling iterations
INFO  [11:55:53.877] [mlr3] Applying learner 'classif.cv_glmnet' on task 'candi_gene' (iter 1/5)
INFO  [11:55:54.567] [mlr3] Applying learner 'classif.cv_glmnet' on task 'candi_gene' (iter 2/5)
INFO  [11:55:54.774] [mlr3] Applying learner 'classif.cv_glmnet' on task 'candi_gene' (iter 3/5)
INFO  [11:55:54.977] [mlr3] Applying learner 'classif.cv_glmnet' on task 'candi_gene' (iter 4/5)
INFO  [11:55:55.165] [mlr3] Applying learner 'classif.cv_glmnet' on task 'candi_gene' (iter 5/5)
INFO  [11:55:55.369] [mlr3] Finished benchmark
INFO  [11:55:55.397] [bbotk] Result of batch 1:
INFO  [11:55:55.401] [bbotk]  alpha classif.auc warnings errors runtime_learners
INFO  [11:55:55.401] [bbotk]   0.35   0.5551635        0      0            1.444
INFO  [11:55:55.401] [bbotk]                                 uhash
INFO  [11:55:55.401] [bbotk]  c106b395-7421-4332-be83-d54acfbcda65
INFO  [11:55:55.403] [bbotk] Evaluating 1 configuration(s)
INFO  [11:55:55.426] [mlr3] Running benchmark with 5 resampling iterations
INFO  [11:55:55.431] [mlr3] Applying learner 'classif.cv_glmnet' on task 'candi_gene' (iter 1/5)
INFO  [11:55:55.620] [mlr3] Applying learner 'classif.cv_glmnet' on task 'candi_gene' (iter 2/5)
INFO  [11:55:55.810] [mlr3] Applying learner 'classif.cv_glmnet' on task 'candi_gene' (iter 3/5)
INFO  [11:55:55.995] [mlr3] Applying learner 'classif.cv_glmnet' on task 'candi_gene' (iter 4/5)
INFO  [11:55:56.163] [mlr3] Applying learner 'classif.cv_glmnet' on task 'candi_gene' (iter 5/5)
INFO  [11:55:56.350] [mlr3] Finished benchmark
INFO  [11:55:56.375] [bbotk] Result of batch 2:
INFO  [11:55:56.377] [bbotk]  alpha classif.auc warnings errors runtime_learners
INFO  [11:55:56.377] [bbotk]   0.75   0.5551635        0      0            0.873
INFO  [11:55:56.377] [bbotk]                                 uhash
INFO  [11:55:56.377] [bbotk]  0422d720-cb35-481d-bd6b-41ddd694ebb6
INFO  [11:55:56.378] [bbotk] Evaluating 1 configuration(s)
INFO  [11:55:56.402] [mlr3] Running benchmark with 5 resampling iterations
INFO  [11:55:56.406] [mlr3] Applying learner 'classif.cv_glmnet' on task 'candi_gene' (iter 1/5)
INFO  [11:55:56.641] [mlr3] Applying learner 'classif.cv_glmnet' on task 'candi_gene' (iter 2/5)
INFO  [11:55:56.887] [mlr3] Applying learner 'classif.cv_glmnet' on task 'candi_gene' (iter 3/5)
INFO  [11:55:57.124] [mlr3] Applying learner 'classif.cv_glmnet' on task 'candi_gene' (iter 4/5)
INFO  [11:55:57.345] [mlr3] Applying learner 'classif.cv_glmnet' on task 'candi_gene' (iter 5/5)
INFO  [11:55:57.592] [mlr3] Finished benchmark
INFO  [11:55:57.619] [bbotk] Result of batch 3:
INFO  [11:55:57.621] [bbotk]  alpha classif.auc warnings errors runtime_learners
INFO  [11:55:57.621] [bbotk]   0.15   0.5683343        0      0            1.141
INFO  [11:55:57.621] [bbotk]                                 uhash
INFO  [11:55:57.621] [bbotk]  fe00bac4-5f84-44dd-ba24-901827870582
INFO  [11:55:57.622] [bbotk] Evaluating 1 configuration(s)
INFO  [11:55:57.645] [mlr3] Running benchmark with 5 resampling iterations
INFO  [11:55:57.650] [mlr3] Applying learner 'classif.cv_glmnet' on task 'candi_gene' (iter 1/5)
INFO  [11:55:58.237] [mlr3] Applying learner 'classif.cv_glmnet' on task 'candi_gene' (iter 2/5)
INFO  [11:55:58.468] [mlr3] Applying learner 'classif.cv_glmnet' on task 'candi_gene' (iter 3/5)
INFO  [11:55:58.686] [mlr3] Applying learner 'classif.cv_glmnet' on task 'candi_gene' (iter 4/5)
INFO  [11:55:58.895] [mlr3] Applying learner 'classif.cv_glmnet' on task 'candi_gene' (iter 5/5)
INFO  [11:55:59.113] [mlr3] Finished benchmark
INFO  [11:55:59.143] [bbotk] Result of batch 4:
INFO  [11:55:59.145] [bbotk]  alpha classif.auc warnings errors runtime_learners
INFO  [11:55:59.145] [bbotk]    0.2   0.5571688        0      0            1.417
INFO  [11:55:59.145] [bbotk]                                 uhash
INFO  [11:55:59.145] [bbotk]  85751726-f55d-4858-8432-253f3ba365dc
INFO  [11:55:59.146] [bbotk] Evaluating 1 configuration(s)
INFO  [11:55:59.169] [mlr3] Running benchmark with 5 resampling iterations
INFO  [11:55:59.174] [mlr3] Applying learner 'classif.cv_glmnet' on task 'candi_gene' (iter 1/5)
INFO  [11:55:59.441] [mlr3] Applying learner 'classif.cv_glmnet' on task 'candi_gene' (iter 2/5)
INFO  [11:55:59.710] [mlr3] Applying learner 'classif.cv_glmnet' on task 'candi_gene' (iter 3/5)
INFO  [11:55:59.974] [mlr3] Applying learner 'classif.cv_glmnet' on task 'candi_gene' (iter 4/5)
INFO  [11:56:00.230] [mlr3] Applying learner 'classif.cv_glmnet' on task 'candi_gene' (iter 5/5)
INFO  [11:56:00.513] [mlr3] Finished benchmark
INFO  [11:56:00.539] [bbotk] Result of batch 5:
INFO  [11:56:00.541] [bbotk]  alpha classif.auc warnings errors runtime_learners
INFO  [11:56:00.541] [bbotk]   0.05    0.686091        0      0            1.295
INFO  [11:56:00.541] [bbotk]                                 uhash
INFO  [11:56:00.541] [bbotk]  e403b7b3-5b59-4a8c-b734-604418b075b8
INFO  [11:56:00.542] [bbotk] Evaluating 1 configuration(s)
INFO  [11:56:00.565] [mlr3] Running benchmark with 5 resampling iterations
INFO  [11:56:00.570] [mlr3] Applying learner 'classif.cv_glmnet' on task 'candi_gene' (iter 1/5)
INFO  [11:56:00.749] [mlr3] Applying learner 'classif.cv_glmnet' on task 'candi_gene' (iter 2/5)
INFO  [11:56:00.941] [mlr3] Applying learner 'classif.cv_glmnet' on task 'candi_gene' (iter 3/5)
INFO  [11:56:01.128] [mlr3] Applying learner 'classif.cv_glmnet' on task 'candi_gene' (iter 4/5)
INFO  [11:56:01.289] [mlr3] Applying learner 'classif.cv_glmnet' on task 'candi_gene' (iter 5/5)
INFO  [11:56:01.479] [mlr3] Finished benchmark
INFO  [11:56:01.504] [bbotk] Result of batch 6:
INFO  [11:56:01.506] [bbotk]  alpha classif.auc warnings errors runtime_learners
INFO  [11:56:01.506] [bbotk]      1   0.5028571        0      0            0.865
INFO  [11:56:01.506] [bbotk]                                 uhash
INFO  [11:56:01.506] [bbotk]  713d8441-1550-4f7b-8575-80ed4ca49fab
INFO  [11:56:01.508] [bbotk] Evaluating 1 configuration(s)
INFO  [11:56:01.531] [mlr3] Running benchmark with 5 resampling iterations
INFO  [11:56:01.535] [mlr3] Applying learner 'classif.cv_glmnet' on task 'candi_gene' (iter 1/5)
INFO  [11:56:01.723] [mlr3] Applying learner 'classif.cv_glmnet' on task 'candi_gene' (iter 2/5)
INFO  [11:56:01.910] [mlr3] Applying learner 'classif.cv_glmnet' on task 'candi_gene' (iter 3/5)
INFO  [11:56:02.101] [mlr3] Applying learner 'classif.cv_glmnet' on task 'candi_gene' (iter 4/5)
INFO  [11:56:02.280] [mlr3] Applying learner 'classif.cv_glmnet' on task 'candi_gene' (iter 5/5)
INFO  [11:56:02.471] [mlr3] Finished benchmark
INFO  [11:56:02.496] [bbotk] Result of batch 7:
INFO  [11:56:02.498] [bbotk]  alpha classif.auc warnings errors runtime_learners
INFO  [11:56:02.498] [bbotk]    0.5   0.5005714        0      0            0.894
INFO  [11:56:02.498] [bbotk]                                 uhash
INFO  [11:56:02.498] [bbotk]  b8ac0aa8-7b10-4280-abb5-f510e638a417
INFO  [11:56:02.499] [bbotk] Evaluating 1 configuration(s)
INFO  [11:56:02.522] [mlr3] Running benchmark with 5 resampling iterations
INFO  [11:56:02.527] [mlr3] Applying learner 'classif.cv_glmnet' on task 'candi_gene' (iter 1/5)
INFO  [11:56:02.737] [mlr3] Applying learner 'classif.cv_glmnet' on task 'candi_gene' (iter 2/5)
INFO  [11:56:02.954] [mlr3] Applying learner 'classif.cv_glmnet' on task 'candi_gene' (iter 3/5)
INFO  [11:56:03.163] [mlr3] Applying learner 'classif.cv_glmnet' on task 'candi_gene' (iter 4/5)
INFO  [11:56:03.362] [mlr3] Applying learner 'classif.cv_glmnet' on task 'candi_gene' (iter 5/5)
INFO  [11:56:03.578] [mlr3] Finished benchmark
INFO  [11:56:03.604] [bbotk] Result of batch 8:
INFO  [11:56:03.606] [bbotk]  alpha classif.auc warnings errors runtime_learners
INFO  [11:56:03.606] [bbotk]   0.25   0.6121467        0      0            1.008
INFO  [11:56:03.606] [bbotk]                                 uhash
INFO  [11:56:03.606] [bbotk]  2038cae8-9ade-4a19-af11-e48c2d9a6735
INFO  [11:56:03.607] [bbotk] Evaluating 1 configuration(s)
INFO  [11:56:03.630] [mlr3] Running benchmark with 5 resampling iterations
INFO  [11:56:03.634] [mlr3] Applying learner 'classif.cv_glmnet' on task 'candi_gene' (iter 1/5)
INFO  [11:56:03.818] [mlr3] Applying learner 'classif.cv_glmnet' on task 'candi_gene' (iter 2/5)
INFO  [11:56:04.002] [mlr3] Applying learner 'classif.cv_glmnet' on task 'candi_gene' (iter 3/5)
INFO  [11:56:04.190] [mlr3] Applying learner 'classif.cv_glmnet' on task 'candi_gene' (iter 4/5)
INFO  [11:56:04.358] [mlr3] Applying learner 'classif.cv_glmnet' on task 'candi_gene' (iter 5/5)
INFO  [11:56:04.545] [mlr3] Finished benchmark
INFO  [11:56:04.570] [bbotk] Result of batch 9:
INFO  [11:56:04.572] [bbotk]  alpha classif.auc warnings errors runtime_learners
INFO  [11:56:04.572] [bbotk]    0.9   0.5207436        0      0            0.869
INFO  [11:56:04.572] [bbotk]                                 uhash
INFO  [11:56:04.572] [bbotk]  622fdd50-d65d-41c1-8d99-fc95726426fb
INFO  [11:56:04.573] [bbotk] Evaluating 1 configuration(s)
INFO  [11:56:04.596] [mlr3] Running benchmark with 5 resampling iterations
INFO  [11:56:04.601] [mlr3] Applying learner 'classif.cv_glmnet' on task 'candi_gene' (iter 1/5)
INFO  [11:56:04.796] [mlr3] Applying learner 'classif.cv_glmnet' on task 'candi_gene' (iter 2/5)
INFO  [11:56:04.978] [mlr3] Applying learner 'classif.cv_glmnet' on task 'candi_gene' (iter 3/5)
INFO  [11:56:05.164] [mlr3] Applying learner 'classif.cv_glmnet' on task 'candi_gene' (iter 4/5)
INFO  [11:56:05.327] [mlr3] Applying learner 'classif.cv_glmnet' on task 'candi_gene' (iter 5/5)
INFO  [11:56:05.517] [mlr3] Finished benchmark
INFO  [11:56:05.542] [bbotk] Result of batch 10:
INFO  [11:56:05.544] [bbotk]  alpha classif.auc warnings errors runtime_learners
INFO  [11:56:05.544] [bbotk]    0.7   0.5473766        0      0             0.87
INFO  [11:56:05.544] [bbotk]                                 uhash
INFO  [11:56:05.544] [bbotk]  afe50e55-fa51-45d5-b91a-61ff2dd34885
INFO  [11:56:05.545] [bbotk] Evaluating 1 configuration(s)
INFO  [11:56:05.568] [mlr3] Running benchmark with 5 resampling iterations
INFO  [11:56:05.573] [mlr3] Applying learner 'classif.cv_glmnet' on task 'candi_gene' (iter 1/5)
INFO  [11:56:05.763] [mlr3] Applying learner 'classif.cv_glmnet' on task 'candi_gene' (iter 2/5)
INFO  [11:56:05.960] [mlr3] Applying learner 'classif.cv_glmnet' on task 'candi_gene' (iter 3/5)
INFO  [11:56:06.139] [mlr3] Applying learner 'classif.cv_glmnet' on task 'candi_gene' (iter 4/5)
INFO  [11:56:06.316] [mlr3] Applying learner 'classif.cv_glmnet' on task 'candi_gene' (iter 5/5)
INFO  [11:56:06.511] [mlr3] Finished benchmark
INFO  [11:56:06.536] [bbotk] Result of batch 11:
INFO  [11:56:06.538] [bbotk]  alpha classif.auc warnings errors runtime_learners
INFO  [11:56:06.538] [bbotk]   0.55   0.5164048        0      0            0.892
INFO  [11:56:06.538] [bbotk]                                 uhash
INFO  [11:56:06.538] [bbotk]  613436cd-b396-4e66-9d33-9ce8f951a9f6
INFO  [11:56:06.539] [bbotk] Evaluating 1 configuration(s)
INFO  [11:56:06.563] [mlr3] Running benchmark with 5 resampling iterations
INFO  [11:56:06.567] [mlr3] Applying learner 'classif.cv_glmnet' on task 'candi_gene' (iter 1/5)
INFO  [11:56:06.746] [mlr3] Applying learner 'classif.cv_glmnet' on task 'candi_gene' (iter 2/5)
INFO  [11:56:06.935] [mlr3] Applying learner 'classif.cv_glmnet' on task 'candi_gene' (iter 3/5)
INFO  [11:56:07.122] [mlr3] Applying learner 'classif.cv_glmnet' on task 'candi_gene' (iter 4/5)
INFO  [11:56:07.294] [mlr3] Applying learner 'classif.cv_glmnet' on task 'candi_gene' (iter 5/5)
INFO  [11:56:07.490] [mlr3] Finished benchmark
INFO  [11:56:07.518] [bbotk] Result of batch 12:
INFO  [11:56:07.520] [bbotk]  alpha classif.auc warnings errors runtime_learners
INFO  [11:56:07.520] [bbotk]   0.65   0.5005714        0      0             0.88
INFO  [11:56:07.520] [bbotk]                                 uhash
INFO  [11:56:07.520] [bbotk]  87a85bfd-86d5-4479-ac18-314473a0e88a
INFO  [11:56:07.521] [bbotk] Evaluating 1 configuration(s)
INFO  [11:56:07.545] [mlr3] Running benchmark with 5 resampling iterations
INFO  [11:56:07.550] [mlr3] Applying learner 'classif.cv_glmnet' on task 'candi_gene' (iter 1/5)
INFO  [11:56:07.738] [mlr3] Applying learner 'classif.cv_glmnet' on task 'candi_gene' (iter 2/5)
INFO  [11:56:07.937] [mlr3] Applying learner 'classif.cv_glmnet' on task 'candi_gene' (iter 3/5)
INFO  [11:56:08.132] [mlr3] Applying learner 'classif.cv_glmnet' on task 'candi_gene' (iter 4/5)
INFO  [11:56:08.314] [mlr3] Applying learner 'classif.cv_glmnet' on task 'candi_gene' (iter 5/5)
INFO  [11:56:08.510] [mlr3] Finished benchmark
INFO  [11:56:08.535] [bbotk] Result of batch 13:
INFO  [11:56:08.537] [bbotk]  alpha classif.auc warnings errors runtime_learners
INFO  [11:56:08.537] [bbotk]   0.45   0.5005714        0      0            0.918
INFO  [11:56:08.537] [bbotk]                                 uhash
INFO  [11:56:08.537] [bbotk]  66ac1299-3822-4317-a3fb-b98b311d4772
INFO  [11:56:08.539] [bbotk] Evaluating 1 configuration(s)
INFO  [11:56:08.562] [mlr3] Running benchmark with 5 resampling iterations
INFO  [11:56:08.567] [mlr3] Applying learner 'classif.cv_glmnet' on task 'candi_gene' (iter 1/5)
INFO  [11:56:08.755] [mlr3] Applying learner 'classif.cv_glmnet' on task 'candi_gene' (iter 2/5)
INFO  [11:56:08.946] [mlr3] Applying learner 'classif.cv_glmnet' on task 'candi_gene' (iter 3/5)
INFO  [11:56:09.136] [mlr3] Applying learner 'classif.cv_glmnet' on task 'candi_gene' (iter 4/5)
INFO  [11:56:09.322] [mlr3] Applying learner 'classif.cv_glmnet' on task 'candi_gene' (iter 5/5)
INFO  [11:56:09.520] [mlr3] Finished benchmark
INFO  [11:56:09.546] [bbotk] Result of batch 14:
INFO  [11:56:09.548] [bbotk]  alpha classif.auc warnings errors runtime_learners
INFO  [11:56:09.548] [bbotk]    0.6   0.5555365        0      0            0.909
INFO  [11:56:09.548] [bbotk]                                 uhash
INFO  [11:56:09.548] [bbotk]  98fe43f9-b872-4c2b-b7b9-7b85eb684498
INFO  [11:56:09.549] [bbotk] Evaluating 1 configuration(s)
INFO  [11:56:09.573] [mlr3] Running benchmark with 5 resampling iterations
INFO  [11:56:09.577] [mlr3] Applying learner 'classif.cv_glmnet' on task 'candi_gene' (iter 1/5)
INFO  [11:56:09.753] [mlr3] Applying learner 'classif.cv_glmnet' on task 'candi_gene' (iter 2/5)
INFO  [11:56:09.941] [mlr3] Applying learner 'classif.cv_glmnet' on task 'candi_gene' (iter 3/5)
INFO  [11:56:10.133] [mlr3] Applying learner 'classif.cv_glmnet' on task 'candi_gene' (iter 4/5)
INFO  [11:56:10.292] [mlr3] Applying learner 'classif.cv_glmnet' on task 'candi_gene' (iter 5/5)
INFO  [11:56:10.479] [mlr3] Finished benchmark
INFO  [11:56:10.504] [bbotk] Result of batch 15:
INFO  [11:56:10.506] [bbotk]  alpha classif.auc warnings errors runtime_learners
INFO  [11:56:10.506] [bbotk]   0.85   0.5017143        0      0            0.857
INFO  [11:56:10.506] [bbotk]                                 uhash
INFO  [11:56:10.506] [bbotk]  b7c81d07-fdb5-4828-9d7a-19b8c50f21f6
INFO  [11:56:10.508] [bbotk] Evaluating 1 configuration(s)
INFO  [11:56:10.531] [mlr3] Running benchmark with 5 resampling iterations
INFO  [11:56:10.535] [mlr3] Applying learner 'classif.cv_glmnet' on task 'candi_gene' (iter 1/5)
INFO  [11:56:11.364] [mlr3] Applying learner 'classif.cv_glmnet' on task 'candi_gene' (iter 2/5)
INFO  [11:56:11.730] [mlr3] Applying learner 'classif.cv_glmnet' on task 'candi_gene' (iter 3/5)
INFO  [11:56:12.146] [mlr3] Applying learner 'classif.cv_glmnet' on task 'candi_gene' (iter 4/5)
INFO  [11:56:12.570] [mlr3] Applying learner 'classif.cv_glmnet' on task 'candi_gene' (iter 5/5)
INFO  [11:56:12.960] [mlr3] Finished benchmark
INFO  [11:56:12.985] [bbotk] Result of batch 16:
INFO  [11:56:12.987] [bbotk]  alpha classif.auc warnings errors runtime_learners
INFO  [11:56:12.987] [bbotk]      0    0.601494        0      0            2.381
INFO  [11:56:12.987] [bbotk]                                 uhash
INFO  [11:56:12.987] [bbotk]  eab0a4c5-71a0-4ba2-8fc7-49cd135aa8c1
INFO  [11:56:12.988] [bbotk] Evaluating 1 configuration(s)
INFO  [11:56:13.011] [mlr3] Running benchmark with 5 resampling iterations
INFO  [11:56:13.015] [mlr3] Applying learner 'classif.cv_glmnet' on task 'candi_gene' (iter 1/5)
INFO  [11:56:13.213] [mlr3] Applying learner 'classif.cv_glmnet' on task 'candi_gene' (iter 2/5)
INFO  [11:56:13.411] [mlr3] Applying learner 'classif.cv_glmnet' on task 'candi_gene' (iter 3/5)
INFO  [11:56:13.607] [mlr3] Applying learner 'classif.cv_glmnet' on task 'candi_gene' (iter 4/5)
INFO  [11:56:13.792] [mlr3] Applying learner 'classif.cv_glmnet' on task 'candi_gene' (iter 5/5)
INFO  [11:56:13.991] [mlr3] Finished benchmark
INFO  [11:56:14.016] [bbotk] Result of batch 17:
INFO  [11:56:14.018] [bbotk]  alpha classif.auc warnings errors runtime_learners
INFO  [11:56:14.018] [bbotk]    0.4   0.5017143        0      0            0.932
INFO  [11:56:14.018] [bbotk]                                 uhash
INFO  [11:56:14.018] [bbotk]  39f4d712-49a9-438f-beb6-f6069ba72c56
INFO  [11:56:14.019] [bbotk] Evaluating 1 configuration(s)
INFO  [11:56:14.042] [mlr3] Running benchmark with 5 resampling iterations
INFO  [11:56:14.047] [mlr3] Applying learner 'classif.cv_glmnet' on task 'candi_gene' (iter 1/5)
INFO  [11:56:14.290] [mlr3] Applying learner 'classif.cv_glmnet' on task 'candi_gene' (iter 2/5)
INFO  [11:56:14.541] [mlr3] Applying learner 'classif.cv_glmnet' on task 'candi_gene' (iter 3/5)
INFO  [11:56:14.781] [mlr3] Applying learner 'classif.cv_glmnet' on task 'candi_gene' (iter 4/5)
INFO  [11:56:15.010] [mlr3] Applying learner 'classif.cv_glmnet' on task 'candi_gene' (iter 5/5)
INFO  [11:56:15.263] [mlr3] Finished benchmark
INFO  [11:56:15.288] [bbotk] Result of batch 18:
INFO  [11:56:15.290] [bbotk]  alpha classif.auc warnings errors runtime_learners
INFO  [11:56:15.290] [bbotk]    0.1   0.6747239        0      0            1.175
INFO  [11:56:15.290] [bbotk]                                 uhash
INFO  [11:56:15.290] [bbotk]  cbeffaee-d2ed-4d40-b41b-e8be75f4154e
INFO  [11:56:15.291] [bbotk] Evaluating 1 configuration(s)
INFO  [11:56:15.315] [mlr3] Running benchmark with 5 resampling iterations
INFO  [11:56:15.319] [mlr3] Applying learner 'classif.cv_glmnet' on task 'candi_gene' (iter 1/5)
INFO  [11:56:15.503] [mlr3] Applying learner 'classif.cv_glmnet' on task 'candi_gene' (iter 2/5)
INFO  [11:56:15.688] [mlr3] Applying learner 'classif.cv_glmnet' on task 'candi_gene' (iter 3/5)
INFO  [11:56:15.871] [mlr3] Applying learner 'classif.cv_glmnet' on task 'candi_gene' (iter 4/5)
INFO  [11:56:16.036] [mlr3] Applying learner 'classif.cv_glmnet' on task 'candi_gene' (iter 5/5)
INFO  [11:56:16.222] [mlr3] Finished benchmark
INFO  [11:56:16.247] [bbotk] Result of batch 19:
INFO  [11:56:16.249] [bbotk]  alpha classif.auc warnings errors runtime_learners
INFO  [11:56:16.249] [bbotk]    0.8   0.5180714        0      0             0.86
INFO  [11:56:16.249] [bbotk]                                 uhash
INFO  [11:56:16.249] [bbotk]  dc82972f-71fe-4c1e-a181-22fa38e1aa70
INFO  [11:56:16.250] [bbotk] Evaluating 1 configuration(s)
INFO  [11:56:16.273] [mlr3] Running benchmark with 5 resampling iterations
INFO  [11:56:16.278] [mlr3] Applying learner 'classif.cv_glmnet' on task 'candi_gene' (iter 1/5)
INFO  [11:56:16.486] [mlr3] Applying learner 'classif.cv_glmnet' on task 'candi_gene' (iter 2/5)
INFO  [11:56:16.702] [mlr3] Applying learner 'classif.cv_glmnet' on task 'candi_gene' (iter 3/5)
INFO  [11:56:16.898] [mlr3] Applying learner 'classif.cv_glmnet' on task 'candi_gene' (iter 4/5)
INFO  [11:56:17.093] [mlr3] Applying learner 'classif.cv_glmnet' on task 'candi_gene' (iter 5/5)
INFO  [11:56:17.303] [mlr3] Finished benchmark
INFO  [11:56:17.329] [bbotk] Result of batch 20:
INFO  [11:56:17.331] [bbotk]  alpha classif.auc warnings errors runtime_learners
INFO  [11:56:17.331] [bbotk]    0.3   0.5582637        0      0            0.981
INFO  [11:56:17.331] [bbotk]                                 uhash
INFO  [11:56:17.331] [bbotk]  5d12914d-83de-48c3-a390-6036c35a30e2
INFO  [11:56:17.332] [bbotk] Evaluating 1 configuration(s)
INFO  [11:56:17.355] [mlr3] Running benchmark with 5 resampling iterations
INFO  [11:56:17.360] [mlr3] Applying learner 'classif.cv_glmnet' on task 'candi_gene' (iter 1/5)
INFO  [11:56:17.548] [mlr3] Applying learner 'classif.cv_glmnet' on task 'candi_gene' (iter 2/5)
INFO  [11:56:17.732] [mlr3] Applying learner 'classif.cv_glmnet' on task 'candi_gene' (iter 3/5)
INFO  [11:56:17.919] [mlr3] Applying learner 'classif.cv_glmnet' on task 'candi_gene' (iter 4/5)
INFO  [11:56:18.085] [mlr3] Applying learner 'classif.cv_glmnet' on task 'candi_gene' (iter 5/5)
INFO  [11:56:18.271] [mlr3] Finished benchmark
INFO  [11:56:18.296] [bbotk] Result of batch 21:
INFO  [11:56:18.298] [bbotk]  alpha classif.auc warnings errors runtime_learners
INFO  [11:56:18.298] [bbotk]   0.95   0.5012674        0      0            0.867
INFO  [11:56:18.298] [bbotk]                                 uhash
INFO  [11:56:18.298] [bbotk]  80b1fc11-8257-452e-a209-cda44ccf37e5
INFO  [11:56:18.303] [bbotk] Finished optimizing after 21 evaluation(s)
INFO  [11:56:18.304] [bbotk] Result:
INFO  [11:56:18.306] [bbotk]   alpha learner_param_vals x_domain classif.auc
INFO  [11:56:18.306] [bbotk]  <char>             <list>   <list>       <num>
INFO  [11:56:18.306] [bbotk]    0.05       c(7.8947....     0.05    0.686091
