Conda environment: *
R version 4.3.1 (2023-06-16)
Platform: x86_64-conda-linux-gnu (64-bit)
Running under: Red Hat Enterprise Linux 8.3 (Ootpa)

Matrix products: default
BLAS/LAPACK: /ess/home/home1/beiw/miniconda3/envs/5hmc_os_env/lib/libopenblasp-r0.3.27.so;  LAPACK version 3.12.0

locale:
[1] C

time zone: America/Chicago
tzcode source: system (glibc)

attached base packages:
[1] stats4    stats     graphics  grDevices utils     datasets  methods  
[8] base     

other attached packages:
 [1] conflicted_1.2.0            DESeq2_1.40.2              
 [3] SummarizedExperiment_1.30.2 Biobase_2.60.0             
 [5] MatrixGenerics_1.12.2       matrixStats_1.2.0          
 [7] GenomicRanges_1.52.0        GenomeInfoDb_1.36.1        
 [9] IRanges_2.34.1              S4Vectors_0.38.1           
[11] BiocGenerics_0.46.0         glmnet_4.1-8               
[13] Matrix_1.6-5                mlr3learners_0.5.8         
[15] mlr3tuning_0.19.0           paradox_0.11.1             
[17] mlr3_0.19.0                 lubridate_1.9.3            
[19] forcats_1.0.0               stringr_1.5.1              
[21] purrr_1.0.2                 readr_2.1.5                
[23] tidyr_1.3.1                 tibble_3.2.1               
[25] ggplot2_3.4.4               tidyverse_2.0.0            
[27] dplyr_1.1.4                

loaded via a namespace (and not attached):
 [1] gtable_0.3.4            shape_1.4.6             lattice_0.21-9         
 [4] tzdb_0.4.0              bitops_1.0-7            vctrs_0.6.4            
 [7] tools_4.3.1             generics_0.1.3          parallel_4.3.1         
[10] fansi_1.0.5             pkgconfig_2.0.3         data.table_1.15.2      
[13] checkmate_2.3.1         uuid_1.1-1              GenomeInfoDbData_1.2.11
[16] lifecycle_1.0.3         compiler_4.3.1          munsell_0.5.0          
[19] RhpcBLASctl_0.23-42     codetools_0.2-20        bbotk_0.7.2            
[22] RCurl_1.98-1.12         pillar_1.9.0            crayon_1.5.2           
[25] BiocParallel_1.34.2     cachem_1.0.8            DelayedArray_0.26.6    
[28] iterators_1.0.14        foreach_1.5.2           parallelly_1.37.1      
[31] locfit_1.5-9.8          tidyselect_1.2.0        digest_0.6.35          
[34] stringi_1.7.12          future_1.33.2           listenv_0.9.1          
[37] splines_4.3.1           fastmap_1.1.1           grid_4.3.1             
[40] colorspace_2.1-0        cli_3.6.1               magrittr_2.0.3         
[43] S4Arrays_1.0.4          survival_3.5-7          utf8_1.2.4             
[46] withr_2.5.1             scales_1.2.1            backports_1.4.1        
[49] timechange_0.2.0        XVector_0.40.0          globals_0.16.3         
[52] hms_1.1.3               memoise_2.0.1           mlr3misc_0.15.0        
[55] rlang_1.1.1             Rcpp_1.0.11             glue_1.6.2             
[58] palmerpenguins_0.1.1    lgr_0.4.4               R6_2.5.1               
[61] zlibbioc_1.46.0        
INFO  [11:55:57.416] [bbotk] Starting to optimize 1 parameter(s) with '<TunerGridSearch>' and '<TerminatorNone>'
INFO  [11:55:57.441] [bbotk] Evaluating 1 configuration(s)
INFO  [11:55:57.473] [mlr3] Running benchmark with 5 resampling iterations
INFO  [11:55:57.508] [mlr3] Applying learner 'classif.cv_glmnet' on task 'candi_gene' (iter 1/5)
INFO  [11:55:58.136] [mlr3] Applying learner 'classif.cv_glmnet' on task 'candi_gene' (iter 2/5)
INFO  [11:55:58.313] [mlr3] Applying learner 'classif.cv_glmnet' on task 'candi_gene' (iter 3/5)
INFO  [11:55:58.506] [mlr3] Applying learner 'classif.cv_glmnet' on task 'candi_gene' (iter 4/5)
INFO  [11:55:58.689] [mlr3] Applying learner 'classif.cv_glmnet' on task 'candi_gene' (iter 5/5)
INFO  [11:55:58.876] [mlr3] Finished benchmark
INFO  [11:55:58.910] [bbotk] Result of batch 1:
INFO  [11:55:58.914] [bbotk]  alpha classif.auc warnings errors runtime_learners
INFO  [11:55:58.914] [bbotk]   0.65   0.6166975        0      0            1.325
INFO  [11:55:58.914] [bbotk]                                 uhash
INFO  [11:55:58.914] [bbotk]  230a51a5-260b-4ccb-8fbc-316957bd4ebd
INFO  [11:55:58.916] [bbotk] Evaluating 1 configuration(s)
INFO  [11:55:58.939] [mlr3] Running benchmark with 5 resampling iterations
INFO  [11:55:58.944] [mlr3] Applying learner 'classif.cv_glmnet' on task 'candi_gene' (iter 1/5)
INFO  [11:55:59.121] [mlr3] Applying learner 'classif.cv_glmnet' on task 'candi_gene' (iter 2/5)
INFO  [11:55:59.300] [mlr3] Applying learner 'classif.cv_glmnet' on task 'candi_gene' (iter 3/5)
INFO  [11:55:59.509] [mlr3] Applying learner 'classif.cv_glmnet' on task 'candi_gene' (iter 4/5)
INFO  [11:56:00.080] [mlr3] Applying learner 'classif.cv_glmnet' on task 'candi_gene' (iter 5/5)
INFO  [11:56:00.273] [mlr3] Finished benchmark
INFO  [11:56:00.298] [bbotk] Result of batch 2:
INFO  [11:56:00.300] [bbotk]  alpha classif.auc warnings errors runtime_learners
INFO  [11:56:00.300] [bbotk]   0.45    0.495625        0      0            1.288
INFO  [11:56:00.300] [bbotk]                                 uhash
INFO  [11:56:00.300] [bbotk]  d88d5848-04fb-4034-8638-3d84499c2546
INFO  [11:56:00.301] [bbotk] Evaluating 1 configuration(s)
INFO  [11:56:00.323] [mlr3] Running benchmark with 5 resampling iterations
INFO  [11:56:00.328] [mlr3] Applying learner 'classif.cv_glmnet' on task 'candi_gene' (iter 1/5)
INFO  [11:56:00.497] [mlr3] Applying learner 'classif.cv_glmnet' on task 'candi_gene' (iter 2/5)
INFO  [11:56:00.671] [mlr3] Applying learner 'classif.cv_glmnet' on task 'candi_gene' (iter 3/5)
INFO  [11:56:00.863] [mlr3] Applying learner 'classif.cv_glmnet' on task 'candi_gene' (iter 4/5)
INFO  [11:56:01.054] [mlr3] Applying learner 'classif.cv_glmnet' on task 'candi_gene' (iter 5/5)
INFO  [11:56:01.237] [mlr3] Finished benchmark
INFO  [11:56:01.261] [bbotk] Result of batch 3:
INFO  [11:56:01.263] [bbotk]  alpha classif.auc warnings errors runtime_learners
INFO  [11:56:01.263] [bbotk]   0.95   0.5648397        0      0            0.862
INFO  [11:56:01.263] [bbotk]                                 uhash
INFO  [11:56:01.263] [bbotk]  baf33bd1-58e5-4032-a6fb-0f8a97d081fa
INFO  [11:56:01.264] [bbotk] Evaluating 1 configuration(s)
INFO  [11:56:01.287] [mlr3] Running benchmark with 5 resampling iterations
INFO  [11:56:01.292] [mlr3] Applying learner 'classif.cv_glmnet' on task 'candi_gene' (iter 1/5)
INFO  [11:56:01.464] [mlr3] Applying learner 'classif.cv_glmnet' on task 'candi_gene' (iter 2/5)
INFO  [11:56:01.641] [mlr3] Applying learner 'classif.cv_glmnet' on task 'candi_gene' (iter 3/5)
INFO  [11:56:01.833] [mlr3] Applying learner 'classif.cv_glmnet' on task 'candi_gene' (iter 4/5)
INFO  [11:56:02.018] [mlr3] Applying learner 'classif.cv_glmnet' on task 'candi_gene' (iter 5/5)
INFO  [11:56:02.209] [mlr3] Finished benchmark
INFO  [11:56:02.233] [bbotk] Result of batch 4:
INFO  [11:56:02.235] [bbotk]  alpha classif.auc warnings errors runtime_learners
INFO  [11:56:02.235] [bbotk]    0.6   0.5699199        0      0            0.875
INFO  [11:56:02.235] [bbotk]                                 uhash
INFO  [11:56:02.235] [bbotk]  52d82d9c-f78a-49e9-9bf5-19cc16a7a2fd
INFO  [11:56:02.237] [bbotk] Evaluating 1 configuration(s)
INFO  [11:56:02.260] [mlr3] Running benchmark with 5 resampling iterations
INFO  [11:56:02.265] [mlr3] Applying learner 'classif.cv_glmnet' on task 'candi_gene' (iter 1/5)
INFO  [11:56:02.467] [mlr3] Applying learner 'classif.cv_glmnet' on task 'candi_gene' (iter 2/5)
INFO  [11:56:02.670] [mlr3] Applying learner 'classif.cv_glmnet' on task 'candi_gene' (iter 3/5)
INFO  [11:56:02.894] [mlr3] Applying learner 'classif.cv_glmnet' on task 'candi_gene' (iter 4/5)
INFO  [11:56:03.108] [mlr3] Applying learner 'classif.cv_glmnet' on task 'candi_gene' (iter 5/5)
INFO  [11:56:03.332] [mlr3] Finished benchmark
INFO  [11:56:03.357] [bbotk] Result of batch 5:
INFO  [11:56:03.359] [bbotk]  alpha classif.auc warnings errors runtime_learners
INFO  [11:56:03.359] [bbotk]    0.2   0.5925703        0      0            1.023
INFO  [11:56:03.359] [bbotk]                                 uhash
INFO  [11:56:03.359] [bbotk]  ebe4651e-c1c5-4e23-8513-eb417eca524e
INFO  [11:56:03.360] [bbotk] Evaluating 1 configuration(s)
INFO  [11:56:03.383] [mlr3] Running benchmark with 5 resampling iterations
INFO  [11:56:03.387] [mlr3] Applying learner 'classif.cv_glmnet' on task 'candi_gene' (iter 1/5)
INFO  [11:56:03.552] [mlr3] Applying learner 'classif.cv_glmnet' on task 'candi_gene' (iter 2/5)
INFO  [11:56:03.721] [mlr3] Applying learner 'classif.cv_glmnet' on task 'candi_gene' (iter 3/5)
INFO  [11:56:03.910] [mlr3] Applying learner 'classif.cv_glmnet' on task 'candi_gene' (iter 4/5)
INFO  [11:56:04.085] [mlr3] Applying learner 'classif.cv_glmnet' on task 'candi_gene' (iter 5/5)
INFO  [11:56:04.273] [mlr3] Finished benchmark
INFO  [11:56:04.298] [bbotk] Result of batch 6:
INFO  [11:56:04.300] [bbotk]  alpha classif.auc warnings errors runtime_learners
INFO  [11:56:04.300] [bbotk]   0.75   0.5987019        0      0            0.844
INFO  [11:56:04.300] [bbotk]                                 uhash
INFO  [11:56:04.300] [bbotk]  11e9d6b5-9ac3-415d-87a2-7dc3df8b9e14
INFO  [11:56:04.301] [bbotk] Evaluating 1 configuration(s)
INFO  [11:56:04.323] [mlr3] Running benchmark with 5 resampling iterations
INFO  [11:56:04.328] [mlr3] Applying learner 'classif.cv_glmnet' on task 'candi_gene' (iter 1/5)
INFO  [11:56:04.512] [mlr3] Applying learner 'classif.cv_glmnet' on task 'candi_gene' (iter 2/5)
INFO  [11:56:04.697] [mlr3] Applying learner 'classif.cv_glmnet' on task 'candi_gene' (iter 3/5)
INFO  [11:56:04.902] [mlr3] Applying learner 'classif.cv_glmnet' on task 'candi_gene' (iter 4/5)
INFO  [11:56:05.099] [mlr3] Applying learner 'classif.cv_glmnet' on task 'candi_gene' (iter 5/5)
INFO  [11:56:05.301] [mlr3] Finished benchmark
INFO  [11:56:05.325] [bbotk] Result of batch 7:
INFO  [11:56:05.327] [bbotk]  alpha classif.auc warnings errors runtime_learners
INFO  [11:56:05.327] [bbotk]    0.4   0.5788339        0      0            0.931
INFO  [11:56:05.327] [bbotk]                                 uhash
INFO  [11:56:05.327] [bbotk]  77cfff38-73fb-4d27-b8bb-a49c8eb4b27a
INFO  [11:56:05.329] [bbotk] Evaluating 1 configuration(s)
INFO  [11:56:05.352] [mlr3] Running benchmark with 5 resampling iterations
INFO  [11:56:05.357] [mlr3] Applying learner 'classif.cv_glmnet' on task 'candi_gene' (iter 1/5)
INFO  [11:56:05.518] [mlr3] Applying learner 'classif.cv_glmnet' on task 'candi_gene' (iter 2/5)
INFO  [11:56:05.691] [mlr3] Applying learner 'classif.cv_glmnet' on task 'candi_gene' (iter 3/5)
INFO  [11:56:05.884] [mlr3] Applying learner 'classif.cv_glmnet' on task 'candi_gene' (iter 4/5)
INFO  [11:56:06.059] [mlr3] Applying learner 'classif.cv_glmnet' on task 'candi_gene' (iter 5/5)
INFO  [11:56:06.249] [mlr3] Finished benchmark
INFO  [11:56:06.274] [bbotk] Result of batch 8:
INFO  [11:56:06.276] [bbotk]  alpha classif.auc warnings errors runtime_learners
INFO  [11:56:06.276] [bbotk]   0.85   0.5464583        0      0            0.851
INFO  [11:56:06.276] [bbotk]                                 uhash
INFO  [11:56:06.276] [bbotk]  9852c088-ec89-4ca3-8d7c-40a0418d4b66
INFO  [11:56:06.277] [bbotk] Evaluating 1 configuration(s)
INFO  [11:56:06.299] [mlr3] Running benchmark with 5 resampling iterations
INFO  [11:56:06.304] [mlr3] Applying learner 'classif.cv_glmnet' on task 'candi_gene' (iter 1/5)
INFO  [11:56:06.494] [mlr3] Applying learner 'classif.cv_glmnet' on task 'candi_gene' (iter 2/5)
INFO  [11:56:06.683] [mlr3] Applying learner 'classif.cv_glmnet' on task 'candi_gene' (iter 3/5)
INFO  [11:56:06.889] [mlr3] Applying learner 'classif.cv_glmnet' on task 'candi_gene' (iter 4/5)
INFO  [11:56:07.090] [mlr3] Applying learner 'classif.cv_glmnet' on task 'candi_gene' (iter 5/5)
INFO  [11:56:07.298] [mlr3] Finished benchmark
INFO  [11:56:07.323] [bbotk] Result of batch 9:
INFO  [11:56:07.325] [bbotk]  alpha classif.auc warnings errors runtime_learners
INFO  [11:56:07.325] [bbotk]   0.35   0.5395833        0      0            0.952
INFO  [11:56:07.325] [bbotk]                                 uhash
INFO  [11:56:07.325] [bbotk]  b5c866b6-3607-4635-bc1e-278a5d9513f2
INFO  [11:56:07.326] [bbotk] Evaluating 1 configuration(s)
INFO  [11:56:07.349] [mlr3] Running benchmark with 5 resampling iterations
INFO  [11:56:07.354] [mlr3] Applying learner 'classif.cv_glmnet' on task 'candi_gene' (iter 1/5)
INFO  [11:56:07.600] [mlr3] Applying learner 'classif.cv_glmnet' on task 'candi_gene' (iter 2/5)
INFO  [11:56:07.857] [mlr3] Applying learner 'classif.cv_glmnet' on task 'candi_gene' (iter 3/5)
INFO  [11:56:08.136] [mlr3] Applying learner 'classif.cv_glmnet' on task 'candi_gene' (iter 4/5)
INFO  [11:56:08.401] [mlr3] Applying learner 'classif.cv_glmnet' on task 'candi_gene' (iter 5/5)
INFO  [11:56:08.671] [mlr3] Finished benchmark
INFO  [11:56:08.697] [bbotk] Result of batch 10:
INFO  [11:56:08.699] [bbotk]  alpha classif.auc warnings errors runtime_learners
INFO  [11:56:08.699] [bbotk]   0.05   0.7140936        0      0            1.273
INFO  [11:56:08.699] [bbotk]                                 uhash
INFO  [11:56:08.699] [bbotk]  f5de78a7-b632-4903-ac3f-9534b41ec2e9
INFO  [11:56:08.700] [bbotk] Evaluating 1 configuration(s)
INFO  [11:56:08.723] [mlr3] Running benchmark with 5 resampling iterations
INFO  [11:56:08.728] [mlr3] Applying learner 'classif.cv_glmnet' on task 'candi_gene' (iter 1/5)
INFO  [11:56:08.895] [mlr3] Applying learner 'classif.cv_glmnet' on task 'candi_gene' (iter 2/5)
INFO  [11:56:09.066] [mlr3] Applying learner 'classif.cv_glmnet' on task 'candi_gene' (iter 3/5)
INFO  [11:56:09.260] [mlr3] Applying learner 'classif.cv_glmnet' on task 'candi_gene' (iter 4/5)
INFO  [11:56:09.453] [mlr3] Applying learner 'classif.cv_glmnet' on task 'candi_gene' (iter 5/5)
INFO  [11:56:09.637] [mlr3] Finished benchmark
INFO  [11:56:09.662] [bbotk] Result of batch 11:
INFO  [11:56:09.664] [bbotk]  alpha classif.auc warnings errors runtime_learners
INFO  [11:56:09.664] [bbotk]    0.8   0.5999199        0      0            0.868
INFO  [11:56:09.664] [bbotk]                                 uhash
INFO  [11:56:09.664] [bbotk]  b864af82-6773-4b58-aefe-e0de1243caf9
INFO  [11:56:09.665] [bbotk] Evaluating 1 configuration(s)
INFO  [11:56:09.688] [mlr3] Running benchmark with 5 resampling iterations
INFO  [11:56:09.693] [mlr3] Applying learner 'classif.cv_glmnet' on task 'candi_gene' (iter 1/5)
INFO  [11:56:09.873] [mlr3] Applying learner 'classif.cv_glmnet' on task 'candi_gene' (iter 2/5)
INFO  [11:56:10.037] [mlr3] Applying learner 'classif.cv_glmnet' on task 'candi_gene' (iter 3/5)
INFO  [11:56:10.234] [mlr3] Applying learner 'classif.cv_glmnet' on task 'candi_gene' (iter 4/5)
INFO  [11:56:10.425] [mlr3] Applying learner 'classif.cv_glmnet' on task 'candi_gene' (iter 5/5)
INFO  [11:56:10.605] [mlr3] Finished benchmark
INFO  [11:56:10.630] [bbotk] Result of batch 12:
INFO  [11:56:10.632] [bbotk]  alpha classif.auc warnings errors runtime_learners
INFO  [11:56:10.632] [bbotk]    0.7   0.5600962        0      0             0.87
INFO  [11:56:10.632] [bbotk]                                 uhash
INFO  [11:56:10.632] [bbotk]  41894856-0f1b-44ef-8d05-c4fd71528c85
INFO  [11:56:10.633] [bbotk] Evaluating 1 configuration(s)
INFO  [11:56:10.663] [mlr3] Running benchmark with 5 resampling iterations
INFO  [11:56:10.668] [mlr3] Applying learner 'classif.cv_glmnet' on task 'candi_gene' (iter 1/5)
INFO  [11:56:11.082] [mlr3] Applying learner 'classif.cv_glmnet' on task 'candi_gene' (iter 2/5)
INFO  [11:56:11.513] [mlr3] Applying learner 'classif.cv_glmnet' on task 'candi_gene' (iter 3/5)
INFO  [11:56:11.931] [mlr3] Applying learner 'classif.cv_glmnet' on task 'candi_gene' (iter 4/5)
INFO  [11:56:12.361] [mlr3] Applying learner 'classif.cv_glmnet' on task 'candi_gene' (iter 5/5)
INFO  [11:56:13.146] [mlr3] Finished benchmark
INFO  [11:56:13.171] [bbotk] Result of batch 13:
INFO  [11:56:13.173] [bbotk]  alpha classif.auc warnings errors runtime_learners
INFO  [11:56:13.173] [bbotk]      0   0.6350885        0      0            2.432
INFO  [11:56:13.173] [bbotk]                                 uhash
INFO  [11:56:13.173] [bbotk]  bf9724bc-3b28-4606-9604-b0153e2d4aac
INFO  [11:56:13.174] [bbotk] Evaluating 1 configuration(s)
INFO  [11:56:13.197] [mlr3] Running benchmark with 5 resampling iterations
INFO  [11:56:13.202] [mlr3] Applying learner 'classif.cv_glmnet' on task 'candi_gene' (iter 1/5)
INFO  [11:56:13.381] [mlr3] Applying learner 'classif.cv_glmnet' on task 'candi_gene' (iter 2/5)
INFO  [11:56:13.550] [mlr3] Applying learner 'classif.cv_glmnet' on task 'candi_gene' (iter 3/5)
INFO  [11:56:13.750] [mlr3] Applying learner 'classif.cv_glmnet' on task 'candi_gene' (iter 4/5)
INFO  [11:56:13.932] [mlr3] Applying learner 'classif.cv_glmnet' on task 'candi_gene' (iter 5/5)
INFO  [11:56:14.124] [mlr3] Finished benchmark
INFO  [11:56:14.155] [bbotk] Result of batch 14:
INFO  [11:56:14.157] [bbotk]  alpha classif.auc warnings errors runtime_learners
INFO  [11:56:14.157] [bbotk]   0.55   0.6372149        0      0             0.88
INFO  [11:56:14.157] [bbotk]                                 uhash
INFO  [11:56:14.157] [bbotk]  f1ef456b-516f-4862-9770-c0124c243770
INFO  [11:56:14.158] [bbotk] Evaluating 1 configuration(s)
INFO  [11:56:14.181] [mlr3] Running benchmark with 5 resampling iterations
INFO  [11:56:14.186] [mlr3] Applying learner 'classif.cv_glmnet' on task 'candi_gene' (iter 1/5)
INFO  [11:56:14.404] [mlr3] Applying learner 'classif.cv_glmnet' on task 'candi_gene' (iter 2/5)
INFO  [11:56:14.636] [mlr3] Applying learner 'classif.cv_glmnet' on task 'candi_gene' (iter 3/5)
INFO  [11:56:14.874] [mlr3] Applying learner 'classif.cv_glmnet' on task 'candi_gene' (iter 4/5)
INFO  [11:56:15.110] [mlr3] Applying learner 'classif.cv_glmnet' on task 'candi_gene' (iter 5/5)
INFO  [11:56:15.355] [mlr3] Finished benchmark
INFO  [11:56:15.380] [bbotk] Result of batch 15:
INFO  [11:56:15.382] [bbotk]  alpha classif.auc warnings errors runtime_learners
INFO  [11:56:15.382] [bbotk]    0.1   0.6043939        0      0            1.128
INFO  [11:56:15.382] [bbotk]                                 uhash
INFO  [11:56:15.382] [bbotk]  0de4d0ca-1bf4-45f1-b2c2-44ef9413999d
INFO  [11:56:15.383] [bbotk] Evaluating 1 configuration(s)
INFO  [11:56:15.406] [mlr3] Running benchmark with 5 resampling iterations
INFO  [11:56:15.411] [mlr3] Applying learner 'classif.cv_glmnet' on task 'candi_gene' (iter 1/5)
INFO  [11:56:15.622] [mlr3] Applying learner 'classif.cv_glmnet' on task 'candi_gene' (iter 2/5)
INFO  [11:56:15.831] [mlr3] Applying learner 'classif.cv_glmnet' on task 'candi_gene' (iter 3/5)
INFO  [11:56:16.066] [mlr3] Applying learner 'classif.cv_glmnet' on task 'candi_gene' (iter 4/5)
INFO  [11:56:16.293] [mlr3] Applying learner 'classif.cv_glmnet' on task 'candi_gene' (iter 5/5)
INFO  [11:56:16.521] [mlr3] Finished benchmark
INFO  [11:56:16.546] [bbotk] Result of batch 16:
INFO  [11:56:16.548] [bbotk]  alpha classif.auc warnings errors runtime_learners
INFO  [11:56:16.548] [bbotk]   0.15   0.5948558        0      0            1.064
INFO  [11:56:16.548] [bbotk]                                 uhash
INFO  [11:56:16.548] [bbotk]  6e7fa034-e602-4b9b-b010-eaaf7c693f3c
INFO  [11:56:16.549] [bbotk] Evaluating 1 configuration(s)
INFO  [11:56:16.572] [mlr3] Running benchmark with 5 resampling iterations
INFO  [11:56:16.577] [mlr3] Applying learner 'classif.cv_glmnet' on task 'candi_gene' (iter 1/5)
INFO  [11:56:16.774] [mlr3] Applying learner 'classif.cv_glmnet' on task 'candi_gene' (iter 2/5)
INFO  [11:56:16.974] [mlr3] Applying learner 'classif.cv_glmnet' on task 'candi_gene' (iter 3/5)
INFO  [11:56:17.187] [mlr3] Applying learner 'classif.cv_glmnet' on task 'candi_gene' (iter 4/5)
INFO  [11:56:17.392] [mlr3] Applying learner 'classif.cv_glmnet' on task 'candi_gene' (iter 5/5)
INFO  [11:56:17.608] [mlr3] Finished benchmark
INFO  [11:56:17.633] [bbotk] Result of batch 17:
INFO  [11:56:17.635] [bbotk]  alpha classif.auc warnings errors runtime_learners
INFO  [11:56:17.635] [bbotk]   0.25   0.6429685        0      0             0.99
INFO  [11:56:17.635] [bbotk]                                 uhash
INFO  [11:56:17.635] [bbotk]  48622d90-acfc-4536-b033-4f2ad0f11842
INFO  [11:56:17.636] [bbotk] Evaluating 1 configuration(s)
INFO  [11:56:17.659] [mlr3] Running benchmark with 5 resampling iterations
INFO  [11:56:17.664] [mlr3] Applying learner 'classif.cv_glmnet' on task 'candi_gene' (iter 1/5)
INFO  [11:56:17.840] [mlr3] Applying learner 'classif.cv_glmnet' on task 'candi_gene' (iter 2/5)
INFO  [11:56:18.005] [mlr3] Applying learner 'classif.cv_glmnet' on task 'candi_gene' (iter 3/5)
INFO  [11:56:18.196] [mlr3] Applying learner 'classif.cv_glmnet' on task 'candi_gene' (iter 4/5)
INFO  [11:56:18.383] [mlr3] Applying learner 'classif.cv_glmnet' on task 'candi_gene' (iter 5/5)
INFO  [11:56:18.562] [mlr3] Finished benchmark
INFO  [11:56:18.587] [bbotk] Result of batch 18:
INFO  [11:56:18.589] [bbotk]  alpha classif.auc warnings errors runtime_learners
INFO  [11:56:18.589] [bbotk]      1   0.5840545        0      0            0.853
INFO  [11:56:18.589] [bbotk]                                 uhash
INFO  [11:56:18.589] [bbotk]  e399e1de-c13f-44b4-bc17-635a8cbcde56
INFO  [11:56:18.590] [bbotk] Evaluating 1 configuration(s)
INFO  [11:56:18.613] [mlr3] Running benchmark with 5 resampling iterations
INFO  [11:56:18.618] [mlr3] Applying learner 'classif.cv_glmnet' on task 'candi_gene' (iter 1/5)
INFO  [11:56:18.798] [mlr3] Applying learner 'classif.cv_glmnet' on task 'candi_gene' (iter 2/5)
INFO  [11:56:18.973] [mlr3] Applying learner 'classif.cv_glmnet' on task 'candi_gene' (iter 3/5)
INFO  [11:56:19.180] [mlr3] Applying learner 'classif.cv_glmnet' on task 'candi_gene' (iter 4/5)
INFO  [11:56:19.363] [mlr3] Applying learner 'classif.cv_glmnet' on task 'candi_gene' (iter 5/5)
INFO  [11:56:19.562] [mlr3] Finished benchmark
INFO  [11:56:19.587] [bbotk] Result of batch 19:
INFO  [11:56:19.589] [bbotk]  alpha classif.auc warnings errors runtime_learners
INFO  [11:56:19.589] [bbotk]    0.5    0.573766        0      0            0.899
INFO  [11:56:19.589] [bbotk]                                 uhash
INFO  [11:56:19.589] [bbotk]  62f9fb8b-5196-42f3-bc83-530a4ef1ad0a
INFO  [11:56:19.590] [bbotk] Evaluating 1 configuration(s)
INFO  [11:56:19.613] [mlr3] Running benchmark with 5 resampling iterations
INFO  [11:56:19.618] [mlr3] Applying learner 'classif.cv_glmnet' on task 'candi_gene' (iter 1/5)
INFO  [11:56:19.777] [mlr3] Applying learner 'classif.cv_glmnet' on task 'candi_gene' (iter 2/5)
INFO  [11:56:19.949] [mlr3] Applying learner 'classif.cv_glmnet' on task 'candi_gene' (iter 3/5)
INFO  [11:56:20.134] [mlr3] Applying learner 'classif.cv_glmnet' on task 'candi_gene' (iter 4/5)
INFO  [11:56:20.310] [mlr3] Applying learner 'classif.cv_glmnet' on task 'candi_gene' (iter 5/5)
INFO  [11:56:20.500] [mlr3] Finished benchmark
INFO  [11:56:20.525] [bbotk] Result of batch 20:
INFO  [11:56:20.527] [bbotk]  alpha classif.auc warnings errors runtime_learners
INFO  [11:56:20.527] [bbotk]    0.9   0.4872917        0      0            0.833
INFO  [11:56:20.527] [bbotk]                                 uhash
INFO  [11:56:20.527] [bbotk]  37ffabde-48ab-4896-8d73-55316c8f8ea5
INFO  [11:56:20.528] [bbotk] Evaluating 1 configuration(s)
INFO  [11:56:20.551] [mlr3] Running benchmark with 5 resampling iterations
INFO  [11:56:20.556] [mlr3] Applying learner 'classif.cv_glmnet' on task 'candi_gene' (iter 1/5)
INFO  [11:56:20.747] [mlr3] Applying learner 'classif.cv_glmnet' on task 'candi_gene' (iter 2/5)
INFO  [11:56:20.934] [mlr3] Applying learner 'classif.cv_glmnet' on task 'candi_gene' (iter 3/5)
INFO  [11:56:21.148] [mlr3] Applying learner 'classif.cv_glmnet' on task 'candi_gene' (iter 4/5)
INFO  [11:56:21.343] [mlr3] Applying learner 'classif.cv_glmnet' on task 'candi_gene' (iter 5/5)
INFO  [11:56:21.552] [mlr3] Finished benchmark
INFO  [11:56:21.577] [bbotk] Result of batch 21:
INFO  [11:56:21.579] [bbotk]  alpha classif.auc warnings errors runtime_learners
INFO  [11:56:21.579] [bbotk]    0.3   0.4960417        0      0            0.956
INFO  [11:56:21.579] [bbotk]                                 uhash
INFO  [11:56:21.579] [bbotk]  c1d8b777-2924-431d-9656-30d9710abe5e
INFO  [11:56:21.584] [bbotk] Finished optimizing after 21 evaluation(s)
INFO  [11:56:21.584] [bbotk] Result:
INFO  [11:56:21.587] [bbotk]   alpha learner_param_vals x_domain classif.auc
INFO  [11:56:21.587] [bbotk]  <char>             <list>   <list>       <num>
INFO  [11:56:21.587] [bbotk]    0.05       c(7.8947....     0.05   0.7140936
