Conda environment: *
R version 4.3.1 (2023-06-16)
Platform: x86_64-conda-linux-gnu (64-bit)
Running under: Red Hat Enterprise Linux 8.3 (Ootpa)

Matrix products: default
BLAS/LAPACK: /ess/home/home1/beiw/miniconda3/envs/5hmc_os_env/lib/libopenblasp-r0.3.27.so;  LAPACK version 3.12.0

locale:
[1] C

time zone: America/Chicago
tzcode source: system (glibc)

attached base packages:
[1] stats4    stats     graphics  grDevices utils     datasets  methods  
[8] base     

other attached packages:
 [1] conflicted_1.2.0            DESeq2_1.40.2              
 [3] SummarizedExperiment_1.30.2 Biobase_2.60.0             
 [5] MatrixGenerics_1.12.2       matrixStats_1.2.0          
 [7] GenomicRanges_1.52.0        GenomeInfoDb_1.36.1        
 [9] IRanges_2.34.1              S4Vectors_0.38.1           
[11] BiocGenerics_0.46.0         glmnet_4.1-8               
[13] Matrix_1.6-5                mlr3learners_0.5.8         
[15] mlr3tuning_0.19.0           paradox_0.11.1             
[17] mlr3_0.19.0                 lubridate_1.9.3            
[19] forcats_1.0.0               stringr_1.5.1              
[21] purrr_1.0.2                 readr_2.1.5                
[23] tidyr_1.3.1                 tibble_3.2.1               
[25] ggplot2_3.4.4               tidyverse_2.0.0            
[27] dplyr_1.1.4                

loaded via a namespace (and not attached):
 [1] gtable_0.3.4            shape_1.4.6             lattice_0.21-9         
 [4] tzdb_0.4.0              bitops_1.0-7            vctrs_0.6.4            
 [7] tools_4.3.1             generics_0.1.3          parallel_4.3.1         
[10] fansi_1.0.5             pkgconfig_2.0.3         data.table_1.15.2      
[13] checkmate_2.3.1         uuid_1.1-1              GenomeInfoDbData_1.2.11
[16] lifecycle_1.0.3         compiler_4.3.1          munsell_0.5.0          
[19] RhpcBLASctl_0.23-42     codetools_0.2-20        bbotk_0.7.2            
[22] RCurl_1.98-1.12         pillar_1.9.0            crayon_1.5.2           
[25] BiocParallel_1.34.2     cachem_1.0.8            DelayedArray_0.26.6    
[28] iterators_1.0.14        foreach_1.5.2           parallelly_1.37.1      
[31] locfit_1.5-9.8          tidyselect_1.2.0        digest_0.6.35          
[34] stringi_1.7.12          future_1.33.2           listenv_0.9.1          
[37] splines_4.3.1           fastmap_1.1.1           grid_4.3.1             
[40] colorspace_2.1-0        cli_3.6.1               magrittr_2.0.3         
[43] S4Arrays_1.0.4          survival_3.5-7          utf8_1.2.4             
[46] withr_2.5.1             scales_1.2.1            backports_1.4.1        
[49] timechange_0.2.0        XVector_0.40.0          globals_0.16.3         
[52] hms_1.1.3               memoise_2.0.1           mlr3misc_0.15.0        
[55] rlang_1.1.1             Rcpp_1.0.11             glue_1.6.2             
[58] palmerpenguins_0.1.1    lgr_0.4.4               R6_2.5.1               
[61] zlibbioc_1.46.0        
INFO  [11:55:53.861] [bbotk] Starting to optimize 1 parameter(s) with '<TunerGridSearch>' and '<TerminatorNone>'
INFO  [11:55:53.886] [bbotk] Evaluating 1 configuration(s)
INFO  [11:55:53.919] [mlr3] Running benchmark with 5 resampling iterations
INFO  [11:55:53.953] [mlr3] Applying learner 'classif.cv_glmnet' on task 'candi_gene' (iter 1/5)
INFO  [11:55:54.634] [mlr3] Applying learner 'classif.cv_glmnet' on task 'candi_gene' (iter 2/5)
INFO  [11:55:54.833] [mlr3] Applying learner 'classif.cv_glmnet' on task 'candi_gene' (iter 3/5)
INFO  [11:55:55.027] [mlr3] Applying learner 'classif.cv_glmnet' on task 'candi_gene' (iter 4/5)
INFO  [11:55:55.214] [mlr3] Applying learner 'classif.cv_glmnet' on task 'candi_gene' (iter 5/5)
INFO  [11:55:55.411] [mlr3] Finished benchmark
INFO  [11:55:55.439] [bbotk] Result of batch 1:
INFO  [11:55:55.443] [bbotk]  alpha classif.auc warnings errors runtime_learners
INFO  [11:55:55.443] [bbotk]    0.5   0.5044237        0      0             1.41
INFO  [11:55:55.443] [bbotk]                                 uhash
INFO  [11:55:55.443] [bbotk]  a355d9cc-a083-4dfc-b13a-e20ecec4ed73
INFO  [11:55:55.445] [bbotk] Evaluating 1 configuration(s)
INFO  [11:55:55.468] [mlr3] Running benchmark with 5 resampling iterations
INFO  [11:55:55.473] [mlr3] Applying learner 'classif.cv_glmnet' on task 'candi_gene' (iter 1/5)
INFO  [11:55:55.664] [mlr3] Applying learner 'classif.cv_glmnet' on task 'candi_gene' (iter 2/5)
INFO  [11:55:55.853] [mlr3] Applying learner 'classif.cv_glmnet' on task 'candi_gene' (iter 3/5)
INFO  [11:55:56.041] [mlr3] Applying learner 'classif.cv_glmnet' on task 'candi_gene' (iter 4/5)
INFO  [11:55:56.216] [mlr3] Applying learner 'classif.cv_glmnet' on task 'candi_gene' (iter 5/5)
INFO  [11:55:56.408] [mlr3] Finished benchmark
INFO  [11:55:56.433] [bbotk] Result of batch 2:
INFO  [11:55:56.435] [bbotk]  alpha classif.auc warnings errors runtime_learners
INFO  [11:55:56.435] [bbotk]    0.9   0.5498703        0      0            0.895
INFO  [11:55:56.435] [bbotk]                                 uhash
INFO  [11:55:56.435] [bbotk]  0561d0de-1d04-4f5c-91da-d96e5e435760
INFO  [11:55:56.436] [bbotk] Evaluating 1 configuration(s)
INFO  [11:55:56.459] [mlr3] Running benchmark with 5 resampling iterations
INFO  [11:55:56.464] [mlr3] Applying learner 'classif.cv_glmnet' on task 'candi_gene' (iter 1/5)
INFO  [11:55:56.649] [mlr3] Applying learner 'classif.cv_glmnet' on task 'candi_gene' (iter 2/5)
INFO  [11:55:56.845] [mlr3] Applying learner 'classif.cv_glmnet' on task 'candi_gene' (iter 3/5)
INFO  [11:55:57.034] [mlr3] Applying learner 'classif.cv_glmnet' on task 'candi_gene' (iter 4/5)
INFO  [11:55:57.218] [mlr3] Applying learner 'classif.cv_glmnet' on task 'candi_gene' (iter 5/5)
INFO  [11:55:57.415] [mlr3] Finished benchmark
INFO  [11:55:57.441] [bbotk] Result of batch 3:
INFO  [11:55:57.443] [bbotk]  alpha classif.auc warnings errors runtime_learners
INFO  [11:55:57.443] [bbotk]   0.65    0.503125        0      0             0.91
INFO  [11:55:57.443] [bbotk]                                 uhash
INFO  [11:55:57.443] [bbotk]  68f6b746-dd32-4104-a383-8559e2e5ad1a
INFO  [11:55:57.445] [bbotk] Evaluating 1 configuration(s)
INFO  [11:55:57.468] [mlr3] Running benchmark with 5 resampling iterations
INFO  [11:55:57.473] [mlr3] Applying learner 'classif.cv_glmnet' on task 'candi_gene' (iter 1/5)
INFO  [11:55:57.661] [mlr3] Applying learner 'classif.cv_glmnet' on task 'candi_gene' (iter 2/5)
INFO  [11:55:57.852] [mlr3] Applying learner 'classif.cv_glmnet' on task 'candi_gene' (iter 3/5)
INFO  [11:55:58.059] [mlr3] Applying learner 'classif.cv_glmnet' on task 'candi_gene' (iter 4/5)
INFO  [11:55:58.242] [mlr3] Applying learner 'classif.cv_glmnet' on task 'candi_gene' (iter 5/5)
INFO  [11:55:58.816] [mlr3] Finished benchmark
INFO  [11:55:58.842] [bbotk] Result of batch 4:
INFO  [11:55:58.844] [bbotk]  alpha classif.auc warnings errors runtime_learners
INFO  [11:55:58.844] [bbotk]   0.55   0.5523077        0      0              1.3
INFO  [11:55:58.844] [bbotk]                                 uhash
INFO  [11:55:58.844] [bbotk]  6f3751c5-07e4-4703-b686-2c94ebee6977
INFO  [11:55:58.845] [bbotk] Evaluating 1 configuration(s)
INFO  [11:55:58.870] [mlr3] Running benchmark with 5 resampling iterations
INFO  [11:55:58.875] [mlr3] Applying learner 'classif.cv_glmnet' on task 'candi_gene' (iter 1/5)
INFO  [11:55:59.064] [mlr3] Applying learner 'classif.cv_glmnet' on task 'candi_gene' (iter 2/5)
INFO  [11:55:59.247] [mlr3] Applying learner 'classif.cv_glmnet' on task 'candi_gene' (iter 3/5)
INFO  [11:55:59.434] [mlr3] Applying learner 'classif.cv_glmnet' on task 'candi_gene' (iter 4/5)
INFO  [11:55:59.612] [mlr3] Applying learner 'classif.cv_glmnet' on task 'candi_gene' (iter 5/5)
INFO  [11:55:59.796] [mlr3] Finished benchmark
INFO  [11:55:59.821] [bbotk] Result of batch 5:
INFO  [11:55:59.823] [bbotk]  alpha classif.auc warnings errors runtime_learners
INFO  [11:55:59.823] [bbotk]    0.7   0.5401226        0      0            0.877
INFO  [11:55:59.823] [bbotk]                                 uhash
INFO  [11:55:59.823] [bbotk]  81ade849-7da9-4e59-aeec-ec4c398e38fd
INFO  [11:55:59.824] [bbotk] Evaluating 1 configuration(s)
INFO  [11:55:59.847] [mlr3] Running benchmark with 5 resampling iterations
INFO  [11:55:59.852] [mlr3] Applying learner 'classif.cv_glmnet' on task 'candi_gene' (iter 1/5)
INFO  [11:56:00.036] [mlr3] Applying learner 'classif.cv_glmnet' on task 'candi_gene' (iter 2/5)
INFO  [11:56:00.228] [mlr3] Applying learner 'classif.cv_glmnet' on task 'candi_gene' (iter 3/5)
INFO  [11:56:00.421] [mlr3] Applying learner 'classif.cv_glmnet' on task 'candi_gene' (iter 4/5)
INFO  [11:56:00.593] [mlr3] Applying learner 'classif.cv_glmnet' on task 'candi_gene' (iter 5/5)
INFO  [11:56:00.790] [mlr3] Finished benchmark
INFO  [11:56:00.815] [bbotk] Result of batch 6:
INFO  [11:56:00.817] [bbotk]  alpha classif.auc warnings errors runtime_learners
INFO  [11:56:00.817] [bbotk]    0.6      0.5125        0      0            0.895
INFO  [11:56:00.817] [bbotk]                                 uhash
INFO  [11:56:00.817] [bbotk]  266e93c4-820e-4f9c-9d89-24a530aaaffe
INFO  [11:56:00.818] [bbotk] Evaluating 1 configuration(s)
INFO  [11:56:00.841] [mlr3] Running benchmark with 5 resampling iterations
INFO  [11:56:00.846] [mlr3] Applying learner 'classif.cv_glmnet' on task 'candi_gene' (iter 1/5)
INFO  [11:56:01.039] [mlr3] Applying learner 'classif.cv_glmnet' on task 'candi_gene' (iter 2/5)
INFO  [11:56:01.240] [mlr3] Applying learner 'classif.cv_glmnet' on task 'candi_gene' (iter 3/5)
INFO  [11:56:01.432] [mlr3] Applying learner 'classif.cv_glmnet' on task 'candi_gene' (iter 4/5)
INFO  [11:56:01.621] [mlr3] Applying learner 'classif.cv_glmnet' on task 'candi_gene' (iter 5/5)
INFO  [11:56:01.824] [mlr3] Finished benchmark
INFO  [11:56:01.848] [bbotk] Result of batch 7:
INFO  [11:56:01.850] [bbotk]  alpha classif.auc warnings errors runtime_learners
INFO  [11:56:01.850] [bbotk]    0.4   0.6135096        0      0            0.935
INFO  [11:56:01.850] [bbotk]                                 uhash
INFO  [11:56:01.850] [bbotk]  3e027027-f400-412a-ab85-bbebd307928a
INFO  [11:56:01.851] [bbotk] Evaluating 1 configuration(s)
INFO  [11:56:01.875] [mlr3] Running benchmark with 5 resampling iterations
INFO  [11:56:01.880] [mlr3] Applying learner 'classif.cv_glmnet' on task 'candi_gene' (iter 1/5)
INFO  [11:56:02.056] [mlr3] Applying learner 'classif.cv_glmnet' on task 'candi_gene' (iter 2/5)
INFO  [11:56:02.243] [mlr3] Applying learner 'classif.cv_glmnet' on task 'candi_gene' (iter 3/5)
INFO  [11:56:02.434] [mlr3] Applying learner 'classif.cv_glmnet' on task 'candi_gene' (iter 4/5)
INFO  [11:56:02.607] [mlr3] Applying learner 'classif.cv_glmnet' on task 'candi_gene' (iter 5/5)
INFO  [11:56:02.797] [mlr3] Finished benchmark
INFO  [11:56:02.822] [bbotk] Result of batch 8:
INFO  [11:56:02.824] [bbotk]  alpha classif.auc warnings errors runtime_learners
INFO  [11:56:02.824] [bbotk]   0.95   0.5110119        0      0            0.879
INFO  [11:56:02.824] [bbotk]                                 uhash
INFO  [11:56:02.824] [bbotk]  7ae7ba12-06a2-4a91-8412-1ef0a98f51ad
INFO  [11:56:02.825] [bbotk] Evaluating 1 configuration(s)
INFO  [11:56:02.848] [mlr3] Running benchmark with 5 resampling iterations
INFO  [11:56:02.853] [mlr3] Applying learner 'classif.cv_glmnet' on task 'candi_gene' (iter 1/5)
INFO  [11:56:03.034] [mlr3] Applying learner 'classif.cv_glmnet' on task 'candi_gene' (iter 2/5)
INFO  [11:56:03.228] [mlr3] Applying learner 'classif.cv_glmnet' on task 'candi_gene' (iter 3/5)
INFO  [11:56:03.413] [mlr3] Applying learner 'classif.cv_glmnet' on task 'candi_gene' (iter 4/5)
INFO  [11:56:03.588] [mlr3] Applying learner 'classif.cv_glmnet' on task 'candi_gene' (iter 5/5)
INFO  [11:56:03.771] [mlr3] Finished benchmark
INFO  [11:56:03.795] [bbotk] Result of batch 9:
INFO  [11:56:03.798] [bbotk]  alpha classif.auc warnings errors runtime_learners
INFO  [11:56:03.798] [bbotk]   0.85   0.5270833        0      0            0.875
INFO  [11:56:03.798] [bbotk]                                 uhash
INFO  [11:56:03.798] [bbotk]  89aa129d-82a8-4529-bde4-ec7e49de388a
INFO  [11:56:03.799] [bbotk] Evaluating 1 configuration(s)
INFO  [11:56:03.822] [mlr3] Running benchmark with 5 resampling iterations
INFO  [11:56:03.827] [mlr3] Applying learner 'classif.cv_glmnet' on task 'candi_gene' (iter 1/5)
INFO  [11:56:04.036] [mlr3] Applying learner 'classif.cv_glmnet' on task 'candi_gene' (iter 2/5)
INFO  [11:56:04.248] [mlr3] Applying learner 'classif.cv_glmnet' on task 'candi_gene' (iter 3/5)
INFO  [11:56:04.455] [mlr3] Applying learner 'classif.cv_glmnet' on task 'candi_gene' (iter 4/5)
INFO  [11:56:04.656] [mlr3] Applying learner 'classif.cv_glmnet' on task 'candi_gene' (iter 5/5)
INFO  [11:56:04.879] [mlr3] Finished benchmark
INFO  [11:56:04.904] [bbotk] Result of batch 10:
INFO  [11:56:04.906] [bbotk]  alpha classif.auc warnings errors runtime_learners
INFO  [11:56:04.906] [bbotk]   0.25     0.56602        0      0            1.005
INFO  [11:56:04.906] [bbotk]                                 uhash
INFO  [11:56:04.906] [bbotk]  65cf72db-0998-4ec8-a817-63eb94265b41
INFO  [11:56:04.907] [bbotk] Evaluating 1 configuration(s)
INFO  [11:56:04.930] [mlr3] Running benchmark with 5 resampling iterations
INFO  [11:56:04.935] [mlr3] Applying learner 'classif.cv_glmnet' on task 'candi_gene' (iter 1/5)
INFO  [11:56:05.118] [mlr3] Applying learner 'classif.cv_glmnet' on task 'candi_gene' (iter 2/5)
INFO  [11:56:05.316] [mlr3] Applying learner 'classif.cv_glmnet' on task 'candi_gene' (iter 3/5)
INFO  [11:56:05.504] [mlr3] Applying learner 'classif.cv_glmnet' on task 'candi_gene' (iter 4/5)
INFO  [11:56:05.679] [mlr3] Applying learner 'classif.cv_glmnet' on task 'candi_gene' (iter 5/5)
INFO  [11:56:05.884] [mlr3] Finished benchmark
INFO  [11:56:05.909] [bbotk] Result of batch 11:
INFO  [11:56:05.911] [bbotk]  alpha classif.auc warnings errors runtime_learners
INFO  [11:56:05.911] [bbotk]      1   0.5414904        0      0            0.906
INFO  [11:56:05.911] [bbotk]                                 uhash
INFO  [11:56:05.911] [bbotk]  9a7671a0-2bc1-4406-8277-7be7e5b3e122
INFO  [11:56:05.913] [bbotk] Evaluating 1 configuration(s)
INFO  [11:56:05.936] [mlr3] Running benchmark with 5 resampling iterations
INFO  [11:56:05.941] [mlr3] Applying learner 'classif.cv_glmnet' on task 'candi_gene' (iter 1/5)
INFO  [11:56:06.147] [mlr3] Applying learner 'classif.cv_glmnet' on task 'candi_gene' (iter 2/5)
INFO  [11:56:06.368] [mlr3] Applying learner 'classif.cv_glmnet' on task 'candi_gene' (iter 3/5)
INFO  [11:56:06.582] [mlr3] Applying learner 'classif.cv_glmnet' on task 'candi_gene' (iter 4/5)
INFO  [11:56:06.795] [mlr3] Applying learner 'classif.cv_glmnet' on task 'candi_gene' (iter 5/5)
INFO  [11:56:07.024] [mlr3] Finished benchmark
INFO  [11:56:07.049] [bbotk] Result of batch 12:
INFO  [11:56:07.051] [bbotk]  alpha classif.auc warnings errors runtime_learners
INFO  [11:56:07.051] [bbotk]    0.2   0.5834848        0      0            1.041
INFO  [11:56:07.051] [bbotk]                                 uhash
INFO  [11:56:07.051] [bbotk]  52ed0957-3902-46ba-a3e1-07f5e862876d
INFO  [11:56:07.052] [bbotk] Evaluating 1 configuration(s)
INFO  [11:56:07.075] [mlr3] Running benchmark with 5 resampling iterations
INFO  [11:56:07.080] [mlr3] Applying learner 'classif.cv_glmnet' on task 'candi_gene' (iter 1/5)
INFO  [11:56:07.501] [mlr3] Applying learner 'classif.cv_glmnet' on task 'candi_gene' (iter 2/5)
INFO  [11:56:07.932] [mlr3] Applying learner 'classif.cv_glmnet' on task 'candi_gene' (iter 3/5)
INFO  [11:56:08.359] [mlr3] Applying learner 'classif.cv_glmnet' on task 'candi_gene' (iter 4/5)
INFO  [11:56:08.774] [mlr3] Applying learner 'classif.cv_glmnet' on task 'candi_gene' (iter 5/5)
INFO  [11:56:09.191] [mlr3] Finished benchmark
INFO  [11:56:09.217] [bbotk] Result of batch 13:
INFO  [11:56:09.219] [bbotk]  alpha classif.auc warnings errors runtime_learners
INFO  [11:56:09.219] [bbotk]      0   0.5908009        0      0             2.07
INFO  [11:56:09.219] [bbotk]                                 uhash
INFO  [11:56:09.219] [bbotk]  3bf806f7-4b39-4f9f-9c05-74dfe59e0fcc
INFO  [11:56:09.220] [bbotk] Evaluating 1 configuration(s)
INFO  [11:56:09.243] [mlr3] Running benchmark with 5 resampling iterations
INFO  [11:56:09.248] [mlr3] Applying learner 'classif.cv_glmnet' on task 'candi_gene' (iter 1/5)
INFO  [11:56:09.456] [mlr3] Applying learner 'classif.cv_glmnet' on task 'candi_gene' (iter 2/5)
INFO  [11:56:09.668] [mlr3] Applying learner 'classif.cv_glmnet' on task 'candi_gene' (iter 3/5)
INFO  [11:56:09.877] [mlr3] Applying learner 'classif.cv_glmnet' on task 'candi_gene' (iter 4/5)
INFO  [11:56:10.088] [mlr3] Applying learner 'classif.cv_glmnet' on task 'candi_gene' (iter 5/5)
INFO  [11:56:10.308] [mlr3] Finished benchmark
INFO  [11:56:10.333] [bbotk] Result of batch 14:
INFO  [11:56:10.335] [bbotk]  alpha classif.auc warnings errors runtime_learners
INFO  [11:56:10.335] [bbotk]    0.3   0.5747917        0      0            1.013
INFO  [11:56:10.335] [bbotk]                                 uhash
INFO  [11:56:10.335] [bbotk]  07ea702b-1e9b-49fd-97da-01691bb5fe8a
INFO  [11:56:10.336] [bbotk] Evaluating 1 configuration(s)
INFO  [11:56:10.360] [mlr3] Running benchmark with 5 resampling iterations
INFO  [11:56:10.365] [mlr3] Applying learner 'classif.cv_glmnet' on task 'candi_gene' (iter 1/5)
INFO  [11:56:11.021] [mlr3] Applying learner 'classif.cv_glmnet' on task 'candi_gene' (iter 2/5)
INFO  [11:56:11.287] [mlr3] Applying learner 'classif.cv_glmnet' on task 'candi_gene' (iter 3/5)
INFO  [11:56:11.549] [mlr3] Applying learner 'classif.cv_glmnet' on task 'candi_gene' (iter 4/5)
INFO  [11:56:11.806] [mlr3] Applying learner 'classif.cv_glmnet' on task 'candi_gene' (iter 5/5)
INFO  [11:56:12.079] [mlr3] Finished benchmark
INFO  [11:56:12.104] [bbotk] Result of batch 15:
INFO  [11:56:12.106] [bbotk]  alpha classif.auc warnings errors runtime_learners
INFO  [11:56:12.106] [bbotk]   0.05   0.6318051        0      0            1.671
INFO  [11:56:12.106] [bbotk]                                 uhash
INFO  [11:56:12.106] [bbotk]  d92b4080-1ba8-4f03-a588-418beb751585
INFO  [11:56:12.108] [bbotk] Evaluating 1 configuration(s)
INFO  [11:56:12.131] [mlr3] Running benchmark with 5 resampling iterations
INFO  [11:56:12.136] [mlr3] Applying learner 'classif.cv_glmnet' on task 'candi_gene' (iter 1/5)
INFO  [11:56:12.316] [mlr3] Applying learner 'classif.cv_glmnet' on task 'candi_gene' (iter 2/5)
INFO  [11:56:12.514] [mlr3] Applying learner 'classif.cv_glmnet' on task 'candi_gene' (iter 3/5)
INFO  [11:56:12.699] [mlr3] Applying learner 'classif.cv_glmnet' on task 'candi_gene' (iter 4/5)
INFO  [11:56:12.869] [mlr3] Applying learner 'classif.cv_glmnet' on task 'candi_gene' (iter 5/5)
INFO  [11:56:13.064] [mlr3] Finished benchmark
INFO  [11:56:13.089] [bbotk] Result of batch 16:
INFO  [11:56:13.091] [bbotk]  alpha classif.auc warnings errors runtime_learners
INFO  [11:56:13.091] [bbotk]    0.8     0.53125        0      0            0.885
INFO  [11:56:13.091] [bbotk]                                 uhash
INFO  [11:56:13.091] [bbotk]  7548e10e-5367-41a0-b9ec-ca213bb186ad
INFO  [11:56:13.092] [bbotk] Evaluating 1 configuration(s)
INFO  [11:56:13.115] [mlr3] Running benchmark with 5 resampling iterations
INFO  [11:56:13.120] [mlr3] Applying learner 'classif.cv_glmnet' on task 'candi_gene' (iter 1/5)
INFO  [11:56:13.342] [mlr3] Applying learner 'classif.cv_glmnet' on task 'candi_gene' (iter 2/5)
INFO  [11:56:13.571] [mlr3] Applying learner 'classif.cv_glmnet' on task 'candi_gene' (iter 3/5)
INFO  [11:56:13.791] [mlr3] Applying learner 'classif.cv_glmnet' on task 'candi_gene' (iter 4/5)
INFO  [11:56:14.015] [mlr3] Applying learner 'classif.cv_glmnet' on task 'candi_gene' (iter 5/5)
INFO  [11:56:14.252] [mlr3] Finished benchmark
INFO  [11:56:14.277] [bbotk] Result of batch 17:
INFO  [11:56:14.279] [bbotk]  alpha classif.auc warnings errors runtime_learners
INFO  [11:56:14.279] [bbotk]   0.15   0.5997998        0      0            1.088
INFO  [11:56:14.279] [bbotk]                                 uhash
INFO  [11:56:14.279] [bbotk]  ce245789-ba27-493b-a766-0df2c7a8a82f
INFO  [11:56:14.281] [bbotk] Evaluating 1 configuration(s)
INFO  [11:56:14.304] [mlr3] Running benchmark with 5 resampling iterations
INFO  [11:56:14.309] [mlr3] Applying learner 'classif.cv_glmnet' on task 'candi_gene' (iter 1/5)
INFO  [11:56:14.508] [mlr3] Applying learner 'classif.cv_glmnet' on task 'candi_gene' (iter 2/5)
INFO  [11:56:14.702] [mlr3] Applying learner 'classif.cv_glmnet' on task 'candi_gene' (iter 3/5)
INFO  [11:56:14.897] [mlr3] Applying learner 'classif.cv_glmnet' on task 'candi_gene' (iter 4/5)
INFO  [11:56:15.084] [mlr3] Applying learner 'classif.cv_glmnet' on task 'candi_gene' (iter 5/5)
INFO  [11:56:15.278] [mlr3] Finished benchmark
INFO  [11:56:15.310] [bbotk] Result of batch 18:
INFO  [11:56:15.312] [bbotk]  alpha classif.auc warnings errors runtime_learners
INFO  [11:56:15.312] [bbotk]   0.45   0.5641667        0      0            0.927
INFO  [11:56:15.312] [bbotk]                                 uhash
INFO  [11:56:15.312] [bbotk]  bbf9421c-2379-45af-8f0c-a160ad57a6b2
INFO  [11:56:15.314] [bbotk] Evaluating 1 configuration(s)
INFO  [11:56:15.337] [mlr3] Running benchmark with 5 resampling iterations
INFO  [11:56:15.341] [mlr3] Applying learner 'classif.cv_glmnet' on task 'candi_gene' (iter 1/5)
INFO  [11:56:15.575] [mlr3] Applying learner 'classif.cv_glmnet' on task 'candi_gene' (iter 2/5)
INFO  [11:56:15.818] [mlr3] Applying learner 'classif.cv_glmnet' on task 'candi_gene' (iter 3/5)
INFO  [11:56:16.053] [mlr3] Applying learner 'classif.cv_glmnet' on task 'candi_gene' (iter 4/5)
INFO  [11:56:16.284] [mlr3] Applying learner 'classif.cv_glmnet' on task 'candi_gene' (iter 5/5)
INFO  [11:56:16.538] [mlr3] Finished benchmark
INFO  [11:56:16.563] [bbotk] Result of batch 19:
INFO  [11:56:16.565] [bbotk]  alpha classif.auc warnings errors runtime_learners
INFO  [11:56:16.565] [bbotk]    0.1   0.5941667        0      0            1.153
INFO  [11:56:16.565] [bbotk]                                 uhash
INFO  [11:56:16.565] [bbotk]  134f9a64-b8c7-4dd5-8b42-85beed803676
INFO  [11:56:16.567] [bbotk] Evaluating 1 configuration(s)
INFO  [11:56:16.589] [mlr3] Running benchmark with 5 resampling iterations
INFO  [11:56:16.594] [mlr3] Applying learner 'classif.cv_glmnet' on task 'candi_gene' (iter 1/5)
INFO  [11:56:16.776] [mlr3] Applying learner 'classif.cv_glmnet' on task 'candi_gene' (iter 2/5)
INFO  [11:56:16.967] [mlr3] Applying learner 'classif.cv_glmnet' on task 'candi_gene' (iter 3/5)
INFO  [11:56:17.156] [mlr3] Applying learner 'classif.cv_glmnet' on task 'candi_gene' (iter 4/5)
INFO  [11:56:17.325] [mlr3] Applying learner 'classif.cv_glmnet' on task 'candi_gene' (iter 5/5)
INFO  [11:56:17.517] [mlr3] Finished benchmark
INFO  [11:56:17.542] [bbotk] Result of batch 20:
INFO  [11:56:17.544] [bbotk]  alpha classif.auc warnings errors runtime_learners
INFO  [11:56:17.544] [bbotk]   0.75   0.5783591        0      0            0.881
INFO  [11:56:17.544] [bbotk]                                 uhash
INFO  [11:56:17.544] [bbotk]  8e57b5d2-e0c1-4a43-bafd-34dc3a501447
INFO  [11:56:17.545] [bbotk] Evaluating 1 configuration(s)
INFO  [11:56:17.568] [mlr3] Running benchmark with 5 resampling iterations
INFO  [11:56:17.573] [mlr3] Applying learner 'classif.cv_glmnet' on task 'candi_gene' (iter 1/5)
INFO  [11:56:17.770] [mlr3] Applying learner 'classif.cv_glmnet' on task 'candi_gene' (iter 2/5)
INFO  [11:56:17.976] [mlr3] Applying learner 'classif.cv_glmnet' on task 'candi_gene' (iter 3/5)
INFO  [11:56:18.176] [mlr3] Applying learner 'classif.cv_glmnet' on task 'candi_gene' (iter 4/5)
INFO  [11:56:18.370] [mlr3] Applying learner 'classif.cv_glmnet' on task 'candi_gene' (iter 5/5)
INFO  [11:56:18.579] [mlr3] Finished benchmark
INFO  [11:56:18.605] [bbotk] Result of batch 21:
INFO  [11:56:18.607] [bbotk]  alpha classif.auc warnings errors runtime_learners
INFO  [11:56:18.607] [bbotk]   0.35   0.5093534        0      0            0.962
INFO  [11:56:18.607] [bbotk]                                 uhash
INFO  [11:56:18.607] [bbotk]  fc835830-74ef-4456-91c5-43f0508aef11
INFO  [11:56:18.612] [bbotk] Finished optimizing after 21 evaluation(s)
INFO  [11:56:18.613] [bbotk] Result:
INFO  [11:56:18.615] [bbotk]   alpha learner_param_vals x_domain classif.auc
INFO  [11:56:18.615] [bbotk]  <char>             <list>   <list>       <num>
INFO  [11:56:18.615] [bbotk]    0.05       c(7.8947....     0.05   0.6318051
