Conda environment: *
R version 4.3.1 (2023-06-16)
Platform: x86_64-conda-linux-gnu (64-bit)
Running under: Red Hat Enterprise Linux 8.3 (Ootpa)

Matrix products: default
BLAS/LAPACK: /ess/home/home1/beiw/miniconda3/envs/5hmc_os_env/lib/libopenblasp-r0.3.27.so;  LAPACK version 3.12.0

locale:
[1] C

time zone: America/Chicago
tzcode source: system (glibc)

attached base packages:
[1] stats4    stats     graphics  grDevices utils     datasets  methods  
[8] base     

other attached packages:
 [1] conflicted_1.2.0            DESeq2_1.40.2              
 [3] SummarizedExperiment_1.30.2 Biobase_2.60.0             
 [5] MatrixGenerics_1.12.2       matrixStats_1.2.0          
 [7] GenomicRanges_1.52.0        GenomeInfoDb_1.36.1        
 [9] IRanges_2.34.1              S4Vectors_0.38.1           
[11] BiocGenerics_0.46.0         glmnet_4.1-8               
[13] Matrix_1.6-5                mlr3learners_0.5.8         
[15] mlr3tuning_0.19.0           paradox_0.11.1             
[17] mlr3_0.19.0                 lubridate_1.9.3            
[19] forcats_1.0.0               stringr_1.5.1              
[21] purrr_1.0.2                 readr_2.1.5                
[23] tidyr_1.3.1                 tibble_3.2.1               
[25] ggplot2_3.4.4               tidyverse_2.0.0            
[27] dplyr_1.1.4                

loaded via a namespace (and not attached):
 [1] gtable_0.3.4            shape_1.4.6             lattice_0.21-9         
 [4] tzdb_0.4.0              bitops_1.0-7            vctrs_0.6.4            
 [7] tools_4.3.1             generics_0.1.3          parallel_4.3.1         
[10] fansi_1.0.5             pkgconfig_2.0.3         data.table_1.15.2      
[13] checkmate_2.3.1         uuid_1.1-1              GenomeInfoDbData_1.2.11
[16] lifecycle_1.0.3         compiler_4.3.1          munsell_0.5.0          
[19] RhpcBLASctl_0.23-42     codetools_0.2-20        bbotk_0.7.2            
[22] RCurl_1.98-1.12         pillar_1.9.0            crayon_1.5.2           
[25] BiocParallel_1.34.2     cachem_1.0.8            DelayedArray_0.26.6    
[28] iterators_1.0.14        foreach_1.5.2           parallelly_1.37.1      
[31] locfit_1.5-9.8          tidyselect_1.2.0        digest_0.6.35          
[34] stringi_1.7.12          future_1.33.2           listenv_0.9.1          
[37] splines_4.3.1           fastmap_1.1.1           grid_4.3.1             
[40] colorspace_2.1-0        cli_3.6.1               magrittr_2.0.3         
[43] S4Arrays_1.0.4          survival_3.5-7          utf8_1.2.4             
[46] withr_2.5.1             scales_1.2.1            backports_1.4.1        
[49] timechange_0.2.0        XVector_0.40.0          globals_0.16.3         
[52] hms_1.1.3               memoise_2.0.1           mlr3misc_0.15.0        
[55] rlang_1.1.1             Rcpp_1.0.11             glue_1.6.2             
[58] palmerpenguins_0.1.1    lgr_0.4.4               R6_2.5.1               
[61] zlibbioc_1.46.0        
INFO  [11:57:10.171] [bbotk] Starting to optimize 1 parameter(s) with '<TunerGridSearch>' and '<TerminatorNone>'
INFO  [11:57:10.196] [bbotk] Evaluating 1 configuration(s)
INFO  [11:57:10.227] [mlr3] Running benchmark with 5 resampling iterations
INFO  [11:57:10.260] [mlr3] Applying learner 'classif.cv_glmnet' on task 'candi_gene' (iter 1/5)
INFO  [11:57:10.847] [mlr3] Applying learner 'classif.cv_glmnet' on task 'candi_gene' (iter 2/5)
INFO  [11:57:11.053] [mlr3] Applying learner 'classif.cv_glmnet' on task 'candi_gene' (iter 3/5)
INFO  [11:57:11.239] [mlr3] Applying learner 'classif.cv_glmnet' on task 'candi_gene' (iter 4/5)
INFO  [11:57:11.410] [mlr3] Applying learner 'classif.cv_glmnet' on task 'candi_gene' (iter 5/5)
INFO  [11:57:11.592] [mlr3] Finished benchmark
INFO  [11:57:11.625] [bbotk] Result of batch 1:
INFO  [11:57:11.628] [bbotk]  alpha classif.auc warnings errors runtime_learners
INFO  [11:57:11.628] [bbotk]      1   0.5651688        0      0            1.285
INFO  [11:57:11.628] [bbotk]                                 uhash
INFO  [11:57:11.628] [bbotk]  0b8e5041-782c-473d-b099-e63fdfa2f48f
INFO  [11:57:11.630] [bbotk] Evaluating 1 configuration(s)
INFO  [11:57:11.653] [mlr3] Running benchmark with 5 resampling iterations
INFO  [11:57:11.658] [mlr3] Applying learner 'classif.cv_glmnet' on task 'candi_gene' (iter 1/5)
INFO  [11:57:11.837] [mlr3] Applying learner 'classif.cv_glmnet' on task 'candi_gene' (iter 2/5)
INFO  [11:57:12.050] [mlr3] Applying learner 'classif.cv_glmnet' on task 'candi_gene' (iter 3/5)
INFO  [11:57:12.242] [mlr3] Applying learner 'classif.cv_glmnet' on task 'candi_gene' (iter 4/5)
INFO  [11:57:12.421] [mlr3] Applying learner 'classif.cv_glmnet' on task 'candi_gene' (iter 5/5)
INFO  [11:57:12.608] [mlr3] Finished benchmark
INFO  [11:57:12.632] [bbotk] Result of batch 2:
INFO  [11:57:12.634] [bbotk]  alpha classif.auc warnings errors runtime_learners
INFO  [11:57:12.634] [bbotk]    0.5   0.5194286        0      0            0.907
INFO  [11:57:12.634] [bbotk]                                 uhash
INFO  [11:57:12.634] [bbotk]  7a022631-2502-4cf4-870b-b28c577d7d41
INFO  [11:57:12.635] [bbotk] Evaluating 1 configuration(s)
INFO  [11:57:12.658] [mlr3] Running benchmark with 5 resampling iterations
INFO  [11:57:12.662] [mlr3] Applying learner 'classif.cv_glmnet' on task 'candi_gene' (iter 1/5)
INFO  [11:57:12.882] [mlr3] Applying learner 'classif.cv_glmnet' on task 'candi_gene' (iter 2/5)
INFO  [11:57:13.129] [mlr3] Applying learner 'classif.cv_glmnet' on task 'candi_gene' (iter 3/5)
INFO  [11:57:13.360] [mlr3] Applying learner 'classif.cv_glmnet' on task 'candi_gene' (iter 4/5)
INFO  [11:57:13.578] [mlr3] Applying learner 'classif.cv_glmnet' on task 'candi_gene' (iter 5/5)
INFO  [11:57:13.802] [mlr3] Finished benchmark
INFO  [11:57:13.826] [bbotk] Result of batch 3:
INFO  [11:57:13.828] [bbotk]  alpha classif.auc warnings errors runtime_learners
INFO  [11:57:13.828] [bbotk]   0.15   0.5904069        0      0            1.098
INFO  [11:57:13.828] [bbotk]                                 uhash
INFO  [11:57:13.828] [bbotk]  525d4a24-6111-4959-b704-b1005498988f
INFO  [11:57:13.830] [bbotk] Evaluating 1 configuration(s)
INFO  [11:57:13.857] [mlr3] Running benchmark with 5 resampling iterations
INFO  [11:57:13.863] [mlr3] Applying learner 'classif.cv_glmnet' on task 'candi_gene' (iter 1/5)
INFO  [11:57:14.034] [mlr3] Applying learner 'classif.cv_glmnet' on task 'candi_gene' (iter 2/5)
INFO  [11:57:14.230] [mlr3] Applying learner 'classif.cv_glmnet' on task 'candi_gene' (iter 3/5)
INFO  [11:57:14.415] [mlr3] Applying learner 'classif.cv_glmnet' on task 'candi_gene' (iter 4/5)
INFO  [11:57:14.588] [mlr3] Applying learner 'classif.cv_glmnet' on task 'candi_gene' (iter 5/5)
INFO  [11:57:14.782] [mlr3] Finished benchmark
INFO  [11:57:14.807] [bbotk] Result of batch 4:
INFO  [11:57:14.809] [bbotk]  alpha classif.auc warnings errors runtime_learners
INFO  [11:57:14.809] [bbotk]   0.85   0.5105714        0      0            0.876
INFO  [11:57:14.809] [bbotk]                                 uhash
INFO  [11:57:14.809] [bbotk]  7bd984d4-4279-4f7e-95d8-b3be839be666
INFO  [11:57:14.810] [bbotk] Evaluating 1 configuration(s)
INFO  [11:57:14.832] [mlr3] Running benchmark with 5 resampling iterations
INFO  [11:57:14.837] [mlr3] Applying learner 'classif.cv_glmnet' on task 'candi_gene' (iter 1/5)
INFO  [11:57:15.004] [mlr3] Applying learner 'classif.cv_glmnet' on task 'candi_gene' (iter 2/5)
INFO  [11:57:15.559] [mlr3] Applying learner 'classif.cv_glmnet' on task 'candi_gene' (iter 3/5)
INFO  [11:57:15.742] [mlr3] Applying learner 'classif.cv_glmnet' on task 'candi_gene' (iter 4/5)
INFO  [11:57:15.911] [mlr3] Applying learner 'classif.cv_glmnet' on task 'candi_gene' (iter 5/5)
INFO  [11:57:16.090] [mlr3] Finished benchmark
INFO  [11:57:16.115] [bbotk] Result of batch 5:
INFO  [11:57:16.117] [bbotk]  alpha classif.auc warnings errors runtime_learners
INFO  [11:57:16.117] [bbotk]    0.8   0.5231169        0      0            1.214
INFO  [11:57:16.117] [bbotk]                                 uhash
INFO  [11:57:16.117] [bbotk]  fdaa01bb-dd2b-4c41-918e-ba824e2afc96
INFO  [11:57:16.118] [bbotk] Evaluating 1 configuration(s)
INFO  [11:57:16.140] [mlr3] Running benchmark with 5 resampling iterations
INFO  [11:57:16.145] [mlr3] Applying learner 'classif.cv_glmnet' on task 'candi_gene' (iter 1/5)
INFO  [11:57:16.336] [mlr3] Applying learner 'classif.cv_glmnet' on task 'candi_gene' (iter 2/5)
INFO  [11:57:16.552] [mlr3] Applying learner 'classif.cv_glmnet' on task 'candi_gene' (iter 3/5)
INFO  [11:57:16.755] [mlr3] Applying learner 'classif.cv_glmnet' on task 'candi_gene' (iter 4/5)
INFO  [11:57:16.950] [mlr3] Applying learner 'classif.cv_glmnet' on task 'candi_gene' (iter 5/5)
INFO  [11:57:17.152] [mlr3] Finished benchmark
INFO  [11:57:17.176] [bbotk] Result of batch 6:
INFO  [11:57:17.178] [bbotk]  alpha classif.auc warnings errors runtime_learners
INFO  [11:57:17.178] [bbotk]    0.3   0.5290909        0      0            0.963
INFO  [11:57:17.178] [bbotk]                                 uhash
INFO  [11:57:17.178] [bbotk]  87ec7ab9-9c67-47d0-a3f8-cf9cd9295251
INFO  [11:57:17.179] [bbotk] Evaluating 1 configuration(s)
INFO  [11:57:17.202] [mlr3] Running benchmark with 5 resampling iterations
INFO  [11:57:17.206] [mlr3] Applying learner 'classif.cv_glmnet' on task 'candi_gene' (iter 1/5)
INFO  [11:57:17.387] [mlr3] Applying learner 'classif.cv_glmnet' on task 'candi_gene' (iter 2/5)
INFO  [11:57:17.600] [mlr3] Applying learner 'classif.cv_glmnet' on task 'candi_gene' (iter 3/5)
INFO  [11:57:17.795] [mlr3] Applying learner 'classif.cv_glmnet' on task 'candi_gene' (iter 4/5)
INFO  [11:57:17.982] [mlr3] Applying learner 'classif.cv_glmnet' on task 'candi_gene' (iter 5/5)
INFO  [11:57:18.179] [mlr3] Finished benchmark
INFO  [11:57:18.203] [bbotk] Result of batch 7:
INFO  [11:57:18.205] [bbotk]  alpha classif.auc warnings errors runtime_learners
INFO  [11:57:18.205] [bbotk]    0.4   0.6066061        0      0             0.93
INFO  [11:57:18.205] [bbotk]                                 uhash
INFO  [11:57:18.205] [bbotk]  50c859f2-5ee6-4742-9da3-566584986394
INFO  [11:57:18.207] [bbotk] Evaluating 1 configuration(s)
INFO  [11:57:18.229] [mlr3] Running benchmark with 5 resampling iterations
INFO  [11:57:18.234] [mlr3] Applying learner 'classif.cv_glmnet' on task 'candi_gene' (iter 1/5)
INFO  [11:57:18.414] [mlr3] Applying learner 'classif.cv_glmnet' on task 'candi_gene' (iter 2/5)
INFO  [11:57:18.627] [mlr3] Applying learner 'classif.cv_glmnet' on task 'candi_gene' (iter 3/5)
INFO  [11:57:18.825] [mlr3] Applying learner 'classif.cv_glmnet' on task 'candi_gene' (iter 4/5)
INFO  [11:57:19.014] [mlr3] Applying learner 'classif.cv_glmnet' on task 'candi_gene' (iter 5/5)
INFO  [11:57:19.211] [mlr3] Finished benchmark
INFO  [11:57:19.236] [bbotk] Result of batch 8:
INFO  [11:57:19.238] [bbotk]  alpha classif.auc warnings errors runtime_learners
INFO  [11:57:19.238] [bbotk]   0.35   0.5221818        0      0            0.936
INFO  [11:57:19.238] [bbotk]                                 uhash
INFO  [11:57:19.238] [bbotk]  5c68aebe-0e41-4b12-8420-e9fa07d0fdb2
INFO  [11:57:19.239] [bbotk] Evaluating 1 configuration(s)
INFO  [11:57:19.261] [mlr3] Running benchmark with 5 resampling iterations
INFO  [11:57:19.266] [mlr3] Applying learner 'classif.cv_glmnet' on task 'candi_gene' (iter 1/5)
INFO  [11:57:19.438] [mlr3] Applying learner 'classif.cv_glmnet' on task 'candi_gene' (iter 2/5)
INFO  [11:57:19.632] [mlr3] Applying learner 'classif.cv_glmnet' on task 'candi_gene' (iter 3/5)
INFO  [11:57:19.809] [mlr3] Applying learner 'classif.cv_glmnet' on task 'candi_gene' (iter 4/5)
INFO  [11:57:19.985] [mlr3] Applying learner 'classif.cv_glmnet' on task 'candi_gene' (iter 5/5)
INFO  [11:57:20.159] [mlr3] Finished benchmark
INFO  [11:57:20.183] [bbotk] Result of batch 9:
INFO  [11:57:20.185] [bbotk]  alpha classif.auc warnings errors runtime_learners
INFO  [11:57:20.185] [bbotk]   0.95   0.5353506        0      0            0.852
INFO  [11:57:20.185] [bbotk]                                 uhash
INFO  [11:57:20.185] [bbotk]  96680ea7-1a8f-486c-832c-4c72406399bb
INFO  [11:57:20.186] [bbotk] Evaluating 1 configuration(s)
INFO  [11:57:20.209] [mlr3] Running benchmark with 5 resampling iterations
INFO  [11:57:20.213] [mlr3] Applying learner 'classif.cv_glmnet' on task 'candi_gene' (iter 1/5)
INFO  [11:57:20.471] [mlr3] Applying learner 'classif.cv_glmnet' on task 'candi_gene' (iter 2/5)
INFO  [11:57:20.756] [mlr3] Applying learner 'classif.cv_glmnet' on task 'candi_gene' (iter 3/5)
INFO  [11:57:21.021] [mlr3] Applying learner 'classif.cv_glmnet' on task 'candi_gene' (iter 4/5)
INFO  [11:57:21.285] [mlr3] Applying learner 'classif.cv_glmnet' on task 'candi_gene' (iter 5/5)
INFO  [11:57:21.546] [mlr3] Finished benchmark
INFO  [11:57:21.571] [bbotk] Result of batch 10:
INFO  [11:57:21.573] [bbotk]  alpha classif.auc warnings errors runtime_learners
INFO  [11:57:21.573] [bbotk]   0.05   0.6021082        0      0            1.291
INFO  [11:57:21.573] [bbotk]                                 uhash
INFO  [11:57:21.573] [bbotk]  0c389371-08ac-404b-be97-38878ef5091b
INFO  [11:57:21.574] [bbotk] Evaluating 1 configuration(s)
INFO  [11:57:21.596] [mlr3] Running benchmark with 5 resampling iterations
INFO  [11:57:21.601] [mlr3] Applying learner 'classif.cv_glmnet' on task 'candi_gene' (iter 1/5)
INFO  [11:57:21.783] [mlr3] Applying learner 'classif.cv_glmnet' on task 'candi_gene' (iter 2/5)
INFO  [11:57:21.985] [mlr3] Applying learner 'classif.cv_glmnet' on task 'candi_gene' (iter 3/5)
INFO  [11:57:22.166] [mlr3] Applying learner 'classif.cv_glmnet' on task 'candi_gene' (iter 4/5)
INFO  [11:57:22.344] [mlr3] Applying learner 'classif.cv_glmnet' on task 'candi_gene' (iter 5/5)
INFO  [11:57:22.534] [mlr3] Finished benchmark
INFO  [11:57:22.559] [bbotk] Result of batch 11:
INFO  [11:57:22.561] [bbotk]  alpha classif.auc warnings errors runtime_learners
INFO  [11:57:22.561] [bbotk]    0.6   0.5089524        0      0            0.892
INFO  [11:57:22.561] [bbotk]                                 uhash
INFO  [11:57:22.561] [bbotk]  1b4029e4-4d9e-4b44-9eca-69585bb00c8b
INFO  [11:57:22.562] [bbotk] Evaluating 1 configuration(s)
INFO  [11:57:22.585] [mlr3] Running benchmark with 5 resampling iterations
INFO  [11:57:22.589] [mlr3] Applying learner 'classif.cv_glmnet' on task 'candi_gene' (iter 1/5)
INFO  [11:57:22.786] [mlr3] Applying learner 'classif.cv_glmnet' on task 'candi_gene' (iter 2/5)
INFO  [11:57:23.010] [mlr3] Applying learner 'classif.cv_glmnet' on task 'candi_gene' (iter 3/5)
INFO  [11:57:23.221] [mlr3] Applying learner 'classif.cv_glmnet' on task 'candi_gene' (iter 4/5)
INFO  [11:57:23.421] [mlr3] Applying learner 'classif.cv_glmnet' on task 'candi_gene' (iter 5/5)
INFO  [11:57:23.628] [mlr3] Finished benchmark
INFO  [11:57:23.653] [bbotk] Result of batch 12:
INFO  [11:57:23.655] [bbotk]  alpha classif.auc warnings errors runtime_learners
INFO  [11:57:23.655] [bbotk]   0.25   0.5287965        0      0            0.988
INFO  [11:57:23.655] [bbotk]                                 uhash
INFO  [11:57:23.655] [bbotk]  69fdf99d-1b8b-433f-8198-e753a5dcb982
INFO  [11:57:23.656] [bbotk] Evaluating 1 configuration(s)
INFO  [11:57:23.679] [mlr3] Running benchmark with 5 resampling iterations
INFO  [11:57:23.684] [mlr3] Applying learner 'classif.cv_glmnet' on task 'candi_gene' (iter 1/5)
INFO  [11:57:23.889] [mlr3] Applying learner 'classif.cv_glmnet' on task 'candi_gene' (iter 2/5)
INFO  [11:57:24.128] [mlr3] Applying learner 'classif.cv_glmnet' on task 'candi_gene' (iter 3/5)
INFO  [11:57:24.338] [mlr3] Applying learner 'classif.cv_glmnet' on task 'candi_gene' (iter 4/5)
INFO  [11:57:24.548] [mlr3] Applying learner 'classif.cv_glmnet' on task 'candi_gene' (iter 5/5)
INFO  [11:57:24.769] [mlr3] Finished benchmark
INFO  [11:57:24.793] [bbotk] Result of batch 13:
INFO  [11:57:24.795] [bbotk]  alpha classif.auc warnings errors runtime_learners
INFO  [11:57:24.795] [bbotk]    0.2   0.5836234        0      0            1.043
INFO  [11:57:24.795] [bbotk]                                 uhash
INFO  [11:57:24.795] [bbotk]  a38d6955-b610-4cde-bf3d-c031e7d4a82d
INFO  [11:57:24.796] [bbotk] Evaluating 1 configuration(s)
INFO  [11:57:24.819] [mlr3] Running benchmark with 5 resampling iterations
INFO  [11:57:24.824] [mlr3] Applying learner 'classif.cv_glmnet' on task 'candi_gene' (iter 1/5)
INFO  [11:57:25.061] [mlr3] Applying learner 'classif.cv_glmnet' on task 'candi_gene' (iter 2/5)
INFO  [11:57:25.324] [mlr3] Applying learner 'classif.cv_glmnet' on task 'candi_gene' (iter 3/5)
INFO  [11:57:25.567] [mlr3] Applying learner 'classif.cv_glmnet' on task 'candi_gene' (iter 4/5)
INFO  [11:57:25.811] [mlr3] Applying learner 'classif.cv_glmnet' on task 'candi_gene' (iter 5/5)
INFO  [11:57:26.050] [mlr3] Finished benchmark
INFO  [11:57:26.074] [bbotk] Result of batch 14:
INFO  [11:57:26.076] [bbotk]  alpha classif.auc warnings errors runtime_learners
INFO  [11:57:26.076] [bbotk]    0.1     0.61971        0      0            1.182
INFO  [11:57:26.076] [bbotk]                                 uhash
INFO  [11:57:26.076] [bbotk]  9b798018-a403-49d8-a870-d03c59220e8f
INFO  [11:57:26.077] [bbotk] Evaluating 1 configuration(s)
INFO  [11:57:26.100] [mlr3] Running benchmark with 5 resampling iterations
INFO  [11:57:26.105] [mlr3] Applying learner 'classif.cv_glmnet' on task 'candi_gene' (iter 1/5)
INFO  [11:57:26.290] [mlr3] Applying learner 'classif.cv_glmnet' on task 'candi_gene' (iter 2/5)
INFO  [11:57:26.481] [mlr3] Applying learner 'classif.cv_glmnet' on task 'candi_gene' (iter 3/5)
INFO  [11:57:26.665] [mlr3] Applying learner 'classif.cv_glmnet' on task 'candi_gene' (iter 4/5)
INFO  [11:57:26.833] [mlr3] Applying learner 'classif.cv_glmnet' on task 'candi_gene' (iter 5/5)
INFO  [11:57:27.019] [mlr3] Finished benchmark
INFO  [11:57:27.044] [bbotk] Result of batch 15:
INFO  [11:57:27.046] [bbotk]  alpha classif.auc warnings errors runtime_learners
INFO  [11:57:27.046] [bbotk]    0.9   0.5051429        0      0            0.874
INFO  [11:57:27.046] [bbotk]                                 uhash
INFO  [11:57:27.046] [bbotk]  98f10b92-d957-464e-b004-0589442f0641
INFO  [11:57:27.047] [bbotk] Evaluating 1 configuration(s)
INFO  [11:57:27.070] [mlr3] Running benchmark with 5 resampling iterations
INFO  [11:57:27.075] [mlr3] Applying learner 'classif.cv_glmnet' on task 'candi_gene' (iter 1/5)
INFO  [11:57:27.249] [mlr3] Applying learner 'classif.cv_glmnet' on task 'candi_gene' (iter 2/5)
INFO  [11:57:27.441] [mlr3] Applying learner 'classif.cv_glmnet' on task 'candi_gene' (iter 3/5)
INFO  [11:57:27.627] [mlr3] Applying learner 'classif.cv_glmnet' on task 'candi_gene' (iter 4/5)
INFO  [11:57:28.166] [mlr3] Applying learner 'classif.cv_glmnet' on task 'candi_gene' (iter 5/5)
INFO  [11:57:28.342] [mlr3] Finished benchmark
INFO  [11:57:28.366] [bbotk] Result of batch 16:
INFO  [11:57:28.368] [bbotk]  alpha classif.auc warnings errors runtime_learners
INFO  [11:57:28.368] [bbotk]    0.7   0.5942597        0      0            1.225
INFO  [11:57:28.368] [bbotk]                                 uhash
INFO  [11:57:28.368] [bbotk]  9765e883-fef1-4d49-8532-a2420afb1f3e
INFO  [11:57:28.369] [bbotk] Evaluating 1 configuration(s)
INFO  [11:57:28.392] [mlr3] Running benchmark with 5 resampling iterations
INFO  [11:57:28.397] [mlr3] Applying learner 'classif.cv_glmnet' on task 'candi_gene' (iter 1/5)
INFO  [11:57:28.565] [mlr3] Applying learner 'classif.cv_glmnet' on task 'candi_gene' (iter 2/5)
INFO  [11:57:28.759] [mlr3] Applying learner 'classif.cv_glmnet' on task 'candi_gene' (iter 3/5)
INFO  [11:57:28.933] [mlr3] Applying learner 'classif.cv_glmnet' on task 'candi_gene' (iter 4/5)
INFO  [11:57:29.102] [mlr3] Applying learner 'classif.cv_glmnet' on task 'candi_gene' (iter 5/5)
INFO  [11:57:29.283] [mlr3] Finished benchmark
INFO  [11:57:29.307] [bbotk] Result of batch 17:
INFO  [11:57:29.309] [bbotk]  alpha classif.auc warnings errors runtime_learners
INFO  [11:57:29.309] [bbotk]   0.75    0.590026        0      0            0.845
INFO  [11:57:29.309] [bbotk]                                 uhash
INFO  [11:57:29.309] [bbotk]  5f49c0ab-4404-4c8b-b530-2600e2677aed
INFO  [11:57:29.310] [bbotk] Evaluating 1 configuration(s)
INFO  [11:57:29.333] [mlr3] Running benchmark with 5 resampling iterations
INFO  [11:57:29.337] [mlr3] Applying learner 'classif.cv_glmnet' on task 'candi_gene' (iter 1/5)
INFO  [11:57:29.509] [mlr3] Applying learner 'classif.cv_glmnet' on task 'candi_gene' (iter 2/5)
INFO  [11:57:29.696] [mlr3] Applying learner 'classif.cv_glmnet' on task 'candi_gene' (iter 3/5)
INFO  [11:57:29.877] [mlr3] Applying learner 'classif.cv_glmnet' on task 'candi_gene' (iter 4/5)
INFO  [11:57:30.050] [mlr3] Applying learner 'classif.cv_glmnet' on task 'candi_gene' (iter 5/5)
INFO  [11:57:30.231] [mlr3] Finished benchmark
INFO  [11:57:30.255] [bbotk] Result of batch 18:
INFO  [11:57:30.257] [bbotk]  alpha classif.auc warnings errors runtime_learners
INFO  [11:57:30.257] [bbotk]   0.65   0.5627879        0      0            0.852
INFO  [11:57:30.257] [bbotk]                                 uhash
INFO  [11:57:30.257] [bbotk]  f0db753e-20eb-4244-81e8-96c89d8288e2
INFO  [11:57:30.258] [bbotk] Evaluating 1 configuration(s)
INFO  [11:57:30.281] [mlr3] Running benchmark with 5 resampling iterations
INFO  [11:57:30.286] [mlr3] Applying learner 'classif.cv_glmnet' on task 'candi_gene' (iter 1/5)
INFO  [11:57:30.460] [mlr3] Applying learner 'classif.cv_glmnet' on task 'candi_gene' (iter 2/5)
INFO  [11:57:30.661] [mlr3] Applying learner 'classif.cv_glmnet' on task 'candi_gene' (iter 3/5)
INFO  [11:57:30.840] [mlr3] Applying learner 'classif.cv_glmnet' on task 'candi_gene' (iter 4/5)
INFO  [11:57:31.017] [mlr3] Applying learner 'classif.cv_glmnet' on task 'candi_gene' (iter 5/5)
INFO  [11:57:31.203] [mlr3] Finished benchmark
INFO  [11:57:31.227] [bbotk] Result of batch 19:
INFO  [11:57:31.229] [bbotk]  alpha classif.auc warnings errors runtime_learners
INFO  [11:57:31.229] [bbotk]   0.55    0.576961        0      0            0.875
INFO  [11:57:31.229] [bbotk]                                 uhash
INFO  [11:57:31.229] [bbotk]  8480fd60-3847-4e04-a687-802ce785b5ab
INFO  [11:57:31.230] [bbotk] Evaluating 1 configuration(s)
INFO  [11:57:31.253] [mlr3] Running benchmark with 5 resampling iterations
INFO  [11:57:31.257] [mlr3] Applying learner 'classif.cv_glmnet' on task 'candi_gene' (iter 1/5)
INFO  [11:57:31.660] [mlr3] Applying learner 'classif.cv_glmnet' on task 'candi_gene' (iter 2/5)
INFO  [11:57:32.052] [mlr3] Applying learner 'classif.cv_glmnet' on task 'candi_gene' (iter 3/5)
INFO  [11:57:32.475] [mlr3] Applying learner 'classif.cv_glmnet' on task 'candi_gene' (iter 4/5)
INFO  [11:57:32.893] [mlr3] Applying learner 'classif.cv_glmnet' on task 'candi_gene' (iter 5/5)
INFO  [11:57:33.330] [mlr3] Finished benchmark
INFO  [11:57:33.355] [bbotk] Result of batch 20:
INFO  [11:57:33.357] [bbotk]  alpha classif.auc warnings errors runtime_learners
INFO  [11:57:33.357] [bbotk]      0   0.5734286        0      0            2.029
INFO  [11:57:33.357] [bbotk]                                 uhash
INFO  [11:57:33.357] [bbotk]  c53930ae-47ca-427a-8c81-692c75481abb
INFO  [11:57:33.358] [bbotk] Evaluating 1 configuration(s)
INFO  [11:57:33.381] [mlr3] Running benchmark with 5 resampling iterations
INFO  [11:57:33.385] [mlr3] Applying learner 'classif.cv_glmnet' on task 'candi_gene' (iter 1/5)
INFO  [11:57:33.568] [mlr3] Applying learner 'classif.cv_glmnet' on task 'candi_gene' (iter 2/5)
INFO  [11:57:33.775] [mlr3] Applying learner 'classif.cv_glmnet' on task 'candi_gene' (iter 3/5)
INFO  [11:57:33.970] [mlr3] Applying learner 'classif.cv_glmnet' on task 'candi_gene' (iter 4/5)
INFO  [11:57:34.163] [mlr3] Applying learner 'classif.cv_glmnet' on task 'candi_gene' (iter 5/5)
INFO  [11:57:34.354] [mlr3] Finished benchmark
INFO  [11:57:34.378] [bbotk] Result of batch 21:
INFO  [11:57:34.380] [bbotk]  alpha classif.auc warnings errors runtime_learners
INFO  [11:57:34.380] [bbotk]   0.45   0.5335628        0      0            0.926
INFO  [11:57:34.380] [bbotk]                                 uhash
INFO  [11:57:34.380] [bbotk]  e859f887-7eac-4645-92bc-6d7e2016581d
INFO  [11:57:34.385] [bbotk] Finished optimizing after 21 evaluation(s)
INFO  [11:57:34.386] [bbotk] Result:
INFO  [11:57:34.388] [bbotk]   alpha learner_param_vals x_domain classif.auc
INFO  [11:57:34.388] [bbotk]  <char>             <list>   <list>       <num>
INFO  [11:57:34.388] [bbotk]     0.1       c(7.8947....      0.1     0.61971
