Conda environment: *
R version 4.3.1 (2023-06-16)
Platform: x86_64-conda-linux-gnu (64-bit)
Running under: Red Hat Enterprise Linux 8.3 (Ootpa)

Matrix products: default
BLAS/LAPACK: /ess/home/home1/beiw/miniconda3/envs/5hmc_os_env/lib/libopenblasp-r0.3.27.so;  LAPACK version 3.12.0

locale:
[1] C

time zone: America/Chicago
tzcode source: system (glibc)

attached base packages:
[1] stats4    stats     graphics  grDevices utils     datasets  methods  
[8] base     

other attached packages:
 [1] conflicted_1.2.0            DESeq2_1.40.2              
 [3] SummarizedExperiment_1.30.2 Biobase_2.60.0             
 [5] MatrixGenerics_1.12.2       matrixStats_1.2.0          
 [7] GenomicRanges_1.52.0        GenomeInfoDb_1.36.1        
 [9] IRanges_2.34.1              S4Vectors_0.38.1           
[11] BiocGenerics_0.46.0         glmnet_4.1-8               
[13] Matrix_1.6-5                mlr3learners_0.5.8         
[15] mlr3tuning_0.19.0           paradox_0.11.1             
[17] mlr3_0.19.0                 lubridate_1.9.3            
[19] forcats_1.0.0               stringr_1.5.1              
[21] purrr_1.0.2                 readr_2.1.5                
[23] tidyr_1.3.1                 tibble_3.2.1               
[25] ggplot2_3.4.4               tidyverse_2.0.0            
[27] dplyr_1.1.4                

loaded via a namespace (and not attached):
 [1] gtable_0.3.4            shape_1.4.6             lattice_0.21-9         
 [4] tzdb_0.4.0              bitops_1.0-7            vctrs_0.6.4            
 [7] tools_4.3.1             generics_0.1.3          parallel_4.3.1         
[10] fansi_1.0.5             pkgconfig_2.0.3         data.table_1.15.2      
[13] checkmate_2.3.1         uuid_1.1-1              GenomeInfoDbData_1.2.11
[16] lifecycle_1.0.3         compiler_4.3.1          munsell_0.5.0          
[19] RhpcBLASctl_0.23-42     codetools_0.2-20        bbotk_0.7.2            
[22] RCurl_1.98-1.12         pillar_1.9.0            crayon_1.5.2           
[25] BiocParallel_1.34.2     cachem_1.0.8            DelayedArray_0.26.6    
[28] iterators_1.0.14        foreach_1.5.2           parallelly_1.37.1      
[31] locfit_1.5-9.8          tidyselect_1.2.0        digest_0.6.35          
[34] stringi_1.7.12          future_1.33.2           listenv_0.9.1          
[37] splines_4.3.1           fastmap_1.1.1           grid_4.3.1             
[40] colorspace_2.1-0        cli_3.6.1               magrittr_2.0.3         
[43] S4Arrays_1.0.4          survival_3.5-7          utf8_1.2.4             
[46] withr_2.5.1             scales_1.2.1            backports_1.4.1        
[49] timechange_0.2.0        XVector_0.40.0          globals_0.16.3         
[52] hms_1.1.3               memoise_2.0.1           mlr3misc_0.15.0        
[55] rlang_1.1.1             Rcpp_1.0.11             glue_1.6.2             
[58] palmerpenguins_0.1.1    lgr_0.4.4               R6_2.5.1               
[61] zlibbioc_1.46.0        
INFO  [11:54:48.256] [bbotk] Starting to optimize 1 parameter(s) with '<TunerGridSearch>' and '<TerminatorNone>'
INFO  [11:54:48.281] [bbotk] Evaluating 1 configuration(s)
INFO  [11:54:48.313] [mlr3] Running benchmark with 5 resampling iterations
INFO  [11:54:48.347] [mlr3] Applying learner 'classif.cv_glmnet' on task 'candi_gene' (iter 1/5)
INFO  [11:54:49.004] [mlr3] Applying learner 'classif.cv_glmnet' on task 'candi_gene' (iter 2/5)
INFO  [11:54:49.204] [mlr3] Applying learner 'classif.cv_glmnet' on task 'candi_gene' (iter 3/5)
INFO  [11:54:49.400] [mlr3] Applying learner 'classif.cv_glmnet' on task 'candi_gene' (iter 4/5)
INFO  [11:54:49.610] [mlr3] Applying learner 'classif.cv_glmnet' on task 'candi_gene' (iter 5/5)
INFO  [11:54:49.812] [mlr3] Finished benchmark
INFO  [11:54:49.845] [bbotk] Result of batch 1:
INFO  [11:54:49.849] [bbotk]  alpha classif.auc warnings errors runtime_learners
INFO  [11:54:49.849] [bbotk]   0.35   0.4702724        0      0             1.42
INFO  [11:54:49.849] [bbotk]                                 uhash
INFO  [11:54:49.849] [bbotk]  c83443d0-e599-46f9-99cf-06d5471b6e02
INFO  [11:54:49.851] [bbotk] Evaluating 1 configuration(s)
INFO  [11:54:49.883] [mlr3] Running benchmark with 5 resampling iterations
INFO  [11:54:49.888] [mlr3] Applying learner 'classif.cv_glmnet' on task 'candi_gene' (iter 1/5)
INFO  [11:54:50.314] [mlr3] Applying learner 'classif.cv_glmnet' on task 'candi_gene' (iter 2/5)
INFO  [11:54:50.746] [mlr3] Applying learner 'classif.cv_glmnet' on task 'candi_gene' (iter 3/5)
INFO  [11:54:51.520] [mlr3] Applying learner 'classif.cv_glmnet' on task 'candi_gene' (iter 4/5)
INFO  [11:54:51.918] [mlr3] Applying learner 'classif.cv_glmnet' on task 'candi_gene' (iter 5/5)
INFO  [11:54:52.332] [mlr3] Finished benchmark
INFO  [11:54:52.358] [bbotk] Result of batch 2:
INFO  [11:54:52.361] [bbotk]  alpha classif.auc warnings errors runtime_learners
INFO  [11:54:52.361] [bbotk]      0   0.6229199        0      0              2.4
INFO  [11:54:52.361] [bbotk]                                 uhash
INFO  [11:54:52.361] [bbotk]  ffde98d5-115e-4295-9762-3b585b21379c
INFO  [11:54:52.362] [bbotk] Evaluating 1 configuration(s)
INFO  [11:54:52.385] [mlr3] Running benchmark with 5 resampling iterations
INFO  [11:54:52.389] [mlr3] Applying learner 'classif.cv_glmnet' on task 'candi_gene' (iter 1/5)
INFO  [11:54:52.571] [mlr3] Applying learner 'classif.cv_glmnet' on task 'candi_gene' (iter 2/5)
INFO  [11:54:52.755] [mlr3] Applying learner 'classif.cv_glmnet' on task 'candi_gene' (iter 3/5)
INFO  [11:54:53.320] [mlr3] Applying learner 'classif.cv_glmnet' on task 'candi_gene' (iter 4/5)
INFO  [11:54:53.515] [mlr3] Applying learner 'classif.cv_glmnet' on task 'candi_gene' (iter 5/5)
INFO  [11:54:53.696] [mlr3] Finished benchmark
INFO  [11:54:53.721] [bbotk] Result of batch 3:
INFO  [11:54:53.723] [bbotk]  alpha classif.auc warnings errors runtime_learners
INFO  [11:54:53.723] [bbotk]    0.9   0.4891025        0      0            1.264
INFO  [11:54:53.723] [bbotk]                                 uhash
INFO  [11:54:53.723] [bbotk]  9e7a97f5-b2ff-4fa6-a1f5-cae622e16333
INFO  [11:54:53.724] [bbotk] Evaluating 1 configuration(s)
INFO  [11:54:53.747] [mlr3] Running benchmark with 5 resampling iterations
INFO  [11:54:53.752] [mlr3] Applying learner 'classif.cv_glmnet' on task 'candi_gene' (iter 1/5)
INFO  [11:54:53.928] [mlr3] Applying learner 'classif.cv_glmnet' on task 'candi_gene' (iter 2/5)
INFO  [11:54:54.107] [mlr3] Applying learner 'classif.cv_glmnet' on task 'candi_gene' (iter 3/5)
INFO  [11:54:54.285] [mlr3] Applying learner 'classif.cv_glmnet' on task 'candi_gene' (iter 4/5)
INFO  [11:54:54.475] [mlr3] Applying learner 'classif.cv_glmnet' on task 'candi_gene' (iter 5/5)
INFO  [11:54:54.655] [mlr3] Finished benchmark
INFO  [11:54:54.680] [bbotk] Result of batch 4:
INFO  [11:54:54.682] [bbotk]  alpha classif.auc warnings errors runtime_learners
INFO  [11:54:54.682] [bbotk]   0.75   0.4835351        0      0            0.859
INFO  [11:54:54.682] [bbotk]                                 uhash
INFO  [11:54:54.682] [bbotk]  96bac5cb-1d6b-41dc-830d-bd9630353470
INFO  [11:54:54.683] [bbotk] Evaluating 1 configuration(s)
INFO  [11:54:54.706] [mlr3] Running benchmark with 5 resampling iterations
INFO  [11:54:54.711] [mlr3] Applying learner 'classif.cv_glmnet' on task 'candi_gene' (iter 1/5)
INFO  [11:54:54.886] [mlr3] Applying learner 'classif.cv_glmnet' on task 'candi_gene' (iter 2/5)
INFO  [11:54:55.066] [mlr3] Applying learner 'classif.cv_glmnet' on task 'candi_gene' (iter 3/5)
INFO  [11:54:55.242] [mlr3] Applying learner 'classif.cv_glmnet' on task 'candi_gene' (iter 4/5)
INFO  [11:54:55.435] [mlr3] Applying learner 'classif.cv_glmnet' on task 'candi_gene' (iter 5/5)
INFO  [11:54:55.621] [mlr3] Finished benchmark
INFO  [11:54:55.645] [bbotk] Result of batch 5:
INFO  [11:54:55.647] [bbotk]  alpha classif.auc warnings errors runtime_learners
INFO  [11:54:55.647] [bbotk]   0.95   0.5431277        0      0            0.868
INFO  [11:54:55.647] [bbotk]                                 uhash
INFO  [11:54:55.647] [bbotk]  227335bf-9bf2-4470-9884-af0869afc612
INFO  [11:54:55.649] [bbotk] Evaluating 1 configuration(s)
INFO  [11:54:55.672] [mlr3] Running benchmark with 5 resampling iterations
INFO  [11:54:55.676] [mlr3] Applying learner 'classif.cv_glmnet' on task 'candi_gene' (iter 1/5)
INFO  [11:54:55.888] [mlr3] Applying learner 'classif.cv_glmnet' on task 'candi_gene' (iter 2/5)
INFO  [11:54:56.086] [mlr3] Applying learner 'classif.cv_glmnet' on task 'candi_gene' (iter 3/5)
INFO  [11:54:56.290] [mlr3] Applying learner 'classif.cv_glmnet' on task 'candi_gene' (iter 4/5)
INFO  [11:54:56.508] [mlr3] Applying learner 'classif.cv_glmnet' on task 'candi_gene' (iter 5/5)
INFO  [11:54:56.719] [mlr3] Finished benchmark
INFO  [11:54:56.743] [bbotk] Result of batch 6:
INFO  [11:54:56.745] [bbotk]  alpha classif.auc warnings errors runtime_learners
INFO  [11:54:56.745] [bbotk]   0.25   0.5777792        0      0            0.999
INFO  [11:54:56.745] [bbotk]                                 uhash
INFO  [11:54:56.745] [bbotk]  f9116961-7c65-4c62-9965-e1b13dfa6c7c
INFO  [11:54:56.747] [bbotk] Evaluating 1 configuration(s)
INFO  [11:54:56.770] [mlr3] Running benchmark with 5 resampling iterations
INFO  [11:54:56.775] [mlr3] Applying learner 'classif.cv_glmnet' on task 'candi_gene' (iter 1/5)
INFO  [11:54:56.944] [mlr3] Applying learner 'classif.cv_glmnet' on task 'candi_gene' (iter 2/5)
INFO  [11:54:57.130] [mlr3] Applying learner 'classif.cv_glmnet' on task 'candi_gene' (iter 3/5)
INFO  [11:54:57.309] [mlr3] Applying learner 'classif.cv_glmnet' on task 'candi_gene' (iter 4/5)
INFO  [11:54:57.502] [mlr3] Applying learner 'classif.cv_glmnet' on task 'candi_gene' (iter 5/5)
INFO  [11:54:57.686] [mlr3] Finished benchmark
INFO  [11:54:57.711] [bbotk] Result of batch 7:
INFO  [11:54:57.713] [bbotk]  alpha classif.auc warnings errors runtime_learners
INFO  [11:54:57.713] [bbotk]    0.7   0.5249188        0      0             0.87
INFO  [11:54:57.713] [bbotk]                                 uhash
INFO  [11:54:57.713] [bbotk]  0f854d3d-2c62-40c2-bb7d-f43e3fc8dbea
INFO  [11:54:57.714] [bbotk] Evaluating 1 configuration(s)
INFO  [11:54:57.737] [mlr3] Running benchmark with 5 resampling iterations
INFO  [11:54:57.742] [mlr3] Applying learner 'classif.cv_glmnet' on task 'candi_gene' (iter 1/5)
INFO  [11:54:57.916] [mlr3] Applying learner 'classif.cv_glmnet' on task 'candi_gene' (iter 2/5)
INFO  [11:54:58.101] [mlr3] Applying learner 'classif.cv_glmnet' on task 'candi_gene' (iter 3/5)
INFO  [11:54:58.280] [mlr3] Applying learner 'classif.cv_glmnet' on task 'candi_gene' (iter 4/5)
INFO  [11:54:58.464] [mlr3] Applying learner 'classif.cv_glmnet' on task 'candi_gene' (iter 5/5)
INFO  [11:54:58.646] [mlr3] Finished benchmark
INFO  [11:54:58.672] [bbotk] Result of batch 8:
INFO  [11:54:58.674] [bbotk]  alpha classif.auc warnings errors runtime_learners
INFO  [11:54:58.674] [bbotk]   0.85   0.4502415        0      0            0.864
INFO  [11:54:58.674] [bbotk]                                 uhash
INFO  [11:54:58.674] [bbotk]  f37b5fa4-c88c-41d5-b63f-b2146f724cd0
INFO  [11:54:58.675] [bbotk] Evaluating 1 configuration(s)
INFO  [11:54:58.699] [mlr3] Running benchmark with 5 resampling iterations
INFO  [11:54:58.703] [mlr3] Applying learner 'classif.cv_glmnet' on task 'candi_gene' (iter 1/5)
INFO  [11:54:58.919] [mlr3] Applying learner 'classif.cv_glmnet' on task 'candi_gene' (iter 2/5)
INFO  [11:54:59.136] [mlr3] Applying learner 'classif.cv_glmnet' on task 'candi_gene' (iter 3/5)
INFO  [11:54:59.346] [mlr3] Applying learner 'classif.cv_glmnet' on task 'candi_gene' (iter 4/5)
INFO  [11:54:59.574] [mlr3] Applying learner 'classif.cv_glmnet' on task 'candi_gene' (iter 5/5)
INFO  [11:54:59.792] [mlr3] Finished benchmark
INFO  [11:54:59.823] [bbotk] Result of batch 9:
INFO  [11:54:59.825] [bbotk]  alpha classif.auc warnings errors runtime_learners
INFO  [11:54:59.825] [bbotk]    0.2   0.6110072        0      0            1.044
INFO  [11:54:59.825] [bbotk]                                 uhash
INFO  [11:54:59.825] [bbotk]  7a7b407e-8b72-42aa-ae69-deab865e9dfe
INFO  [11:54:59.826] [bbotk] Evaluating 1 configuration(s)
INFO  [11:54:59.849] [mlr3] Running benchmark with 5 resampling iterations
INFO  [11:54:59.854] [mlr3] Applying learner 'classif.cv_glmnet' on task 'candi_gene' (iter 1/5)
INFO  [11:55:00.039] [mlr3] Applying learner 'classif.cv_glmnet' on task 'candi_gene' (iter 2/5)
INFO  [11:55:00.237] [mlr3] Applying learner 'classif.cv_glmnet' on task 'candi_gene' (iter 3/5)
INFO  [11:55:00.418] [mlr3] Applying learner 'classif.cv_glmnet' on task 'candi_gene' (iter 4/5)
INFO  [11:55:00.618] [mlr3] Applying learner 'classif.cv_glmnet' on task 'candi_gene' (iter 5/5)
INFO  [11:55:00.814] [mlr3] Finished benchmark
INFO  [11:55:00.839] [bbotk] Result of batch 10:
INFO  [11:55:00.841] [bbotk]  alpha classif.auc warnings errors runtime_learners
INFO  [11:55:00.841] [bbotk]    0.5   0.5322917        0      0            0.918
INFO  [11:55:00.841] [bbotk]                                 uhash
INFO  [11:55:00.841] [bbotk]  370e9d57-20ab-4112-80d0-fc29a2666e1a
INFO  [11:55:00.842] [bbotk] Evaluating 1 configuration(s)
INFO  [11:55:00.865] [mlr3] Running benchmark with 5 resampling iterations
INFO  [11:55:00.870] [mlr3] Applying learner 'classif.cv_glmnet' on task 'candi_gene' (iter 1/5)
INFO  [11:55:01.101] [mlr3] Applying learner 'classif.cv_glmnet' on task 'candi_gene' (iter 2/5)
INFO  [11:55:01.329] [mlr3] Applying learner 'classif.cv_glmnet' on task 'candi_gene' (iter 3/5)
INFO  [11:55:01.543] [mlr3] Applying learner 'classif.cv_glmnet' on task 'candi_gene' (iter 4/5)
INFO  [11:55:01.783] [mlr3] Applying learner 'classif.cv_glmnet' on task 'candi_gene' (iter 5/5)
INFO  [11:55:02.010] [mlr3] Finished benchmark
INFO  [11:55:02.035] [bbotk] Result of batch 11:
INFO  [11:55:02.037] [bbotk]  alpha classif.auc warnings errors runtime_learners
INFO  [11:55:02.037] [bbotk]   0.15   0.6176411        0      0            1.095
INFO  [11:55:02.037] [bbotk]                                 uhash
INFO  [11:55:02.037] [bbotk]  dce0f640-bc0f-4c3c-9016-6ee0c627b32c
INFO  [11:55:02.039] [bbotk] Evaluating 1 configuration(s)
INFO  [11:55:02.062] [mlr3] Running benchmark with 5 resampling iterations
INFO  [11:55:02.066] [mlr3] Applying learner 'classif.cv_glmnet' on task 'candi_gene' (iter 1/5)
INFO  [11:55:02.250] [mlr3] Applying learner 'classif.cv_glmnet' on task 'candi_gene' (iter 2/5)
INFO  [11:55:02.441] [mlr3] Applying learner 'classif.cv_glmnet' on task 'candi_gene' (iter 3/5)
INFO  [11:55:02.628] [mlr3] Applying learner 'classif.cv_glmnet' on task 'candi_gene' (iter 4/5)
INFO  [11:55:02.816] [mlr3] Applying learner 'classif.cv_glmnet' on task 'candi_gene' (iter 5/5)
INFO  [11:55:03.012] [mlr3] Finished benchmark
INFO  [11:55:03.037] [bbotk] Result of batch 12:
INFO  [11:55:03.039] [bbotk]  alpha classif.auc warnings errors runtime_learners
INFO  [11:55:03.039] [bbotk]   0.55   0.5131429        0      0            0.903
INFO  [11:55:03.039] [bbotk]                                 uhash
INFO  [11:55:03.039] [bbotk]  a57c858a-3d1f-4107-aa58-4ef834a94373
INFO  [11:55:03.040] [bbotk] Evaluating 1 configuration(s)
INFO  [11:55:03.063] [mlr3] Running benchmark with 5 resampling iterations
INFO  [11:55:03.068] [mlr3] Applying learner 'classif.cv_glmnet' on task 'candi_gene' (iter 1/5)
INFO  [11:55:03.345] [mlr3] Applying learner 'classif.cv_glmnet' on task 'candi_gene' (iter 2/5)
INFO  [11:55:03.607] [mlr3] Applying learner 'classif.cv_glmnet' on task 'candi_gene' (iter 3/5)
INFO  [11:55:03.857] [mlr3] Applying learner 'classif.cv_glmnet' on task 'candi_gene' (iter 4/5)
INFO  [11:55:04.143] [mlr3] Applying learner 'classif.cv_glmnet' on task 'candi_gene' (iter 5/5)
INFO  [11:55:04.417] [mlr3] Finished benchmark
INFO  [11:55:04.443] [bbotk] Result of batch 13:
INFO  [11:55:04.445] [bbotk]  alpha classif.auc warnings errors runtime_learners
INFO  [11:55:04.445] [bbotk]   0.05   0.6301881        0      0            1.303
INFO  [11:55:04.445] [bbotk]                                 uhash
INFO  [11:55:04.445] [bbotk]  3dea552c-de10-4729-9f19-aeb7e6d69985
INFO  [11:55:04.446] [bbotk] Evaluating 1 configuration(s)
INFO  [11:55:04.469] [mlr3] Running benchmark with 5 resampling iterations
INFO  [11:55:04.474] [mlr3] Applying learner 'classif.cv_glmnet' on task 'candi_gene' (iter 1/5)
INFO  [11:55:04.659] [mlr3] Applying learner 'classif.cv_glmnet' on task 'candi_gene' (iter 2/5)
INFO  [11:55:05.232] [mlr3] Applying learner 'classif.cv_glmnet' on task 'candi_gene' (iter 3/5)
INFO  [11:55:05.411] [mlr3] Applying learner 'classif.cv_glmnet' on task 'candi_gene' (iter 4/5)
INFO  [11:55:05.596] [mlr3] Applying learner 'classif.cv_glmnet' on task 'candi_gene' (iter 5/5)
INFO  [11:55:05.786] [mlr3] Finished benchmark
INFO  [11:55:05.812] [bbotk] Result of batch 14:
INFO  [11:55:05.814] [bbotk]  alpha classif.auc warnings errors runtime_learners
INFO  [11:55:05.814] [bbotk]   0.65   0.5096701        0      0             1.27
INFO  [11:55:05.814] [bbotk]                                 uhash
INFO  [11:55:05.814] [bbotk]  4f1ec421-e5f2-42b5-92e7-bf009ac88c4c
INFO  [11:55:05.815] [bbotk] Evaluating 1 configuration(s)
INFO  [11:55:05.838] [mlr3] Running benchmark with 5 resampling iterations
INFO  [11:55:05.843] [mlr3] Applying learner 'classif.cv_glmnet' on task 'candi_gene' (iter 1/5)
INFO  [11:55:06.086] [mlr3] Applying learner 'classif.cv_glmnet' on task 'candi_gene' (iter 2/5)
INFO  [11:55:06.323] [mlr3] Applying learner 'classif.cv_glmnet' on task 'candi_gene' (iter 3/5)
INFO  [11:55:06.552] [mlr3] Applying learner 'classif.cv_glmnet' on task 'candi_gene' (iter 4/5)
INFO  [11:55:06.806] [mlr3] Applying learner 'classif.cv_glmnet' on task 'candi_gene' (iter 5/5)
INFO  [11:55:07.046] [mlr3] Finished benchmark
INFO  [11:55:07.071] [bbotk] Result of batch 15:
INFO  [11:55:07.073] [bbotk]  alpha classif.auc warnings errors runtime_learners
INFO  [11:55:07.073] [bbotk]    0.1   0.6864562        0      0            1.164
INFO  [11:55:07.073] [bbotk]                                 uhash
INFO  [11:55:07.073] [bbotk]  ec0fd069-bc58-4e5c-8328-d59a98661095
INFO  [11:55:07.074] [bbotk] Evaluating 1 configuration(s)
INFO  [11:55:07.097] [mlr3] Running benchmark with 5 resampling iterations
INFO  [11:55:07.102] [mlr3] Applying learner 'classif.cv_glmnet' on task 'candi_gene' (iter 1/5)
INFO  [11:55:07.290] [mlr3] Applying learner 'classif.cv_glmnet' on task 'candi_gene' (iter 2/5)
INFO  [11:55:07.475] [mlr3] Applying learner 'classif.cv_glmnet' on task 'candi_gene' (iter 3/5)
INFO  [11:55:07.662] [mlr3] Applying learner 'classif.cv_glmnet' on task 'candi_gene' (iter 4/5)
INFO  [11:55:07.864] [mlr3] Applying learner 'classif.cv_glmnet' on task 'candi_gene' (iter 5/5)
INFO  [11:55:08.059] [mlr3] Finished benchmark
INFO  [11:55:08.084] [bbotk] Result of batch 16:
INFO  [11:55:08.086] [bbotk]  alpha classif.auc warnings errors runtime_learners
INFO  [11:55:08.086] [bbotk]   0.45   0.4676853        0      0            0.913
INFO  [11:55:08.086] [bbotk]                                 uhash
INFO  [11:55:08.086] [bbotk]  da2f67a7-d9e1-4a3e-9e73-ae8921ca6b2a
INFO  [11:55:08.087] [bbotk] Evaluating 1 configuration(s)
INFO  [11:55:08.110] [mlr3] Running benchmark with 5 resampling iterations
INFO  [11:55:08.115] [mlr3] Applying learner 'classif.cv_glmnet' on task 'candi_gene' (iter 1/5)
INFO  [11:55:08.288] [mlr3] Applying learner 'classif.cv_glmnet' on task 'candi_gene' (iter 2/5)
INFO  [11:55:08.475] [mlr3] Applying learner 'classif.cv_glmnet' on task 'candi_gene' (iter 3/5)
INFO  [11:55:08.655] [mlr3] Applying learner 'classif.cv_glmnet' on task 'candi_gene' (iter 4/5)
INFO  [11:55:08.848] [mlr3] Applying learner 'classif.cv_glmnet' on task 'candi_gene' (iter 5/5)
INFO  [11:55:09.035] [mlr3] Finished benchmark
INFO  [11:55:09.060] [bbotk] Result of batch 17:
INFO  [11:55:09.062] [bbotk]  alpha classif.auc warnings errors runtime_learners
INFO  [11:55:09.062] [bbotk]    0.6   0.5499048        0      0            0.878
INFO  [11:55:09.062] [bbotk]                                 uhash
INFO  [11:55:09.062] [bbotk]  753563c4-f8b7-4f84-b793-6dc4be3eab5b
INFO  [11:55:09.063] [bbotk] Evaluating 1 configuration(s)
INFO  [11:55:09.086] [mlr3] Running benchmark with 5 resampling iterations
INFO  [11:55:09.091] [mlr3] Applying learner 'classif.cv_glmnet' on task 'candi_gene' (iter 1/5)
INFO  [11:55:09.291] [mlr3] Applying learner 'classif.cv_glmnet' on task 'candi_gene' (iter 2/5)
INFO  [11:55:09.491] [mlr3] Applying learner 'classif.cv_glmnet' on task 'candi_gene' (iter 3/5)
INFO  [11:55:09.687] [mlr3] Applying learner 'classif.cv_glmnet' on task 'candi_gene' (iter 4/5)
INFO  [11:55:09.904] [mlr3] Applying learner 'classif.cv_glmnet' on task 'candi_gene' (iter 5/5)
INFO  [11:55:10.111] [mlr3] Finished benchmark
INFO  [11:55:10.136] [bbotk] Result of batch 18:
INFO  [11:55:10.138] [bbotk]  alpha classif.auc warnings errors runtime_learners
INFO  [11:55:10.138] [bbotk]    0.3   0.4928377        0      0            0.972
INFO  [11:55:10.138] [bbotk]                                 uhash
INFO  [11:55:10.138] [bbotk]  718f9d06-bc74-4d73-adbe-7596dd37271a
INFO  [11:55:10.139] [bbotk] Evaluating 1 configuration(s)
INFO  [11:55:10.162] [mlr3] Running benchmark with 5 resampling iterations
INFO  [11:55:10.167] [mlr3] Applying learner 'classif.cv_glmnet' on task 'candi_gene' (iter 1/5)
INFO  [11:55:10.365] [mlr3] Applying learner 'classif.cv_glmnet' on task 'candi_gene' (iter 2/5)
INFO  [11:55:10.563] [mlr3] Applying learner 'classif.cv_glmnet' on task 'candi_gene' (iter 3/5)
INFO  [11:55:10.746] [mlr3] Applying learner 'classif.cv_glmnet' on task 'candi_gene' (iter 4/5)
INFO  [11:55:10.955] [mlr3] Applying learner 'classif.cv_glmnet' on task 'candi_gene' (iter 5/5)
INFO  [11:55:11.152] [mlr3] Finished benchmark
INFO  [11:55:11.177] [bbotk] Result of batch 19:
INFO  [11:55:11.180] [bbotk]  alpha classif.auc warnings errors runtime_learners
INFO  [11:55:11.180] [bbotk]    0.4   0.5017143        0      0            0.939
INFO  [11:55:11.180] [bbotk]                                 uhash
INFO  [11:55:11.180] [bbotk]  3d9ea504-b781-4d55-bc0e-bd71e00e8647
INFO  [11:55:11.181] [bbotk] Evaluating 1 configuration(s)
INFO  [11:55:11.204] [mlr3] Running benchmark with 5 resampling iterations
INFO  [11:55:11.209] [mlr3] Applying learner 'classif.cv_glmnet' on task 'candi_gene' (iter 1/5)
INFO  [11:55:11.389] [mlr3] Applying learner 'classif.cv_glmnet' on task 'candi_gene' (iter 2/5)
INFO  [11:55:11.570] [mlr3] Applying learner 'classif.cv_glmnet' on task 'candi_gene' (iter 3/5)
INFO  [11:55:11.752] [mlr3] Applying learner 'classif.cv_glmnet' on task 'candi_gene' (iter 4/5)
INFO  [11:55:11.952] [mlr3] Applying learner 'classif.cv_glmnet' on task 'candi_gene' (iter 5/5)
INFO  [11:55:12.129] [mlr3] Finished benchmark
INFO  [11:55:12.154] [bbotk] Result of batch 20:
INFO  [11:55:12.156] [bbotk]  alpha classif.auc warnings errors runtime_learners
INFO  [11:55:12.156] [bbotk]      1   0.5531905        0      0            0.879
INFO  [11:55:12.156] [bbotk]                                 uhash
INFO  [11:55:12.156] [bbotk]  19ac85b4-208b-4859-a073-c9ceb5c50893
INFO  [11:55:12.157] [bbotk] Evaluating 1 configuration(s)
INFO  [11:55:12.180] [mlr3] Running benchmark with 5 resampling iterations
INFO  [11:55:12.185] [mlr3] Applying learner 'classif.cv_glmnet' on task 'candi_gene' (iter 1/5)
INFO  [11:55:12.364] [mlr3] Applying learner 'classif.cv_glmnet' on task 'candi_gene' (iter 2/5)
INFO  [11:55:12.546] [mlr3] Applying learner 'classif.cv_glmnet' on task 'candi_gene' (iter 3/5)
INFO  [11:55:12.718] [mlr3] Applying learner 'classif.cv_glmnet' on task 'candi_gene' (iter 4/5)
INFO  [11:55:12.915] [mlr3] Applying learner 'classif.cv_glmnet' on task 'candi_gene' (iter 5/5)
INFO  [11:55:13.106] [mlr3] Finished benchmark
INFO  [11:55:13.132] [bbotk] Result of batch 21:
INFO  [11:55:13.134] [bbotk]  alpha classif.auc warnings errors runtime_learners
INFO  [11:55:13.134] [bbotk]    0.8   0.5288988        0      0            0.881
INFO  [11:55:13.134] [bbotk]                                 uhash
INFO  [11:55:13.134] [bbotk]  e711ad78-e386-4908-8ecb-495e966c137a
INFO  [11:55:13.139] [bbotk] Finished optimizing after 21 evaluation(s)
INFO  [11:55:13.140] [bbotk] Result:
INFO  [11:55:13.143] [bbotk]   alpha learner_param_vals x_domain classif.auc
INFO  [11:55:13.143] [bbotk]  <char>             <list>   <list>       <num>
INFO  [11:55:13.143] [bbotk]     0.1       c(7.8947....      0.1   0.6864562
