Conda environment: *
R version 4.3.1 (2023-06-16)
Platform: x86_64-conda-linux-gnu (64-bit)
Running under: Red Hat Enterprise Linux 8.3 (Ootpa)

Matrix products: default
BLAS/LAPACK: /ess/home/home1/beiw/miniconda3/envs/5hmc_os_env/lib/libopenblasp-r0.3.27.so;  LAPACK version 3.12.0

locale:
[1] C

time zone: America/Chicago
tzcode source: system (glibc)

attached base packages:
[1] stats4    stats     graphics  grDevices utils     datasets  methods  
[8] base     

other attached packages:
 [1] conflicted_1.2.0            DESeq2_1.40.2              
 [3] SummarizedExperiment_1.30.2 Biobase_2.60.0             
 [5] MatrixGenerics_1.12.2       matrixStats_1.2.0          
 [7] GenomicRanges_1.52.0        GenomeInfoDb_1.36.1        
 [9] IRanges_2.34.1              S4Vectors_0.38.1           
[11] BiocGenerics_0.46.0         glmnet_4.1-8               
[13] Matrix_1.6-5                mlr3learners_0.5.8         
[15] mlr3tuning_0.19.0           paradox_0.11.1             
[17] mlr3_0.19.0                 lubridate_1.9.3            
[19] forcats_1.0.0               stringr_1.5.1              
[21] purrr_1.0.2                 readr_2.1.5                
[23] tidyr_1.3.1                 tibble_3.2.1               
[25] ggplot2_3.4.4               tidyverse_2.0.0            
[27] dplyr_1.1.4                

loaded via a namespace (and not attached):
 [1] gtable_0.3.4            shape_1.4.6             lattice_0.21-9         
 [4] tzdb_0.4.0              bitops_1.0-7            vctrs_0.6.4            
 [7] tools_4.3.1             generics_0.1.3          parallel_4.3.1         
[10] fansi_1.0.5             pkgconfig_2.0.3         data.table_1.15.2      
[13] checkmate_2.3.1         uuid_1.1-1              GenomeInfoDbData_1.2.11
[16] lifecycle_1.0.3         compiler_4.3.1          munsell_0.5.0          
[19] RhpcBLASctl_0.23-42     codetools_0.2-20        bbotk_0.7.2            
[22] RCurl_1.98-1.12         pillar_1.9.0            crayon_1.5.2           
[25] BiocParallel_1.34.2     cachem_1.0.8            DelayedArray_0.26.6    
[28] iterators_1.0.14        foreach_1.5.2           parallelly_1.37.1      
[31] locfit_1.5-9.8          tidyselect_1.2.0        digest_0.6.35          
[34] stringi_1.7.12          future_1.33.2           listenv_0.9.1          
[37] splines_4.3.1           fastmap_1.1.1           grid_4.3.1             
[40] colorspace_2.1-0        cli_3.6.1               magrittr_2.0.3         
[43] S4Arrays_1.0.4          survival_3.5-7          utf8_1.2.4             
[46] withr_2.5.1             scales_1.2.1            backports_1.4.1        
[49] timechange_0.2.0        XVector_0.40.0          globals_0.16.3         
[52] hms_1.1.3               memoise_2.0.1           mlr3misc_0.15.0        
[55] rlang_1.1.1             Rcpp_1.0.11             glue_1.6.2             
[58] palmerpenguins_0.1.1    lgr_0.4.4               R6_2.5.1               
[61] zlibbioc_1.46.0        
INFO  [11:57:11.810] [bbotk] Starting to optimize 1 parameter(s) with '<TunerGridSearch>' and '<TerminatorNone>'
INFO  [11:57:11.834] [bbotk] Evaluating 1 configuration(s)
INFO  [11:57:11.867] [mlr3] Running benchmark with 5 resampling iterations
INFO  [11:57:11.900] [mlr3] Applying learner 'classif.cv_glmnet' on task 'candi_gene' (iter 1/5)
INFO  [11:57:12.541] [mlr3] Applying learner 'classif.cv_glmnet' on task 'candi_gene' (iter 2/5)
INFO  [11:57:12.772] [mlr3] Applying learner 'classif.cv_glmnet' on task 'candi_gene' (iter 3/5)
INFO  [11:57:12.999] [mlr3] Applying learner 'classif.cv_glmnet' on task 'candi_gene' (iter 4/5)
INFO  [11:57:13.227] [mlr3] Applying learner 'classif.cv_glmnet' on task 'candi_gene' (iter 5/5)
INFO  [11:57:13.475] [mlr3] Finished benchmark
INFO  [11:57:13.503] [bbotk] Result of batch 1:
INFO  [11:57:13.506] [bbotk]  alpha classif.auc warnings errors runtime_learners
INFO  [11:57:13.506] [bbotk]   0.15   0.5938162        0      0            1.531
INFO  [11:57:13.506] [bbotk]                                 uhash
INFO  [11:57:13.506] [bbotk]  92d0f8c8-0816-41c8-802b-47a8ec2cf29f
INFO  [11:57:13.508] [bbotk] Evaluating 1 configuration(s)
INFO  [11:57:13.531] [mlr3] Running benchmark with 5 resampling iterations
INFO  [11:57:13.536] [mlr3] Applying learner 'classif.cv_glmnet' on task 'candi_gene' (iter 1/5)
INFO  [11:57:13.714] [mlr3] Applying learner 'classif.cv_glmnet' on task 'candi_gene' (iter 2/5)
INFO  [11:57:13.897] [mlr3] Applying learner 'classif.cv_glmnet' on task 'candi_gene' (iter 3/5)
INFO  [11:57:14.076] [mlr3] Applying learner 'classif.cv_glmnet' on task 'candi_gene' (iter 4/5)
INFO  [11:57:14.264] [mlr3] Applying learner 'classif.cv_glmnet' on task 'candi_gene' (iter 5/5)
INFO  [11:57:14.463] [mlr3] Finished benchmark
INFO  [11:57:14.487] [bbotk] Result of batch 2:
INFO  [11:57:14.489] [bbotk]  alpha classif.auc warnings errors runtime_learners
INFO  [11:57:14.489] [bbotk]   0.95   0.5338483        0      0            0.885
INFO  [11:57:14.489] [bbotk]                                 uhash
INFO  [11:57:14.489] [bbotk]  b761536f-1fc3-426b-a8a3-afd630a4b175
INFO  [11:57:14.490] [bbotk] Evaluating 1 configuration(s)
INFO  [11:57:14.513] [mlr3] Running benchmark with 5 resampling iterations
INFO  [11:57:14.517] [mlr3] Applying learner 'classif.cv_glmnet' on task 'candi_gene' (iter 1/5)
INFO  [11:57:14.723] [mlr3] Applying learner 'classif.cv_glmnet' on task 'candi_gene' (iter 2/5)
INFO  [11:57:14.932] [mlr3] Applying learner 'classif.cv_glmnet' on task 'candi_gene' (iter 3/5)
INFO  [11:57:15.141] [mlr3] Applying learner 'classif.cv_glmnet' on task 'candi_gene' (iter 4/5)
INFO  [11:57:15.353] [mlr3] Applying learner 'classif.cv_glmnet' on task 'candi_gene' (iter 5/5)
INFO  [11:57:15.580] [mlr3] Finished benchmark
INFO  [11:57:15.604] [bbotk] Result of batch 3:
INFO  [11:57:15.606] [bbotk]  alpha classif.auc warnings errors runtime_learners
INFO  [11:57:15.606] [bbotk]   0.25   0.5459955        0      0             1.02
INFO  [11:57:15.606] [bbotk]                                 uhash
INFO  [11:57:15.606] [bbotk]  561071bf-8c1d-4190-922d-f49a145ce6cd
INFO  [11:57:15.607] [bbotk] Evaluating 1 configuration(s)
INFO  [11:57:15.630] [mlr3] Running benchmark with 5 resampling iterations
INFO  [11:57:15.634] [mlr3] Applying learner 'classif.cv_glmnet' on task 'candi_gene' (iter 1/5)
INFO  [11:57:15.821] [mlr3] Applying learner 'classif.cv_glmnet' on task 'candi_gene' (iter 2/5)
INFO  [11:57:16.017] [mlr3] Applying learner 'classif.cv_glmnet' on task 'candi_gene' (iter 3/5)
INFO  [11:57:16.209] [mlr3] Applying learner 'classif.cv_glmnet' on task 'candi_gene' (iter 4/5)
INFO  [11:57:16.759] [mlr3] Applying learner 'classif.cv_glmnet' on task 'candi_gene' (iter 5/5)
INFO  [11:57:16.967] [mlr3] Finished benchmark
INFO  [11:57:16.991] [bbotk] Result of batch 4:
INFO  [11:57:16.993] [bbotk]  alpha classif.auc warnings errors runtime_learners
INFO  [11:57:16.993] [bbotk]    0.4   0.5369327        0      0            1.291
INFO  [11:57:16.993] [bbotk]                                 uhash
INFO  [11:57:16.993] [bbotk]  34921fcf-9d93-4d63-aa27-5580f614764d
INFO  [11:57:16.994] [bbotk] Evaluating 1 configuration(s)
INFO  [11:57:17.017] [mlr3] Running benchmark with 5 resampling iterations
INFO  [11:57:17.022] [mlr3] Applying learner 'classif.cv_glmnet' on task 'candi_gene' (iter 1/5)
INFO  [11:57:17.189] [mlr3] Applying learner 'classif.cv_glmnet' on task 'candi_gene' (iter 2/5)
INFO  [11:57:17.369] [mlr3] Applying learner 'classif.cv_glmnet' on task 'candi_gene' (iter 3/5)
INFO  [11:57:17.548] [mlr3] Applying learner 'classif.cv_glmnet' on task 'candi_gene' (iter 4/5)
INFO  [11:57:17.725] [mlr3] Applying learner 'classif.cv_glmnet' on task 'candi_gene' (iter 5/5)
INFO  [11:57:17.924] [mlr3] Finished benchmark
INFO  [11:57:17.948] [bbotk] Result of batch 5:
INFO  [11:57:17.950] [bbotk]  alpha classif.auc warnings errors runtime_learners
INFO  [11:57:17.950] [bbotk]   0.75   0.5284375        0      0            0.861
INFO  [11:57:17.950] [bbotk]                                 uhash
INFO  [11:57:17.950] [bbotk]  12a71e1d-50e5-45cc-bf05-9f061d238679
INFO  [11:57:17.951] [bbotk] Evaluating 1 configuration(s)
INFO  [11:57:17.974] [mlr3] Running benchmark with 5 resampling iterations
INFO  [11:57:17.979] [mlr3] Applying learner 'classif.cv_glmnet' on task 'candi_gene' (iter 1/5)
INFO  [11:57:18.185] [mlr3] Applying learner 'classif.cv_glmnet' on task 'candi_gene' (iter 2/5)
INFO  [11:57:18.397] [mlr3] Applying learner 'classif.cv_glmnet' on task 'candi_gene' (iter 3/5)
INFO  [11:57:18.611] [mlr3] Applying learner 'classif.cv_glmnet' on task 'candi_gene' (iter 4/5)
INFO  [11:57:18.818] [mlr3] Applying learner 'classif.cv_glmnet' on task 'candi_gene' (iter 5/5)
INFO  [11:57:19.047] [mlr3] Finished benchmark
INFO  [11:57:19.072] [bbotk] Result of batch 6:
INFO  [11:57:19.074] [bbotk]  alpha classif.auc warnings errors runtime_learners
INFO  [11:57:19.074] [bbotk]    0.2   0.5765341        0      0            1.026
INFO  [11:57:19.074] [bbotk]                                 uhash
INFO  [11:57:19.074] [bbotk]  60ace26e-b0f9-487e-851c-75968934bbf9
INFO  [11:57:19.075] [bbotk] Evaluating 1 configuration(s)
INFO  [11:57:19.097] [mlr3] Running benchmark with 5 resampling iterations
INFO  [11:57:19.102] [mlr3] Applying learner 'classif.cv_glmnet' on task 'candi_gene' (iter 1/5)
INFO  [11:57:19.279] [mlr3] Applying learner 'classif.cv_glmnet' on task 'candi_gene' (iter 2/5)
INFO  [11:57:19.463] [mlr3] Applying learner 'classif.cv_glmnet' on task 'candi_gene' (iter 3/5)
INFO  [11:57:19.650] [mlr3] Applying learner 'classif.cv_glmnet' on task 'candi_gene' (iter 4/5)
INFO  [11:57:19.837] [mlr3] Applying learner 'classif.cv_glmnet' on task 'candi_gene' (iter 5/5)
INFO  [11:57:20.037] [mlr3] Finished benchmark
INFO  [11:57:20.061] [bbotk] Result of batch 7:
INFO  [11:57:20.063] [bbotk]  alpha classif.auc warnings errors runtime_learners
INFO  [11:57:20.063] [bbotk]    0.5   0.4930769        0      0            0.895
INFO  [11:57:20.063] [bbotk]                                 uhash
INFO  [11:57:20.063] [bbotk]  abc29675-5af3-4e9a-bbea-c731a7bf00a6
INFO  [11:57:20.064] [bbotk] Evaluating 1 configuration(s)
INFO  [11:57:20.087] [mlr3] Running benchmark with 5 resampling iterations
INFO  [11:57:20.092] [mlr3] Applying learner 'classif.cv_glmnet' on task 'candi_gene' (iter 1/5)
INFO  [11:57:20.341] [mlr3] Applying learner 'classif.cv_glmnet' on task 'candi_gene' (iter 2/5)
INFO  [11:57:20.607] [mlr3] Applying learner 'classif.cv_glmnet' on task 'candi_gene' (iter 3/5)
INFO  [11:57:20.879] [mlr3] Applying learner 'classif.cv_glmnet' on task 'candi_gene' (iter 4/5)
INFO  [11:57:21.149] [mlr3] Applying learner 'classif.cv_glmnet' on task 'candi_gene' (iter 5/5)
INFO  [11:57:21.428] [mlr3] Finished benchmark
INFO  [11:57:21.452] [bbotk] Result of batch 8:
INFO  [11:57:21.454] [bbotk]  alpha classif.auc warnings errors runtime_learners
INFO  [11:57:21.454] [bbotk]   0.05   0.6740775        0      0            1.296
INFO  [11:57:21.454] [bbotk]                                 uhash
INFO  [11:57:21.454] [bbotk]  e4b97cbb-e11e-43a9-914f-4d3c4bbf3731
INFO  [11:57:21.456] [bbotk] Evaluating 1 configuration(s)
INFO  [11:57:21.478] [mlr3] Running benchmark with 5 resampling iterations
INFO  [11:57:21.483] [mlr3] Applying learner 'classif.cv_glmnet' on task 'candi_gene' (iter 1/5)
INFO  [11:57:21.652] [mlr3] Applying learner 'classif.cv_glmnet' on task 'candi_gene' (iter 2/5)
INFO  [11:57:21.834] [mlr3] Applying learner 'classif.cv_glmnet' on task 'candi_gene' (iter 3/5)
INFO  [11:57:22.016] [mlr3] Applying learner 'classif.cv_glmnet' on task 'candi_gene' (iter 4/5)
INFO  [11:57:22.192] [mlr3] Applying learner 'classif.cv_glmnet' on task 'candi_gene' (iter 5/5)
INFO  [11:57:22.391] [mlr3] Finished benchmark
INFO  [11:57:22.416] [bbotk] Result of batch 9:
INFO  [11:57:22.418] [bbotk]  alpha classif.auc warnings errors runtime_learners
INFO  [11:57:22.418] [bbotk]    0.8   0.5521204        0      0            0.867
INFO  [11:57:22.418] [bbotk]                                 uhash
INFO  [11:57:22.418] [bbotk]  eb8a83ba-fa65-426a-8c76-1d439ddba665
INFO  [11:57:22.419] [bbotk] Evaluating 1 configuration(s)
INFO  [11:57:22.442] [mlr3] Running benchmark with 5 resampling iterations
INFO  [11:57:22.446] [mlr3] Applying learner 'classif.cv_glmnet' on task 'candi_gene' (iter 1/5)
INFO  [11:57:22.677] [mlr3] Applying learner 'classif.cv_glmnet' on task 'candi_gene' (iter 2/5)
INFO  [11:57:22.917] [mlr3] Applying learner 'classif.cv_glmnet' on task 'candi_gene' (iter 3/5)
INFO  [11:57:23.160] [mlr3] Applying learner 'classif.cv_glmnet' on task 'candi_gene' (iter 4/5)
INFO  [11:57:23.397] [mlr3] Applying learner 'classif.cv_glmnet' on task 'candi_gene' (iter 5/5)
INFO  [11:57:23.656] [mlr3] Finished benchmark
INFO  [11:57:23.680] [bbotk] Result of batch 10:
INFO  [11:57:23.682] [bbotk]  alpha classif.auc warnings errors runtime_learners
INFO  [11:57:23.682] [bbotk]    0.1    0.601045        0      0            1.166
INFO  [11:57:23.682] [bbotk]                                 uhash
INFO  [11:57:23.682] [bbotk]  9e9505ee-bf6e-4bc2-bbb0-786044cb00de
INFO  [11:57:23.683] [bbotk] Evaluating 1 configuration(s)
INFO  [11:57:23.706] [mlr3] Running benchmark with 5 resampling iterations
INFO  [11:57:23.711] [mlr3] Applying learner 'classif.cv_glmnet' on task 'candi_gene' (iter 1/5)
INFO  [11:57:23.894] [mlr3] Applying learner 'classif.cv_glmnet' on task 'candi_gene' (iter 2/5)
INFO  [11:57:24.079] [mlr3] Applying learner 'classif.cv_glmnet' on task 'candi_gene' (iter 3/5)
INFO  [11:57:24.260] [mlr3] Applying learner 'classif.cv_glmnet' on task 'candi_gene' (iter 4/5)
INFO  [11:57:24.449] [mlr3] Applying learner 'classif.cv_glmnet' on task 'candi_gene' (iter 5/5)
INFO  [11:57:24.650] [mlr3] Finished benchmark
INFO  [11:57:24.675] [bbotk] Result of batch 11:
INFO  [11:57:24.677] [bbotk]  alpha classif.auc warnings errors runtime_learners
INFO  [11:57:24.677] [bbotk]   0.55   0.5031215        0      0            0.897
INFO  [11:57:24.677] [bbotk]                                 uhash
INFO  [11:57:24.677] [bbotk]  a5647fe9-08ba-41bb-a1a9-5137eee591f9
INFO  [11:57:24.678] [bbotk] Evaluating 1 configuration(s)
INFO  [11:57:24.701] [mlr3] Running benchmark with 5 resampling iterations
INFO  [11:57:24.705] [mlr3] Applying learner 'classif.cv_glmnet' on task 'candi_gene' (iter 1/5)
INFO  [11:57:24.873] [mlr3] Applying learner 'classif.cv_glmnet' on task 'candi_gene' (iter 2/5)
INFO  [11:57:25.061] [mlr3] Applying learner 'classif.cv_glmnet' on task 'candi_gene' (iter 3/5)
INFO  [11:57:25.247] [mlr3] Applying learner 'classif.cv_glmnet' on task 'candi_gene' (iter 4/5)
INFO  [11:57:25.429] [mlr3] Applying learner 'classif.cv_glmnet' on task 'candi_gene' (iter 5/5)
INFO  [11:57:25.621] [mlr3] Finished benchmark
INFO  [11:57:25.645] [bbotk] Result of batch 12:
INFO  [11:57:25.647] [bbotk]  alpha classif.auc warnings errors runtime_learners
INFO  [11:57:25.647] [bbotk]    0.9   0.5006543        0      0            0.873
INFO  [11:57:25.647] [bbotk]                                 uhash
INFO  [11:57:25.647] [bbotk]  6d36aa47-6b6b-4559-a259-c16132f369b9
INFO  [11:57:25.648] [bbotk] Evaluating 1 configuration(s)
INFO  [11:57:25.671] [mlr3] Running benchmark with 5 resampling iterations
INFO  [11:57:25.676] [mlr3] Applying learner 'classif.cv_glmnet' on task 'candi_gene' (iter 1/5)
INFO  [11:57:26.096] [mlr3] Applying learner 'classif.cv_glmnet' on task 'candi_gene' (iter 2/5)
INFO  [11:57:26.520] [mlr3] Applying learner 'classif.cv_glmnet' on task 'candi_gene' (iter 3/5)
INFO  [11:57:26.955] [mlr3] Applying learner 'classif.cv_glmnet' on task 'candi_gene' (iter 4/5)
INFO  [11:57:27.379] [mlr3] Applying learner 'classif.cv_glmnet' on task 'candi_gene' (iter 5/5)
INFO  [11:57:28.130] [mlr3] Finished benchmark
INFO  [11:57:28.155] [bbotk] Result of batch 13:
INFO  [11:57:28.157] [bbotk]  alpha classif.auc warnings errors runtime_learners
INFO  [11:57:28.157] [bbotk]      0   0.5802374        0      0            2.408
INFO  [11:57:28.157] [bbotk]                                 uhash
INFO  [11:57:28.157] [bbotk]  e40e03e3-9c69-4be1-b3c1-110677f5519a
INFO  [11:57:28.158] [bbotk] Evaluating 1 configuration(s)
INFO  [11:57:28.180] [mlr3] Running benchmark with 5 resampling iterations
INFO  [11:57:28.185] [mlr3] Applying learner 'classif.cv_glmnet' on task 'candi_gene' (iter 1/5)
INFO  [11:57:28.352] [mlr3] Applying learner 'classif.cv_glmnet' on task 'candi_gene' (iter 2/5)
INFO  [11:57:28.537] [mlr3] Applying learner 'classif.cv_glmnet' on task 'candi_gene' (iter 3/5)
INFO  [11:57:28.712] [mlr3] Applying learner 'classif.cv_glmnet' on task 'candi_gene' (iter 4/5)
INFO  [11:57:28.888] [mlr3] Applying learner 'classif.cv_glmnet' on task 'candi_gene' (iter 5/5)
INFO  [11:57:29.089] [mlr3] Finished benchmark
INFO  [11:57:29.113] [bbotk] Result of batch 14:
INFO  [11:57:29.115] [bbotk]  alpha classif.auc warnings errors runtime_learners
INFO  [11:57:29.115] [bbotk]   0.85   0.5433762        0      0             0.86
INFO  [11:57:29.115] [bbotk]                                 uhash
INFO  [11:57:29.115] [bbotk]  7b6f7ef9-e8cc-499b-8d93-68c200260cc7
INFO  [11:57:29.117] [bbotk] Evaluating 1 configuration(s)
INFO  [11:57:29.139] [mlr3] Running benchmark with 5 resampling iterations
INFO  [11:57:29.144] [mlr3] Applying learner 'classif.cv_glmnet' on task 'candi_gene' (iter 1/5)
INFO  [11:57:29.318] [mlr3] Applying learner 'classif.cv_glmnet' on task 'candi_gene' (iter 2/5)
INFO  [11:57:29.506] [mlr3] Applying learner 'classif.cv_glmnet' on task 'candi_gene' (iter 3/5)
INFO  [11:57:29.689] [mlr3] Applying learner 'classif.cv_glmnet' on task 'candi_gene' (iter 4/5)
INFO  [11:57:29.879] [mlr3] Applying learner 'classif.cv_glmnet' on task 'candi_gene' (iter 5/5)
INFO  [11:57:30.077] [mlr3] Finished benchmark
INFO  [11:57:30.101] [bbotk] Result of batch 15:
INFO  [11:57:30.103] [bbotk]  alpha classif.auc warnings errors runtime_learners
INFO  [11:57:30.103] [bbotk]   0.45   0.5076282        0      0            0.891
INFO  [11:57:30.103] [bbotk]                                 uhash
INFO  [11:57:30.103] [bbotk]  cf6ba6cf-60dc-4dcb-a44f-3e85c9aef03d
INFO  [11:57:30.104] [bbotk] Evaluating 1 configuration(s)
INFO  [11:57:30.126] [mlr3] Running benchmark with 5 resampling iterations
INFO  [11:57:30.131] [mlr3] Applying learner 'classif.cv_glmnet' on task 'candi_gene' (iter 1/5)
INFO  [11:57:30.321] [mlr3] Applying learner 'classif.cv_glmnet' on task 'candi_gene' (iter 2/5)
INFO  [11:57:30.520] [mlr3] Applying learner 'classif.cv_glmnet' on task 'candi_gene' (iter 3/5)
INFO  [11:57:30.715] [mlr3] Applying learner 'classif.cv_glmnet' on task 'candi_gene' (iter 4/5)
INFO  [11:57:30.913] [mlr3] Applying learner 'classif.cv_glmnet' on task 'candi_gene' (iter 5/5)
INFO  [11:57:31.123] [mlr3] Finished benchmark
INFO  [11:57:31.147] [bbotk] Result of batch 16:
INFO  [11:57:31.149] [bbotk]  alpha classif.auc warnings errors runtime_learners
INFO  [11:57:31.149] [bbotk]    0.3   0.5158815        0      0            0.951
INFO  [11:57:31.149] [bbotk]                                 uhash
INFO  [11:57:31.149] [bbotk]  57d52a86-dd85-4d8f-9e5a-319c45533c39
INFO  [11:57:31.150] [bbotk] Evaluating 1 configuration(s)
INFO  [11:57:31.173] [mlr3] Running benchmark with 5 resampling iterations
INFO  [11:57:31.177] [mlr3] Applying learner 'classif.cv_glmnet' on task 'candi_gene' (iter 1/5)
INFO  [11:57:31.354] [mlr3] Applying learner 'classif.cv_glmnet' on task 'candi_gene' (iter 2/5)
INFO  [11:57:31.528] [mlr3] Applying learner 'classif.cv_glmnet' on task 'candi_gene' (iter 3/5)
INFO  [11:57:31.713] [mlr3] Applying learner 'classif.cv_glmnet' on task 'candi_gene' (iter 4/5)
INFO  [11:57:31.889] [mlr3] Applying learner 'classif.cv_glmnet' on task 'candi_gene' (iter 5/5)
INFO  [11:57:32.086] [mlr3] Finished benchmark
INFO  [11:57:32.110] [bbotk] Result of batch 17:
INFO  [11:57:32.112] [bbotk]  alpha classif.auc warnings errors runtime_learners
INFO  [11:57:32.112] [bbotk]   0.65   0.5315217        0      0             0.87
INFO  [11:57:32.112] [bbotk]                                 uhash
INFO  [11:57:32.112] [bbotk]  5516f784-2779-4b16-b5cc-00f2580624fa
INFO  [11:57:32.113] [bbotk] Evaluating 1 configuration(s)
INFO  [11:57:32.136] [mlr3] Running benchmark with 5 resampling iterations
INFO  [11:57:32.141] [mlr3] Applying learner 'classif.cv_glmnet' on task 'candi_gene' (iter 1/5)
INFO  [11:57:32.316] [mlr3] Applying learner 'classif.cv_glmnet' on task 'candi_gene' (iter 2/5)
INFO  [11:57:32.498] [mlr3] Applying learner 'classif.cv_glmnet' on task 'candi_gene' (iter 3/5)
INFO  [11:57:32.675] [mlr3] Applying learner 'classif.cv_glmnet' on task 'candi_gene' (iter 4/5)
INFO  [11:57:32.859] [mlr3] Applying learner 'classif.cv_glmnet' on task 'candi_gene' (iter 5/5)
INFO  [11:57:33.053] [mlr3] Finished benchmark
INFO  [11:57:33.077] [bbotk] Result of batch 18:
INFO  [11:57:33.079] [bbotk]  alpha classif.auc warnings errors runtime_learners
INFO  [11:57:33.079] [bbotk]      1   0.5503765        0      0            0.871
INFO  [11:57:33.079] [bbotk]                                 uhash
INFO  [11:57:33.079] [bbotk]  43476598-a1eb-4604-86b5-c8db774d6de2
INFO  [11:57:33.080] [bbotk] Evaluating 1 configuration(s)
INFO  [11:57:33.103] [mlr3] Running benchmark with 5 resampling iterations
INFO  [11:57:33.108] [mlr3] Applying learner 'classif.cv_glmnet' on task 'candi_gene' (iter 1/5)
INFO  [11:57:33.282] [mlr3] Applying learner 'classif.cv_glmnet' on task 'candi_gene' (iter 2/5)
INFO  [11:57:33.456] [mlr3] Applying learner 'classif.cv_glmnet' on task 'candi_gene' (iter 3/5)
INFO  [11:57:33.637] [mlr3] Applying learner 'classif.cv_glmnet' on task 'candi_gene' (iter 4/5)
INFO  [11:57:33.821] [mlr3] Applying learner 'classif.cv_glmnet' on task 'candi_gene' (iter 5/5)
INFO  [11:57:34.010] [mlr3] Finished benchmark
INFO  [11:57:34.035] [bbotk] Result of batch 19:
INFO  [11:57:34.037] [bbotk]  alpha classif.auc warnings errors runtime_learners
INFO  [11:57:34.037] [bbotk]    0.7   0.5382138        0      0            0.862
INFO  [11:57:34.037] [bbotk]                                 uhash
INFO  [11:57:34.037] [bbotk]  f8772e41-5d8f-4434-a426-2ce474ecf813
INFO  [11:57:34.038] [bbotk] Evaluating 1 configuration(s)
INFO  [11:57:34.061] [mlr3] Running benchmark with 5 resampling iterations
INFO  [11:57:34.066] [mlr3] Applying learner 'classif.cv_glmnet' on task 'candi_gene' (iter 1/5)
INFO  [11:57:34.255] [mlr3] Applying learner 'classif.cv_glmnet' on task 'candi_gene' (iter 2/5)
INFO  [11:57:34.448] [mlr3] Applying learner 'classif.cv_glmnet' on task 'candi_gene' (iter 3/5)
INFO  [11:57:34.638] [mlr3] Applying learner 'classif.cv_glmnet' on task 'candi_gene' (iter 4/5)
INFO  [11:57:34.835] [mlr3] Applying learner 'classif.cv_glmnet' on task 'candi_gene' (iter 5/5)
INFO  [11:57:35.046] [mlr3] Finished benchmark
INFO  [11:57:35.070] [bbotk] Result of batch 20:
INFO  [11:57:35.072] [bbotk]  alpha classif.auc warnings errors runtime_learners
INFO  [11:57:35.072] [bbotk]   0.35   0.5110842        0      0            0.939
INFO  [11:57:35.072] [bbotk]                                 uhash
INFO  [11:57:35.072] [bbotk]  f967465b-3702-4a5d-b7f9-2af199607fa2
INFO  [11:57:35.074] [bbotk] Evaluating 1 configuration(s)
INFO  [11:57:35.096] [mlr3] Running benchmark with 5 resampling iterations
INFO  [11:57:35.101] [mlr3] Applying learner 'classif.cv_glmnet' on task 'candi_gene' (iter 1/5)
INFO  [11:57:35.268] [mlr3] Applying learner 'classif.cv_glmnet' on task 'candi_gene' (iter 2/5)
INFO  [11:57:35.453] [mlr3] Applying learner 'classif.cv_glmnet' on task 'candi_gene' (iter 3/5)
INFO  [11:57:35.635] [mlr3] Applying learner 'classif.cv_glmnet' on task 'candi_gene' (iter 4/5)
INFO  [11:57:35.829] [mlr3] Applying learner 'classif.cv_glmnet' on task 'candi_gene' (iter 5/5)
INFO  [11:57:36.022] [mlr3] Finished benchmark
INFO  [11:57:36.046] [bbotk] Result of batch 21:
INFO  [11:57:36.048] [bbotk]  alpha classif.auc warnings errors runtime_learners
INFO  [11:57:36.048] [bbotk]    0.6   0.4801269        0      0             0.88
INFO  [11:57:36.048] [bbotk]                                 uhash
INFO  [11:57:36.048] [bbotk]  def6062d-19ac-4b6c-b4cf-a0cd67537fd9
INFO  [11:57:36.053] [bbotk] Finished optimizing after 21 evaluation(s)
INFO  [11:57:36.054] [bbotk] Result:
INFO  [11:57:36.056] [bbotk]   alpha learner_param_vals x_domain classif.auc
INFO  [11:57:36.056] [bbotk]  <char>             <list>   <list>       <num>
INFO  [11:57:36.056] [bbotk]    0.05       c(7.8947....     0.05   0.6740775
