Conda environment: *
R version 4.3.1 (2023-06-16)
Platform: x86_64-conda-linux-gnu (64-bit)
Running under: Red Hat Enterprise Linux 8.3 (Ootpa)

Matrix products: default
BLAS/LAPACK: /ess/home/home1/beiw/miniconda3/envs/5hmc_os_env/lib/libopenblasp-r0.3.27.so;  LAPACK version 3.12.0

locale:
[1] C

time zone: America/Chicago
tzcode source: system (glibc)

attached base packages:
[1] stats4    stats     graphics  grDevices utils     datasets  methods  
[8] base     

other attached packages:
 [1] conflicted_1.2.0            DESeq2_1.40.2              
 [3] SummarizedExperiment_1.30.2 Biobase_2.60.0             
 [5] MatrixGenerics_1.12.2       matrixStats_1.2.0          
 [7] GenomicRanges_1.52.0        GenomeInfoDb_1.36.1        
 [9] IRanges_2.34.1              S4Vectors_0.38.1           
[11] BiocGenerics_0.46.0         glmnet_4.1-8               
[13] Matrix_1.6-5                mlr3learners_0.5.8         
[15] mlr3tuning_0.19.0           paradox_0.11.1             
[17] mlr3_0.19.0                 lubridate_1.9.3            
[19] forcats_1.0.0               stringr_1.5.1              
[21] purrr_1.0.2                 readr_2.1.5                
[23] tidyr_1.3.1                 tibble_3.2.1               
[25] ggplot2_3.4.4               tidyverse_2.0.0            
[27] dplyr_1.1.4                

loaded via a namespace (and not attached):
 [1] gtable_0.3.4            shape_1.4.6             lattice_0.21-9         
 [4] tzdb_0.4.0              bitops_1.0-7            vctrs_0.6.4            
 [7] tools_4.3.1             generics_0.1.3          parallel_4.3.1         
[10] fansi_1.0.5             pkgconfig_2.0.3         data.table_1.15.2      
[13] checkmate_2.3.1         uuid_1.1-1              GenomeInfoDbData_1.2.11
[16] lifecycle_1.0.3         compiler_4.3.1          munsell_0.5.0          
[19] RhpcBLASctl_0.23-42     codetools_0.2-20        bbotk_0.7.2            
[22] RCurl_1.98-1.12         pillar_1.9.0            crayon_1.5.2           
[25] BiocParallel_1.34.2     cachem_1.0.8            DelayedArray_0.26.6    
[28] iterators_1.0.14        foreach_1.5.2           parallelly_1.37.1      
[31] locfit_1.5-9.8          tidyselect_1.2.0        digest_0.6.35          
[34] stringi_1.7.12          future_1.33.2           listenv_0.9.1          
[37] splines_4.3.1           fastmap_1.1.1           grid_4.3.1             
[40] colorspace_2.1-0        cli_3.6.1               magrittr_2.0.3         
[43] S4Arrays_1.0.4          survival_3.5-7          utf8_1.2.4             
[46] withr_2.5.1             scales_1.2.1            backports_1.4.1        
[49] timechange_0.2.0        XVector_0.40.0          globals_0.16.3         
[52] hms_1.1.3               memoise_2.0.1           mlr3misc_0.15.0        
[55] rlang_1.1.1             Rcpp_1.0.11             glue_1.6.2             
[58] palmerpenguins_0.1.1    lgr_0.4.4               R6_2.5.1               
[61] zlibbioc_1.46.0        
INFO  [11:55:56.886] [bbotk] Starting to optimize 1 parameter(s) with '<TunerGridSearch>' and '<TerminatorNone>'
INFO  [11:55:56.910] [bbotk] Evaluating 1 configuration(s)
INFO  [11:55:56.942] [mlr3] Running benchmark with 5 resampling iterations
INFO  [11:55:56.975] [mlr3] Applying learner 'classif.cv_glmnet' on task 'candi_gene' (iter 1/5)
INFO  [11:55:57.609] [mlr3] Applying learner 'classif.cv_glmnet' on task 'candi_gene' (iter 2/5)
INFO  [11:55:57.800] [mlr3] Applying learner 'classif.cv_glmnet' on task 'candi_gene' (iter 3/5)
INFO  [11:55:58.004] [mlr3] Applying learner 'classif.cv_glmnet' on task 'candi_gene' (iter 4/5)
INFO  [11:55:58.203] [mlr3] Applying learner 'classif.cv_glmnet' on task 'candi_gene' (iter 5/5)
INFO  [11:55:58.398] [mlr3] Finished benchmark
INFO  [11:55:58.425] [bbotk] Result of batch 1:
INFO  [11:55:58.429] [bbotk]  alpha classif.auc warnings errors runtime_learners
INFO  [11:55:58.429] [bbotk]    0.4   0.5643188        0      0            1.377
INFO  [11:55:58.429] [bbotk]                                 uhash
INFO  [11:55:58.429] [bbotk]  8cffc932-e642-4f2d-bca0-e317854c1d17
INFO  [11:55:58.431] [bbotk] Evaluating 1 configuration(s)
INFO  [11:55:58.454] [mlr3] Running benchmark with 5 resampling iterations
INFO  [11:55:58.458] [mlr3] Applying learner 'classif.cv_glmnet' on task 'candi_gene' (iter 1/5)
INFO  [11:55:58.682] [mlr3] Applying learner 'classif.cv_glmnet' on task 'candi_gene' (iter 2/5)
INFO  [11:55:58.883] [mlr3] Applying learner 'classif.cv_glmnet' on task 'candi_gene' (iter 3/5)
INFO  [11:55:59.100] [mlr3] Applying learner 'classif.cv_glmnet' on task 'candi_gene' (iter 4/5)
INFO  [11:55:59.312] [mlr3] Applying learner 'classif.cv_glmnet' on task 'candi_gene' (iter 5/5)
INFO  [11:55:59.519] [mlr3] Finished benchmark
INFO  [11:55:59.544] [bbotk] Result of batch 2:
INFO  [11:55:59.546] [bbotk]  alpha classif.auc warnings errors runtime_learners
INFO  [11:55:59.546] [bbotk]   0.25   0.5367754        0      0             1.02
INFO  [11:55:59.546] [bbotk]                                 uhash
INFO  [11:55:59.546] [bbotk]  e3663382-da38-48ef-965d-a3ac239a843c
INFO  [11:55:59.547] [bbotk] Evaluating 1 configuration(s)
INFO  [11:55:59.569] [mlr3] Running benchmark with 5 resampling iterations
INFO  [11:55:59.574] [mlr3] Applying learner 'classif.cv_glmnet' on task 'candi_gene' (iter 1/5)
INFO  [11:55:59.769] [mlr3] Applying learner 'classif.cv_glmnet' on task 'candi_gene' (iter 2/5)
INFO  [11:55:59.942] [mlr3] Applying learner 'classif.cv_glmnet' on task 'candi_gene' (iter 3/5)
INFO  [11:56:00.127] [mlr3] Applying learner 'classif.cv_glmnet' on task 'candi_gene' (iter 4/5)
INFO  [11:56:00.312] [mlr3] Applying learner 'classif.cv_glmnet' on task 'candi_gene' (iter 5/5)
INFO  [11:56:00.504] [mlr3] Finished benchmark
INFO  [11:56:00.529] [bbotk] Result of batch 3:
INFO  [11:56:00.531] [bbotk]  alpha classif.auc warnings errors runtime_learners
INFO  [11:56:00.531] [bbotk]    0.9   0.5165308        0      0            0.886
INFO  [11:56:00.531] [bbotk]                                 uhash
INFO  [11:56:00.531] [bbotk]  beddf14f-96a9-47a8-92df-171e29253c18
INFO  [11:56:00.532] [bbotk] Evaluating 1 configuration(s)
INFO  [11:56:00.555] [mlr3] Running benchmark with 5 resampling iterations
INFO  [11:56:00.560] [mlr3] Applying learner 'classif.cv_glmnet' on task 'candi_gene' (iter 1/5)
INFO  [11:56:01.123] [mlr3] Applying learner 'classif.cv_glmnet' on task 'candi_gene' (iter 2/5)
INFO  [11:56:01.300] [mlr3] Applying learner 'classif.cv_glmnet' on task 'candi_gene' (iter 3/5)
INFO  [11:56:01.495] [mlr3] Applying learner 'classif.cv_glmnet' on task 'candi_gene' (iter 4/5)
INFO  [11:56:01.688] [mlr3] Applying learner 'classif.cv_glmnet' on task 'candi_gene' (iter 5/5)
INFO  [11:56:01.871] [mlr3] Finished benchmark
INFO  [11:56:01.895] [bbotk] Result of batch 4:
INFO  [11:56:01.897] [bbotk]  alpha classif.auc warnings errors runtime_learners
INFO  [11:56:01.897] [bbotk]    0.5   0.6062355        0      0            1.268
INFO  [11:56:01.897] [bbotk]                                 uhash
INFO  [11:56:01.897] [bbotk]  6c212455-b164-4b32-bf31-dc07fa1fc0f4
INFO  [11:56:01.898] [bbotk] Evaluating 1 configuration(s)
INFO  [11:56:01.921] [mlr3] Running benchmark with 5 resampling iterations
INFO  [11:56:01.926] [mlr3] Applying learner 'classif.cv_glmnet' on task 'candi_gene' (iter 1/5)
INFO  [11:56:02.117] [mlr3] Applying learner 'classif.cv_glmnet' on task 'candi_gene' (iter 2/5)
INFO  [11:56:02.293] [mlr3] Applying learner 'classif.cv_glmnet' on task 'candi_gene' (iter 3/5)
INFO  [11:56:02.473] [mlr3] Applying learner 'classif.cv_glmnet' on task 'candi_gene' (iter 4/5)
INFO  [11:56:02.655] [mlr3] Applying learner 'classif.cv_glmnet' on task 'candi_gene' (iter 5/5)
INFO  [11:56:02.838] [mlr3] Finished benchmark
INFO  [11:56:02.862] [bbotk] Result of batch 5:
INFO  [11:56:02.864] [bbotk]  alpha classif.auc warnings errors runtime_learners
INFO  [11:56:02.864] [bbotk]   0.75   0.5185688        0      0             0.87
INFO  [11:56:02.864] [bbotk]                                 uhash
INFO  [11:56:02.864] [bbotk]  3a8068bd-ea38-4881-b479-0c33339c5ce1
INFO  [11:56:02.865] [bbotk] Evaluating 1 configuration(s)
INFO  [11:56:02.888] [mlr3] Running benchmark with 5 resampling iterations
INFO  [11:56:02.893] [mlr3] Applying learner 'classif.cv_glmnet' on task 'candi_gene' (iter 1/5)
INFO  [11:56:03.086] [mlr3] Applying learner 'classif.cv_glmnet' on task 'candi_gene' (iter 2/5)
INFO  [11:56:03.254] [mlr3] Applying learner 'classif.cv_glmnet' on task 'candi_gene' (iter 3/5)
INFO  [11:56:03.440] [mlr3] Applying learner 'classif.cv_glmnet' on task 'candi_gene' (iter 4/5)
INFO  [11:56:03.629] [mlr3] Applying learner 'classif.cv_glmnet' on task 'candi_gene' (iter 5/5)
INFO  [11:56:03.810] [mlr3] Finished benchmark
INFO  [11:56:03.834] [bbotk] Result of batch 6:
INFO  [11:56:03.836] [bbotk]  alpha classif.auc warnings errors runtime_learners
INFO  [11:56:03.836] [bbotk]   0.95   0.5259511        0      0            0.874
INFO  [11:56:03.836] [bbotk]                                 uhash
INFO  [11:56:03.836] [bbotk]  58709681-3f3e-4196-aa1e-aa54b5036076
INFO  [11:56:03.838] [bbotk] Evaluating 1 configuration(s)
INFO  [11:56:03.860] [mlr3] Running benchmark with 5 resampling iterations
INFO  [11:56:03.865] [mlr3] Applying learner 'classif.cv_glmnet' on task 'candi_gene' (iter 1/5)
INFO  [11:56:04.072] [mlr3] Applying learner 'classif.cv_glmnet' on task 'candi_gene' (iter 2/5)
INFO  [11:56:04.265] [mlr3] Applying learner 'classif.cv_glmnet' on task 'candi_gene' (iter 3/5)
INFO  [11:56:04.463] [mlr3] Applying learner 'classif.cv_glmnet' on task 'candi_gene' (iter 4/5)
INFO  [11:56:04.663] [mlr3] Applying learner 'classif.cv_glmnet' on task 'candi_gene' (iter 5/5)
INFO  [11:56:04.853] [mlr3] Finished benchmark
INFO  [11:56:04.877] [bbotk] Result of batch 7:
INFO  [11:56:04.879] [bbotk]  alpha classif.auc warnings errors runtime_learners
INFO  [11:56:04.879] [bbotk]   0.35   0.5665119        0      0            0.947
INFO  [11:56:04.879] [bbotk]                                 uhash
INFO  [11:56:04.879] [bbotk]  0baca8bd-86a5-4feb-8fdf-450577083ed5
INFO  [11:56:04.880] [bbotk] Evaluating 1 configuration(s)
INFO  [11:56:04.903] [mlr3] Running benchmark with 5 resampling iterations
INFO  [11:56:04.908] [mlr3] Applying learner 'classif.cv_glmnet' on task 'candi_gene' (iter 1/5)
INFO  [11:56:05.103] [mlr3] Applying learner 'classif.cv_glmnet' on task 'candi_gene' (iter 2/5)
INFO  [11:56:05.285] [mlr3] Applying learner 'classif.cv_glmnet' on task 'candi_gene' (iter 3/5)
INFO  [11:56:05.473] [mlr3] Applying learner 'classif.cv_glmnet' on task 'candi_gene' (iter 4/5)
INFO  [11:56:05.665] [mlr3] Applying learner 'classif.cv_glmnet' on task 'candi_gene' (iter 5/5)
INFO  [11:56:05.847] [mlr3] Finished benchmark
INFO  [11:56:05.871] [bbotk] Result of batch 8:
INFO  [11:56:05.873] [bbotk]  alpha classif.auc warnings errors runtime_learners
INFO  [11:56:05.873] [bbotk]   0.55   0.5238678        0      0            0.896
INFO  [11:56:05.873] [bbotk]                                 uhash
INFO  [11:56:05.873] [bbotk]  15c602c0-6c1b-4608-ae36-9c3a7c541c20
INFO  [11:56:05.874] [bbotk] Evaluating 1 configuration(s)
INFO  [11:56:05.897] [mlr3] Running benchmark with 5 resampling iterations
INFO  [11:56:05.902] [mlr3] Applying learner 'classif.cv_glmnet' on task 'candi_gene' (iter 1/5)
INFO  [11:56:06.318] [mlr3] Applying learner 'classif.cv_glmnet' on task 'candi_gene' (iter 2/5)
INFO  [11:56:06.743] [mlr3] Applying learner 'classif.cv_glmnet' on task 'candi_gene' (iter 3/5)
INFO  [11:56:07.165] [mlr3] Applying learner 'classif.cv_glmnet' on task 'candi_gene' (iter 4/5)
INFO  [11:56:07.567] [mlr3] Applying learner 'classif.cv_glmnet' on task 'candi_gene' (iter 5/5)
INFO  [11:56:07.986] [mlr3] Finished benchmark
INFO  [11:56:08.011] [bbotk] Result of batch 9:
INFO  [11:56:08.013] [bbotk]  alpha classif.auc warnings errors runtime_learners
INFO  [11:56:08.013] [bbotk]      0   0.5805093        0      0            2.034
INFO  [11:56:08.013] [bbotk]                                 uhash
INFO  [11:56:08.013] [bbotk]  959a307e-5b07-47f0-bfb7-0f67e2375fbf
INFO  [11:56:08.014] [bbotk] Evaluating 1 configuration(s)
INFO  [11:56:08.037] [mlr3] Running benchmark with 5 resampling iterations
INFO  [11:56:08.041] [mlr3] Applying learner 'classif.cv_glmnet' on task 'candi_gene' (iter 1/5)
INFO  [11:56:08.276] [mlr3] Applying learner 'classif.cv_glmnet' on task 'candi_gene' (iter 2/5)
INFO  [11:56:08.497] [mlr3] Applying learner 'classif.cv_glmnet' on task 'candi_gene' (iter 3/5)
INFO  [11:56:08.727] [mlr3] Applying learner 'classif.cv_glmnet' on task 'candi_gene' (iter 4/5)
INFO  [11:56:08.955] [mlr3] Applying learner 'classif.cv_glmnet' on task 'candi_gene' (iter 5/5)
INFO  [11:56:09.175] [mlr3] Finished benchmark
INFO  [11:56:09.200] [bbotk] Result of batch 10:
INFO  [11:56:09.202] [bbotk]  alpha classif.auc warnings errors runtime_learners
INFO  [11:56:09.202] [bbotk]   0.15   0.6100099        0      0            1.089
INFO  [11:56:09.202] [bbotk]                                 uhash
INFO  [11:56:09.202] [bbotk]  fb725c19-99f9-4558-b5ec-3b5025475196
INFO  [11:56:09.203] [bbotk] Evaluating 1 configuration(s)
INFO  [11:56:09.226] [mlr3] Running benchmark with 5 resampling iterations
INFO  [11:56:09.230] [mlr3] Applying learner 'classif.cv_glmnet' on task 'candi_gene' (iter 1/5)
INFO  [11:56:09.416] [mlr3] Applying learner 'classif.cv_glmnet' on task 'candi_gene' (iter 2/5)
INFO  [11:56:09.597] [mlr3] Applying learner 'classif.cv_glmnet' on task 'candi_gene' (iter 3/5)
INFO  [11:56:09.784] [mlr3] Applying learner 'classif.cv_glmnet' on task 'candi_gene' (iter 4/5)
INFO  [11:56:09.970] [mlr3] Applying learner 'classif.cv_glmnet' on task 'candi_gene' (iter 5/5)
INFO  [11:56:10.156] [mlr3] Finished benchmark
INFO  [11:56:10.180] [bbotk] Result of batch 11:
INFO  [11:56:10.182] [bbotk]  alpha classif.auc warnings errors runtime_learners
INFO  [11:56:10.182] [bbotk]   0.65   0.5703106        0      0            0.883
INFO  [11:56:10.182] [bbotk]                                 uhash
INFO  [11:56:10.182] [bbotk]  f626dcaa-b57b-4ee8-9a6d-159512316f96
INFO  [11:56:10.184] [bbotk] Evaluating 1 configuration(s)
INFO  [11:56:10.206] [mlr3] Running benchmark with 5 resampling iterations
INFO  [11:56:10.211] [mlr3] Applying learner 'classif.cv_glmnet' on task 'candi_gene' (iter 1/5)
INFO  [11:56:10.402] [mlr3] Applying learner 'classif.cv_glmnet' on task 'candi_gene' (iter 2/5)
INFO  [11:56:10.579] [mlr3] Applying learner 'classif.cv_glmnet' on task 'candi_gene' (iter 3/5)
INFO  [11:56:10.764] [mlr3] Applying learner 'classif.cv_glmnet' on task 'candi_gene' (iter 4/5)
INFO  [11:56:10.945] [mlr3] Applying learner 'classif.cv_glmnet' on task 'candi_gene' (iter 5/5)
INFO  [11:56:11.128] [mlr3] Finished benchmark
INFO  [11:56:11.153] [bbotk] Result of batch 12:
INFO  [11:56:11.155] [bbotk]  alpha classif.auc warnings errors runtime_learners
INFO  [11:56:11.155] [bbotk]   0.85   0.5216033        0      0            0.877
INFO  [11:56:11.155] [bbotk]                                 uhash
INFO  [11:56:11.155] [bbotk]  2d4b24a5-5654-44f8-86df-7f5362a0e8cd
INFO  [11:56:11.156] [bbotk] Evaluating 1 configuration(s)
INFO  [11:56:11.179] [mlr3] Running benchmark with 5 resampling iterations
INFO  [11:56:11.184] [mlr3] Applying learner 'classif.cv_glmnet' on task 'candi_gene' (iter 1/5)
INFO  [11:56:11.409] [mlr3] Applying learner 'classif.cv_glmnet' on task 'candi_gene' (iter 2/5)
INFO  [11:56:11.625] [mlr3] Applying learner 'classif.cv_glmnet' on task 'candi_gene' (iter 3/5)
INFO  [11:56:11.853] [mlr3] Applying learner 'classif.cv_glmnet' on task 'candi_gene' (iter 4/5)
INFO  [11:56:12.071] [mlr3] Applying learner 'classif.cv_glmnet' on task 'candi_gene' (iter 5/5)
INFO  [11:56:12.285] [mlr3] Finished benchmark
INFO  [11:56:12.310] [bbotk] Result of batch 13:
INFO  [11:56:12.312] [bbotk]  alpha classif.auc warnings errors runtime_learners
INFO  [11:56:12.312] [bbotk]    0.2   0.6043348        0      0            1.059
INFO  [11:56:12.312] [bbotk]                                 uhash
INFO  [11:56:12.312] [bbotk]  b3453acd-07da-49dd-acdd-aff18409361e
INFO  [11:56:12.313] [bbotk] Evaluating 1 configuration(s)
INFO  [11:56:12.336] [mlr3] Running benchmark with 5 resampling iterations
INFO  [11:56:12.341] [mlr3] Applying learner 'classif.cv_glmnet' on task 'candi_gene' (iter 1/5)
INFO  [11:56:12.538] [mlr3] Applying learner 'classif.cv_glmnet' on task 'candi_gene' (iter 2/5)
INFO  [11:56:12.729] [mlr3] Applying learner 'classif.cv_glmnet' on task 'candi_gene' (iter 3/5)
INFO  [11:56:12.926] [mlr3] Applying learner 'classif.cv_glmnet' on task 'candi_gene' (iter 4/5)
INFO  [11:56:13.127] [mlr3] Applying learner 'classif.cv_glmnet' on task 'candi_gene' (iter 5/5)
INFO  [11:56:13.311] [mlr3] Finished benchmark
INFO  [11:56:13.335] [bbotk] Result of batch 14:
INFO  [11:56:13.337] [bbotk]  alpha classif.auc warnings errors runtime_learners
INFO  [11:56:13.337] [bbotk]   0.45   0.4895833        0      0            0.926
INFO  [11:56:13.337] [bbotk]                                 uhash
INFO  [11:56:13.337] [bbotk]  91d601fb-2e68-4ea9-a3af-8187fe266009
INFO  [11:56:13.339] [bbotk] Evaluating 1 configuration(s)
INFO  [11:56:13.369] [mlr3] Running benchmark with 5 resampling iterations
INFO  [11:56:13.374] [mlr3] Applying learner 'classif.cv_glmnet' on task 'candi_gene' (iter 1/5)
INFO  [11:56:13.580] [mlr3] Applying learner 'classif.cv_glmnet' on task 'candi_gene' (iter 2/5)
INFO  [11:56:13.780] [mlr3] Applying learner 'classif.cv_glmnet' on task 'candi_gene' (iter 3/5)
INFO  [11:56:13.994] [mlr3] Applying learner 'classif.cv_glmnet' on task 'candi_gene' (iter 4/5)
INFO  [11:56:14.204] [mlr3] Applying learner 'classif.cv_glmnet' on task 'candi_gene' (iter 5/5)
INFO  [11:56:14.402] [mlr3] Finished benchmark
INFO  [11:56:14.430] [bbotk] Result of batch 15:
INFO  [11:56:14.432] [bbotk]  alpha classif.auc warnings errors runtime_learners
INFO  [11:56:14.432] [bbotk]    0.3   0.5115663        0      0            0.984
INFO  [11:56:14.432] [bbotk]                                 uhash
INFO  [11:56:14.432] [bbotk]  a82afe98-e563-441e-9981-f281a0ad4253
INFO  [11:56:14.433] [bbotk] Evaluating 1 configuration(s)
INFO  [11:56:14.456] [mlr3] Running benchmark with 5 resampling iterations
INFO  [11:56:14.461] [mlr3] Applying learner 'classif.cv_glmnet' on task 'candi_gene' (iter 1/5)
INFO  [11:56:14.736] [mlr3] Applying learner 'classif.cv_glmnet' on task 'candi_gene' (iter 2/5)
INFO  [11:56:14.991] [mlr3] Applying learner 'classif.cv_glmnet' on task 'candi_gene' (iter 3/5)
INFO  [11:56:15.261] [mlr3] Applying learner 'classif.cv_glmnet' on task 'candi_gene' (iter 4/5)
INFO  [11:56:15.540] [mlr3] Applying learner 'classif.cv_glmnet' on task 'candi_gene' (iter 5/5)
INFO  [11:56:15.798] [mlr3] Finished benchmark
INFO  [11:56:15.823] [bbotk] Result of batch 16:
INFO  [11:56:15.825] [bbotk]  alpha classif.auc warnings errors runtime_learners
INFO  [11:56:15.825] [bbotk]   0.05   0.6408929        0      0            1.294
INFO  [11:56:15.825] [bbotk]                                 uhash
INFO  [11:56:15.825] [bbotk]  7527bd70-917b-4624-8188-d044dc109aed
INFO  [11:56:15.827] [bbotk] Evaluating 1 configuration(s)
INFO  [11:56:15.849] [mlr3] Running benchmark with 5 resampling iterations
INFO  [11:56:15.854] [mlr3] Applying learner 'classif.cv_glmnet' on task 'candi_gene' (iter 1/5)
INFO  [11:56:16.062] [mlr3] Applying learner 'classif.cv_glmnet' on task 'candi_gene' (iter 2/5)
INFO  [11:56:16.247] [mlr3] Applying learner 'classif.cv_glmnet' on task 'candi_gene' (iter 3/5)
INFO  [11:56:16.438] [mlr3] Applying learner 'classif.cv_glmnet' on task 'candi_gene' (iter 4/5)
INFO  [11:56:16.630] [mlr3] Applying learner 'classif.cv_glmnet' on task 'candi_gene' (iter 5/5)
INFO  [11:56:17.181] [mlr3] Finished benchmark
INFO  [11:56:17.206] [bbotk] Result of batch 17:
INFO  [11:56:17.208] [bbotk]  alpha classif.auc warnings errors runtime_learners
INFO  [11:56:17.208] [bbotk]    0.6   0.5269475        0      0            1.286
INFO  [11:56:17.208] [bbotk]                                 uhash
INFO  [11:56:17.208] [bbotk]  d9b47d26-9927-4215-b717-154624893615
INFO  [11:56:17.209] [bbotk] Evaluating 1 configuration(s)
INFO  [11:56:17.232] [mlr3] Running benchmark with 5 resampling iterations
INFO  [11:56:17.236] [mlr3] Applying learner 'classif.cv_glmnet' on task 'candi_gene' (iter 1/5)
INFO  [11:56:17.427] [mlr3] Applying learner 'classif.cv_glmnet' on task 'candi_gene' (iter 2/5)
INFO  [11:56:17.596] [mlr3] Applying learner 'classif.cv_glmnet' on task 'candi_gene' (iter 3/5)
INFO  [11:56:17.785] [mlr3] Applying learner 'classif.cv_glmnet' on task 'candi_gene' (iter 4/5)
INFO  [11:56:17.969] [mlr3] Applying learner 'classif.cv_glmnet' on task 'candi_gene' (iter 5/5)
INFO  [11:56:18.152] [mlr3] Finished benchmark
INFO  [11:56:18.177] [bbotk] Result of batch 18:
INFO  [11:56:18.179] [bbotk]  alpha classif.auc warnings errors runtime_learners
INFO  [11:56:18.179] [bbotk]      1   0.4958333        0      0            0.874
INFO  [11:56:18.179] [bbotk]                                 uhash
INFO  [11:56:18.179] [bbotk]  3b29cfcb-fcec-40e8-aed7-8a3bfc2b7bdb
INFO  [11:56:18.180] [bbotk] Evaluating 1 configuration(s)
INFO  [11:56:18.203] [mlr3] Running benchmark with 5 resampling iterations
INFO  [11:56:18.208] [mlr3] Applying learner 'classif.cv_glmnet' on task 'candi_gene' (iter 1/5)
INFO  [11:56:18.453] [mlr3] Applying learner 'classif.cv_glmnet' on task 'candi_gene' (iter 2/5)
INFO  [11:56:18.684] [mlr3] Applying learner 'classif.cv_glmnet' on task 'candi_gene' (iter 3/5)
INFO  [11:56:18.926] [mlr3] Applying learner 'classif.cv_glmnet' on task 'candi_gene' (iter 4/5)
INFO  [11:56:19.168] [mlr3] Applying learner 'classif.cv_glmnet' on task 'candi_gene' (iter 5/5)
INFO  [11:56:19.399] [mlr3] Finished benchmark
INFO  [11:56:19.424] [bbotk] Result of batch 19:
INFO  [11:56:19.426] [bbotk]  alpha classif.auc warnings errors runtime_learners
INFO  [11:56:19.426] [bbotk]    0.1   0.6691995        0      0             1.15
INFO  [11:56:19.426] [bbotk]                                 uhash
INFO  [11:56:19.426] [bbotk]  3bf554ea-81b6-4f5c-9300-34bd69df30cc
INFO  [11:56:19.427] [bbotk] Evaluating 1 configuration(s)
INFO  [11:56:19.449] [mlr3] Running benchmark with 5 resampling iterations
INFO  [11:56:19.454] [mlr3] Applying learner 'classif.cv_glmnet' on task 'candi_gene' (iter 1/5)
INFO  [11:56:19.646] [mlr3] Applying learner 'classif.cv_glmnet' on task 'candi_gene' (iter 2/5)
INFO  [11:56:19.826] [mlr3] Applying learner 'classif.cv_glmnet' on task 'candi_gene' (iter 3/5)
INFO  [11:56:20.011] [mlr3] Applying learner 'classif.cv_glmnet' on task 'candi_gene' (iter 4/5)
INFO  [11:56:20.189] [mlr3] Applying learner 'classif.cv_glmnet' on task 'candi_gene' (iter 5/5)
INFO  [11:56:20.371] [mlr3] Finished benchmark
INFO  [11:56:20.396] [bbotk] Result of batch 20:
INFO  [11:56:20.398] [bbotk]  alpha classif.auc warnings errors runtime_learners
INFO  [11:56:20.398] [bbotk]    0.7   0.5750738        0      0            0.876
INFO  [11:56:20.398] [bbotk]                                 uhash
INFO  [11:56:20.398] [bbotk]  20c4581f-568b-4d1a-8d6e-b09173f9c9a9
INFO  [11:56:20.399] [bbotk] Evaluating 1 configuration(s)
INFO  [11:56:20.422] [mlr3] Running benchmark with 5 resampling iterations
INFO  [11:56:20.426] [mlr3] Applying learner 'classif.cv_glmnet' on task 'candi_gene' (iter 1/5)
INFO  [11:56:20.616] [mlr3] Applying learner 'classif.cv_glmnet' on task 'candi_gene' (iter 2/5)
INFO  [11:56:20.792] [mlr3] Applying learner 'classif.cv_glmnet' on task 'candi_gene' (iter 3/5)
INFO  [11:56:20.974] [mlr3] Applying learner 'classif.cv_glmnet' on task 'candi_gene' (iter 4/5)
INFO  [11:56:21.156] [mlr3] Applying learner 'classif.cv_glmnet' on task 'candi_gene' (iter 5/5)
INFO  [11:56:21.340] [mlr3] Finished benchmark
INFO  [11:56:21.365] [bbotk] Result of batch 21:
INFO  [11:56:21.367] [bbotk]  alpha classif.auc warnings errors runtime_learners
INFO  [11:56:21.367] [bbotk]    0.8   0.5133605        0      0            0.872
INFO  [11:56:21.367] [bbotk]                                 uhash
INFO  [11:56:21.367] [bbotk]  7aaf00d1-477b-4843-b36b-081fdb11cafa
INFO  [11:56:21.372] [bbotk] Finished optimizing after 21 evaluation(s)
INFO  [11:56:21.372] [bbotk] Result:
INFO  [11:56:21.375] [bbotk]   alpha learner_param_vals x_domain classif.auc
INFO  [11:56:21.375] [bbotk]  <char>             <list>   <list>       <num>
INFO  [11:56:21.375] [bbotk]     0.1       c(7.8947....      0.1   0.6691995
