Conda environment: *
R version 4.3.1 (2023-06-16)
Platform: x86_64-conda-linux-gnu (64-bit)
Running under: Red Hat Enterprise Linux 8.3 (Ootpa)

Matrix products: default
BLAS/LAPACK: /ess/home/home1/beiw/miniconda3/envs/5hmc_os_env/lib/libopenblasp-r0.3.27.so;  LAPACK version 3.12.0

locale:
[1] C

time zone: America/Chicago
tzcode source: system (glibc)

attached base packages:
[1] stats4    stats     graphics  grDevices utils     datasets  methods  
[8] base     

other attached packages:
 [1] conflicted_1.2.0            DESeq2_1.40.2              
 [3] SummarizedExperiment_1.30.2 Biobase_2.60.0             
 [5] MatrixGenerics_1.12.2       matrixStats_1.2.0          
 [7] GenomicRanges_1.52.0        GenomeInfoDb_1.36.1        
 [9] IRanges_2.34.1              S4Vectors_0.38.1           
[11] BiocGenerics_0.46.0         glmnet_4.1-8               
[13] Matrix_1.6-5                mlr3learners_0.5.8         
[15] mlr3tuning_0.19.0           paradox_0.11.1             
[17] mlr3_0.19.0                 lubridate_1.9.3            
[19] forcats_1.0.0               stringr_1.5.1              
[21] purrr_1.0.2                 readr_2.1.5                
[23] tidyr_1.3.1                 tibble_3.2.1               
[25] ggplot2_3.4.4               tidyverse_2.0.0            
[27] dplyr_1.1.4                

loaded via a namespace (and not attached):
 [1] gtable_0.3.4            shape_1.4.6             lattice_0.21-9         
 [4] tzdb_0.4.0              bitops_1.0-7            vctrs_0.6.4            
 [7] tools_4.3.1             generics_0.1.3          parallel_4.3.1         
[10] fansi_1.0.5             pkgconfig_2.0.3         data.table_1.15.2      
[13] checkmate_2.3.1         uuid_1.1-1              GenomeInfoDbData_1.2.11
[16] lifecycle_1.0.3         compiler_4.3.1          munsell_0.5.0          
[19] RhpcBLASctl_0.23-42     codetools_0.2-20        bbotk_0.7.2            
[22] RCurl_1.98-1.12         pillar_1.9.0            crayon_1.5.2           
[25] BiocParallel_1.34.2     cachem_1.0.8            DelayedArray_0.26.6    
[28] iterators_1.0.14        foreach_1.5.2           parallelly_1.37.1      
[31] locfit_1.5-9.8          tidyselect_1.2.0        digest_0.6.35          
[34] stringi_1.7.12          future_1.33.2           listenv_0.9.1          
[37] splines_4.3.1           fastmap_1.1.1           grid_4.3.1             
[40] colorspace_2.1-0        cli_3.6.1               magrittr_2.0.3         
[43] S4Arrays_1.0.4          survival_3.5-7          utf8_1.2.4             
[46] withr_2.5.1             scales_1.2.1            backports_1.4.1        
[49] timechange_0.2.0        XVector_0.40.0          globals_0.16.3         
[52] hms_1.1.3               memoise_2.0.1           mlr3misc_0.15.0        
[55] rlang_1.1.1             Rcpp_1.0.11             glue_1.6.2             
[58] palmerpenguins_0.1.1    lgr_0.4.4               R6_2.5.1               
[61] zlibbioc_1.46.0        
INFO  [11:56:38.137] [bbotk] Starting to optimize 1 parameter(s) with '<TunerGridSearch>' and '<TerminatorNone>'
INFO  [11:56:38.162] [bbotk] Evaluating 1 configuration(s)
INFO  [11:56:38.196] [mlr3] Running benchmark with 5 resampling iterations
INFO  [11:56:38.230] [mlr3] Applying learner 'classif.cv_glmnet' on task 'candi_gene' (iter 1/5)
INFO  [11:56:38.918] [mlr3] Applying learner 'classif.cv_glmnet' on task 'candi_gene' (iter 2/5)
INFO  [11:56:39.110] [mlr3] Applying learner 'classif.cv_glmnet' on task 'candi_gene' (iter 3/5)
INFO  [11:56:39.292] [mlr3] Applying learner 'classif.cv_glmnet' on task 'candi_gene' (iter 4/5)
INFO  [11:56:39.470] [mlr3] Applying learner 'classif.cv_glmnet' on task 'candi_gene' (iter 5/5)
INFO  [11:56:39.668] [mlr3] Finished benchmark
INFO  [11:56:39.695] [bbotk] Result of batch 1:
INFO  [11:56:39.699] [bbotk]  alpha classif.auc warnings errors runtime_learners
INFO  [11:56:39.699] [bbotk]    0.7   0.5788869        0      0             1.39
INFO  [11:56:39.699] [bbotk]                                 uhash
INFO  [11:56:39.699] [bbotk]  32fd3d2a-f4db-4056-9418-2dc189143a03
INFO  [11:56:39.701] [bbotk] Evaluating 1 configuration(s)
INFO  [11:56:39.725] [mlr3] Running benchmark with 5 resampling iterations
INFO  [11:56:39.730] [mlr3] Applying learner 'classif.cv_glmnet' on task 'candi_gene' (iter 1/5)
INFO  [11:56:39.920] [mlr3] Applying learner 'classif.cv_glmnet' on task 'candi_gene' (iter 2/5)
INFO  [11:56:40.114] [mlr3] Applying learner 'classif.cv_glmnet' on task 'candi_gene' (iter 3/5)
INFO  [11:56:40.298] [mlr3] Applying learner 'classif.cv_glmnet' on task 'candi_gene' (iter 4/5)
INFO  [11:56:40.472] [mlr3] Applying learner 'classif.cv_glmnet' on task 'candi_gene' (iter 5/5)
INFO  [11:56:40.652] [mlr3] Finished benchmark
INFO  [11:56:40.677] [bbotk] Result of batch 2:
INFO  [11:56:40.679] [bbotk]  alpha classif.auc warnings errors runtime_learners
INFO  [11:56:40.679] [bbotk]    0.8   0.4930909        0      0            0.875
INFO  [11:56:40.679] [bbotk]                                 uhash
INFO  [11:56:40.679] [bbotk]  48dabfc1-742a-431c-a3ea-4c1db9ea4ccc
INFO  [11:56:40.680] [bbotk] Evaluating 1 configuration(s)
INFO  [11:56:40.703] [mlr3] Running benchmark with 5 resampling iterations
INFO  [11:56:40.708] [mlr3] Applying learner 'classif.cv_glmnet' on task 'candi_gene' (iter 1/5)
INFO  [11:56:40.900] [mlr3] Applying learner 'classif.cv_glmnet' on task 'candi_gene' (iter 2/5)
INFO  [11:56:41.093] [mlr3] Applying learner 'classif.cv_glmnet' on task 'candi_gene' (iter 3/5)
INFO  [11:56:41.273] [mlr3] Applying learner 'classif.cv_glmnet' on task 'candi_gene' (iter 4/5)
INFO  [11:56:41.452] [mlr3] Applying learner 'classif.cv_glmnet' on task 'candi_gene' (iter 5/5)
INFO  [11:56:41.637] [mlr3] Finished benchmark
INFO  [11:56:41.661] [bbotk] Result of batch 3:
INFO  [11:56:41.664] [bbotk]  alpha classif.auc warnings errors runtime_learners
INFO  [11:56:41.664] [bbotk]   0.95   0.5611429        0      0            0.885
INFO  [11:56:41.664] [bbotk]                                 uhash
INFO  [11:56:41.664] [bbotk]  69f49fee-4400-48b1-a4e8-88cac21a9f2d
INFO  [11:56:41.665] [bbotk] Evaluating 1 configuration(s)
INFO  [11:56:41.688] [mlr3] Running benchmark with 5 resampling iterations
INFO  [11:56:41.693] [mlr3] Applying learner 'classif.cv_glmnet' on task 'candi_gene' (iter 1/5)
INFO  [11:56:41.906] [mlr3] Applying learner 'classif.cv_glmnet' on task 'candi_gene' (iter 2/5)
INFO  [11:56:42.109] [mlr3] Applying learner 'classif.cv_glmnet' on task 'candi_gene' (iter 3/5)
INFO  [11:56:42.301] [mlr3] Applying learner 'classif.cv_glmnet' on task 'candi_gene' (iter 4/5)
INFO  [11:56:42.882] [mlr3] Applying learner 'classif.cv_glmnet' on task 'candi_gene' (iter 5/5)
INFO  [11:56:43.097] [mlr3] Finished benchmark
INFO  [11:56:43.122] [bbotk] Result of batch 4:
INFO  [11:56:43.124] [bbotk]  alpha classif.auc warnings errors runtime_learners
INFO  [11:56:43.124] [bbotk]   0.35   0.4848036        0      0            1.355
INFO  [11:56:43.124] [bbotk]                                 uhash
INFO  [11:56:43.124] [bbotk]  90fe8860-88bb-4e04-88f2-fc5885237782
INFO  [11:56:43.125] [bbotk] Evaluating 1 configuration(s)
INFO  [11:56:43.148] [mlr3] Running benchmark with 5 resampling iterations
INFO  [11:56:43.152] [mlr3] Applying learner 'classif.cv_glmnet' on task 'candi_gene' (iter 1/5)
INFO  [11:56:43.379] [mlr3] Applying learner 'classif.cv_glmnet' on task 'candi_gene' (iter 2/5)
INFO  [11:56:43.595] [mlr3] Applying learner 'classif.cv_glmnet' on task 'candi_gene' (iter 3/5)
INFO  [11:56:43.793] [mlr3] Applying learner 'classif.cv_glmnet' on task 'candi_gene' (iter 4/5)
INFO  [11:56:44.006] [mlr3] Applying learner 'classif.cv_glmnet' on task 'candi_gene' (iter 5/5)
INFO  [11:56:44.236] [mlr3] Finished benchmark
INFO  [11:56:44.261] [bbotk] Result of batch 5:
INFO  [11:56:44.263] [bbotk]  alpha classif.auc warnings errors runtime_learners
INFO  [11:56:44.263] [bbotk]    0.2   0.5990427        0      0            1.038
INFO  [11:56:44.263] [bbotk]                                 uhash
INFO  [11:56:44.263] [bbotk]  a23de5fa-536a-42bf-b54c-6cb46f009f73
INFO  [11:56:44.264] [bbotk] Evaluating 1 configuration(s)
INFO  [11:56:44.287] [mlr3] Running benchmark with 5 resampling iterations
INFO  [11:56:44.292] [mlr3] Applying learner 'classif.cv_glmnet' on task 'candi_gene' (iter 1/5)
INFO  [11:56:44.529] [mlr3] Applying learner 'classif.cv_glmnet' on task 'candi_gene' (iter 2/5)
INFO  [11:56:44.752] [mlr3] Applying learner 'classif.cv_glmnet' on task 'candi_gene' (iter 3/5)
INFO  [11:56:44.967] [mlr3] Applying learner 'classif.cv_glmnet' on task 'candi_gene' (iter 4/5)
INFO  [11:56:45.181] [mlr3] Applying learner 'classif.cv_glmnet' on task 'candi_gene' (iter 5/5)
INFO  [11:56:45.416] [mlr3] Finished benchmark
INFO  [11:56:45.441] [bbotk] Result of batch 6:
INFO  [11:56:45.444] [bbotk]  alpha classif.auc warnings errors runtime_learners
INFO  [11:56:45.444] [bbotk]   0.15   0.5530617        0      0            1.082
INFO  [11:56:45.444] [bbotk]                                 uhash
INFO  [11:56:45.444] [bbotk]  eed13099-2cb2-4122-820c-28cd4674ba00
INFO  [11:56:45.445] [bbotk] Evaluating 1 configuration(s)
INFO  [11:56:45.468] [mlr3] Running benchmark with 5 resampling iterations
INFO  [11:56:45.473] [mlr3] Applying learner 'classif.cv_glmnet' on task 'candi_gene' (iter 1/5)
INFO  [11:56:45.668] [mlr3] Applying learner 'classif.cv_glmnet' on task 'candi_gene' (iter 2/5)
INFO  [11:56:45.857] [mlr3] Applying learner 'classif.cv_glmnet' on task 'candi_gene' (iter 3/5)
INFO  [11:56:46.033] [mlr3] Applying learner 'classif.cv_glmnet' on task 'candi_gene' (iter 4/5)
INFO  [11:56:46.207] [mlr3] Applying learner 'classif.cv_glmnet' on task 'candi_gene' (iter 5/5)
INFO  [11:56:46.379] [mlr3] Finished benchmark
INFO  [11:56:46.410] [bbotk] Result of batch 7:
INFO  [11:56:46.412] [bbotk]  alpha classif.auc warnings errors runtime_learners
INFO  [11:56:46.412] [bbotk]      1   0.5019778        0      0            0.863
INFO  [11:56:46.412] [bbotk]                                 uhash
INFO  [11:56:46.412] [bbotk]  5ae74518-6bbe-4634-b016-57bb8d9eb8a8
INFO  [11:56:46.413] [bbotk] Evaluating 1 configuration(s)
INFO  [11:56:46.437] [mlr3] Running benchmark with 5 resampling iterations
INFO  [11:56:46.441] [mlr3] Applying learner 'classif.cv_glmnet' on task 'candi_gene' (iter 1/5)
INFO  [11:56:46.828] [mlr3] Applying learner 'classif.cv_glmnet' on task 'candi_gene' (iter 2/5)
INFO  [11:56:47.264] [mlr3] Applying learner 'classif.cv_glmnet' on task 'candi_gene' (iter 3/5)
INFO  [11:56:47.679] [mlr3] Applying learner 'classif.cv_glmnet' on task 'candi_gene' (iter 4/5)
INFO  [11:56:48.099] [mlr3] Applying learner 'classif.cv_glmnet' on task 'candi_gene' (iter 5/5)
INFO  [11:56:48.491] [mlr3] Finished benchmark
INFO  [11:56:48.516] [bbotk] Result of batch 8:
INFO  [11:56:48.518] [bbotk]  alpha classif.auc warnings errors runtime_learners
INFO  [11:56:48.518] [bbotk]      0   0.6273869        0      0            2.004
INFO  [11:56:48.518] [bbotk]                                 uhash
INFO  [11:56:48.518] [bbotk]  1221a3ee-cb77-47ea-8d55-65c8eb1dc14a
INFO  [11:56:48.519] [bbotk] Evaluating 1 configuration(s)
INFO  [11:56:48.542] [mlr3] Running benchmark with 5 resampling iterations
INFO  [11:56:48.547] [mlr3] Applying learner 'classif.cv_glmnet' on task 'candi_gene' (iter 1/5)
INFO  [11:56:48.740] [mlr3] Applying learner 'classif.cv_glmnet' on task 'candi_gene' (iter 2/5)
INFO  [11:56:48.924] [mlr3] Applying learner 'classif.cv_glmnet' on task 'candi_gene' (iter 3/5)
INFO  [11:56:49.094] [mlr3] Applying learner 'classif.cv_glmnet' on task 'candi_gene' (iter 4/5)
INFO  [11:56:49.268] [mlr3] Applying learner 'classif.cv_glmnet' on task 'candi_gene' (iter 5/5)
INFO  [11:56:49.450] [mlr3] Finished benchmark
INFO  [11:56:49.475] [bbotk] Result of batch 9:
INFO  [11:56:49.477] [bbotk]  alpha classif.auc warnings errors runtime_learners
INFO  [11:56:49.477] [bbotk]    0.9   0.5037576        0      0            0.861
INFO  [11:56:49.477] [bbotk]                                 uhash
INFO  [11:56:49.477] [bbotk]  1ee1e057-2e10-4fd2-a23b-521f76c85dc1
INFO  [11:56:49.478] [bbotk] Evaluating 1 configuration(s)
INFO  [11:56:49.501] [mlr3] Running benchmark with 5 resampling iterations
INFO  [11:56:49.506] [mlr3] Applying learner 'classif.cv_glmnet' on task 'candi_gene' (iter 1/5)
INFO  [11:56:49.766] [mlr3] Applying learner 'classif.cv_glmnet' on task 'candi_gene' (iter 2/5)
INFO  [11:56:50.004] [mlr3] Applying learner 'classif.cv_glmnet' on task 'candi_gene' (iter 3/5)
INFO  [11:56:50.242] [mlr3] Applying learner 'classif.cv_glmnet' on task 'candi_gene' (iter 4/5)
INFO  [11:56:50.477] [mlr3] Applying learner 'classif.cv_glmnet' on task 'candi_gene' (iter 5/5)
INFO  [11:56:50.730] [mlr3] Finished benchmark
INFO  [11:56:50.755] [bbotk] Result of batch 10:
INFO  [11:56:50.757] [bbotk]  alpha classif.auc warnings errors runtime_learners
INFO  [11:56:50.757] [bbotk]    0.1   0.6755384        0      0             1.18
INFO  [11:56:50.757] [bbotk]                                 uhash
INFO  [11:56:50.757] [bbotk]  00e1fbb1-e38c-4384-b618-a09aa845378a
INFO  [11:56:50.759] [bbotk] Evaluating 1 configuration(s)
INFO  [11:56:50.782] [mlr3] Running benchmark with 5 resampling iterations
INFO  [11:56:50.786] [mlr3] Applying learner 'classif.cv_glmnet' on task 'candi_gene' (iter 1/5)
INFO  [11:56:51.063] [mlr3] Applying learner 'classif.cv_glmnet' on task 'candi_gene' (iter 2/5)
INFO  [11:56:51.325] [mlr3] Applying learner 'classif.cv_glmnet' on task 'candi_gene' (iter 3/5)
INFO  [11:56:51.580] [mlr3] Applying learner 'classif.cv_glmnet' on task 'candi_gene' (iter 4/5)
INFO  [11:56:51.843] [mlr3] Applying learner 'classif.cv_glmnet' on task 'candi_gene' (iter 5/5)
INFO  [11:56:52.120] [mlr3] Finished benchmark
INFO  [11:56:52.146] [bbotk] Result of batch 11:
INFO  [11:56:52.148] [bbotk]  alpha classif.auc warnings errors runtime_learners
INFO  [11:56:52.148] [bbotk]   0.05   0.7229616        0      0            1.291
INFO  [11:56:52.148] [bbotk]                                 uhash
INFO  [11:56:52.148] [bbotk]  a53e4230-8198-43f3-97e3-82072f3b642e
INFO  [11:56:52.149] [bbotk] Evaluating 1 configuration(s)
INFO  [11:56:52.172] [mlr3] Running benchmark with 5 resampling iterations
INFO  [11:56:52.177] [mlr3] Applying learner 'classif.cv_glmnet' on task 'candi_gene' (iter 1/5)
INFO  [11:56:52.404] [mlr3] Applying learner 'classif.cv_glmnet' on task 'candi_gene' (iter 2/5)
INFO  [11:56:52.616] [mlr3] Applying learner 'classif.cv_glmnet' on task 'candi_gene' (iter 3/5)
INFO  [11:56:52.825] [mlr3] Applying learner 'classif.cv_glmnet' on task 'candi_gene' (iter 4/5)
INFO  [11:56:53.406] [mlr3] Applying learner 'classif.cv_glmnet' on task 'candi_gene' (iter 5/5)
INFO  [11:56:53.619] [mlr3] Finished benchmark
INFO  [11:56:53.650] [bbotk] Result of batch 12:
INFO  [11:56:53.652] [bbotk]  alpha classif.auc warnings errors runtime_learners
INFO  [11:56:53.652] [bbotk]   0.25   0.5829551        0      0            1.392
INFO  [11:56:53.652] [bbotk]                                 uhash
INFO  [11:56:53.652] [bbotk]  c89bfc2c-4723-4058-b8b7-7fa690ecd4be
INFO  [11:56:53.653] [bbotk] Evaluating 1 configuration(s)
INFO  [11:56:53.676] [mlr3] Running benchmark with 5 resampling iterations
INFO  [11:56:53.681] [mlr3] Applying learner 'classif.cv_glmnet' on task 'candi_gene' (iter 1/5)
INFO  [11:56:53.874] [mlr3] Applying learner 'classif.cv_glmnet' on task 'candi_gene' (iter 2/5)
INFO  [11:56:54.068] [mlr3] Applying learner 'classif.cv_glmnet' on task 'candi_gene' (iter 3/5)
INFO  [11:56:54.254] [mlr3] Applying learner 'classif.cv_glmnet' on task 'candi_gene' (iter 4/5)
INFO  [11:56:54.432] [mlr3] Applying learner 'classif.cv_glmnet' on task 'candi_gene' (iter 5/5)
INFO  [11:56:54.634] [mlr3] Finished benchmark
INFO  [11:56:54.659] [bbotk] Result of batch 13:
INFO  [11:56:54.661] [bbotk]  alpha classif.auc warnings errors runtime_learners
INFO  [11:56:54.661] [bbotk]   0.45   0.5025974        0      0            0.907
INFO  [11:56:54.661] [bbotk]                                 uhash
INFO  [11:56:54.661] [bbotk]  73a3112d-fa99-4059-a14b-6fe303afdc44
INFO  [11:56:54.663] [bbotk] Evaluating 1 configuration(s)
INFO  [11:56:54.687] [mlr3] Running benchmark with 5 resampling iterations
INFO  [11:56:54.693] [mlr3] Applying learner 'classif.cv_glmnet' on task 'candi_gene' (iter 1/5)
INFO  [11:56:54.890] [mlr3] Applying learner 'classif.cv_glmnet' on task 'candi_gene' (iter 2/5)
INFO  [11:56:55.070] [mlr3] Applying learner 'classif.cv_glmnet' on task 'candi_gene' (iter 3/5)
INFO  [11:56:55.249] [mlr3] Applying learner 'classif.cv_glmnet' on task 'candi_gene' (iter 4/5)
INFO  [11:56:55.423] [mlr3] Applying learner 'classif.cv_glmnet' on task 'candi_gene' (iter 5/5)
INFO  [11:56:55.606] [mlr3] Finished benchmark
INFO  [11:56:55.632] [bbotk] Result of batch 14:
INFO  [11:56:55.634] [bbotk]  alpha classif.auc warnings errors runtime_learners
INFO  [11:56:55.634] [bbotk]   0.65    0.597744        0      0            0.871
INFO  [11:56:55.634] [bbotk]                                 uhash
INFO  [11:56:55.634] [bbotk]  110bfec3-16f8-43b2-9aa7-2991bcf14fd6
INFO  [11:56:55.635] [bbotk] Evaluating 1 configuration(s)
INFO  [11:56:55.658] [mlr3] Running benchmark with 5 resampling iterations
INFO  [11:56:55.663] [mlr3] Applying learner 'classif.cv_glmnet' on task 'candi_gene' (iter 1/5)
INFO  [11:56:55.853] [mlr3] Applying learner 'classif.cv_glmnet' on task 'candi_gene' (iter 2/5)
INFO  [11:56:56.044] [mlr3] Applying learner 'classif.cv_glmnet' on task 'candi_gene' (iter 3/5)
INFO  [11:56:56.224] [mlr3] Applying learner 'classif.cv_glmnet' on task 'candi_gene' (iter 4/5)
INFO  [11:56:56.393] [mlr3] Applying learner 'classif.cv_glmnet' on task 'candi_gene' (iter 5/5)
INFO  [11:56:56.580] [mlr3] Finished benchmark
INFO  [11:56:56.605] [bbotk] Result of batch 15:
INFO  [11:56:56.607] [bbotk]  alpha classif.auc warnings errors runtime_learners
INFO  [11:56:56.607] [bbotk]    0.6   0.4708571        0      0            0.877
INFO  [11:56:56.607] [bbotk]                                 uhash
INFO  [11:56:56.607] [bbotk]  22c0210c-fbc6-4193-88fa-ef86a6839d6c
INFO  [11:56:56.608] [bbotk] Evaluating 1 configuration(s)
INFO  [11:56:56.631] [mlr3] Running benchmark with 5 resampling iterations
INFO  [11:56:56.636] [mlr3] Applying learner 'classif.cv_glmnet' on task 'candi_gene' (iter 1/5)
INFO  [11:56:56.843] [mlr3] Applying learner 'classif.cv_glmnet' on task 'candi_gene' (iter 2/5)
INFO  [11:56:57.038] [mlr3] Applying learner 'classif.cv_glmnet' on task 'candi_gene' (iter 3/5)
INFO  [11:56:57.218] [mlr3] Applying learner 'classif.cv_glmnet' on task 'candi_gene' (iter 4/5)
INFO  [11:56:57.408] [mlr3] Applying learner 'classif.cv_glmnet' on task 'candi_gene' (iter 5/5)
INFO  [11:56:57.611] [mlr3] Finished benchmark
INFO  [11:56:57.635] [bbotk] Result of batch 16:
INFO  [11:56:57.637] [bbotk]  alpha classif.auc warnings errors runtime_learners
INFO  [11:56:57.637] [bbotk]    0.4   0.5170736        0      0            0.934
INFO  [11:56:57.637] [bbotk]                                 uhash
INFO  [11:56:57.637] [bbotk]  48b5d396-e960-4224-b24f-38e1847f2692
INFO  [11:56:57.639] [bbotk] Evaluating 1 configuration(s)
INFO  [11:56:57.662] [mlr3] Running benchmark with 5 resampling iterations
INFO  [11:56:57.666] [mlr3] Applying learner 'classif.cv_glmnet' on task 'candi_gene' (iter 1/5)
INFO  [11:56:57.863] [mlr3] Applying learner 'classif.cv_glmnet' on task 'candi_gene' (iter 2/5)
INFO  [11:56:58.053] [mlr3] Applying learner 'classif.cv_glmnet' on task 'candi_gene' (iter 3/5)
INFO  [11:56:58.228] [mlr3] Applying learner 'classif.cv_glmnet' on task 'candi_gene' (iter 4/5)
INFO  [11:56:58.397] [mlr3] Applying learner 'classif.cv_glmnet' on task 'candi_gene' (iter 5/5)
INFO  [11:56:58.583] [mlr3] Finished benchmark
INFO  [11:56:58.608] [bbotk] Result of batch 17:
INFO  [11:56:58.610] [bbotk]  alpha classif.auc warnings errors runtime_learners
INFO  [11:56:58.610] [bbotk]   0.75    0.475342        0      0            0.872
INFO  [11:56:58.610] [bbotk]                                 uhash
INFO  [11:56:58.610] [bbotk]  0271eb8e-6954-4a3b-b3f3-63a76bed642e
INFO  [11:56:58.611] [bbotk] Evaluating 1 configuration(s)
INFO  [11:56:58.634] [mlr3] Running benchmark with 5 resampling iterations
INFO  [11:56:58.639] [mlr3] Applying learner 'classif.cv_glmnet' on task 'candi_gene' (iter 1/5)
INFO  [11:56:58.836] [mlr3] Applying learner 'classif.cv_glmnet' on task 'candi_gene' (iter 2/5)
INFO  [11:56:59.026] [mlr3] Applying learner 'classif.cv_glmnet' on task 'candi_gene' (iter 3/5)
INFO  [11:56:59.198] [mlr3] Applying learner 'classif.cv_glmnet' on task 'candi_gene' (iter 4/5)
INFO  [11:56:59.372] [mlr3] Applying learner 'classif.cv_glmnet' on task 'candi_gene' (iter 5/5)
INFO  [11:56:59.548] [mlr3] Finished benchmark
INFO  [11:56:59.573] [bbotk] Result of batch 18:
INFO  [11:56:59.575] [bbotk]  alpha classif.auc warnings errors runtime_learners
INFO  [11:56:59.575] [bbotk]   0.85   0.5911358        0      0            0.866
INFO  [11:56:59.575] [bbotk]                                 uhash
INFO  [11:56:59.575] [bbotk]  7ca06a1e-d85b-4a5f-adcc-0af3a6b49586
INFO  [11:56:59.576] [bbotk] Evaluating 1 configuration(s)
INFO  [11:56:59.599] [mlr3] Running benchmark with 5 resampling iterations
INFO  [11:56:59.604] [mlr3] Applying learner 'classif.cv_glmnet' on task 'candi_gene' (iter 1/5)
INFO  [11:56:59.824] [mlr3] Applying learner 'classif.cv_glmnet' on task 'candi_gene' (iter 2/5)
INFO  [11:57:00.029] [mlr3] Applying learner 'classif.cv_glmnet' on task 'candi_gene' (iter 3/5)
INFO  [11:57:00.226] [mlr3] Applying learner 'classif.cv_glmnet' on task 'candi_gene' (iter 4/5)
INFO  [11:57:00.426] [mlr3] Applying learner 'classif.cv_glmnet' on task 'candi_gene' (iter 5/5)
INFO  [11:57:00.641] [mlr3] Finished benchmark
INFO  [11:57:00.667] [bbotk] Result of batch 19:
INFO  [11:57:00.669] [bbotk]  alpha classif.auc warnings errors runtime_learners
INFO  [11:57:00.669] [bbotk]    0.3    0.575645        0      0            0.998
INFO  [11:57:00.669] [bbotk]                                 uhash
INFO  [11:57:00.669] [bbotk]  c1dffc4d-83d9-489b-99bf-9ebb5bf1e414
INFO  [11:57:00.670] [bbotk] Evaluating 1 configuration(s)
INFO  [11:57:00.693] [mlr3] Running benchmark with 5 resampling iterations
INFO  [11:57:00.698] [mlr3] Applying learner 'classif.cv_glmnet' on task 'candi_gene' (iter 1/5)
INFO  [11:57:00.897] [mlr3] Applying learner 'classif.cv_glmnet' on task 'candi_gene' (iter 2/5)
INFO  [11:57:01.085] [mlr3] Applying learner 'classif.cv_glmnet' on task 'candi_gene' (iter 3/5)
INFO  [11:57:01.267] [mlr3] Applying learner 'classif.cv_glmnet' on task 'candi_gene' (iter 4/5)
INFO  [11:57:01.451] [mlr3] Applying learner 'classif.cv_glmnet' on task 'candi_gene' (iter 5/5)
INFO  [11:57:01.655] [mlr3] Finished benchmark
INFO  [11:57:01.680] [bbotk] Result of batch 20:
INFO  [11:57:01.683] [bbotk]  alpha classif.auc warnings errors runtime_learners
INFO  [11:57:01.683] [bbotk]    0.5   0.5254199        0      0            0.916
INFO  [11:57:01.683] [bbotk]                                 uhash
INFO  [11:57:01.683] [bbotk]  790c2989-5dba-49b6-b1e0-fd0b35eac836
INFO  [11:57:01.684] [bbotk] Evaluating 1 configuration(s)
INFO  [11:57:01.707] [mlr3] Running benchmark with 5 resampling iterations
INFO  [11:57:01.712] [mlr3] Applying learner 'classif.cv_glmnet' on task 'candi_gene' (iter 1/5)
INFO  [11:57:01.917] [mlr3] Applying learner 'classif.cv_glmnet' on task 'candi_gene' (iter 2/5)
INFO  [11:57:02.105] [mlr3] Applying learner 'classif.cv_glmnet' on task 'candi_gene' (iter 3/5)
INFO  [11:57:02.288] [mlr3] Applying learner 'classif.cv_glmnet' on task 'candi_gene' (iter 4/5)
INFO  [11:57:02.471] [mlr3] Applying learner 'classif.cv_glmnet' on task 'candi_gene' (iter 5/5)
INFO  [11:57:02.654] [mlr3] Finished benchmark
INFO  [11:57:02.679] [bbotk] Result of batch 21:
INFO  [11:57:02.681] [bbotk]  alpha classif.auc warnings errors runtime_learners
INFO  [11:57:02.681] [bbotk]   0.55   0.5057143        0      0            0.901
INFO  [11:57:02.681] [bbotk]                                 uhash
INFO  [11:57:02.681] [bbotk]  9bcd9405-2419-4ca9-a4dd-7578aaea565a
INFO  [11:57:02.685] [bbotk] Finished optimizing after 21 evaluation(s)
INFO  [11:57:02.686] [bbotk] Result:
INFO  [11:57:02.689] [bbotk]   alpha learner_param_vals x_domain classif.auc
INFO  [11:57:02.689] [bbotk]  <char>             <list>   <list>       <num>
INFO  [11:57:02.689] [bbotk]    0.05       c(7.8947....     0.05   0.7229616
