Conda environment: *
R version 4.3.1 (2023-06-16)
Platform: x86_64-conda-linux-gnu (64-bit)
Running under: Red Hat Enterprise Linux 8.3 (Ootpa)

Matrix products: default
BLAS/LAPACK: /ess/home/home1/beiw/miniconda3/envs/5hmc_os_env/lib/libopenblasp-r0.3.27.so;  LAPACK version 3.12.0

locale:
[1] C

time zone: America/Chicago
tzcode source: system (glibc)

attached base packages:
[1] stats4    stats     graphics  grDevices utils     datasets  methods  
[8] base     

other attached packages:
 [1] conflicted_1.2.0            DESeq2_1.40.2              
 [3] SummarizedExperiment_1.30.2 Biobase_2.60.0             
 [5] MatrixGenerics_1.12.2       matrixStats_1.2.0          
 [7] GenomicRanges_1.52.0        GenomeInfoDb_1.36.1        
 [9] IRanges_2.34.1              S4Vectors_0.38.1           
[11] BiocGenerics_0.46.0         glmnet_4.1-8               
[13] Matrix_1.6-5                mlr3learners_0.5.8         
[15] mlr3tuning_0.19.0           paradox_0.11.1             
[17] mlr3_0.19.0                 lubridate_1.9.3            
[19] forcats_1.0.0               stringr_1.5.1              
[21] purrr_1.0.2                 readr_2.1.5                
[23] tidyr_1.3.1                 tibble_3.2.1               
[25] ggplot2_3.4.4               tidyverse_2.0.0            
[27] dplyr_1.1.4                

loaded via a namespace (and not attached):
 [1] gtable_0.3.4            shape_1.4.6             lattice_0.21-9         
 [4] tzdb_0.4.0              bitops_1.0-7            vctrs_0.6.4            
 [7] tools_4.3.1             generics_0.1.3          parallel_4.3.1         
[10] fansi_1.0.5             pkgconfig_2.0.3         data.table_1.15.2      
[13] checkmate_2.3.1         uuid_1.1-1              GenomeInfoDbData_1.2.11
[16] lifecycle_1.0.3         compiler_4.3.1          munsell_0.5.0          
[19] RhpcBLASctl_0.23-42     codetools_0.2-20        bbotk_0.7.2            
[22] RCurl_1.98-1.12         pillar_1.9.0            crayon_1.5.2           
[25] BiocParallel_1.34.2     cachem_1.0.8            DelayedArray_0.26.6    
[28] iterators_1.0.14        foreach_1.5.2           parallelly_1.37.1      
[31] locfit_1.5-9.8          tidyselect_1.2.0        digest_0.6.35          
[34] stringi_1.7.12          future_1.33.2           listenv_0.9.1          
[37] splines_4.3.1           fastmap_1.1.1           grid_4.3.1             
[40] colorspace_2.1-0        cli_3.6.1               magrittr_2.0.3         
[43] S4Arrays_1.0.4          survival_3.5-7          utf8_1.2.4             
[46] withr_2.5.1             scales_1.2.1            backports_1.4.1        
[49] timechange_0.2.0        XVector_0.40.0          globals_0.16.3         
[52] hms_1.1.3               memoise_2.0.1           mlr3misc_0.15.0        
[55] rlang_1.1.1             Rcpp_1.0.11             glue_1.6.2             
[58] palmerpenguins_0.1.1    lgr_0.4.4               R6_2.5.1               
[61] zlibbioc_1.46.0        
INFO  [11:56:38.141] [bbotk] Starting to optimize 1 parameter(s) with '<TunerGridSearch>' and '<TerminatorNone>'
INFO  [11:56:38.167] [bbotk] Evaluating 1 configuration(s)
INFO  [11:56:38.200] [mlr3] Running benchmark with 5 resampling iterations
INFO  [11:56:38.235] [mlr3] Applying learner 'classif.cv_glmnet' on task 'candi_gene' (iter 1/5)
INFO  [11:56:38.899] [mlr3] Applying learner 'classif.cv_glmnet' on task 'candi_gene' (iter 2/5)
INFO  [11:56:39.087] [mlr3] Applying learner 'classif.cv_glmnet' on task 'candi_gene' (iter 3/5)
INFO  [11:56:39.271] [mlr3] Applying learner 'classif.cv_glmnet' on task 'candi_gene' (iter 4/5)
INFO  [11:56:39.461] [mlr3] Applying learner 'classif.cv_glmnet' on task 'candi_gene' (iter 5/5)
INFO  [11:56:39.647] [mlr3] Finished benchmark
INFO  [11:56:39.675] [bbotk] Result of batch 1:
INFO  [11:56:39.679] [bbotk]  alpha classif.auc warnings errors runtime_learners
INFO  [11:56:39.679] [bbotk]   0.75   0.5967043        0      0            1.365
INFO  [11:56:39.679] [bbotk]                                 uhash
INFO  [11:56:39.679] [bbotk]  2ae05913-e07f-4090-a782-417ec8db73e2
INFO  [11:56:39.681] [bbotk] Evaluating 1 configuration(s)
INFO  [11:56:39.704] [mlr3] Running benchmark with 5 resampling iterations
INFO  [11:56:39.709] [mlr3] Applying learner 'classif.cv_glmnet' on task 'candi_gene' (iter 1/5)
INFO  [11:56:39.887] [mlr3] Applying learner 'classif.cv_glmnet' on task 'candi_gene' (iter 2/5)
INFO  [11:56:40.080] [mlr3] Applying learner 'classif.cv_glmnet' on task 'candi_gene' (iter 3/5)
INFO  [11:56:40.264] [mlr3] Applying learner 'classif.cv_glmnet' on task 'candi_gene' (iter 4/5)
INFO  [11:56:40.447] [mlr3] Applying learner 'classif.cv_glmnet' on task 'candi_gene' (iter 5/5)
INFO  [11:56:40.633] [mlr3] Finished benchmark
INFO  [11:56:40.659] [bbotk] Result of batch 2:
INFO  [11:56:40.661] [bbotk]  alpha classif.auc warnings errors runtime_learners
INFO  [11:56:40.661] [bbotk]   0.95   0.5310952        0      0            0.881
INFO  [11:56:40.661] [bbotk]                                 uhash
INFO  [11:56:40.661] [bbotk]  2fe6aaa5-48ec-4424-a6a6-4f26e2d6c587
INFO  [11:56:40.662] [bbotk] Evaluating 1 configuration(s)
INFO  [11:56:40.685] [mlr3] Running benchmark with 5 resampling iterations
INFO  [11:56:40.690] [mlr3] Applying learner 'classif.cv_glmnet' on task 'candi_gene' (iter 1/5)
INFO  [11:56:40.894] [mlr3] Applying learner 'classif.cv_glmnet' on task 'candi_gene' (iter 2/5)
INFO  [11:56:41.109] [mlr3] Applying learner 'classif.cv_glmnet' on task 'candi_gene' (iter 3/5)
INFO  [11:56:41.306] [mlr3] Applying learner 'classif.cv_glmnet' on task 'candi_gene' (iter 4/5)
INFO  [11:56:41.517] [mlr3] Applying learner 'classif.cv_glmnet' on task 'candi_gene' (iter 5/5)
INFO  [11:56:41.713] [mlr3] Finished benchmark
INFO  [11:56:41.737] [bbotk] Result of batch 3:
INFO  [11:56:41.739] [bbotk]  alpha classif.auc warnings errors runtime_learners
INFO  [11:56:41.739] [bbotk]   0.35   0.5779029        0      0            0.983
INFO  [11:56:41.739] [bbotk]                                 uhash
INFO  [11:56:41.739] [bbotk]  8b65f735-15de-4526-82e6-55e8b318d271
INFO  [11:56:41.741] [bbotk] Evaluating 1 configuration(s)
INFO  [11:56:41.764] [mlr3] Running benchmark with 5 resampling iterations
INFO  [11:56:41.768] [mlr3] Applying learner 'classif.cv_glmnet' on task 'candi_gene' (iter 1/5)
INFO  [11:56:41.947] [mlr3] Applying learner 'classif.cv_glmnet' on task 'candi_gene' (iter 2/5)
INFO  [11:56:42.140] [mlr3] Applying learner 'classif.cv_glmnet' on task 'candi_gene' (iter 3/5)
INFO  [11:56:42.325] [mlr3] Applying learner 'classif.cv_glmnet' on task 'candi_gene' (iter 4/5)
INFO  [11:56:42.922] [mlr3] Applying learner 'classif.cv_glmnet' on task 'candi_gene' (iter 5/5)
INFO  [11:56:43.099] [mlr3] Finished benchmark
INFO  [11:56:43.124] [bbotk] Result of batch 4:
INFO  [11:56:43.126] [bbotk]  alpha classif.auc warnings errors runtime_learners
INFO  [11:56:43.126] [bbotk]    0.7   0.5740458        0      0             1.29
INFO  [11:56:43.126] [bbotk]                                 uhash
INFO  [11:56:43.126] [bbotk]  72dcaa1f-3baf-447f-b1bb-71d56c8584c8
INFO  [11:56:43.127] [bbotk] Evaluating 1 configuration(s)
INFO  [11:56:43.150] [mlr3] Running benchmark with 5 resampling iterations
INFO  [11:56:43.155] [mlr3] Applying learner 'classif.cv_glmnet' on task 'candi_gene' (iter 1/5)
INFO  [11:56:43.337] [mlr3] Applying learner 'classif.cv_glmnet' on task 'candi_gene' (iter 2/5)
INFO  [11:56:43.528] [mlr3] Applying learner 'classif.cv_glmnet' on task 'candi_gene' (iter 3/5)
INFO  [11:56:43.705] [mlr3] Applying learner 'classif.cv_glmnet' on task 'candi_gene' (iter 4/5)
INFO  [11:56:43.894] [mlr3] Applying learner 'classif.cv_glmnet' on task 'candi_gene' (iter 5/5)
INFO  [11:56:44.076] [mlr3] Finished benchmark
INFO  [11:56:44.101] [bbotk] Result of batch 5:
INFO  [11:56:44.103] [bbotk]  alpha classif.auc warnings errors runtime_learners
INFO  [11:56:44.103] [bbotk]    0.6   0.5102564        0      0             0.88
INFO  [11:56:44.103] [bbotk]                                 uhash
INFO  [11:56:44.103] [bbotk]  63ac9501-ceef-40eb-8d72-62df1aca768e
INFO  [11:56:44.104] [bbotk] Evaluating 1 configuration(s)
INFO  [11:56:44.127] [mlr3] Running benchmark with 5 resampling iterations
INFO  [11:56:44.131] [mlr3] Applying learner 'classif.cv_glmnet' on task 'candi_gene' (iter 1/5)
INFO  [11:56:44.300] [mlr3] Applying learner 'classif.cv_glmnet' on task 'candi_gene' (iter 2/5)
INFO  [11:56:44.488] [mlr3] Applying learner 'classif.cv_glmnet' on task 'candi_gene' (iter 3/5)
INFO  [11:56:44.669] [mlr3] Applying learner 'classif.cv_glmnet' on task 'candi_gene' (iter 4/5)
INFO  [11:56:44.851] [mlr3] Applying learner 'classif.cv_glmnet' on task 'candi_gene' (iter 5/5)
INFO  [11:56:45.032] [mlr3] Finished benchmark
INFO  [11:56:45.057] [bbotk] Result of batch 6:
INFO  [11:56:45.059] [bbotk]  alpha classif.auc warnings errors runtime_learners
INFO  [11:56:45.059] [bbotk]    0.8   0.5487179        0      0            0.856
INFO  [11:56:45.059] [bbotk]                                 uhash
INFO  [11:56:45.059] [bbotk]  7c990652-301b-44ee-bbc8-13f41abf790d
INFO  [11:56:45.061] [bbotk] Evaluating 1 configuration(s)
INFO  [11:56:45.084] [mlr3] Running benchmark with 5 resampling iterations
INFO  [11:56:45.089] [mlr3] Applying learner 'classif.cv_glmnet' on task 'candi_gene' (iter 1/5)
INFO  [11:56:45.263] [mlr3] Applying learner 'classif.cv_glmnet' on task 'candi_gene' (iter 2/5)
INFO  [11:56:45.451] [mlr3] Applying learner 'classif.cv_glmnet' on task 'candi_gene' (iter 3/5)
INFO  [11:56:45.633] [mlr3] Applying learner 'classif.cv_glmnet' on task 'candi_gene' (iter 4/5)
INFO  [11:56:45.815] [mlr3] Applying learner 'classif.cv_glmnet' on task 'candi_gene' (iter 5/5)
INFO  [11:56:45.994] [mlr3] Finished benchmark
INFO  [11:56:46.018] [bbotk] Result of batch 7:
INFO  [11:56:46.020] [bbotk]  alpha classif.auc warnings errors runtime_learners
INFO  [11:56:46.020] [bbotk]      1   0.5688188        0      0            0.862
INFO  [11:56:46.020] [bbotk]                                 uhash
INFO  [11:56:46.020] [bbotk]  12f29773-7879-4a56-b2ed-a27eec3b0bc0
INFO  [11:56:46.022] [bbotk] Evaluating 1 configuration(s)
INFO  [11:56:46.044] [mlr3] Running benchmark with 5 resampling iterations
INFO  [11:56:46.049] [mlr3] Applying learner 'classif.cv_glmnet' on task 'candi_gene' (iter 1/5)
INFO  [11:56:46.245] [mlr3] Applying learner 'classif.cv_glmnet' on task 'candi_gene' (iter 2/5)
INFO  [11:56:46.444] [mlr3] Applying learner 'classif.cv_glmnet' on task 'candi_gene' (iter 3/5)
INFO  [11:56:46.635] [mlr3] Applying learner 'classif.cv_glmnet' on task 'candi_gene' (iter 4/5)
INFO  [11:56:46.829] [mlr3] Applying learner 'classif.cv_glmnet' on task 'candi_gene' (iter 5/5)
INFO  [11:56:47.019] [mlr3] Finished benchmark
INFO  [11:56:47.044] [bbotk] Result of batch 8:
INFO  [11:56:47.046] [bbotk]  alpha classif.auc warnings errors runtime_learners
INFO  [11:56:47.046] [bbotk]    0.4   0.6092947        0      0            0.929
INFO  [11:56:47.046] [bbotk]                                 uhash
INFO  [11:56:47.046] [bbotk]  eaf56573-4a14-4897-b5bf-8035bc65feff
INFO  [11:56:47.047] [bbotk] Evaluating 1 configuration(s)
INFO  [11:56:47.070] [mlr3] Running benchmark with 5 resampling iterations
INFO  [11:56:47.075] [mlr3] Applying learner 'classif.cv_glmnet' on task 'candi_gene' (iter 1/5)
INFO  [11:56:47.348] [mlr3] Applying learner 'classif.cv_glmnet' on task 'candi_gene' (iter 2/5)
INFO  [11:56:47.616] [mlr3] Applying learner 'classif.cv_glmnet' on task 'candi_gene' (iter 3/5)
INFO  [11:56:47.882] [mlr3] Applying learner 'classif.cv_glmnet' on task 'candi_gene' (iter 4/5)
INFO  [11:56:48.143] [mlr3] Applying learner 'classif.cv_glmnet' on task 'candi_gene' (iter 5/5)
INFO  [11:56:48.413] [mlr3] Finished benchmark
INFO  [11:56:48.439] [bbotk] Result of batch 9:
INFO  [11:56:48.441] [bbotk]  alpha classif.auc warnings errors runtime_learners
INFO  [11:56:48.441] [bbotk]   0.05   0.7353287        0      0            1.297
INFO  [11:56:48.441] [bbotk]                                 uhash
INFO  [11:56:48.441] [bbotk]  006d0f78-4a2e-4c7b-aa0d-904ced8d70fb
INFO  [11:56:48.443] [bbotk] Evaluating 1 configuration(s)
INFO  [11:56:48.466] [mlr3] Running benchmark with 5 resampling iterations
INFO  [11:56:48.471] [mlr3] Applying learner 'classif.cv_glmnet' on task 'candi_gene' (iter 1/5)
INFO  [11:56:48.697] [mlr3] Applying learner 'classif.cv_glmnet' on task 'candi_gene' (iter 2/5)
INFO  [11:56:48.907] [mlr3] Applying learner 'classif.cv_glmnet' on task 'candi_gene' (iter 3/5)
INFO  [11:56:49.114] [mlr3] Applying learner 'classif.cv_glmnet' on task 'candi_gene' (iter 4/5)
INFO  [11:56:49.326] [mlr3] Applying learner 'classif.cv_glmnet' on task 'candi_gene' (iter 5/5)
INFO  [11:56:49.534] [mlr3] Finished benchmark
INFO  [11:56:49.559] [bbotk] Result of batch 10:
INFO  [11:56:49.561] [bbotk]  alpha classif.auc warnings errors runtime_learners
INFO  [11:56:49.561] [bbotk]   0.25   0.5761905        0      0            1.022
INFO  [11:56:49.561] [bbotk]                                 uhash
INFO  [11:56:49.561] [bbotk]  02fea762-c841-47d8-8735-8ec733179a9e
INFO  [11:56:49.562] [bbotk] Evaluating 1 configuration(s)
INFO  [11:56:49.585] [mlr3] Running benchmark with 5 resampling iterations
INFO  [11:56:49.590] [mlr3] Applying learner 'classif.cv_glmnet' on task 'candi_gene' (iter 1/5)
INFO  [11:56:49.798] [mlr3] Applying learner 'classif.cv_glmnet' on task 'candi_gene' (iter 2/5)
INFO  [11:56:50.013] [mlr3] Applying learner 'classif.cv_glmnet' on task 'candi_gene' (iter 3/5)
INFO  [11:56:50.208] [mlr3] Applying learner 'classif.cv_glmnet' on task 'candi_gene' (iter 4/5)
INFO  [11:56:50.417] [mlr3] Applying learner 'classif.cv_glmnet' on task 'candi_gene' (iter 5/5)
INFO  [11:56:50.619] [mlr3] Finished benchmark
INFO  [11:56:50.644] [bbotk] Result of batch 11:
INFO  [11:56:50.646] [bbotk]  alpha classif.auc warnings errors runtime_learners
INFO  [11:56:50.646] [bbotk]    0.3   0.6260774        0      0            0.986
INFO  [11:56:50.646] [bbotk]                                 uhash
INFO  [11:56:50.646] [bbotk]  e39d475d-3cd3-40e0-a0ee-19bc4cad670d
INFO  [11:56:50.648] [bbotk] Evaluating 1 configuration(s)
INFO  [11:56:50.671] [mlr3] Running benchmark with 5 resampling iterations
INFO  [11:56:50.675] [mlr3] Applying learner 'classif.cv_glmnet' on task 'candi_gene' (iter 1/5)
INFO  [11:56:50.856] [mlr3] Applying learner 'classif.cv_glmnet' on task 'candi_gene' (iter 2/5)
INFO  [11:56:51.041] [mlr3] Applying learner 'classif.cv_glmnet' on task 'candi_gene' (iter 3/5)
INFO  [11:56:51.227] [mlr3] Applying learner 'classif.cv_glmnet' on task 'candi_gene' (iter 4/5)
INFO  [11:56:51.418] [mlr3] Applying learner 'classif.cv_glmnet' on task 'candi_gene' (iter 5/5)
INFO  [11:56:51.603] [mlr3] Finished benchmark
INFO  [11:56:51.628] [bbotk] Result of batch 12:
INFO  [11:56:51.630] [bbotk]  alpha classif.auc warnings errors runtime_learners
INFO  [11:56:51.630] [bbotk]   0.65   0.5802657        0      0            0.884
INFO  [11:56:51.630] [bbotk]                                 uhash
INFO  [11:56:51.630] [bbotk]  f8ba9b52-5031-41ad-a913-13e5029fdbd7
INFO  [11:56:51.632] [bbotk] Evaluating 1 configuration(s)
INFO  [11:56:51.655] [mlr3] Running benchmark with 5 resampling iterations
INFO  [11:56:51.659] [mlr3] Applying learner 'classif.cv_glmnet' on task 'candi_gene' (iter 1/5)
INFO  [11:56:51.894] [mlr3] Applying learner 'classif.cv_glmnet' on task 'candi_gene' (iter 2/5)
INFO  [11:56:52.131] [mlr3] Applying learner 'classif.cv_glmnet' on task 'candi_gene' (iter 3/5)
INFO  [11:56:52.359] [mlr3] Applying learner 'classif.cv_glmnet' on task 'candi_gene' (iter 4/5)
INFO  [11:56:52.596] [mlr3] Applying learner 'classif.cv_glmnet' on task 'candi_gene' (iter 5/5)
INFO  [11:56:52.826] [mlr3] Finished benchmark
INFO  [11:56:52.851] [bbotk] Result of batch 13:
INFO  [11:56:52.853] [bbotk]  alpha classif.auc warnings errors runtime_learners
INFO  [11:56:52.853] [bbotk]   0.15   0.6649202        0      0            1.121
INFO  [11:56:52.853] [bbotk]                                 uhash
INFO  [11:56:52.853] [bbotk]  3074da7a-84b5-40ff-89a2-71189b95dd76
INFO  [11:56:52.854] [bbotk] Evaluating 1 configuration(s)
INFO  [11:56:52.877] [mlr3] Running benchmark with 5 resampling iterations
INFO  [11:56:52.882] [mlr3] Applying learner 'classif.cv_glmnet' on task 'candi_gene' (iter 1/5)
INFO  [11:56:53.144] [mlr3] Applying learner 'classif.cv_glmnet' on task 'candi_gene' (iter 2/5)
INFO  [11:56:53.398] [mlr3] Applying learner 'classif.cv_glmnet' on task 'candi_gene' (iter 3/5)
INFO  [11:56:53.644] [mlr3] Applying learner 'classif.cv_glmnet' on task 'candi_gene' (iter 4/5)
INFO  [11:56:53.887] [mlr3] Applying learner 'classif.cv_glmnet' on task 'candi_gene' (iter 5/5)
INFO  [11:56:54.128] [mlr3] Finished benchmark
INFO  [11:56:54.153] [bbotk] Result of batch 14:
INFO  [11:56:54.155] [bbotk]  alpha classif.auc warnings errors runtime_learners
INFO  [11:56:54.155] [bbotk]    0.1   0.7153302        0      0            1.207
INFO  [11:56:54.155] [bbotk]                                 uhash
INFO  [11:56:54.155] [bbotk]  3b4ed433-9b89-43d5-9e64-67b501e4d1ad
INFO  [11:56:54.157] [bbotk] Evaluating 1 configuration(s)
INFO  [11:56:54.180] [mlr3] Running benchmark with 5 resampling iterations
INFO  [11:56:54.184] [mlr3] Applying learner 'classif.cv_glmnet' on task 'candi_gene' (iter 1/5)
INFO  [11:56:54.373] [mlr3] Applying learner 'classif.cv_glmnet' on task 'candi_gene' (iter 2/5)
INFO  [11:56:54.573] [mlr3] Applying learner 'classif.cv_glmnet' on task 'candi_gene' (iter 3/5)
INFO  [11:56:54.768] [mlr3] Applying learner 'classif.cv_glmnet' on task 'candi_gene' (iter 4/5)
INFO  [11:56:54.967] [mlr3] Applying learner 'classif.cv_glmnet' on task 'candi_gene' (iter 5/5)
INFO  [11:56:55.144] [mlr3] Finished benchmark
INFO  [11:56:55.170] [bbotk] Result of batch 15:
INFO  [11:56:55.172] [bbotk]  alpha classif.auc warnings errors runtime_learners
INFO  [11:56:55.172] [bbotk]   0.55   0.5644246        0      0            0.916
INFO  [11:56:55.172] [bbotk]                                 uhash
INFO  [11:56:55.172] [bbotk]  35445d06-8e44-4e52-8234-db55ede55da3
INFO  [11:56:55.174] [bbotk] Evaluating 1 configuration(s)
INFO  [11:56:55.197] [mlr3] Running benchmark with 5 resampling iterations
INFO  [11:56:55.202] [mlr3] Applying learner 'classif.cv_glmnet' on task 'candi_gene' (iter 1/5)
INFO  [11:56:55.426] [mlr3] Applying learner 'classif.cv_glmnet' on task 'candi_gene' (iter 2/5)
INFO  [11:56:55.654] [mlr3] Applying learner 'classif.cv_glmnet' on task 'candi_gene' (iter 3/5)
INFO  [11:56:55.871] [mlr3] Applying learner 'classif.cv_glmnet' on task 'candi_gene' (iter 4/5)
INFO  [11:56:56.097] [mlr3] Applying learner 'classif.cv_glmnet' on task 'candi_gene' (iter 5/5)
INFO  [11:56:56.315] [mlr3] Finished benchmark
INFO  [11:56:56.340] [bbotk] Result of batch 16:
INFO  [11:56:56.342] [bbotk]  alpha classif.auc warnings errors runtime_learners
INFO  [11:56:56.342] [bbotk]    0.2   0.6536815        0      0            1.073
INFO  [11:56:56.342] [bbotk]                                 uhash
INFO  [11:56:56.342] [bbotk]  493c299a-b2f3-4201-9d59-671d0a743ada
INFO  [11:56:56.344] [bbotk] Evaluating 1 configuration(s)
INFO  [11:56:56.367] [mlr3] Running benchmark with 5 resampling iterations
INFO  [11:56:56.372] [mlr3] Applying learner 'classif.cv_glmnet' on task 'candi_gene' (iter 1/5)
INFO  [11:56:56.566] [mlr3] Applying learner 'classif.cv_glmnet' on task 'candi_gene' (iter 2/5)
INFO  [11:56:56.769] [mlr3] Applying learner 'classif.cv_glmnet' on task 'candi_gene' (iter 3/5)
INFO  [11:56:56.968] [mlr3] Applying learner 'classif.cv_glmnet' on task 'candi_gene' (iter 4/5)
INFO  [11:56:57.170] [mlr3] Applying learner 'classif.cv_glmnet' on task 'candi_gene' (iter 5/5)
INFO  [11:56:57.365] [mlr3] Finished benchmark
INFO  [11:56:57.390] [bbotk] Result of batch 17:
INFO  [11:56:57.392] [bbotk]  alpha classif.auc warnings errors runtime_learners
INFO  [11:56:57.392] [bbotk]   0.45   0.5940721        0      0            0.947
INFO  [11:56:57.392] [bbotk]                                 uhash
INFO  [11:56:57.392] [bbotk]  334c7f8c-166f-493c-b4e3-4b6d3987bfa0
INFO  [11:56:57.393] [bbotk] Evaluating 1 configuration(s)
INFO  [11:56:57.417] [mlr3] Running benchmark with 5 resampling iterations
INFO  [11:56:57.421] [mlr3] Applying learner 'classif.cv_glmnet' on task 'candi_gene' (iter 1/5)
INFO  [11:56:57.614] [mlr3] Applying learner 'classif.cv_glmnet' on task 'candi_gene' (iter 2/5)
INFO  [11:56:58.185] [mlr3] Applying learner 'classif.cv_glmnet' on task 'candi_gene' (iter 3/5)
INFO  [11:56:58.371] [mlr3] Applying learner 'classif.cv_glmnet' on task 'candi_gene' (iter 4/5)
INFO  [11:56:58.559] [mlr3] Applying learner 'classif.cv_glmnet' on task 'candi_gene' (iter 5/5)
INFO  [11:56:58.745] [mlr3] Finished benchmark
INFO  [11:56:58.770] [bbotk] Result of batch 18:
INFO  [11:56:58.772] [bbotk]  alpha classif.auc warnings errors runtime_learners
INFO  [11:56:58.772] [bbotk]    0.5   0.5916062        0      0            1.279
INFO  [11:56:58.772] [bbotk]                                 uhash
INFO  [11:56:58.772] [bbotk]  3bbbfd7f-d650-4d58-a506-7a1b960bc443
INFO  [11:56:58.773] [bbotk] Evaluating 1 configuration(s)
INFO  [11:56:58.796] [mlr3] Running benchmark with 5 resampling iterations
INFO  [11:56:58.801] [mlr3] Applying learner 'classif.cv_glmnet' on task 'candi_gene' (iter 1/5)
INFO  [11:56:58.978] [mlr3] Applying learner 'classif.cv_glmnet' on task 'candi_gene' (iter 2/5)
INFO  [11:56:59.161] [mlr3] Applying learner 'classif.cv_glmnet' on task 'candi_gene' (iter 3/5)
INFO  [11:56:59.344] [mlr3] Applying learner 'classif.cv_glmnet' on task 'candi_gene' (iter 4/5)
INFO  [11:56:59.530] [mlr3] Applying learner 'classif.cv_glmnet' on task 'candi_gene' (iter 5/5)
INFO  [11:56:59.710] [mlr3] Finished benchmark
INFO  [11:56:59.735] [bbotk] Result of batch 19:
INFO  [11:56:59.737] [bbotk]  alpha classif.auc warnings errors runtime_learners
INFO  [11:56:59.737] [bbotk]    0.9   0.5436062        0      0            0.865
INFO  [11:56:59.737] [bbotk]                                 uhash
INFO  [11:56:59.737] [bbotk]  b0c8500a-a2c8-447b-82f0-f94dab611e5e
INFO  [11:56:59.738] [bbotk] Evaluating 1 configuration(s)
INFO  [11:56:59.761] [mlr3] Running benchmark with 5 resampling iterations
INFO  [11:56:59.766] [mlr3] Applying learner 'classif.cv_glmnet' on task 'candi_gene' (iter 1/5)
INFO  [11:57:00.188] [mlr3] Applying learner 'classif.cv_glmnet' on task 'candi_gene' (iter 2/5)
INFO  [11:57:00.585] [mlr3] Applying learner 'classif.cv_glmnet' on task 'candi_gene' (iter 3/5)
INFO  [11:57:00.981] [mlr3] Applying learner 'classif.cv_glmnet' on task 'candi_gene' (iter 4/5)
INFO  [11:57:01.395] [mlr3] Applying learner 'classif.cv_glmnet' on task 'candi_gene' (iter 5/5)
INFO  [11:57:01.828] [mlr3] Finished benchmark
INFO  [11:57:01.853] [bbotk] Result of batch 20:
INFO  [11:57:01.855] [bbotk]  alpha classif.auc warnings errors runtime_learners
INFO  [11:57:01.855] [bbotk]      0   0.5937363        0      0             2.02
INFO  [11:57:01.855] [bbotk]                                 uhash
INFO  [11:57:01.855] [bbotk]  4bc40517-a18c-4eb2-989c-eaceaaa0e7e9
INFO  [11:57:01.856] [bbotk] Evaluating 1 configuration(s)
INFO  [11:57:01.879] [mlr3] Running benchmark with 5 resampling iterations
INFO  [11:57:01.884] [mlr3] Applying learner 'classif.cv_glmnet' on task 'candi_gene' (iter 1/5)
INFO  [11:57:02.058] [mlr3] Applying learner 'classif.cv_glmnet' on task 'candi_gene' (iter 2/5)
INFO  [11:57:02.242] [mlr3] Applying learner 'classif.cv_glmnet' on task 'candi_gene' (iter 3/5)
INFO  [11:57:02.424] [mlr3] Applying learner 'classif.cv_glmnet' on task 'candi_gene' (iter 4/5)
INFO  [11:57:02.610] [mlr3] Applying learner 'classif.cv_glmnet' on task 'candi_gene' (iter 5/5)
INFO  [11:57:02.788] [mlr3] Finished benchmark
INFO  [11:57:02.813] [bbotk] Result of batch 21:
INFO  [11:57:02.815] [bbotk]  alpha classif.auc warnings errors runtime_learners
INFO  [11:57:02.815] [bbotk]   0.85    0.597633        0      0            0.859
INFO  [11:57:02.815] [bbotk]                                 uhash
INFO  [11:57:02.815] [bbotk]  17f03d24-daca-40a8-8351-92c570dede21
INFO  [11:57:02.819] [bbotk] Finished optimizing after 21 evaluation(s)
INFO  [11:57:02.820] [bbotk] Result:
INFO  [11:57:02.822] [bbotk]   alpha learner_param_vals x_domain classif.auc
INFO  [11:57:02.822] [bbotk]  <char>             <list>   <list>       <num>
INFO  [11:57:02.822] [bbotk]    0.05       c(7.8947....     0.05   0.7353287
