Conda environment: *
R version 4.3.1 (2023-06-16)
Platform: x86_64-conda-linux-gnu (64-bit)
Running under: Red Hat Enterprise Linux 8.3 (Ootpa)

Matrix products: default
BLAS/LAPACK: /ess/home/home1/beiw/miniconda3/envs/5hmc_os_env/lib/libopenblasp-r0.3.27.so;  LAPACK version 3.12.0

locale:
[1] C

time zone: America/Chicago
tzcode source: system (glibc)

attached base packages:
[1] stats4    stats     graphics  grDevices utils     datasets  methods  
[8] base     

other attached packages:
 [1] conflicted_1.2.0            DESeq2_1.40.2              
 [3] SummarizedExperiment_1.30.2 Biobase_2.60.0             
 [5] MatrixGenerics_1.12.2       matrixStats_1.2.0          
 [7] GenomicRanges_1.52.0        GenomeInfoDb_1.36.1        
 [9] IRanges_2.34.1              S4Vectors_0.38.1           
[11] BiocGenerics_0.46.0         glmnet_4.1-8               
[13] Matrix_1.6-5                mlr3learners_0.5.8         
[15] mlr3tuning_0.19.0           paradox_0.11.1             
[17] mlr3_0.19.0                 lubridate_1.9.3            
[19] forcats_1.0.0               stringr_1.5.1              
[21] purrr_1.0.2                 readr_2.1.5                
[23] tidyr_1.3.1                 tibble_3.2.1               
[25] ggplot2_3.4.4               tidyverse_2.0.0            
[27] dplyr_1.1.4                

loaded via a namespace (and not attached):
 [1] gtable_0.3.4            shape_1.4.6             lattice_0.21-9         
 [4] tzdb_0.4.0              bitops_1.0-7            vctrs_0.6.4            
 [7] tools_4.3.1             generics_0.1.3          parallel_4.3.1         
[10] fansi_1.0.5             pkgconfig_2.0.3         data.table_1.15.2      
[13] checkmate_2.3.1         uuid_1.1-1              GenomeInfoDbData_1.2.11
[16] lifecycle_1.0.3         compiler_4.3.1          munsell_0.5.0          
[19] RhpcBLASctl_0.23-42     codetools_0.2-20        bbotk_0.7.2            
[22] RCurl_1.98-1.12         pillar_1.9.0            crayon_1.5.2           
[25] BiocParallel_1.34.2     cachem_1.0.8            DelayedArray_0.26.6    
[28] iterators_1.0.14        foreach_1.5.2           parallelly_1.37.1      
[31] locfit_1.5-9.8          tidyselect_1.2.0        digest_0.6.35          
[34] stringi_1.7.12          future_1.33.2           listenv_0.9.1          
[37] splines_4.3.1           fastmap_1.1.1           grid_4.3.1             
[40] colorspace_2.1-0        cli_3.6.1               magrittr_2.0.3         
[43] S4Arrays_1.0.4          survival_3.5-7          utf8_1.2.4             
[46] withr_2.5.1             scales_1.2.1            backports_1.4.1        
[49] timechange_0.2.0        XVector_0.40.0          globals_0.16.3         
[52] hms_1.1.3               memoise_2.0.1           mlr3misc_0.15.0        
[55] rlang_1.1.1             Rcpp_1.0.11             glue_1.6.2             
[58] palmerpenguins_0.1.1    lgr_0.4.4               R6_2.5.1               
[61] zlibbioc_1.46.0        
INFO  [11:56:35.658] [bbotk] Starting to optimize 1 parameter(s) with '<TunerGridSearch>' and '<TerminatorNone>'
INFO  [11:56:35.682] [bbotk] Evaluating 1 configuration(s)
INFO  [11:56:35.712] [mlr3] Running benchmark with 5 resampling iterations
INFO  [11:56:35.745] [mlr3] Applying learner 'classif.cv_glmnet' on task 'candi_gene' (iter 1/5)
INFO  [11:56:36.584] [mlr3] Applying learner 'classif.cv_glmnet' on task 'candi_gene' (iter 2/5)
INFO  [11:56:37.343] [mlr3] Applying learner 'classif.cv_glmnet' on task 'candi_gene' (iter 3/5)
INFO  [11:56:37.750] [mlr3] Applying learner 'classif.cv_glmnet' on task 'candi_gene' (iter 4/5)
INFO  [11:56:38.153] [mlr3] Applying learner 'classif.cv_glmnet' on task 'candi_gene' (iter 5/5)
INFO  [11:56:38.567] [mlr3] Finished benchmark
INFO  [11:56:38.594] [bbotk] Result of batch 1:
INFO  [11:56:38.598] [bbotk]  alpha classif.auc warnings errors runtime_learners
INFO  [11:56:38.598] [bbotk]      0   0.6038611        0      0            2.776
INFO  [11:56:38.598] [bbotk]                                 uhash
INFO  [11:56:38.598] [bbotk]  2d3fd082-3fe8-4d93-9107-e3333e05fec5
INFO  [11:56:38.600] [bbotk] Evaluating 1 configuration(s)
INFO  [11:56:38.622] [mlr3] Running benchmark with 5 resampling iterations
INFO  [11:56:38.626] [mlr3] Applying learner 'classif.cv_glmnet' on task 'candi_gene' (iter 1/5)
INFO  [11:56:38.817] [mlr3] Applying learner 'classif.cv_glmnet' on task 'candi_gene' (iter 2/5)
INFO  [11:56:39.014] [mlr3] Applying learner 'classif.cv_glmnet' on task 'candi_gene' (iter 3/5)
INFO  [11:56:39.205] [mlr3] Applying learner 'classif.cv_glmnet' on task 'candi_gene' (iter 4/5)
INFO  [11:56:39.412] [mlr3] Applying learner 'classif.cv_glmnet' on task 'candi_gene' (iter 5/5)
INFO  [11:56:39.611] [mlr3] Finished benchmark
INFO  [11:56:39.635] [bbotk] Result of batch 2:
INFO  [11:56:39.637] [bbotk]  alpha classif.auc warnings errors runtime_learners
INFO  [11:56:39.637] [bbotk]   0.35   0.6085217        0      0            0.945
INFO  [11:56:39.637] [bbotk]                                 uhash
INFO  [11:56:39.637] [bbotk]  76bf39c7-8568-4c01-8771-301a8d89e697
INFO  [11:56:39.638] [bbotk] Evaluating 1 configuration(s)
INFO  [11:56:39.660] [mlr3] Running benchmark with 5 resampling iterations
INFO  [11:56:39.664] [mlr3] Applying learner 'classif.cv_glmnet' on task 'candi_gene' (iter 1/5)
INFO  [11:56:39.843] [mlr3] Applying learner 'classif.cv_glmnet' on task 'candi_gene' (iter 2/5)
INFO  [11:56:40.371] [mlr3] Applying learner 'classif.cv_glmnet' on task 'candi_gene' (iter 3/5)
INFO  [11:56:40.546] [mlr3] Applying learner 'classif.cv_glmnet' on task 'candi_gene' (iter 4/5)
INFO  [11:56:40.732] [mlr3] Applying learner 'classif.cv_glmnet' on task 'candi_gene' (iter 5/5)
INFO  [11:56:40.904] [mlr3] Finished benchmark
INFO  [11:56:40.928] [bbotk] Result of batch 3:
INFO  [11:56:40.930] [bbotk]  alpha classif.auc warnings errors runtime_learners
INFO  [11:56:40.930] [bbotk]    0.8         0.5        0      0            1.197
INFO  [11:56:40.930] [bbotk]                                 uhash
INFO  [11:56:40.930] [bbotk]  af0d3cd4-ea81-4107-befa-6d022b769d65
INFO  [11:56:40.931] [bbotk] Evaluating 1 configuration(s)
INFO  [11:56:40.953] [mlr3] Running benchmark with 5 resampling iterations
INFO  [11:56:40.958] [mlr3] Applying learner 'classif.cv_glmnet' on task 'candi_gene' (iter 1/5)
INFO  [11:56:41.173] [mlr3] Applying learner 'classif.cv_glmnet' on task 'candi_gene' (iter 2/5)
INFO  [11:56:41.389] [mlr3] Applying learner 'classif.cv_glmnet' on task 'candi_gene' (iter 3/5)
INFO  [11:56:41.613] [mlr3] Applying learner 'classif.cv_glmnet' on task 'candi_gene' (iter 4/5)
INFO  [11:56:41.850] [mlr3] Applying learner 'classif.cv_glmnet' on task 'candi_gene' (iter 5/5)
INFO  [11:56:42.071] [mlr3] Finished benchmark
INFO  [11:56:42.095] [bbotk] Result of batch 4:
INFO  [11:56:42.097] [bbotk]  alpha classif.auc warnings errors runtime_learners
INFO  [11:56:42.097] [bbotk]   0.15   0.6655037        0      0            1.072
INFO  [11:56:42.097] [bbotk]                                 uhash
INFO  [11:56:42.097] [bbotk]  19c870b1-829c-461d-94a1-9ff9464e8fe3
INFO  [11:56:42.098] [bbotk] Evaluating 1 configuration(s)
INFO  [11:56:42.120] [mlr3] Running benchmark with 5 resampling iterations
INFO  [11:56:42.125] [mlr3] Applying learner 'classif.cv_glmnet' on task 'candi_gene' (iter 1/5)
INFO  [11:56:42.301] [mlr3] Applying learner 'classif.cv_glmnet' on task 'candi_gene' (iter 2/5)
INFO  [11:56:42.477] [mlr3] Applying learner 'classif.cv_glmnet' on task 'candi_gene' (iter 3/5)
INFO  [11:56:42.653] [mlr3] Applying learner 'classif.cv_glmnet' on task 'candi_gene' (iter 4/5)
INFO  [11:56:42.845] [mlr3] Applying learner 'classif.cv_glmnet' on task 'candi_gene' (iter 5/5)
INFO  [11:56:43.028] [mlr3] Finished benchmark
INFO  [11:56:43.052] [bbotk] Result of batch 5:
INFO  [11:56:43.054] [bbotk]  alpha classif.auc warnings errors runtime_learners
INFO  [11:56:43.054] [bbotk]    0.7    0.562987        0      0            0.862
INFO  [11:56:43.054] [bbotk]                                 uhash
INFO  [11:56:43.054] [bbotk]  4c791066-8a99-448c-8cf0-c0a3d404c973
INFO  [11:56:43.055] [bbotk] Evaluating 1 configuration(s)
INFO  [11:56:43.077] [mlr3] Running benchmark with 5 resampling iterations
INFO  [11:56:43.081] [mlr3] Applying learner 'classif.cv_glmnet' on task 'candi_gene' (iter 1/5)
INFO  [11:56:43.290] [mlr3] Applying learner 'classif.cv_glmnet' on task 'candi_gene' (iter 2/5)
INFO  [11:56:43.502] [mlr3] Applying learner 'classif.cv_glmnet' on task 'candi_gene' (iter 3/5)
INFO  [11:56:44.062] [mlr3] Applying learner 'classif.cv_glmnet' on task 'candi_gene' (iter 4/5)
INFO  [11:56:44.285] [mlr3] Applying learner 'classif.cv_glmnet' on task 'candi_gene' (iter 5/5)
INFO  [11:56:44.492] [mlr3] Finished benchmark
INFO  [11:56:44.516] [bbotk] Result of batch 6:
INFO  [11:56:44.518] [bbotk]  alpha classif.auc warnings errors runtime_learners
INFO  [11:56:44.518] [bbotk]    0.2    0.673026        0      0            1.369
INFO  [11:56:44.518] [bbotk]                                 uhash
INFO  [11:56:44.518] [bbotk]  4e1d8b07-d3eb-4502-8573-ca6516814cb4
INFO  [11:56:44.519] [bbotk] Evaluating 1 configuration(s)
INFO  [11:56:44.541] [mlr3] Running benchmark with 5 resampling iterations
INFO  [11:56:44.546] [mlr3] Applying learner 'classif.cv_glmnet' on task 'candi_gene' (iter 1/5)
INFO  [11:56:44.728] [mlr3] Applying learner 'classif.cv_glmnet' on task 'candi_gene' (iter 2/5)
INFO  [11:56:44.917] [mlr3] Applying learner 'classif.cv_glmnet' on task 'candi_gene' (iter 3/5)
INFO  [11:56:45.096] [mlr3] Applying learner 'classif.cv_glmnet' on task 'candi_gene' (iter 4/5)
INFO  [11:56:45.297] [mlr3] Applying learner 'classif.cv_glmnet' on task 'candi_gene' (iter 5/5)
INFO  [11:56:45.482] [mlr3] Finished benchmark
INFO  [11:56:45.506] [bbotk] Result of batch 7:
INFO  [11:56:45.508] [bbotk]  alpha classif.auc warnings errors runtime_learners
INFO  [11:56:45.508] [bbotk]   0.45   0.6233998        0      0            0.895
INFO  [11:56:45.508] [bbotk]                                 uhash
INFO  [11:56:45.508] [bbotk]  6c95b09c-7745-4240-a6d1-cd973613dda1
INFO  [11:56:45.509] [bbotk] Evaluating 1 configuration(s)
INFO  [11:56:45.531] [mlr3] Running benchmark with 5 resampling iterations
INFO  [11:56:45.536] [mlr3] Applying learner 'classif.cv_glmnet' on task 'candi_gene' (iter 1/5)
INFO  [11:56:45.718] [mlr3] Applying learner 'classif.cv_glmnet' on task 'candi_gene' (iter 2/5)
INFO  [11:56:45.903] [mlr3] Applying learner 'classif.cv_glmnet' on task 'candi_gene' (iter 3/5)
INFO  [11:56:46.083] [mlr3] Applying learner 'classif.cv_glmnet' on task 'candi_gene' (iter 4/5)
INFO  [11:56:46.271] [mlr3] Applying learner 'classif.cv_glmnet' on task 'candi_gene' (iter 5/5)
INFO  [11:56:46.453] [mlr3] Finished benchmark
INFO  [11:56:46.477] [bbotk] Result of batch 8:
INFO  [11:56:46.479] [bbotk]  alpha classif.auc warnings errors runtime_learners
INFO  [11:56:46.479] [bbotk]   0.55   0.6034557        0      0            0.877
INFO  [11:56:46.479] [bbotk]                                 uhash
INFO  [11:56:46.479] [bbotk]  6d31749c-747c-43e5-a13b-739c14bf4128
INFO  [11:56:46.480] [bbotk] Evaluating 1 configuration(s)
INFO  [11:56:46.502] [mlr3] Running benchmark with 5 resampling iterations
INFO  [11:56:46.507] [mlr3] Applying learner 'classif.cv_glmnet' on task 'candi_gene' (iter 1/5)
INFO  [11:56:46.708] [mlr3] Applying learner 'classif.cv_glmnet' on task 'candi_gene' (iter 2/5)
INFO  [11:56:46.912] [mlr3] Applying learner 'classif.cv_glmnet' on task 'candi_gene' (iter 3/5)
INFO  [11:56:47.121] [mlr3] Applying learner 'classif.cv_glmnet' on task 'candi_gene' (iter 4/5)
INFO  [11:56:47.338] [mlr3] Applying learner 'classif.cv_glmnet' on task 'candi_gene' (iter 5/5)
INFO  [11:56:47.537] [mlr3] Finished benchmark
INFO  [11:56:47.561] [bbotk] Result of batch 9:
INFO  [11:56:47.563] [bbotk]  alpha classif.auc warnings errors runtime_learners
INFO  [11:56:47.563] [bbotk]   0.25   0.5772727        0      0             0.99
INFO  [11:56:47.563] [bbotk]                                 uhash
INFO  [11:56:47.563] [bbotk]  162c1911-4876-4c93-b599-d4f78d62ad71
INFO  [11:56:47.564] [bbotk] Evaluating 1 configuration(s)
INFO  [11:56:47.590] [mlr3] Running benchmark with 5 resampling iterations
INFO  [11:56:47.594] [mlr3] Applying learner 'classif.cv_glmnet' on task 'candi_gene' (iter 1/5)
INFO  [11:56:47.773] [mlr3] Applying learner 'classif.cv_glmnet' on task 'candi_gene' (iter 2/5)
INFO  [11:56:47.962] [mlr3] Applying learner 'classif.cv_glmnet' on task 'candi_gene' (iter 3/5)
INFO  [11:56:48.147] [mlr3] Applying learner 'classif.cv_glmnet' on task 'candi_gene' (iter 4/5)
INFO  [11:56:48.335] [mlr3] Applying learner 'classif.cv_glmnet' on task 'candi_gene' (iter 5/5)
INFO  [11:56:48.514] [mlr3] Finished benchmark
INFO  [11:56:48.538] [bbotk] Result of batch 10:
INFO  [11:56:48.540] [bbotk]  alpha classif.auc warnings errors runtime_learners
INFO  [11:56:48.540] [bbotk]   0.65   0.5108571        0      0            0.878
INFO  [11:56:48.540] [bbotk]                                 uhash
INFO  [11:56:48.540] [bbotk]  99535aad-15f2-4195-b19d-b8c88788bf17
INFO  [11:56:48.541] [bbotk] Evaluating 1 configuration(s)
INFO  [11:56:48.564] [mlr3] Running benchmark with 5 resampling iterations
INFO  [11:56:48.568] [mlr3] Applying learner 'classif.cv_glmnet' on task 'candi_gene' (iter 1/5)
INFO  [11:56:48.746] [mlr3] Applying learner 'classif.cv_glmnet' on task 'candi_gene' (iter 2/5)
INFO  [11:56:48.921] [mlr3] Applying learner 'classif.cv_glmnet' on task 'candi_gene' (iter 3/5)
INFO  [11:56:49.103] [mlr3] Applying learner 'classif.cv_glmnet' on task 'candi_gene' (iter 4/5)
INFO  [11:56:49.298] [mlr3] Applying learner 'classif.cv_glmnet' on task 'candi_gene' (iter 5/5)
INFO  [11:56:49.468] [mlr3] Finished benchmark
INFO  [11:56:49.492] [bbotk] Result of batch 11:
INFO  [11:56:49.494] [bbotk]  alpha classif.auc warnings errors runtime_learners
INFO  [11:56:49.494] [bbotk]   0.75   0.5820519        0      0             0.86
INFO  [11:56:49.494] [bbotk]                                 uhash
INFO  [11:56:49.494] [bbotk]  7a07e503-b766-444c-8a27-084e05fcfb05
INFO  [11:56:49.495] [bbotk] Evaluating 1 configuration(s)
INFO  [11:56:49.517] [mlr3] Running benchmark with 5 resampling iterations
INFO  [11:56:49.521] [mlr3] Applying learner 'classif.cv_glmnet' on task 'candi_gene' (iter 1/5)
INFO  [11:56:49.699] [mlr3] Applying learner 'classif.cv_glmnet' on task 'candi_gene' (iter 2/5)
INFO  [11:56:49.881] [mlr3] Applying learner 'classif.cv_glmnet' on task 'candi_gene' (iter 3/5)
INFO  [11:56:50.054] [mlr3] Applying learner 'classif.cv_glmnet' on task 'candi_gene' (iter 4/5)
INFO  [11:56:50.253] [mlr3] Applying learner 'classif.cv_glmnet' on task 'candi_gene' (iter 5/5)
INFO  [11:56:50.428] [mlr3] Finished benchmark
INFO  [11:56:50.452] [bbotk] Result of batch 12:
INFO  [11:56:50.454] [bbotk]  alpha classif.auc warnings errors runtime_learners
INFO  [11:56:50.454] [bbotk]    0.9   0.5509091        0      0            0.865
INFO  [11:56:50.454] [bbotk]                                 uhash
INFO  [11:56:50.454] [bbotk]  2b507c13-3274-4de7-999b-8683aa4b7bb8
INFO  [11:56:50.455] [bbotk] Evaluating 1 configuration(s)
INFO  [11:56:50.478] [mlr3] Running benchmark with 5 resampling iterations
INFO  [11:56:50.482] [mlr3] Applying learner 'classif.cv_glmnet' on task 'candi_gene' (iter 1/5)
INFO  [11:56:50.652] [mlr3] Applying learner 'classif.cv_glmnet' on task 'candi_gene' (iter 2/5)
INFO  [11:56:50.833] [mlr3] Applying learner 'classif.cv_glmnet' on task 'candi_gene' (iter 3/5)
INFO  [11:56:51.003] [mlr3] Applying learner 'classif.cv_glmnet' on task 'candi_gene' (iter 4/5)
INFO  [11:56:51.201] [mlr3] Applying learner 'classif.cv_glmnet' on task 'candi_gene' (iter 5/5)
INFO  [11:56:51.383] [mlr3] Finished benchmark
INFO  [11:56:51.407] [bbotk] Result of batch 13:
INFO  [11:56:51.409] [bbotk]  alpha classif.auc warnings errors runtime_learners
INFO  [11:56:51.409] [bbotk]   0.95   0.5282609        0      0            0.861
INFO  [11:56:51.409] [bbotk]                                 uhash
INFO  [11:56:51.409] [bbotk]  108f6e24-9e28-412b-a1d9-82cc229e5e2d
INFO  [11:56:51.410] [bbotk] Evaluating 1 configuration(s)
INFO  [11:56:51.432] [mlr3] Running benchmark with 5 resampling iterations
INFO  [11:56:51.437] [mlr3] Applying learner 'classif.cv_glmnet' on task 'candi_gene' (iter 1/5)
INFO  [11:56:51.673] [mlr3] Applying learner 'classif.cv_glmnet' on task 'candi_gene' (iter 2/5)
INFO  [11:56:51.904] [mlr3] Applying learner 'classif.cv_glmnet' on task 'candi_gene' (iter 3/5)
INFO  [11:56:52.150] [mlr3] Applying learner 'classif.cv_glmnet' on task 'candi_gene' (iter 4/5)
INFO  [11:56:52.405] [mlr3] Applying learner 'classif.cv_glmnet' on task 'candi_gene' (iter 5/5)
INFO  [11:56:52.645] [mlr3] Finished benchmark
INFO  [11:56:52.669] [bbotk] Result of batch 14:
INFO  [11:56:52.671] [bbotk]  alpha classif.auc warnings errors runtime_learners
INFO  [11:56:52.671] [bbotk]    0.1   0.7007046        0      0            1.166
INFO  [11:56:52.671] [bbotk]                                 uhash
INFO  [11:56:52.671] [bbotk]  6b472deb-ca0f-44ca-9a3b-ccbb42c5cf9e
INFO  [11:56:52.672] [bbotk] Evaluating 1 configuration(s)
INFO  [11:56:52.695] [mlr3] Running benchmark with 5 resampling iterations
INFO  [11:56:52.699] [mlr3] Applying learner 'classif.cv_glmnet' on task 'candi_gene' (iter 1/5)
INFO  [11:56:52.890] [mlr3] Applying learner 'classif.cv_glmnet' on task 'candi_gene' (iter 2/5)
INFO  [11:56:53.085] [mlr3] Applying learner 'classif.cv_glmnet' on task 'candi_gene' (iter 3/5)
INFO  [11:56:53.271] [mlr3] Applying learner 'classif.cv_glmnet' on task 'candi_gene' (iter 4/5)
INFO  [11:56:53.477] [mlr3] Applying learner 'classif.cv_glmnet' on task 'candi_gene' (iter 5/5)
INFO  [11:56:53.667] [mlr3] Finished benchmark
INFO  [11:56:53.691] [bbotk] Result of batch 15:
INFO  [11:56:53.693] [bbotk]  alpha classif.auc warnings errors runtime_learners
INFO  [11:56:53.693] [bbotk]    0.4   0.5784935        0      0            0.926
INFO  [11:56:53.693] [bbotk]                                 uhash
INFO  [11:56:53.693] [bbotk]  0c07a7c4-84aa-4c0f-aad1-01eca74cddd7
INFO  [11:56:53.694] [bbotk] Evaluating 1 configuration(s)
INFO  [11:56:53.716] [mlr3] Running benchmark with 5 resampling iterations
INFO  [11:56:53.721] [mlr3] Applying learner 'classif.cv_glmnet' on task 'candi_gene' (iter 1/5)
INFO  [11:56:53.905] [mlr3] Applying learner 'classif.cv_glmnet' on task 'candi_gene' (iter 2/5)
INFO  [11:56:54.094] [mlr3] Applying learner 'classif.cv_glmnet' on task 'candi_gene' (iter 3/5)
INFO  [11:56:54.279] [mlr3] Applying learner 'classif.cv_glmnet' on task 'candi_gene' (iter 4/5)
INFO  [11:56:54.483] [mlr3] Applying learner 'classif.cv_glmnet' on task 'candi_gene' (iter 5/5)
INFO  [11:56:54.670] [mlr3] Finished benchmark
INFO  [11:56:54.694] [bbotk] Result of batch 16:
INFO  [11:56:54.696] [bbotk]  alpha classif.auc warnings errors runtime_learners
INFO  [11:56:54.696] [bbotk]    0.5   0.6011141        0      0            0.908
INFO  [11:56:54.696] [bbotk]                                 uhash
INFO  [11:56:54.696] [bbotk]  e8f6d244-0d84-4088-bf8b-1a88e448793d
INFO  [11:56:54.697] [bbotk] Evaluating 1 configuration(s)
INFO  [11:56:54.721] [mlr3] Running benchmark with 5 resampling iterations
INFO  [11:56:54.725] [mlr3] Applying learner 'classif.cv_glmnet' on task 'candi_gene' (iter 1/5)
INFO  [11:56:54.907] [mlr3] Applying learner 'classif.cv_glmnet' on task 'candi_gene' (iter 2/5)
INFO  [11:56:55.086] [mlr3] Applying learner 'classif.cv_glmnet' on task 'candi_gene' (iter 3/5)
INFO  [11:56:55.270] [mlr3] Applying learner 'classif.cv_glmnet' on task 'candi_gene' (iter 4/5)
INFO  [11:56:55.465] [mlr3] Applying learner 'classif.cv_glmnet' on task 'candi_gene' (iter 5/5)
INFO  [11:56:55.651] [mlr3] Finished benchmark
INFO  [11:56:55.675] [bbotk] Result of batch 17:
INFO  [11:56:55.677] [bbotk]  alpha classif.auc warnings errors runtime_learners
INFO  [11:56:55.677] [bbotk]    0.6   0.5787403        0      0            0.885
INFO  [11:56:55.677] [bbotk]                                 uhash
INFO  [11:56:55.677] [bbotk]  c0df006f-32e9-4b54-a99d-c47b3dfc8440
INFO  [11:56:55.678] [bbotk] Evaluating 1 configuration(s)
INFO  [11:56:55.700] [mlr3] Running benchmark with 5 resampling iterations
INFO  [11:56:55.705] [mlr3] Applying learner 'classif.cv_glmnet' on task 'candi_gene' (iter 1/5)
INFO  [11:56:55.963] [mlr3] Applying learner 'classif.cv_glmnet' on task 'candi_gene' (iter 2/5)
INFO  [11:56:56.220] [mlr3] Applying learner 'classif.cv_glmnet' on task 'candi_gene' (iter 3/5)
INFO  [11:56:56.498] [mlr3] Applying learner 'classif.cv_glmnet' on task 'candi_gene' (iter 4/5)
INFO  [11:56:56.775] [mlr3] Applying learner 'classif.cv_glmnet' on task 'candi_gene' (iter 5/5)
INFO  [11:56:57.048] [mlr3] Finished benchmark
INFO  [11:56:57.072] [bbotk] Result of batch 18:
INFO  [11:56:57.074] [bbotk]  alpha classif.auc warnings errors runtime_learners
INFO  [11:56:57.074] [bbotk]   0.05   0.7281708        0      0              1.3
INFO  [11:56:57.074] [bbotk]                                 uhash
INFO  [11:56:57.074] [bbotk]  a8bcc1d3-0aa0-44ba-a849-5a54fab6b68d
INFO  [11:56:57.075] [bbotk] Evaluating 1 configuration(s)
INFO  [11:56:57.098] [mlr3] Running benchmark with 5 resampling iterations
INFO  [11:56:57.102] [mlr3] Applying learner 'classif.cv_glmnet' on task 'candi_gene' (iter 1/5)
INFO  [11:56:57.649] [mlr3] Applying learner 'classif.cv_glmnet' on task 'candi_gene' (iter 2/5)
INFO  [11:56:57.849] [mlr3] Applying learner 'classif.cv_glmnet' on task 'candi_gene' (iter 3/5)
INFO  [11:56:58.043] [mlr3] Applying learner 'classif.cv_glmnet' on task 'candi_gene' (iter 4/5)
INFO  [11:56:58.257] [mlr3] Applying learner 'classif.cv_glmnet' on task 'candi_gene' (iter 5/5)
INFO  [11:56:58.457] [mlr3] Finished benchmark
INFO  [11:56:58.482] [bbotk] Result of batch 19:
INFO  [11:56:58.484] [bbotk]  alpha classif.auc warnings errors runtime_learners
INFO  [11:56:58.484] [bbotk]    0.3   0.6064828        0      0            1.315
INFO  [11:56:58.484] [bbotk]                                 uhash
INFO  [11:56:58.484] [bbotk]  549dcd2f-0bab-46e4-bcd2-807c85dfa354
INFO  [11:56:58.485] [bbotk] Evaluating 1 configuration(s)
INFO  [11:56:58.509] [mlr3] Running benchmark with 5 resampling iterations
INFO  [11:56:58.513] [mlr3] Applying learner 'classif.cv_glmnet' on task 'candi_gene' (iter 1/5)
INFO  [11:56:58.689] [mlr3] Applying learner 'classif.cv_glmnet' on task 'candi_gene' (iter 2/5)
INFO  [11:56:58.863] [mlr3] Applying learner 'classif.cv_glmnet' on task 'candi_gene' (iter 3/5)
INFO  [11:56:59.045] [mlr3] Applying learner 'classif.cv_glmnet' on task 'candi_gene' (iter 4/5)
INFO  [11:56:59.235] [mlr3] Applying learner 'classif.cv_glmnet' on task 'candi_gene' (iter 5/5)
INFO  [11:56:59.405] [mlr3] Finished benchmark
INFO  [11:56:59.429] [bbotk] Result of batch 20:
INFO  [11:56:59.431] [bbotk]  alpha classif.auc warnings errors runtime_learners
INFO  [11:56:59.431] [bbotk]   0.85    0.583074        0      0            0.851
INFO  [11:56:59.431] [bbotk]                                 uhash
INFO  [11:56:59.431] [bbotk]  8af54cc3-c91a-40bd-92f9-02ec55c6522d
INFO  [11:56:59.432] [bbotk] Evaluating 1 configuration(s)
INFO  [11:56:59.454] [mlr3] Running benchmark with 5 resampling iterations
INFO  [11:56:59.459] [mlr3] Applying learner 'classif.cv_glmnet' on task 'candi_gene' (iter 1/5)
INFO  [11:56:59.638] [mlr3] Applying learner 'classif.cv_glmnet' on task 'candi_gene' (iter 2/5)
INFO  [11:56:59.818] [mlr3] Applying learner 'classif.cv_glmnet' on task 'candi_gene' (iter 3/5)
INFO  [11:56:59.999] [mlr3] Applying learner 'classif.cv_glmnet' on task 'candi_gene' (iter 4/5)
INFO  [11:57:00.206] [mlr3] Applying learner 'classif.cv_glmnet' on task 'candi_gene' (iter 5/5)
INFO  [11:57:00.376] [mlr3] Finished benchmark
INFO  [11:57:00.400] [bbotk] Result of batch 21:
INFO  [11:57:00.402] [bbotk]  alpha classif.auc warnings errors runtime_learners
INFO  [11:57:00.402] [bbotk]      1   0.5184348        0      0            0.877
INFO  [11:57:00.402] [bbotk]                                 uhash
INFO  [11:57:00.402] [bbotk]  e0c6dbbd-c88a-4dd5-b671-6bfa98c58152
INFO  [11:57:00.407] [bbotk] Finished optimizing after 21 evaluation(s)
INFO  [11:57:00.408] [bbotk] Result:
INFO  [11:57:00.410] [bbotk]   alpha learner_param_vals x_domain classif.auc
INFO  [11:57:00.410] [bbotk]  <char>             <list>   <list>       <num>
INFO  [11:57:00.410] [bbotk]    0.05       c(7.8947....     0.05   0.7281708
