
Attaching package: 'dplyr'

The following objects are masked from 'package:stats':

    filter, lag

The following objects are masked from 'package:base':

    intersect, setdiff, setequal, union

Warning message:
package 'dplyr' was built under R version 4.3.2 
-- Attaching core tidyverse packages ------------------------ tidyverse 2.0.0 --
v forcats   1.0.0     v readr     2.1.5
v ggplot2   3.4.4     v stringr   1.5.1
v lubridate 1.9.3     v tibble    3.2.1
v purrr     1.0.2     v tidyr     1.3.1
-- Conflicts ------------------------------------------ tidyverse_conflicts() --
x dplyr::filter() masks stats::filter()
x dplyr::lag()    masks stats::lag()
i Use the conflicted package (<http://conflicted.r-lib.org/>) to force all conflicts to become errors
Warning messages:
1: package 'tidyr' was built under R version 4.3.2 
2: package 'readr' was built under R version 4.3.2 
3: package 'stringr' was built under R version 4.3.2 
Loading required package: mlr3
Loading required package: paradox
Warning message:
package 'mlr3' was built under R version 4.3.3 
Warning message:
package 'mlr3learners' was built under R version 4.3.2 
Loading required package: Matrix

Attaching package: 'Matrix'

The following objects are masked from 'package:tidyr':

    expand, pack, unpack

Loaded glmnet 4.1-8
Warning message:
package 'Matrix' was built under R version 4.3.2 
Loading required package: S4Vectors
Loading required package: stats4
Loading required package: BiocGenerics

Attaching package: 'BiocGenerics'

The following objects are masked from 'package:lubridate':

    intersect, setdiff, union

The following objects are masked from 'package:dplyr':

    combine, intersect, setdiff, union

The following objects are masked from 'package:stats':

    IQR, mad, sd, var, xtabs

The following objects are masked from 'package:base':

    Filter, Find, Map, Position, Reduce, anyDuplicated, aperm, append,
    as.data.frame, basename, cbind, colnames, dirname, do.call,
    duplicated, eval, evalq, get, grep, grepl, intersect, is.unsorted,
    lapply, mapply, match, mget, order, paste, pmax, pmax.int, pmin,
    pmin.int, rank, rbind, rownames, sapply, setdiff, sort, table,
    tapply, union, unique, unsplit, which.max, which.min


Attaching package: 'S4Vectors'

The following objects are masked from 'package:Matrix':

    expand, unname

The following objects are masked from 'package:lubridate':

    second, second<-

The following object is masked from 'package:tidyr':

    expand

The following objects are masked from 'package:dplyr':

    first, rename

The following object is masked from 'package:utils':

    findMatches

The following objects are masked from 'package:base':

    I, expand.grid, unname

Loading required package: IRanges

Attaching package: 'IRanges'

The following object is masked from 'package:lubridate':

    %within%

The following object is masked from 'package:purrr':

    reduce

The following objects are masked from 'package:dplyr':

    collapse, desc, slice

Loading required package: GenomicRanges
Loading required package: GenomeInfoDb
Loading required package: SummarizedExperiment
Loading required package: MatrixGenerics
Loading required package: matrixStats

Attaching package: 'matrixStats'

The following object is masked from 'package:dplyr':

    count


Attaching package: 'MatrixGenerics'

The following objects are masked from 'package:matrixStats':

    colAlls, colAnyNAs, colAnys, colAvgsPerRowSet, colCollapse,
    colCounts, colCummaxs, colCummins, colCumprods, colCumsums,
    colDiffs, colIQRDiffs, colIQRs, colLogSumExps, colMadDiffs,
    colMads, colMaxs, colMeans2, colMedians, colMins, colOrderStats,
    colProds, colQuantiles, colRanges, colRanks, colSdDiffs, colSds,
    colSums2, colTabulates, colVarDiffs, colVars, colWeightedMads,
    colWeightedMeans, colWeightedMedians, colWeightedSds,
    colWeightedVars, rowAlls, rowAnyNAs, rowAnys, rowAvgsPerColSet,
    rowCollapse, rowCounts, rowCummaxs, rowCummins, rowCumprods,
    rowCumsums, rowDiffs, rowIQRDiffs, rowIQRs, rowLogSumExps,
    rowMadDiffs, rowMads, rowMaxs, rowMeans2, rowMedians, rowMins,
    rowOrderStats, rowProds, rowQuantiles, rowRanges, rowRanks,
    rowSdDiffs, rowSds, rowSums2, rowTabulates, rowVarDiffs, rowVars,
    rowWeightedMads, rowWeightedMeans, rowWeightedMedians,
    rowWeightedSds, rowWeightedVars

Loading required package: Biobase
Welcome to Bioconductor

    Vignettes contain introductory material; view with
    'browseVignettes()'. To cite Bioconductor, see
    'citation("Biobase")', and for packages 'citation("pkgname")'.


Attaching package: 'Biobase'

The following object is masked from 'package:MatrixGenerics':

    rowMedians

The following objects are masked from 'package:matrixStats':

    anyMissing, rowMedians

Warning message:
package 'matrixStats' was built under R version 4.3.2 
Warning message:
In load("/gpfs/data/chiu-lab/bw_folder/dissertation/5hmc_tx/interation_100_allrace_newMM/data/df_train.RData") :
  strings not representable in native encoding will be translated to UTF-8
Warning message:
In load("/gpfs/data/chiu-lab/bw_folder/dissertation/5hmc_tx/interation_100_allrace_newMM/data/df_test.RData") :
  strings not representable in native encoding will be translated to UTF-8
