Conda environment: *
R version 4.3.1 (2023-06-16)
Platform: x86_64-conda-linux-gnu (64-bit)
Running under: Red Hat Enterprise Linux 8.3 (Ootpa)

Matrix products: default
BLAS/LAPACK: /ess/home/home1/beiw/miniconda3/envs/5hmc_os_env/lib/libopenblasp-r0.3.27.so;  LAPACK version 3.12.0

locale:
[1] C

time zone: America/Chicago
tzcode source: system (glibc)

attached base packages:
[1] stats4    stats     graphics  grDevices utils     datasets  methods  
[8] base     

other attached packages:
 [1] conflicted_1.2.0            DESeq2_1.40.2              
 [3] SummarizedExperiment_1.30.2 Biobase_2.60.0             
 [5] MatrixGenerics_1.12.2       matrixStats_1.2.0          
 [7] GenomicRanges_1.52.0        GenomeInfoDb_1.36.1        
 [9] IRanges_2.34.1              S4Vectors_0.38.1           
[11] BiocGenerics_0.46.0         glmnet_4.1-8               
[13] Matrix_1.6-5                mlr3learners_0.5.8         
[15] mlr3tuning_0.19.0           paradox_0.11.1             
[17] mlr3_0.19.0                 lubridate_1.9.3            
[19] forcats_1.0.0               stringr_1.5.1              
[21] purrr_1.0.2                 readr_2.1.5                
[23] tidyr_1.3.1                 tibble_3.2.1               
[25] ggplot2_3.4.4               tidyverse_2.0.0            
[27] dplyr_1.1.4                

loaded via a namespace (and not attached):
 [1] gtable_0.3.4            shape_1.4.6             lattice_0.21-9         
 [4] tzdb_0.4.0              bitops_1.0-7            vctrs_0.6.4            
 [7] tools_4.3.1             generics_0.1.3          parallel_4.3.1         
[10] fansi_1.0.5             pkgconfig_2.0.3         data.table_1.15.2      
[13] checkmate_2.3.1         uuid_1.1-1              GenomeInfoDbData_1.2.11
[16] lifecycle_1.0.3         compiler_4.3.1          munsell_0.5.0          
[19] RhpcBLASctl_0.23-42     codetools_0.2-20        bbotk_0.7.2            
[22] RCurl_1.98-1.12         pillar_1.9.0            crayon_1.5.2           
[25] BiocParallel_1.34.2     cachem_1.0.8            DelayedArray_0.26.6    
[28] iterators_1.0.14        foreach_1.5.2           parallelly_1.37.1      
[31] locfit_1.5-9.8          tidyselect_1.2.0        digest_0.6.35          
[34] stringi_1.7.12          future_1.33.2           listenv_0.9.1          
[37] splines_4.3.1           fastmap_1.1.1           grid_4.3.1             
[40] colorspace_2.1-0        cli_3.6.1               magrittr_2.0.3         
[43] S4Arrays_1.0.4          survival_3.5-7          utf8_1.2.4             
[46] withr_2.5.1             scales_1.2.1            backports_1.4.1        
[49] timechange_0.2.0        XVector_0.40.0          globals_0.16.3         
[52] hms_1.1.3               memoise_2.0.1           mlr3misc_0.15.0        
[55] rlang_1.1.1             Rcpp_1.0.11             glue_1.6.2             
[58] palmerpenguins_0.1.1    lgr_0.4.4               R6_2.5.1               
[61] zlibbioc_1.46.0        
INFO  [11:57:11.694] [bbotk] Starting to optimize 1 parameter(s) with '<TunerGridSearch>' and '<TerminatorNone>'
INFO  [11:57:11.719] [bbotk] Evaluating 1 configuration(s)
INFO  [11:57:11.751] [mlr3] Running benchmark with 5 resampling iterations
INFO  [11:57:11.784] [mlr3] Applying learner 'classif.cv_glmnet' on task 'candi_gene' (iter 1/5)
INFO  [11:57:12.404] [mlr3] Applying learner 'classif.cv_glmnet' on task 'candi_gene' (iter 2/5)
INFO  [11:57:12.597] [mlr3] Applying learner 'classif.cv_glmnet' on task 'candi_gene' (iter 3/5)
INFO  [11:57:12.785] [mlr3] Applying learner 'classif.cv_glmnet' on task 'candi_gene' (iter 4/5)
INFO  [11:57:12.969] [mlr3] Applying learner 'classif.cv_glmnet' on task 'candi_gene' (iter 5/5)
INFO  [11:57:13.161] [mlr3] Finished benchmark
INFO  [11:57:13.189] [bbotk] Result of batch 1:
INFO  [11:57:13.193] [bbotk]  alpha classif.auc warnings errors runtime_learners
INFO  [11:57:13.193] [bbotk]   0.65   0.6133039        0      0            1.331
INFO  [11:57:13.193] [bbotk]                                 uhash
INFO  [11:57:13.193] [bbotk]  26e06574-287d-45ed-ad41-f0e14d49108a
INFO  [11:57:13.195] [bbotk] Evaluating 1 configuration(s)
INFO  [11:57:13.218] [mlr3] Running benchmark with 5 resampling iterations
INFO  [11:57:13.223] [mlr3] Applying learner 'classif.cv_glmnet' on task 'candi_gene' (iter 1/5)
INFO  [11:57:13.414] [mlr3] Applying learner 'classif.cv_glmnet' on task 'candi_gene' (iter 2/5)
INFO  [11:57:13.613] [mlr3] Applying learner 'classif.cv_glmnet' on task 'candi_gene' (iter 3/5)
INFO  [11:57:13.801] [mlr3] Applying learner 'classif.cv_glmnet' on task 'candi_gene' (iter 4/5)
INFO  [11:57:13.988] [mlr3] Applying learner 'classif.cv_glmnet' on task 'candi_gene' (iter 5/5)
INFO  [11:57:14.168] [mlr3] Finished benchmark
INFO  [11:57:14.193] [bbotk] Result of batch 2:
INFO  [11:57:14.195] [bbotk]  alpha classif.auc warnings errors runtime_learners
INFO  [11:57:14.195] [bbotk]   0.95   0.5456488        0      0            0.902
INFO  [11:57:14.195] [bbotk]                                 uhash
INFO  [11:57:14.195] [bbotk]  edb45985-aa98-4456-84ce-11afad8c3f42
INFO  [11:57:14.196] [bbotk] Evaluating 1 configuration(s)
INFO  [11:57:14.219] [mlr3] Running benchmark with 5 resampling iterations
INFO  [11:57:14.223] [mlr3] Applying learner 'classif.cv_glmnet' on task 'candi_gene' (iter 1/5)
INFO  [11:57:14.414] [mlr3] Applying learner 'classif.cv_glmnet' on task 'candi_gene' (iter 2/5)
INFO  [11:57:14.616] [mlr3] Applying learner 'classif.cv_glmnet' on task 'candi_gene' (iter 3/5)
INFO  [11:57:14.811] [mlr3] Applying learner 'classif.cv_glmnet' on task 'candi_gene' (iter 4/5)
INFO  [11:57:14.998] [mlr3] Applying learner 'classif.cv_glmnet' on task 'candi_gene' (iter 5/5)
INFO  [11:57:15.180] [mlr3] Finished benchmark
INFO  [11:57:15.205] [bbotk] Result of batch 3:
INFO  [11:57:15.207] [bbotk]  alpha classif.auc warnings errors runtime_learners
INFO  [11:57:15.207] [bbotk]    0.9   0.6088127        0      0            0.913
INFO  [11:57:15.207] [bbotk]                                 uhash
INFO  [11:57:15.207] [bbotk]  61538f76-fad1-45a7-bc45-94952822ebff
INFO  [11:57:15.208] [bbotk] Evaluating 1 configuration(s)
INFO  [11:57:15.230] [mlr3] Running benchmark with 5 resampling iterations
INFO  [11:57:15.235] [mlr3] Applying learner 'classif.cv_glmnet' on task 'candi_gene' (iter 1/5)
INFO  [11:57:15.430] [mlr3] Applying learner 'classif.cv_glmnet' on task 'candi_gene' (iter 2/5)
INFO  [11:57:15.630] [mlr3] Applying learner 'classif.cv_glmnet' on task 'candi_gene' (iter 3/5)
INFO  [11:57:15.822] [mlr3] Applying learner 'classif.cv_glmnet' on task 'candi_gene' (iter 4/5)
INFO  [11:57:16.004] [mlr3] Applying learner 'classif.cv_glmnet' on task 'candi_gene' (iter 5/5)
INFO  [11:57:16.190] [mlr3] Finished benchmark
INFO  [11:57:16.215] [bbotk] Result of batch 4:
INFO  [11:57:16.217] [bbotk]  alpha classif.auc warnings errors runtime_learners
INFO  [11:57:16.217] [bbotk]    0.8   0.5186532        0      0            0.909
INFO  [11:57:16.217] [bbotk]                                 uhash
INFO  [11:57:16.217] [bbotk]  325624dd-1f19-4c99-b036-f57c338e6bdc
INFO  [11:57:16.218] [bbotk] Evaluating 1 configuration(s)
INFO  [11:57:16.241] [mlr3] Running benchmark with 5 resampling iterations
INFO  [11:57:16.246] [mlr3] Applying learner 'classif.cv_glmnet' on task 'candi_gene' (iter 1/5)
INFO  [11:57:16.443] [mlr3] Applying learner 'classif.cv_glmnet' on task 'candi_gene' (iter 2/5)
INFO  [11:57:16.641] [mlr3] Applying learner 'classif.cv_glmnet' on task 'candi_gene' (iter 3/5)
INFO  [11:57:16.837] [mlr3] Applying learner 'classif.cv_glmnet' on task 'candi_gene' (iter 4/5)
INFO  [11:57:17.034] [mlr3] Applying learner 'classif.cv_glmnet' on task 'candi_gene' (iter 5/5)
INFO  [11:57:17.577] [mlr3] Finished benchmark
INFO  [11:57:17.602] [bbotk] Result of batch 5:
INFO  [11:57:17.604] [bbotk]  alpha classif.auc warnings errors runtime_learners
INFO  [11:57:17.604] [bbotk]      1   0.5209794        0      0             1.29
INFO  [11:57:17.604] [bbotk]                                 uhash
INFO  [11:57:17.604] [bbotk]  00184ab5-ddcf-4d19-961d-ed052063732d
INFO  [11:57:17.605] [bbotk] Evaluating 1 configuration(s)
INFO  [11:57:17.628] [mlr3] Running benchmark with 5 resampling iterations
INFO  [11:57:17.632] [mlr3] Applying learner 'classif.cv_glmnet' on task 'candi_gene' (iter 1/5)
INFO  [11:57:17.900] [mlr3] Applying learner 'classif.cv_glmnet' on task 'candi_gene' (iter 2/5)
INFO  [11:57:18.169] [mlr3] Applying learner 'classif.cv_glmnet' on task 'candi_gene' (iter 3/5)
INFO  [11:57:18.430] [mlr3] Applying learner 'classif.cv_glmnet' on task 'candi_gene' (iter 4/5)
INFO  [11:57:18.702] [mlr3] Applying learner 'classif.cv_glmnet' on task 'candi_gene' (iter 5/5)
INFO  [11:57:18.955] [mlr3] Finished benchmark
INFO  [11:57:18.979] [bbotk] Result of batch 6:
INFO  [11:57:18.981] [bbotk]  alpha classif.auc warnings errors runtime_learners
INFO  [11:57:18.981] [bbotk]   0.05   0.7309095        0      0             1.28
INFO  [11:57:18.981] [bbotk]                                 uhash
INFO  [11:57:18.981] [bbotk]  e6d45cb3-237a-489f-94d8-7b239e417311
INFO  [11:57:18.983] [bbotk] Evaluating 1 configuration(s)
INFO  [11:57:19.005] [mlr3] Running benchmark with 5 resampling iterations
INFO  [11:57:19.010] [mlr3] Applying learner 'classif.cv_glmnet' on task 'candi_gene' (iter 1/5)
INFO  [11:57:19.198] [mlr3] Applying learner 'classif.cv_glmnet' on task 'candi_gene' (iter 2/5)
INFO  [11:57:19.388] [mlr3] Applying learner 'classif.cv_glmnet' on task 'candi_gene' (iter 3/5)
INFO  [11:57:19.575] [mlr3] Applying learner 'classif.cv_glmnet' on task 'candi_gene' (iter 4/5)
INFO  [11:57:19.759] [mlr3] Applying learner 'classif.cv_glmnet' on task 'candi_gene' (iter 5/5)
INFO  [11:57:19.941] [mlr3] Finished benchmark
INFO  [11:57:19.965] [bbotk] Result of batch 7:
INFO  [11:57:19.967] [bbotk]  alpha classif.auc warnings errors runtime_learners
INFO  [11:57:19.967] [bbotk]    0.7   0.6157636        0      0            0.889
INFO  [11:57:19.967] [bbotk]                                 uhash
INFO  [11:57:19.967] [bbotk]  71076168-d1d5-44a7-9588-631725e6ca06
INFO  [11:57:19.969] [bbotk] Evaluating 1 configuration(s)
INFO  [11:57:19.991] [mlr3] Running benchmark with 5 resampling iterations
INFO  [11:57:19.996] [mlr3] Applying learner 'classif.cv_glmnet' on task 'candi_gene' (iter 1/5)
INFO  [11:57:20.184] [mlr3] Applying learner 'classif.cv_glmnet' on task 'candi_gene' (iter 2/5)
INFO  [11:57:20.370] [mlr3] Applying learner 'classif.cv_glmnet' on task 'candi_gene' (iter 3/5)
INFO  [11:57:20.561] [mlr3] Applying learner 'classif.cv_glmnet' on task 'candi_gene' (iter 4/5)
INFO  [11:57:20.743] [mlr3] Applying learner 'classif.cv_glmnet' on task 'candi_gene' (iter 5/5)
INFO  [11:57:20.916] [mlr3] Finished benchmark
INFO  [11:57:20.941] [bbotk] Result of batch 8:
INFO  [11:57:20.943] [bbotk]  alpha classif.auc warnings errors runtime_learners
INFO  [11:57:20.943] [bbotk]   0.85   0.6419063        0      0            0.871
INFO  [11:57:20.943] [bbotk]                                 uhash
INFO  [11:57:20.943] [bbotk]  da3c6c06-6618-4540-837b-875318a50427
INFO  [11:57:20.944] [bbotk] Evaluating 1 configuration(s)
INFO  [11:57:20.966] [mlr3] Running benchmark with 5 resampling iterations
INFO  [11:57:20.971] [mlr3] Applying learner 'classif.cv_glmnet' on task 'candi_gene' (iter 1/5)
INFO  [11:57:21.164] [mlr3] Applying learner 'classif.cv_glmnet' on task 'candi_gene' (iter 2/5)
INFO  [11:57:21.364] [mlr3] Applying learner 'classif.cv_glmnet' on task 'candi_gene' (iter 3/5)
INFO  [11:57:21.548] [mlr3] Applying learner 'classif.cv_glmnet' on task 'candi_gene' (iter 4/5)
INFO  [11:57:21.736] [mlr3] Applying learner 'classif.cv_glmnet' on task 'candi_gene' (iter 5/5)
INFO  [11:57:21.925] [mlr3] Finished benchmark
INFO  [11:57:21.950] [bbotk] Result of batch 9:
INFO  [11:57:21.952] [bbotk]  alpha classif.auc warnings errors runtime_learners
INFO  [11:57:21.952] [bbotk]    0.5   0.5850846        0      0            0.912
INFO  [11:57:21.952] [bbotk]                                 uhash
INFO  [11:57:21.952] [bbotk]  5bb2dc7e-52c7-4f4b-9d37-fc7c081d5405
INFO  [11:57:21.953] [bbotk] Evaluating 1 configuration(s)
INFO  [11:57:21.976] [mlr3] Running benchmark with 5 resampling iterations
INFO  [11:57:21.980] [mlr3] Applying learner 'classif.cv_glmnet' on task 'candi_gene' (iter 1/5)
INFO  [11:57:22.191] [mlr3] Applying learner 'classif.cv_glmnet' on task 'candi_gene' (iter 2/5)
INFO  [11:57:22.408] [mlr3] Applying learner 'classif.cv_glmnet' on task 'candi_gene' (iter 3/5)
INFO  [11:57:22.617] [mlr3] Applying learner 'classif.cv_glmnet' on task 'candi_gene' (iter 4/5)
INFO  [11:57:22.822] [mlr3] Applying learner 'classif.cv_glmnet' on task 'candi_gene' (iter 5/5)
INFO  [11:57:23.032] [mlr3] Finished benchmark
INFO  [11:57:23.057] [bbotk] Result of batch 10:
INFO  [11:57:23.059] [bbotk]  alpha classif.auc warnings errors runtime_learners
INFO  [11:57:23.059] [bbotk]   0.25   0.5232608        0      0            1.011
INFO  [11:57:23.059] [bbotk]                                 uhash
INFO  [11:57:23.059] [bbotk]  f534ca11-7896-4514-acad-2f633c66a7b9
INFO  [11:57:23.060] [bbotk] Evaluating 1 configuration(s)
INFO  [11:57:23.083] [mlr3] Running benchmark with 5 resampling iterations
INFO  [11:57:23.088] [mlr3] Applying learner 'classif.cv_glmnet' on task 'candi_gene' (iter 1/5)
INFO  [11:57:23.281] [mlr3] Applying learner 'classif.cv_glmnet' on task 'candi_gene' (iter 2/5)
INFO  [11:57:23.471] [mlr3] Applying learner 'classif.cv_glmnet' on task 'candi_gene' (iter 3/5)
INFO  [11:57:23.664] [mlr3] Applying learner 'classif.cv_glmnet' on task 'candi_gene' (iter 4/5)
INFO  [11:57:23.850] [mlr3] Applying learner 'classif.cv_glmnet' on task 'candi_gene' (iter 5/5)
INFO  [11:57:24.023] [mlr3] Finished benchmark
INFO  [11:57:24.048] [bbotk] Result of batch 11:
INFO  [11:57:24.050] [bbotk]  alpha classif.auc warnings errors runtime_learners
INFO  [11:57:24.050] [bbotk]   0.55   0.5206061        0      0            0.892
INFO  [11:57:24.050] [bbotk]                                 uhash
INFO  [11:57:24.050] [bbotk]  a2c4250c-da1c-4e38-95b1-061fd547cafc
INFO  [11:57:24.051] [bbotk] Evaluating 1 configuration(s)
INFO  [11:57:24.074] [mlr3] Running benchmark with 5 resampling iterations
INFO  [11:57:24.079] [mlr3] Applying learner 'classif.cv_glmnet' on task 'candi_gene' (iter 1/5)
INFO  [11:57:24.278] [mlr3] Applying learner 'classif.cv_glmnet' on task 'candi_gene' (iter 2/5)
INFO  [11:57:24.478] [mlr3] Applying learner 'classif.cv_glmnet' on task 'candi_gene' (iter 3/5)
INFO  [11:57:24.676] [mlr3] Applying learner 'classif.cv_glmnet' on task 'candi_gene' (iter 4/5)
INFO  [11:57:24.862] [mlr3] Applying learner 'classif.cv_glmnet' on task 'candi_gene' (iter 5/5)
INFO  [11:57:25.054] [mlr3] Finished benchmark
INFO  [11:57:25.079] [bbotk] Result of batch 12:
INFO  [11:57:25.081] [bbotk]  alpha classif.auc warnings errors runtime_learners
INFO  [11:57:25.081] [bbotk]   0.45   0.5582854        0      0            0.932
INFO  [11:57:25.081] [bbotk]                                 uhash
INFO  [11:57:25.081] [bbotk]  760f82ca-b716-4388-beae-9200527e8eb9
INFO  [11:57:25.082] [bbotk] Evaluating 1 configuration(s)
INFO  [11:57:25.105] [mlr3] Running benchmark with 5 resampling iterations
INFO  [11:57:25.110] [mlr3] Applying learner 'classif.cv_glmnet' on task 'candi_gene' (iter 1/5)
INFO  [11:57:25.302] [mlr3] Applying learner 'classif.cv_glmnet' on task 'candi_gene' (iter 2/5)
INFO  [11:57:25.496] [mlr3] Applying learner 'classif.cv_glmnet' on task 'candi_gene' (iter 3/5)
INFO  [11:57:25.679] [mlr3] Applying learner 'classif.cv_glmnet' on task 'candi_gene' (iter 4/5)
INFO  [11:57:25.860] [mlr3] Applying learner 'classif.cv_glmnet' on task 'candi_gene' (iter 5/5)
INFO  [11:57:26.039] [mlr3] Finished benchmark
INFO  [11:57:26.064] [bbotk] Result of batch 13:
INFO  [11:57:26.066] [bbotk]  alpha classif.auc warnings errors runtime_learners
INFO  [11:57:26.066] [bbotk]   0.75   0.5458952        0      0            0.886
INFO  [11:57:26.066] [bbotk]                                 uhash
INFO  [11:57:26.066] [bbotk]  801d31b8-1d25-4250-9209-bf24cee32311
INFO  [11:57:26.068] [bbotk] Evaluating 1 configuration(s)
INFO  [11:57:26.090] [mlr3] Running benchmark with 5 resampling iterations
INFO  [11:57:26.095] [mlr3] Applying learner 'classif.cv_glmnet' on task 'candi_gene' (iter 1/5)
INFO  [11:57:26.321] [mlr3] Applying learner 'classif.cv_glmnet' on task 'candi_gene' (iter 2/5)
INFO  [11:57:26.556] [mlr3] Applying learner 'classif.cv_glmnet' on task 'candi_gene' (iter 3/5)
INFO  [11:57:27.144] [mlr3] Applying learner 'classif.cv_glmnet' on task 'candi_gene' (iter 4/5)
INFO  [11:57:27.374] [mlr3] Applying learner 'classif.cv_glmnet' on task 'candi_gene' (iter 5/5)
INFO  [11:57:27.593] [mlr3] Finished benchmark
INFO  [11:57:27.617] [bbotk] Result of batch 14:
INFO  [11:57:27.619] [bbotk]  alpha classif.auc warnings errors runtime_learners
INFO  [11:57:27.619] [bbotk]   0.15   0.6152247        0      0            1.456
INFO  [11:57:27.619] [bbotk]                                 uhash
INFO  [11:57:27.619] [bbotk]  f287f3cb-ef54-415f-8076-b67ec721cce6
INFO  [11:57:27.620] [bbotk] Evaluating 1 configuration(s)
INFO  [11:57:27.643] [mlr3] Running benchmark with 5 resampling iterations
INFO  [11:57:27.648] [mlr3] Applying learner 'classif.cv_glmnet' on task 'candi_gene' (iter 1/5)
INFO  [11:57:27.883] [mlr3] Applying learner 'classif.cv_glmnet' on task 'candi_gene' (iter 2/5)
INFO  [11:57:28.130] [mlr3] Applying learner 'classif.cv_glmnet' on task 'candi_gene' (iter 3/5)
INFO  [11:57:28.367] [mlr3] Applying learner 'classif.cv_glmnet' on task 'candi_gene' (iter 4/5)
INFO  [11:57:28.609] [mlr3] Applying learner 'classif.cv_glmnet' on task 'candi_gene' (iter 5/5)
INFO  [11:57:28.839] [mlr3] Finished benchmark
INFO  [11:57:28.864] [bbotk] Result of batch 15:
INFO  [11:57:28.866] [bbotk]  alpha classif.auc warnings errors runtime_learners
INFO  [11:57:28.866] [bbotk]    0.1    0.725783        0      0            1.149
INFO  [11:57:28.866] [bbotk]                                 uhash
INFO  [11:57:28.866] [bbotk]  42d359cf-7ac2-483b-9520-b5c0769d7b0d
INFO  [11:57:28.867] [bbotk] Evaluating 1 configuration(s)
INFO  [11:57:28.890] [mlr3] Running benchmark with 5 resampling iterations
INFO  [11:57:28.894] [mlr3] Applying learner 'classif.cv_glmnet' on task 'candi_gene' (iter 1/5)
INFO  [11:57:29.307] [mlr3] Applying learner 'classif.cv_glmnet' on task 'candi_gene' (iter 2/5)
INFO  [11:57:29.687] [mlr3] Applying learner 'classif.cv_glmnet' on task 'candi_gene' (iter 3/5)
INFO  [11:57:30.104] [mlr3] Applying learner 'classif.cv_glmnet' on task 'candi_gene' (iter 4/5)
INFO  [11:57:30.540] [mlr3] Applying learner 'classif.cv_glmnet' on task 'candi_gene' (iter 5/5)
INFO  [11:57:30.973] [mlr3] Finished benchmark
INFO  [11:57:30.998] [bbotk] Result of batch 16:
INFO  [11:57:31.000] [bbotk]  alpha classif.auc warnings errors runtime_learners
INFO  [11:57:31.000] [bbotk]      0   0.6073338        0      0            2.039
INFO  [11:57:31.000] [bbotk]                                 uhash
INFO  [11:57:31.000] [bbotk]  ba47d509-f39b-475c-a2e9-43509bbf9667
INFO  [11:57:31.001] [bbotk] Evaluating 1 configuration(s)
INFO  [11:57:31.024] [mlr3] Running benchmark with 5 resampling iterations
INFO  [11:57:31.028] [mlr3] Applying learner 'classif.cv_glmnet' on task 'candi_gene' (iter 1/5)
INFO  [11:57:31.239] [mlr3] Applying learner 'classif.cv_glmnet' on task 'candi_gene' (iter 2/5)
INFO  [11:57:31.449] [mlr3] Applying learner 'classif.cv_glmnet' on task 'candi_gene' (iter 3/5)
INFO  [11:57:31.655] [mlr3] Applying learner 'classif.cv_glmnet' on task 'candi_gene' (iter 4/5)
INFO  [11:57:31.858] [mlr3] Applying learner 'classif.cv_glmnet' on task 'candi_gene' (iter 5/5)
INFO  [11:57:32.054] [mlr3] Finished benchmark
INFO  [11:57:32.079] [bbotk] Result of batch 17:
INFO  [11:57:32.081] [bbotk]  alpha classif.auc warnings errors runtime_learners
INFO  [11:57:32.081] [bbotk]    0.3   0.5679487        0      0            0.977
INFO  [11:57:32.081] [bbotk]                                 uhash
INFO  [11:57:32.081] [bbotk]  813c26c4-cd35-458e-ace3-a01ca71b19ae
INFO  [11:57:32.082] [bbotk] Evaluating 1 configuration(s)
INFO  [11:57:32.110] [mlr3] Running benchmark with 5 resampling iterations
INFO  [11:57:32.115] [mlr3] Applying learner 'classif.cv_glmnet' on task 'candi_gene' (iter 1/5)
INFO  [11:57:32.307] [mlr3] Applying learner 'classif.cv_glmnet' on task 'candi_gene' (iter 2/5)
INFO  [11:57:32.511] [mlr3] Applying learner 'classif.cv_glmnet' on task 'candi_gene' (iter 3/5)
INFO  [11:57:32.707] [mlr3] Applying learner 'classif.cv_glmnet' on task 'candi_gene' (iter 4/5)
INFO  [11:57:32.899] [mlr3] Applying learner 'classif.cv_glmnet' on task 'candi_gene' (iter 5/5)
INFO  [11:57:33.093] [mlr3] Finished benchmark
INFO  [11:57:33.118] [bbotk] Result of batch 18:
INFO  [11:57:33.120] [bbotk]  alpha classif.auc warnings errors runtime_learners
INFO  [11:57:33.120] [bbotk]    0.4   0.5242424        0      0            0.935
INFO  [11:57:33.120] [bbotk]                                 uhash
INFO  [11:57:33.120] [bbotk]  a6572aaa-ff46-49ca-9af4-a091ecc73fe3
INFO  [11:57:33.126] [bbotk] Evaluating 1 configuration(s)
INFO  [11:57:33.150] [mlr3] Running benchmark with 5 resampling iterations
INFO  [11:57:33.155] [mlr3] Applying learner 'classif.cv_glmnet' on task 'candi_gene' (iter 1/5)
INFO  [11:57:33.348] [mlr3] Applying learner 'classif.cv_glmnet' on task 'candi_gene' (iter 2/5)
INFO  [11:57:33.546] [mlr3] Applying learner 'classif.cv_glmnet' on task 'candi_gene' (iter 3/5)
INFO  [11:57:33.734] [mlr3] Applying learner 'classif.cv_glmnet' on task 'candi_gene' (iter 4/5)
INFO  [11:57:33.923] [mlr3] Applying learner 'classif.cv_glmnet' on task 'candi_gene' (iter 5/5)
INFO  [11:57:34.108] [mlr3] Finished benchmark
INFO  [11:57:34.133] [bbotk] Result of batch 19:
INFO  [11:57:34.135] [bbotk]  alpha classif.auc warnings errors runtime_learners
INFO  [11:57:34.135] [bbotk]    0.6   0.4918182        0      0            0.912
INFO  [11:57:34.135] [bbotk]                                 uhash
INFO  [11:57:34.135] [bbotk]  2634cfd6-e28b-4a49-9adb-b51467322f12
INFO  [11:57:34.136] [bbotk] Evaluating 1 configuration(s)
INFO  [11:57:34.159] [mlr3] Running benchmark with 5 resampling iterations
INFO  [11:57:34.164] [mlr3] Applying learner 'classif.cv_glmnet' on task 'candi_gene' (iter 1/5)
INFO  [11:57:34.384] [mlr3] Applying learner 'classif.cv_glmnet' on task 'candi_gene' (iter 2/5)
INFO  [11:57:34.611] [mlr3] Applying learner 'classif.cv_glmnet' on task 'candi_gene' (iter 3/5)
INFO  [11:57:34.828] [mlr3] Applying learner 'classif.cv_glmnet' on task 'candi_gene' (iter 4/5)
INFO  [11:57:35.046] [mlr3] Applying learner 'classif.cv_glmnet' on task 'candi_gene' (iter 5/5)
INFO  [11:57:35.260] [mlr3] Finished benchmark
INFO  [11:57:35.285] [bbotk] Result of batch 20:
INFO  [11:57:35.287] [bbotk]  alpha classif.auc warnings errors runtime_learners
INFO  [11:57:35.287] [bbotk]    0.2    0.529596        0      0            1.053
INFO  [11:57:35.287] [bbotk]                                 uhash
INFO  [11:57:35.287] [bbotk]  e2595fa5-9e38-4595-bb7b-a87e7fbb49a2
INFO  [11:57:35.288] [bbotk] Evaluating 1 configuration(s)
INFO  [11:57:35.311] [mlr3] Running benchmark with 5 resampling iterations
INFO  [11:57:35.316] [mlr3] Applying learner 'classif.cv_glmnet' on task 'candi_gene' (iter 1/5)
INFO  [11:57:35.521] [mlr3] Applying learner 'classif.cv_glmnet' on task 'candi_gene' (iter 2/5)
INFO  [11:57:35.739] [mlr3] Applying learner 'classif.cv_glmnet' on task 'candi_gene' (iter 3/5)
INFO  [11:57:35.943] [mlr3] Applying learner 'classif.cv_glmnet' on task 'candi_gene' (iter 4/5)
INFO  [11:57:36.147] [mlr3] Applying learner 'classif.cv_glmnet' on task 'candi_gene' (iter 5/5)
INFO  [11:57:36.345] [mlr3] Finished benchmark
INFO  [11:57:36.370] [bbotk] Result of batch 21:
INFO  [11:57:36.372] [bbotk]  alpha classif.auc warnings errors runtime_learners
INFO  [11:57:36.372] [bbotk]   0.35   0.5464465        0      0            0.989
INFO  [11:57:36.372] [bbotk]                                 uhash
INFO  [11:57:36.372] [bbotk]  96483d83-af2d-49e2-9236-412c335c40b6
INFO  [11:57:36.377] [bbotk] Finished optimizing after 21 evaluation(s)
INFO  [11:57:36.377] [bbotk] Result:
INFO  [11:57:36.380] [bbotk]   alpha learner_param_vals x_domain classif.auc
INFO  [11:57:36.380] [bbotk]  <char>             <list>   <list>       <num>
INFO  [11:57:36.380] [bbotk]    0.05       c(7.8947....     0.05   0.7309095
