Conda environment: *
R version 4.3.1 (2023-06-16)
Platform: x86_64-conda-linux-gnu (64-bit)
Running under: Red Hat Enterprise Linux 8.3 (Ootpa)

Matrix products: default
BLAS/LAPACK: /ess/home/home1/beiw/miniconda3/envs/5hmc_os_env/lib/libopenblasp-r0.3.27.so;  LAPACK version 3.12.0

locale:
[1] C

time zone: America/Chicago
tzcode source: system (glibc)

attached base packages:
[1] stats4    stats     graphics  grDevices utils     datasets  methods  
[8] base     

other attached packages:
 [1] conflicted_1.2.0            DESeq2_1.40.2              
 [3] SummarizedExperiment_1.30.2 Biobase_2.60.0             
 [5] MatrixGenerics_1.12.2       matrixStats_1.2.0          
 [7] GenomicRanges_1.52.0        GenomeInfoDb_1.36.1        
 [9] IRanges_2.34.1              S4Vectors_0.38.1           
[11] BiocGenerics_0.46.0         glmnet_4.1-8               
[13] Matrix_1.6-5                mlr3learners_0.5.8         
[15] mlr3tuning_0.19.0           paradox_0.11.1             
[17] mlr3_0.19.0                 lubridate_1.9.3            
[19] forcats_1.0.0               stringr_1.5.1              
[21] purrr_1.0.2                 readr_2.1.5                
[23] tidyr_1.3.1                 tibble_3.2.1               
[25] ggplot2_3.4.4               tidyverse_2.0.0            
[27] dplyr_1.1.4                

loaded via a namespace (and not attached):
 [1] gtable_0.3.4            shape_1.4.6             lattice_0.21-9         
 [4] tzdb_0.4.0              bitops_1.0-7            vctrs_0.6.4            
 [7] tools_4.3.1             generics_0.1.3          parallel_4.3.1         
[10] fansi_1.0.5             pkgconfig_2.0.3         data.table_1.15.2      
[13] checkmate_2.3.1         uuid_1.1-1              GenomeInfoDbData_1.2.11
[16] lifecycle_1.0.3         compiler_4.3.1          munsell_0.5.0          
[19] RhpcBLASctl_0.23-42     codetools_0.2-20        bbotk_0.7.2            
[22] RCurl_1.98-1.12         pillar_1.9.0            crayon_1.5.2           
[25] BiocParallel_1.34.2     cachem_1.0.8            DelayedArray_0.26.6    
[28] iterators_1.0.14        foreach_1.5.2           parallelly_1.37.1      
[31] locfit_1.5-9.8          tidyselect_1.2.0        digest_0.6.35          
[34] stringi_1.7.12          future_1.33.2           listenv_0.9.1          
[37] splines_4.3.1           fastmap_1.1.1           grid_4.3.1             
[40] colorspace_2.1-0        cli_3.6.1               magrittr_2.0.3         
[43] S4Arrays_1.0.4          survival_3.5-7          utf8_1.2.4             
[46] withr_2.5.1             scales_1.2.1            backports_1.4.1        
[49] timechange_0.2.0        XVector_0.40.0          globals_0.16.3         
[52] hms_1.1.3               memoise_2.0.1           mlr3misc_0.15.0        
[55] rlang_1.1.1             Rcpp_1.0.11             glue_1.6.2             
[58] palmerpenguins_0.1.1    lgr_0.4.4               R6_2.5.1               
[61] zlibbioc_1.46.0        
INFO  [11:55:57.417] [bbotk] Starting to optimize 1 parameter(s) with '<TunerGridSearch>' and '<TerminatorNone>'
INFO  [11:55:57.442] [bbotk] Evaluating 1 configuration(s)
INFO  [11:55:57.474] [mlr3] Running benchmark with 5 resampling iterations
INFO  [11:55:57.509] [mlr3] Applying learner 'classif.cv_glmnet' on task 'candi_gene' (iter 1/5)
INFO  [11:55:58.133] [mlr3] Applying learner 'classif.cv_glmnet' on task 'candi_gene' (iter 2/5)
INFO  [11:55:58.320] [mlr3] Applying learner 'classif.cv_glmnet' on task 'candi_gene' (iter 3/5)
INFO  [11:55:58.512] [mlr3] Applying learner 'classif.cv_glmnet' on task 'candi_gene' (iter 4/5)
INFO  [11:55:58.694] [mlr3] Applying learner 'classif.cv_glmnet' on task 'candi_gene' (iter 5/5)
INFO  [11:55:58.886] [mlr3] Finished benchmark
INFO  [11:55:58.915] [bbotk] Result of batch 1:
INFO  [11:55:58.918] [bbotk]  alpha classif.auc warnings errors runtime_learners
INFO  [11:55:58.918] [bbotk]    0.8   0.5241071        0      0            1.329
INFO  [11:55:58.918] [bbotk]                                 uhash
INFO  [11:55:58.918] [bbotk]  709a76ac-a1b6-4f3a-bbf0-f2086019bbc1
INFO  [11:55:58.921] [bbotk] Evaluating 1 configuration(s)
INFO  [11:55:58.944] [mlr3] Running benchmark with 5 resampling iterations
INFO  [11:55:58.948] [mlr3] Applying learner 'classif.cv_glmnet' on task 'candi_gene' (iter 1/5)
INFO  [11:55:59.380] [mlr3] Applying learner 'classif.cv_glmnet' on task 'candi_gene' (iter 2/5)
INFO  [11:56:00.176] [mlr3] Applying learner 'classif.cv_glmnet' on task 'candi_gene' (iter 3/5)
INFO  [11:56:00.587] [mlr3] Applying learner 'classif.cv_glmnet' on task 'candi_gene' (iter 4/5)
INFO  [11:56:01.009] [mlr3] Applying learner 'classif.cv_glmnet' on task 'candi_gene' (iter 5/5)
INFO  [11:56:01.427] [mlr3] Finished benchmark
INFO  [11:56:01.452] [bbotk] Result of batch 2:
INFO  [11:56:01.454] [bbotk]  alpha classif.auc warnings errors runtime_learners
INFO  [11:56:01.454] [bbotk]      0   0.6609935        0      0             2.43
INFO  [11:56:01.454] [bbotk]                                 uhash
INFO  [11:56:01.454] [bbotk]  5f813d42-e7d2-4849-a843-9c92fba2ed32
INFO  [11:56:01.455] [bbotk] Evaluating 1 configuration(s)
INFO  [11:56:01.478] [mlr3] Running benchmark with 5 resampling iterations
INFO  [11:56:01.483] [mlr3] Applying learner 'classif.cv_glmnet' on task 'candi_gene' (iter 1/5)
INFO  [11:56:01.661] [mlr3] Applying learner 'classif.cv_glmnet' on task 'candi_gene' (iter 2/5)
INFO  [11:56:01.868] [mlr3] Applying learner 'classif.cv_glmnet' on task 'candi_gene' (iter 3/5)
INFO  [11:56:02.065] [mlr3] Applying learner 'classif.cv_glmnet' on task 'candi_gene' (iter 4/5)
INFO  [11:56:02.265] [mlr3] Applying learner 'classif.cv_glmnet' on task 'candi_gene' (iter 5/5)
INFO  [11:56:02.460] [mlr3] Finished benchmark
INFO  [11:56:02.485] [bbotk] Result of batch 3:
INFO  [11:56:02.487] [bbotk]  alpha classif.auc warnings errors runtime_learners
INFO  [11:56:02.487] [bbotk]    0.4   0.5207386        0      0            0.935
INFO  [11:56:02.487] [bbotk]                                 uhash
INFO  [11:56:02.487] [bbotk]  f188e46d-2f31-4ea4-96c7-c641835b9260
INFO  [11:56:02.488] [bbotk] Evaluating 1 configuration(s)
INFO  [11:56:02.511] [mlr3] Running benchmark with 5 resampling iterations
INFO  [11:56:02.516] [mlr3] Applying learner 'classif.cv_glmnet' on task 'candi_gene' (iter 1/5)
INFO  [11:56:02.680] [mlr3] Applying learner 'classif.cv_glmnet' on task 'candi_gene' (iter 2/5)
INFO  [11:56:02.860] [mlr3] Applying learner 'classif.cv_glmnet' on task 'candi_gene' (iter 3/5)
INFO  [11:56:03.049] [mlr3] Applying learner 'classif.cv_glmnet' on task 'candi_gene' (iter 4/5)
INFO  [11:56:03.234] [mlr3] Applying learner 'classif.cv_glmnet' on task 'candi_gene' (iter 5/5)
INFO  [11:56:03.421] [mlr3] Finished benchmark
INFO  [11:56:03.446] [bbotk] Result of batch 4:
INFO  [11:56:03.448] [bbotk]  alpha classif.auc warnings errors runtime_learners
INFO  [11:56:03.448] [bbotk]    0.7   0.5116369        0      0            0.855
INFO  [11:56:03.448] [bbotk]                                 uhash
INFO  [11:56:03.448] [bbotk]  bc8ac7dd-56d1-4954-b928-289a17f77e98
INFO  [11:56:03.449] [bbotk] Evaluating 1 configuration(s)
INFO  [11:56:03.473] [mlr3] Running benchmark with 5 resampling iterations
INFO  [11:56:03.478] [mlr3] Applying learner 'classif.cv_glmnet' on task 'candi_gene' (iter 1/5)
INFO  [11:56:03.725] [mlr3] Applying learner 'classif.cv_glmnet' on task 'candi_gene' (iter 2/5)
INFO  [11:56:03.994] [mlr3] Applying learner 'classif.cv_glmnet' on task 'candi_gene' (iter 3/5)
INFO  [11:56:04.259] [mlr3] Applying learner 'classif.cv_glmnet' on task 'candi_gene' (iter 4/5)
INFO  [11:56:04.524] [mlr3] Applying learner 'classif.cv_glmnet' on task 'candi_gene' (iter 5/5)
INFO  [11:56:04.795] [mlr3] Finished benchmark
INFO  [11:56:04.820] [bbotk] Result of batch 5:
INFO  [11:56:04.822] [bbotk]  alpha classif.auc warnings errors runtime_learners
INFO  [11:56:04.822] [bbotk]   0.05   0.6899302        0      0            1.276
INFO  [11:56:04.822] [bbotk]                                 uhash
INFO  [11:56:04.822] [bbotk]  9878ed5a-c2ea-4089-8212-f0f2ad36409b
INFO  [11:56:04.823] [bbotk] Evaluating 1 configuration(s)
INFO  [11:56:04.846] [mlr3] Running benchmark with 5 resampling iterations
INFO  [11:56:04.851] [mlr3] Applying learner 'classif.cv_glmnet' on task 'candi_gene' (iter 1/5)
INFO  [11:56:05.015] [mlr3] Applying learner 'classif.cv_glmnet' on task 'candi_gene' (iter 2/5)
INFO  [11:56:05.208] [mlr3] Applying learner 'classif.cv_glmnet' on task 'candi_gene' (iter 3/5)
INFO  [11:56:05.402] [mlr3] Applying learner 'classif.cv_glmnet' on task 'candi_gene' (iter 4/5)
INFO  [11:56:05.588] [mlr3] Applying learner 'classif.cv_glmnet' on task 'candi_gene' (iter 5/5)
INFO  [11:56:05.772] [mlr3] Finished benchmark
INFO  [11:56:05.797] [bbotk] Result of batch 6:
INFO  [11:56:05.799] [bbotk]  alpha classif.auc warnings errors runtime_learners
INFO  [11:56:05.799] [bbotk]    0.6   0.4770833        0      0            0.877
INFO  [11:56:05.799] [bbotk]                                 uhash
INFO  [11:56:05.799] [bbotk]  5602e47a-f0cf-48bf-ae4a-feadfdcbf535
INFO  [11:56:05.800] [bbotk] Evaluating 1 configuration(s)
INFO  [11:56:05.824] [mlr3] Running benchmark with 5 resampling iterations
INFO  [11:56:05.828] [mlr3] Applying learner 'classif.cv_glmnet' on task 'candi_gene' (iter 1/5)
INFO  [11:56:05.995] [mlr3] Applying learner 'classif.cv_glmnet' on task 'candi_gene' (iter 2/5)
INFO  [11:56:06.184] [mlr3] Applying learner 'classif.cv_glmnet' on task 'candi_gene' (iter 3/5)
INFO  [11:56:06.376] [mlr3] Applying learner 'classif.cv_glmnet' on task 'candi_gene' (iter 4/5)
INFO  [11:56:06.559] [mlr3] Applying learner 'classif.cv_glmnet' on task 'candi_gene' (iter 5/5)
INFO  [11:56:06.742] [mlr3] Finished benchmark
INFO  [11:56:06.767] [bbotk] Result of batch 7:
INFO  [11:56:06.769] [bbotk]  alpha classif.auc warnings errors runtime_learners
INFO  [11:56:06.769] [bbotk]   0.75   0.4802083        0      0            0.871
INFO  [11:56:06.769] [bbotk]                                 uhash
INFO  [11:56:06.769] [bbotk]  9d804039-d563-43a7-8fae-34ce7b9ea83b
INFO  [11:56:06.770] [bbotk] Evaluating 1 configuration(s)
INFO  [11:56:06.793] [mlr3] Running benchmark with 5 resampling iterations
INFO  [11:56:06.798] [mlr3] Applying learner 'classif.cv_glmnet' on task 'candi_gene' (iter 1/5)
INFO  [11:56:06.960] [mlr3] Applying learner 'classif.cv_glmnet' on task 'candi_gene' (iter 2/5)
INFO  [11:56:07.149] [mlr3] Applying learner 'classif.cv_glmnet' on task 'candi_gene' (iter 3/5)
INFO  [11:56:07.338] [mlr3] Applying learner 'classif.cv_glmnet' on task 'candi_gene' (iter 4/5)
INFO  [11:56:07.519] [mlr3] Applying learner 'classif.cv_glmnet' on task 'candi_gene' (iter 5/5)
INFO  [11:56:07.705] [mlr3] Finished benchmark
INFO  [11:56:07.730] [bbotk] Result of batch 8:
INFO  [11:56:07.732] [bbotk]  alpha classif.auc warnings errors runtime_learners
INFO  [11:56:07.732] [bbotk]    0.9   0.5280344        0      0            0.866
INFO  [11:56:07.732] [bbotk]                                 uhash
INFO  [11:56:07.732] [bbotk]  c440dbf9-1200-4cfe-be95-9b618b8a019e
INFO  [11:56:07.733] [bbotk] Evaluating 1 configuration(s)
INFO  [11:56:07.756] [mlr3] Running benchmark with 5 resampling iterations
INFO  [11:56:07.760] [mlr3] Applying learner 'classif.cv_glmnet' on task 'candi_gene' (iter 1/5)
INFO  [11:56:07.940] [mlr3] Applying learner 'classif.cv_glmnet' on task 'candi_gene' (iter 2/5)
INFO  [11:56:08.140] [mlr3] Applying learner 'classif.cv_glmnet' on task 'candi_gene' (iter 3/5)
INFO  [11:56:08.339] [mlr3] Applying learner 'classif.cv_glmnet' on task 'candi_gene' (iter 4/5)
INFO  [11:56:08.536] [mlr3] Applying learner 'classif.cv_glmnet' on task 'candi_gene' (iter 5/5)
INFO  [11:56:08.733] [mlr3] Finished benchmark
INFO  [11:56:08.757] [bbotk] Result of batch 9:
INFO  [11:56:08.760] [bbotk]  alpha classif.auc warnings errors runtime_learners
INFO  [11:56:08.760] [bbotk]   0.45   0.5244886        0      0             0.93
INFO  [11:56:08.760] [bbotk]                                 uhash
INFO  [11:56:08.760] [bbotk]  a4d3f307-a4a5-4b5e-aff5-4fc211570acc
INFO  [11:56:08.761] [bbotk] Evaluating 1 configuration(s)
INFO  [11:56:08.784] [mlr3] Running benchmark with 5 resampling iterations
INFO  [11:56:08.789] [mlr3] Applying learner 'classif.cv_glmnet' on task 'candi_gene' (iter 1/5)
INFO  [11:56:09.017] [mlr3] Applying learner 'classif.cv_glmnet' on task 'candi_gene' (iter 2/5)
INFO  [11:56:09.270] [mlr3] Applying learner 'classif.cv_glmnet' on task 'candi_gene' (iter 3/5)
INFO  [11:56:09.514] [mlr3] Applying learner 'classif.cv_glmnet' on task 'candi_gene' (iter 4/5)
INFO  [11:56:09.760] [mlr3] Applying learner 'classif.cv_glmnet' on task 'candi_gene' (iter 5/5)
INFO  [11:56:10.009] [mlr3] Finished benchmark
INFO  [11:56:10.035] [bbotk] Result of batch 10:
INFO  [11:56:10.037] [bbotk]  alpha classif.auc warnings errors runtime_learners
INFO  [11:56:10.037] [bbotk]    0.1   0.5775833        0      0             1.18
INFO  [11:56:10.037] [bbotk]                                 uhash
INFO  [11:56:10.037] [bbotk]  50c88610-965e-44b7-990c-c4777fa053bf
INFO  [11:56:10.039] [bbotk] Evaluating 1 configuration(s)
INFO  [11:56:10.062] [mlr3] Running benchmark with 5 resampling iterations
INFO  [11:56:10.067] [mlr3] Applying learner 'classif.cv_glmnet' on task 'candi_gene' (iter 1/5)
INFO  [11:56:10.261] [mlr3] Applying learner 'classif.cv_glmnet' on task 'candi_gene' (iter 2/5)
INFO  [11:56:10.475] [mlr3] Applying learner 'classif.cv_glmnet' on task 'candi_gene' (iter 3/5)
INFO  [11:56:10.683] [mlr3] Applying learner 'classif.cv_glmnet' on task 'candi_gene' (iter 4/5)
INFO  [11:56:10.900] [mlr3] Applying learner 'classif.cv_glmnet' on task 'candi_gene' (iter 5/5)
INFO  [11:56:11.112] [mlr3] Finished benchmark
INFO  [11:56:11.137] [bbotk] Result of batch 11:
INFO  [11:56:11.139] [bbotk]  alpha classif.auc warnings errors runtime_learners
INFO  [11:56:11.139] [bbotk]    0.3   0.5717614        0      0            1.001
INFO  [11:56:11.139] [bbotk]                                 uhash
INFO  [11:56:11.139] [bbotk]  54595da6-7284-4ff8-ad64-7752f161da48
INFO  [11:56:11.140] [bbotk] Evaluating 1 configuration(s)
INFO  [11:56:11.163] [mlr3] Running benchmark with 5 resampling iterations
INFO  [11:56:11.168] [mlr3] Applying learner 'classif.cv_glmnet' on task 'candi_gene' (iter 1/5)
INFO  [11:56:11.344] [mlr3] Applying learner 'classif.cv_glmnet' on task 'candi_gene' (iter 2/5)
INFO  [11:56:11.540] [mlr3] Applying learner 'classif.cv_glmnet' on task 'candi_gene' (iter 3/5)
INFO  [11:56:11.742] [mlr3] Applying learner 'classif.cv_glmnet' on task 'candi_gene' (iter 4/5)
INFO  [11:56:11.938] [mlr3] Applying learner 'classif.cv_glmnet' on task 'candi_gene' (iter 5/5)
INFO  [11:56:12.133] [mlr3] Finished benchmark
INFO  [11:56:12.159] [bbotk] Result of batch 12:
INFO  [11:56:12.161] [bbotk]  alpha classif.auc warnings errors runtime_learners
INFO  [11:56:12.161] [bbotk]    0.5   0.5262917        0      0            0.923
INFO  [11:56:12.161] [bbotk]                                 uhash
INFO  [11:56:12.161] [bbotk]  73181513-f03e-4af4-be5c-c2e9b17b73ef
INFO  [11:56:12.162] [bbotk] Evaluating 1 configuration(s)
INFO  [11:56:12.188] [mlr3] Running benchmark with 5 resampling iterations
INFO  [11:56:12.193] [mlr3] Applying learner 'classif.cv_glmnet' on task 'candi_gene' (iter 1/5)
INFO  [11:56:12.349] [mlr3] Applying learner 'classif.cv_glmnet' on task 'candi_gene' (iter 2/5)
INFO  [11:56:12.540] [mlr3] Applying learner 'classif.cv_glmnet' on task 'candi_gene' (iter 3/5)
INFO  [11:56:12.738] [mlr3] Applying learner 'classif.cv_glmnet' on task 'candi_gene' (iter 4/5)
INFO  [11:56:12.927] [mlr3] Applying learner 'classif.cv_glmnet' on task 'candi_gene' (iter 5/5)
INFO  [11:56:13.121] [mlr3] Finished benchmark
INFO  [11:56:13.147] [bbotk] Result of batch 13:
INFO  [11:56:13.149] [bbotk]  alpha classif.auc warnings errors runtime_learners
INFO  [11:56:13.149] [bbotk]   0.85   0.5086353        0      0            0.886
INFO  [11:56:13.149] [bbotk]                                 uhash
INFO  [11:56:13.149] [bbotk]  84cd0fe8-ef0b-4e9a-90e5-fcce5cc9ab23
INFO  [11:56:13.150] [bbotk] Evaluating 1 configuration(s)
INFO  [11:56:13.173] [mlr3] Running benchmark with 5 resampling iterations
INFO  [11:56:13.178] [mlr3] Applying learner 'classif.cv_glmnet' on task 'candi_gene' (iter 1/5)
INFO  [11:56:13.378] [mlr3] Applying learner 'classif.cv_glmnet' on task 'candi_gene' (iter 2/5)
INFO  [11:56:13.600] [mlr3] Applying learner 'classif.cv_glmnet' on task 'candi_gene' (iter 3/5)
INFO  [11:56:14.176] [mlr3] Applying learner 'classif.cv_glmnet' on task 'candi_gene' (iter 4/5)
INFO  [11:56:14.386] [mlr3] Applying learner 'classif.cv_glmnet' on task 'candi_gene' (iter 5/5)
INFO  [11:56:14.590] [mlr3] Finished benchmark
INFO  [11:56:14.615] [bbotk] Result of batch 14:
INFO  [11:56:14.617] [bbotk]  alpha classif.auc warnings errors runtime_learners
INFO  [11:56:14.617] [bbotk]   0.25   0.4760417        0      0            1.365
INFO  [11:56:14.617] [bbotk]                                 uhash
INFO  [11:56:14.617] [bbotk]  709a3b6e-103f-40f7-8df5-a8b85c497a3e
INFO  [11:56:14.618] [bbotk] Evaluating 1 configuration(s)
INFO  [11:56:14.641] [mlr3] Running benchmark with 5 resampling iterations
INFO  [11:56:14.646] [mlr3] Applying learner 'classif.cv_glmnet' on task 'candi_gene' (iter 1/5)
INFO  [11:56:14.827] [mlr3] Applying learner 'classif.cv_glmnet' on task 'candi_gene' (iter 2/5)
INFO  [11:56:15.030] [mlr3] Applying learner 'classif.cv_glmnet' on task 'candi_gene' (iter 3/5)
INFO  [11:56:15.229] [mlr3] Applying learner 'classif.cv_glmnet' on task 'candi_gene' (iter 4/5)
INFO  [11:56:15.430] [mlr3] Applying learner 'classif.cv_glmnet' on task 'candi_gene' (iter 5/5)
INFO  [11:56:15.625] [mlr3] Finished benchmark
INFO  [11:56:15.651] [bbotk] Result of batch 15:
INFO  [11:56:15.653] [bbotk]  alpha classif.auc warnings errors runtime_learners
INFO  [11:56:15.653] [bbotk]   0.35   0.5325119        0      0            0.935
INFO  [11:56:15.653] [bbotk]                                 uhash
INFO  [11:56:15.653] [bbotk]  82b70a88-066a-4d34-99eb-a854bf8ad4a1
INFO  [11:56:15.654] [bbotk] Evaluating 1 configuration(s)
INFO  [11:56:15.677] [mlr3] Running benchmark with 5 resampling iterations
INFO  [11:56:15.682] [mlr3] Applying learner 'classif.cv_glmnet' on task 'candi_gene' (iter 1/5)
INFO  [11:56:15.847] [mlr3] Applying learner 'classif.cv_glmnet' on task 'candi_gene' (iter 2/5)
INFO  [11:56:16.041] [mlr3] Applying learner 'classif.cv_glmnet' on task 'candi_gene' (iter 3/5)
INFO  [11:56:16.247] [mlr3] Applying learner 'classif.cv_glmnet' on task 'candi_gene' (iter 4/5)
INFO  [11:56:16.429] [mlr3] Applying learner 'classif.cv_glmnet' on task 'candi_gene' (iter 5/5)
INFO  [11:56:16.620] [mlr3] Finished benchmark
INFO  [11:56:16.646] [bbotk] Result of batch 16:
INFO  [11:56:16.648] [bbotk]  alpha classif.auc warnings errors runtime_learners
INFO  [11:56:16.648] [bbotk]      1   0.5251359        0      0            0.895
INFO  [11:56:16.648] [bbotk]                                 uhash
INFO  [11:56:16.648] [bbotk]  903637b0-d079-48bc-ba46-a885a8b50091
INFO  [11:56:16.650] [bbotk] Evaluating 1 configuration(s)
INFO  [11:56:16.673] [mlr3] Running benchmark with 5 resampling iterations
INFO  [11:56:16.678] [mlr3] Applying learner 'classif.cv_glmnet' on task 'candi_gene' (iter 1/5)
INFO  [11:56:16.841] [mlr3] Applying learner 'classif.cv_glmnet' on task 'candi_gene' (iter 2/5)
INFO  [11:56:17.022] [mlr3] Applying learner 'classif.cv_glmnet' on task 'candi_gene' (iter 3/5)
INFO  [11:56:17.223] [mlr3] Applying learner 'classif.cv_glmnet' on task 'candi_gene' (iter 4/5)
INFO  [11:56:17.401] [mlr3] Applying learner 'classif.cv_glmnet' on task 'candi_gene' (iter 5/5)
INFO  [11:56:17.587] [mlr3] Finished benchmark
INFO  [11:56:17.612] [bbotk] Result of batch 17:
INFO  [11:56:17.614] [bbotk]  alpha classif.auc warnings errors runtime_learners
INFO  [11:56:17.614] [bbotk]   0.95   0.5212711        0      0            0.866
INFO  [11:56:17.614] [bbotk]                                 uhash
INFO  [11:56:17.614] [bbotk]  440542e3-faf7-499a-afa7-c4e0bb0d74db
INFO  [11:56:17.616] [bbotk] Evaluating 1 configuration(s)
INFO  [11:56:17.638] [mlr3] Running benchmark with 5 resampling iterations
INFO  [11:56:17.643] [mlr3] Applying learner 'classif.cv_glmnet' on task 'candi_gene' (iter 1/5)
INFO  [11:56:17.812] [mlr3] Applying learner 'classif.cv_glmnet' on task 'candi_gene' (iter 2/5)
INFO  [11:56:18.006] [mlr3] Applying learner 'classif.cv_glmnet' on task 'candi_gene' (iter 3/5)
INFO  [11:56:18.197] [mlr3] Applying learner 'classif.cv_glmnet' on task 'candi_gene' (iter 4/5)
INFO  [11:56:18.378] [mlr3] Applying learner 'classif.cv_glmnet' on task 'candi_gene' (iter 5/5)
INFO  [11:56:18.560] [mlr3] Finished benchmark
INFO  [11:56:18.586] [bbotk] Result of batch 18:
INFO  [11:56:18.588] [bbotk]  alpha classif.auc warnings errors runtime_learners
INFO  [11:56:18.588] [bbotk]   0.65   0.5252868        0      0            0.868
INFO  [11:56:18.588] [bbotk]                                 uhash
INFO  [11:56:18.588] [bbotk]  4fa1e08f-fb76-4c4a-afb6-81ed3d1abb73
INFO  [11:56:18.589] [bbotk] Evaluating 1 configuration(s)
INFO  [11:56:18.612] [mlr3] Running benchmark with 5 resampling iterations
INFO  [11:56:18.617] [mlr3] Applying learner 'classif.cv_glmnet' on task 'candi_gene' (iter 1/5)
INFO  [11:56:18.799] [mlr3] Applying learner 'classif.cv_glmnet' on task 'candi_gene' (iter 2/5)
INFO  [11:56:18.992] [mlr3] Applying learner 'classif.cv_glmnet' on task 'candi_gene' (iter 3/5)
INFO  [11:56:19.176] [mlr3] Applying learner 'classif.cv_glmnet' on task 'candi_gene' (iter 4/5)
INFO  [11:56:19.366] [mlr3] Applying learner 'classif.cv_glmnet' on task 'candi_gene' (iter 5/5)
INFO  [11:56:19.555] [mlr3] Finished benchmark
INFO  [11:56:19.580] [bbotk] Result of batch 19:
INFO  [11:56:19.582] [bbotk]  alpha classif.auc warnings errors runtime_learners
INFO  [11:56:19.582] [bbotk]   0.55    0.478125        0      0            0.894
INFO  [11:56:19.582] [bbotk]                                 uhash
INFO  [11:56:19.582] [bbotk]  9a8734ed-ce14-484b-8369-bed710668e6e
INFO  [11:56:19.583] [bbotk] Evaluating 1 configuration(s)
INFO  [11:56:19.606] [mlr3] Running benchmark with 5 resampling iterations
INFO  [11:56:19.611] [mlr3] Applying learner 'classif.cv_glmnet' on task 'candi_gene' (iter 1/5)
INFO  [11:56:19.815] [mlr3] Applying learner 'classif.cv_glmnet' on task 'candi_gene' (iter 2/5)
INFO  [11:56:20.052] [mlr3] Applying learner 'classif.cv_glmnet' on task 'candi_gene' (iter 3/5)
INFO  [11:56:20.277] [mlr3] Applying learner 'classif.cv_glmnet' on task 'candi_gene' (iter 4/5)
INFO  [11:56:20.509] [mlr3] Applying learner 'classif.cv_glmnet' on task 'candi_gene' (iter 5/5)
INFO  [11:56:20.739] [mlr3] Finished benchmark
INFO  [11:56:20.764] [bbotk] Result of batch 20:
INFO  [11:56:20.766] [bbotk]  alpha classif.auc warnings errors runtime_learners
INFO  [11:56:20.766] [bbotk]   0.15    0.569619        0      0            1.088
INFO  [11:56:20.766] [bbotk]                                 uhash
INFO  [11:56:20.766] [bbotk]  8a0480dc-381c-4955-929c-a442a53285f1
INFO  [11:56:20.768] [bbotk] Evaluating 1 configuration(s)
INFO  [11:56:20.791] [mlr3] Running benchmark with 5 resampling iterations
INFO  [11:56:20.795] [mlr3] Applying learner 'classif.cv_glmnet' on task 'candi_gene' (iter 1/5)
INFO  [11:56:21.001] [mlr3] Applying learner 'classif.cv_glmnet' on task 'candi_gene' (iter 2/5)
INFO  [11:56:21.228] [mlr3] Applying learner 'classif.cv_glmnet' on task 'candi_gene' (iter 3/5)
INFO  [11:56:21.448] [mlr3] Applying learner 'classif.cv_glmnet' on task 'candi_gene' (iter 4/5)
INFO  [11:56:21.669] [mlr3] Applying learner 'classif.cv_glmnet' on task 'candi_gene' (iter 5/5)
INFO  [11:56:21.895] [mlr3] Finished benchmark
INFO  [11:56:21.921] [bbotk] Result of batch 21:
INFO  [11:56:21.923] [bbotk]  alpha classif.auc warnings errors runtime_learners
INFO  [11:56:21.923] [bbotk]    0.2   0.6574048        0      0            1.056
INFO  [11:56:21.923] [bbotk]                                 uhash
INFO  [11:56:21.923] [bbotk]  614d9755-de5d-4b9f-8be0-58c287fca2fc
INFO  [11:56:21.928] [bbotk] Finished optimizing after 21 evaluation(s)
INFO  [11:56:21.928] [bbotk] Result:
INFO  [11:56:21.931] [bbotk]   alpha learner_param_vals x_domain classif.auc
INFO  [11:56:21.931] [bbotk]  <char>             <list>   <list>       <num>
INFO  [11:56:21.931] [bbotk]    0.05       c(7.8947....     0.05   0.6899302
