Conda environment: *
R version 4.3.1 (2023-06-16)
Platform: x86_64-conda-linux-gnu (64-bit)
Running under: Red Hat Enterprise Linux 8.3 (Ootpa)

Matrix products: default
BLAS/LAPACK: /ess/home/home1/beiw/miniconda3/envs/5hmc_os_env/lib/libopenblasp-r0.3.27.so;  LAPACK version 3.12.0

locale:
[1] C

time zone: America/Chicago
tzcode source: system (glibc)

attached base packages:
[1] stats4    stats     graphics  grDevices utils     datasets  methods  
[8] base     

other attached packages:
 [1] conflicted_1.2.0            DESeq2_1.40.2              
 [3] SummarizedExperiment_1.30.2 Biobase_2.60.0             
 [5] MatrixGenerics_1.12.2       matrixStats_1.2.0          
 [7] GenomicRanges_1.52.0        GenomeInfoDb_1.36.1        
 [9] IRanges_2.34.1              S4Vectors_0.38.1           
[11] BiocGenerics_0.46.0         glmnet_4.1-8               
[13] Matrix_1.6-5                mlr3learners_0.5.8         
[15] mlr3tuning_0.19.0           paradox_0.11.1             
[17] mlr3_0.19.0                 lubridate_1.9.3            
[19] forcats_1.0.0               stringr_1.5.1              
[21] purrr_1.0.2                 readr_2.1.5                
[23] tidyr_1.3.1                 tibble_3.2.1               
[25] ggplot2_3.4.4               tidyverse_2.0.0            
[27] dplyr_1.1.4                

loaded via a namespace (and not attached):
 [1] gtable_0.3.4            shape_1.4.6             lattice_0.21-9         
 [4] tzdb_0.4.0              bitops_1.0-7            vctrs_0.6.4            
 [7] tools_4.3.1             generics_0.1.3          parallel_4.3.1         
[10] fansi_1.0.5             pkgconfig_2.0.3         data.table_1.15.2      
[13] checkmate_2.3.1         uuid_1.1-1              GenomeInfoDbData_1.2.11
[16] lifecycle_1.0.3         compiler_4.3.1          munsell_0.5.0          
[19] RhpcBLASctl_0.23-42     codetools_0.2-20        bbotk_0.7.2            
[22] RCurl_1.98-1.12         pillar_1.9.0            crayon_1.5.2           
[25] BiocParallel_1.34.2     cachem_1.0.8            DelayedArray_0.26.6    
[28] iterators_1.0.14        foreach_1.5.2           parallelly_1.37.1      
[31] locfit_1.5-9.8          tidyselect_1.2.0        digest_0.6.35          
[34] stringi_1.7.12          future_1.33.2           listenv_0.9.1          
[37] splines_4.3.1           fastmap_1.1.1           grid_4.3.1             
[40] colorspace_2.1-0        cli_3.6.1               magrittr_2.0.3         
[43] S4Arrays_1.0.4          survival_3.5-7          utf8_1.2.4             
[46] withr_2.5.1             scales_1.2.1            backports_1.4.1        
[49] timechange_0.2.0        XVector_0.40.0          globals_0.16.3         
[52] hms_1.1.3               memoise_2.0.1           mlr3misc_0.15.0        
[55] rlang_1.1.1             Rcpp_1.0.11             glue_1.6.2             
[58] palmerpenguins_0.1.1    lgr_0.4.4               R6_2.5.1               
[61] zlibbioc_1.46.0        
INFO  [11:55:56.760] [bbotk] Starting to optimize 1 parameter(s) with '<TunerGridSearch>' and '<TerminatorNone>'
INFO  [11:55:56.787] [bbotk] Evaluating 1 configuration(s)
INFO  [11:55:56.821] [mlr3] Running benchmark with 5 resampling iterations
INFO  [11:55:56.860] [mlr3] Applying learner 'classif.cv_glmnet' on task 'candi_gene' (iter 1/5)
INFO  [11:55:57.535] [mlr3] Applying learner 'classif.cv_glmnet' on task 'candi_gene' (iter 2/5)
INFO  [11:55:57.743] [mlr3] Applying learner 'classif.cv_glmnet' on task 'candi_gene' (iter 3/5)
INFO  [11:55:57.957] [mlr3] Applying learner 'classif.cv_glmnet' on task 'candi_gene' (iter 4/5)
INFO  [11:55:58.165] [mlr3] Applying learner 'classif.cv_glmnet' on task 'candi_gene' (iter 5/5)
INFO  [11:55:58.388] [mlr3] Finished benchmark
INFO  [11:55:58.416] [bbotk] Result of batch 1:
INFO  [11:55:58.420] [bbotk]  alpha classif.auc warnings errors runtime_learners
INFO  [11:55:58.420] [bbotk]    0.3   0.6250884        0      0            1.481
INFO  [11:55:58.420] [bbotk]                                 uhash
INFO  [11:55:58.420] [bbotk]  b762283e-ee07-4f5a-8864-ddf803515ed0
INFO  [11:55:58.422] [bbotk] Evaluating 1 configuration(s)
INFO  [11:55:58.444] [mlr3] Running benchmark with 5 resampling iterations
INFO  [11:55:58.449] [mlr3] Applying learner 'classif.cv_glmnet' on task 'candi_gene' (iter 1/5)
INFO  [11:55:58.643] [mlr3] Applying learner 'classif.cv_glmnet' on task 'candi_gene' (iter 2/5)
INFO  [11:55:58.830] [mlr3] Applying learner 'classif.cv_glmnet' on task 'candi_gene' (iter 3/5)
INFO  [11:55:59.013] [mlr3] Applying learner 'classif.cv_glmnet' on task 'candi_gene' (iter 4/5)
INFO  [11:55:59.193] [mlr3] Applying learner 'classif.cv_glmnet' on task 'candi_gene' (iter 5/5)
INFO  [11:55:59.394] [mlr3] Finished benchmark
INFO  [11:55:59.418] [bbotk] Result of batch 2:
INFO  [11:55:59.420] [bbotk]  alpha classif.auc warnings errors runtime_learners
INFO  [11:55:59.420] [bbotk]   0.95   0.5930383        0      0            0.902
INFO  [11:55:59.420] [bbotk]                                 uhash
INFO  [11:55:59.420] [bbotk]  168d6266-390c-4306-8ea6-83cd2f48061e
INFO  [11:55:59.421] [bbotk] Evaluating 1 configuration(s)
INFO  [11:55:59.444] [mlr3] Running benchmark with 5 resampling iterations
INFO  [11:55:59.449] [mlr3] Applying learner 'classif.cv_glmnet' on task 'candi_gene' (iter 1/5)
INFO  [11:55:59.648] [mlr3] Applying learner 'classif.cv_glmnet' on task 'candi_gene' (iter 2/5)
INFO  [11:55:59.839] [mlr3] Applying learner 'classif.cv_glmnet' on task 'candi_gene' (iter 3/5)
INFO  [11:56:00.032] [mlr3] Applying learner 'classif.cv_glmnet' on task 'candi_gene' (iter 4/5)
INFO  [11:56:00.230] [mlr3] Applying learner 'classif.cv_glmnet' on task 'candi_gene' (iter 5/5)
INFO  [11:56:00.426] [mlr3] Finished benchmark
INFO  [11:56:00.832] [bbotk] Result of batch 3:
INFO  [11:56:00.834] [bbotk]  alpha classif.auc warnings errors runtime_learners
INFO  [11:56:00.834] [bbotk]    0.6   0.5643892        0      0            0.936
INFO  [11:56:00.834] [bbotk]                                 uhash
INFO  [11:56:00.834] [bbotk]  40c19e81-6f27-453f-b8e6-b1f07c32938a
INFO  [11:56:00.836] [bbotk] Evaluating 1 configuration(s)
INFO  [11:56:00.859] [mlr3] Running benchmark with 5 resampling iterations
INFO  [11:56:00.864] [mlr3] Applying learner 'classif.cv_glmnet' on task 'candi_gene' (iter 1/5)
INFO  [11:56:01.058] [mlr3] Applying learner 'classif.cv_glmnet' on task 'candi_gene' (iter 2/5)
INFO  [11:56:01.244] [mlr3] Applying learner 'classif.cv_glmnet' on task 'candi_gene' (iter 3/5)
INFO  [11:56:01.418] [mlr3] Applying learner 'classif.cv_glmnet' on task 'candi_gene' (iter 4/5)
INFO  [11:56:01.599] [mlr3] Applying learner 'classif.cv_glmnet' on task 'candi_gene' (iter 5/5)
INFO  [11:56:01.800] [mlr3] Finished benchmark
INFO  [11:56:01.825] [bbotk] Result of batch 4:
INFO  [11:56:01.828] [bbotk]  alpha classif.auc warnings errors runtime_learners
INFO  [11:56:01.828] [bbotk]    0.7   0.5418182        0      0            0.894
INFO  [11:56:01.828] [bbotk]                                 uhash
INFO  [11:56:01.828] [bbotk]  b9b20d46-9428-4aba-8a72-9e6f34bd2906
INFO  [11:56:01.829] [bbotk] Evaluating 1 configuration(s)
INFO  [11:56:01.852] [mlr3] Running benchmark with 5 resampling iterations
INFO  [11:56:01.857] [mlr3] Applying learner 'classif.cv_glmnet' on task 'candi_gene' (iter 1/5)
INFO  [11:56:02.121] [mlr3] Applying learner 'classif.cv_glmnet' on task 'candi_gene' (iter 2/5)
INFO  [11:56:02.380] [mlr3] Applying learner 'classif.cv_glmnet' on task 'candi_gene' (iter 3/5)
INFO  [11:56:02.643] [mlr3] Applying learner 'classif.cv_glmnet' on task 'candi_gene' (iter 4/5)
INFO  [11:56:02.909] [mlr3] Applying learner 'classif.cv_glmnet' on task 'candi_gene' (iter 5/5)
INFO  [11:56:03.181] [mlr3] Finished benchmark
INFO  [11:56:03.207] [bbotk] Result of batch 5:
INFO  [11:56:03.209] [bbotk]  alpha classif.auc warnings errors runtime_learners
INFO  [11:56:03.209] [bbotk]   0.05   0.6481799        0      0            1.285
INFO  [11:56:03.209] [bbotk]                                 uhash
INFO  [11:56:03.209] [bbotk]  7e4db617-6fd2-48e0-94a9-5f9828e5ddf6
INFO  [11:56:03.210] [bbotk] Evaluating 1 configuration(s)
INFO  [11:56:03.233] [mlr3] Running benchmark with 5 resampling iterations
INFO  [11:56:03.238] [mlr3] Applying learner 'classif.cv_glmnet' on task 'candi_gene' (iter 1/5)
INFO  [11:56:03.440] [mlr3] Applying learner 'classif.cv_glmnet' on task 'candi_gene' (iter 2/5)
INFO  [11:56:03.639] [mlr3] Applying learner 'classif.cv_glmnet' on task 'candi_gene' (iter 3/5)
INFO  [11:56:03.840] [mlr3] Applying learner 'classif.cv_glmnet' on task 'candi_gene' (iter 4/5)
INFO  [11:56:04.040] [mlr3] Applying learner 'classif.cv_glmnet' on task 'candi_gene' (iter 5/5)
INFO  [11:56:04.253] [mlr3] Finished benchmark
INFO  [11:56:04.278] [bbotk] Result of batch 6:
INFO  [11:56:04.280] [bbotk]  alpha classif.auc warnings errors runtime_learners
INFO  [11:56:04.280] [bbotk]   0.35   0.5869934        0      0            0.973
INFO  [11:56:04.280] [bbotk]                                 uhash
INFO  [11:56:04.280] [bbotk]  fb0b525c-5722-43bd-9a10-0e8856e50882
INFO  [11:56:04.282] [bbotk] Evaluating 1 configuration(s)
INFO  [11:56:04.305] [mlr3] Running benchmark with 5 resampling iterations
INFO  [11:56:04.309] [mlr3] Applying learner 'classif.cv_glmnet' on task 'candi_gene' (iter 1/5)
INFO  [11:56:04.519] [mlr3] Applying learner 'classif.cv_glmnet' on task 'candi_gene' (iter 2/5)
INFO  [11:56:04.730] [mlr3] Applying learner 'classif.cv_glmnet' on task 'candi_gene' (iter 3/5)
INFO  [11:56:04.940] [mlr3] Applying learner 'classif.cv_glmnet' on task 'candi_gene' (iter 4/5)
INFO  [11:56:05.150] [mlr3] Applying learner 'classif.cv_glmnet' on task 'candi_gene' (iter 5/5)
INFO  [11:56:05.372] [mlr3] Finished benchmark
INFO  [11:56:05.397] [bbotk] Result of batch 7:
INFO  [11:56:05.399] [bbotk]  alpha classif.auc warnings errors runtime_learners
INFO  [11:56:05.399] [bbotk]   0.25   0.5445393        0      0            1.021
INFO  [11:56:05.399] [bbotk]                                 uhash
INFO  [11:56:05.399] [bbotk]  96a683d8-5776-440c-ab80-2e35c008e7de
INFO  [11:56:05.400] [bbotk] Evaluating 1 configuration(s)
INFO  [11:56:05.423] [mlr3] Running benchmark with 5 resampling iterations
INFO  [11:56:05.428] [mlr3] Applying learner 'classif.cv_glmnet' on task 'candi_gene' (iter 1/5)
INFO  [11:56:05.612] [mlr3] Applying learner 'classif.cv_glmnet' on task 'candi_gene' (iter 2/5)
INFO  [11:56:05.797] [mlr3] Applying learner 'classif.cv_glmnet' on task 'candi_gene' (iter 3/5)
INFO  [11:56:05.980] [mlr3] Applying learner 'classif.cv_glmnet' on task 'candi_gene' (iter 4/5)
INFO  [11:56:06.164] [mlr3] Applying learner 'classif.cv_glmnet' on task 'candi_gene' (iter 5/5)
INFO  [11:56:06.352] [mlr3] Finished benchmark
INFO  [11:56:06.377] [bbotk] Result of batch 8:
INFO  [11:56:06.379] [bbotk]  alpha classif.auc warnings errors runtime_learners
INFO  [11:56:06.379] [bbotk]   0.85   0.5712382        0      0            0.882
INFO  [11:56:06.379] [bbotk]                                 uhash
INFO  [11:56:06.379] [bbotk]  741bea5a-e1b3-4498-a3f4-68f74c932333
INFO  [11:56:06.380] [bbotk] Evaluating 1 configuration(s)
INFO  [11:56:06.403] [mlr3] Running benchmark with 5 resampling iterations
INFO  [11:56:06.407] [mlr3] Applying learner 'classif.cv_glmnet' on task 'candi_gene' (iter 1/5)
INFO  [11:56:06.603] [mlr3] Applying learner 'classif.cv_glmnet' on task 'candi_gene' (iter 2/5)
INFO  [11:56:06.788] [mlr3] Applying learner 'classif.cv_glmnet' on task 'candi_gene' (iter 3/5)
INFO  [11:56:06.975] [mlr3] Applying learner 'classif.cv_glmnet' on task 'candi_gene' (iter 4/5)
INFO  [11:56:07.159] [mlr3] Applying learner 'classif.cv_glmnet' on task 'candi_gene' (iter 5/5)
INFO  [11:56:07.359] [mlr3] Finished benchmark
INFO  [11:56:07.384] [bbotk] Result of batch 9:
INFO  [11:56:07.386] [bbotk]  alpha classif.auc warnings errors runtime_learners
INFO  [11:56:07.386] [bbotk]   0.65   0.5907468        0      0            0.909
INFO  [11:56:07.386] [bbotk]                                 uhash
INFO  [11:56:07.386] [bbotk]  7f888e9a-223f-4103-9cc8-34253c8163c4
INFO  [11:56:07.388] [bbotk] Evaluating 1 configuration(s)
INFO  [11:56:07.411] [mlr3] Running benchmark with 5 resampling iterations
INFO  [11:56:07.415] [mlr3] Applying learner 'classif.cv_glmnet' on task 'candi_gene' (iter 1/5)
INFO  [11:56:07.619] [mlr3] Applying learner 'classif.cv_glmnet' on task 'candi_gene' (iter 2/5)
INFO  [11:56:07.819] [mlr3] Applying learner 'classif.cv_glmnet' on task 'candi_gene' (iter 3/5)
INFO  [11:56:08.014] [mlr3] Applying learner 'classif.cv_glmnet' on task 'candi_gene' (iter 4/5)
INFO  [11:56:08.211] [mlr3] Applying learner 'classif.cv_glmnet' on task 'candi_gene' (iter 5/5)
INFO  [11:56:08.425] [mlr3] Finished benchmark
INFO  [11:56:08.450] [bbotk] Result of batch 10:
INFO  [11:56:08.452] [bbotk]  alpha classif.auc warnings errors runtime_learners
INFO  [11:56:08.452] [bbotk]    0.4   0.5928151        0      0            0.966
INFO  [11:56:08.452] [bbotk]                                 uhash
INFO  [11:56:08.452] [bbotk]  e8cc2121-b809-48f7-881b-0b39258d31d5
INFO  [11:56:08.454] [bbotk] Evaluating 1 configuration(s)
INFO  [11:56:08.477] [mlr3] Running benchmark with 5 resampling iterations
INFO  [11:56:08.481] [mlr3] Applying learner 'classif.cv_glmnet' on task 'candi_gene' (iter 1/5)
INFO  [11:56:08.704] [mlr3] Applying learner 'classif.cv_glmnet' on task 'candi_gene' (iter 2/5)
INFO  [11:56:08.925] [mlr3] Applying learner 'classif.cv_glmnet' on task 'candi_gene' (iter 3/5)
INFO  [11:56:09.145] [mlr3] Applying learner 'classif.cv_glmnet' on task 'candi_gene' (iter 4/5)
INFO  [11:56:09.369] [mlr3] Applying learner 'classif.cv_glmnet' on task 'candi_gene' (iter 5/5)
INFO  [11:56:09.594] [mlr3] Finished benchmark
INFO  [11:56:09.620] [bbotk] Result of batch 11:
INFO  [11:56:09.622] [bbotk]  alpha classif.auc warnings errors runtime_learners
INFO  [11:56:09.622] [bbotk]    0.2   0.6097434        0      0            1.071
INFO  [11:56:09.622] [bbotk]                                 uhash
INFO  [11:56:09.622] [bbotk]  a4decdde-99b4-472b-bf42-1b5a47e60154
INFO  [11:56:09.623] [bbotk] Evaluating 1 configuration(s)
INFO  [11:56:09.646] [mlr3] Running benchmark with 5 resampling iterations
INFO  [11:56:09.651] [mlr3] Applying learner 'classif.cv_glmnet' on task 'candi_gene' (iter 1/5)
INFO  [11:56:09.849] [mlr3] Applying learner 'classif.cv_glmnet' on task 'candi_gene' (iter 2/5)
INFO  [11:56:10.413] [mlr3] Applying learner 'classif.cv_glmnet' on task 'candi_gene' (iter 3/5)
INFO  [11:56:10.591] [mlr3] Applying learner 'classif.cv_glmnet' on task 'candi_gene' (iter 4/5)
INFO  [11:56:10.769] [mlr3] Applying learner 'classif.cv_glmnet' on task 'candi_gene' (iter 5/5)
INFO  [11:56:10.970] [mlr3] Finished benchmark
INFO  [11:56:10.994] [bbotk] Result of batch 12:
INFO  [11:56:10.996] [bbotk]  alpha classif.auc warnings errors runtime_learners
INFO  [11:56:10.996] [bbotk]      1   0.4917874        0      0            1.276
INFO  [11:56:10.996] [bbotk]                                 uhash
INFO  [11:56:10.996] [bbotk]  ee5f89e6-f951-4eb1-b7f6-7dd39ed74f32
INFO  [11:56:10.997] [bbotk] Evaluating 1 configuration(s)
INFO  [11:56:11.021] [mlr3] Running benchmark with 5 resampling iterations
INFO  [11:56:11.025] [mlr3] Applying learner 'classif.cv_glmnet' on task 'candi_gene' (iter 1/5)
INFO  [11:56:11.221] [mlr3] Applying learner 'classif.cv_glmnet' on task 'candi_gene' (iter 2/5)
INFO  [11:56:11.411] [mlr3] Applying learner 'classif.cv_glmnet' on task 'candi_gene' (iter 3/5)
INFO  [11:56:11.604] [mlr3] Applying learner 'classif.cv_glmnet' on task 'candi_gene' (iter 4/5)
INFO  [11:56:11.788] [mlr3] Applying learner 'classif.cv_glmnet' on task 'candi_gene' (iter 5/5)
INFO  [11:56:11.992] [mlr3] Finished benchmark
INFO  [11:56:12.016] [bbotk] Result of batch 13:
INFO  [11:56:12.018] [bbotk]  alpha classif.auc warnings errors runtime_learners
INFO  [11:56:12.018] [bbotk]   0.45   0.5425823        0      0            0.925
INFO  [11:56:12.018] [bbotk]                                 uhash
INFO  [11:56:12.018] [bbotk]  2b9d1fe2-5119-45a5-8d34-c7777b6f4f04
INFO  [11:56:12.020] [bbotk] Evaluating 1 configuration(s)
INFO  [11:56:12.042] [mlr3] Running benchmark with 5 resampling iterations
INFO  [11:56:12.047] [mlr3] Applying learner 'classif.cv_glmnet' on task 'candi_gene' (iter 1/5)
INFO  [11:56:12.234] [mlr3] Applying learner 'classif.cv_glmnet' on task 'candi_gene' (iter 2/5)
INFO  [11:56:12.418] [mlr3] Applying learner 'classif.cv_glmnet' on task 'candi_gene' (iter 3/5)
INFO  [11:56:12.597] [mlr3] Applying learner 'classif.cv_glmnet' on task 'candi_gene' (iter 4/5)
INFO  [11:56:12.773] [mlr3] Applying learner 'classif.cv_glmnet' on task 'candi_gene' (iter 5/5)
INFO  [11:56:12.973] [mlr3] Finished benchmark
INFO  [11:56:12.999] [bbotk] Result of batch 14:
INFO  [11:56:13.001] [bbotk]  alpha classif.auc warnings errors runtime_learners
INFO  [11:56:13.001] [bbotk]    0.8   0.6010025        0      0            0.884
INFO  [11:56:13.001] [bbotk]                                 uhash
INFO  [11:56:13.001] [bbotk]  e3807047-8f01-42bc-89a3-7899d10a6ec3
INFO  [11:56:13.002] [bbotk] Evaluating 1 configuration(s)
INFO  [11:56:13.026] [mlr3] Running benchmark with 5 resampling iterations
INFO  [11:56:13.031] [mlr3] Applying learner 'classif.cv_glmnet' on task 'candi_gene' (iter 1/5)
INFO  [11:56:13.222] [mlr3] Applying learner 'classif.cv_glmnet' on task 'candi_gene' (iter 2/5)
INFO  [11:56:13.405] [mlr3] Applying learner 'classif.cv_glmnet' on task 'candi_gene' (iter 3/5)
INFO  [11:56:13.589] [mlr3] Applying learner 'classif.cv_glmnet' on task 'candi_gene' (iter 4/5)
INFO  [11:56:13.769] [mlr3] Applying learner 'classif.cv_glmnet' on task 'candi_gene' (iter 5/5)
INFO  [11:56:13.966] [mlr3] Finished benchmark
INFO  [11:56:13.992] [bbotk] Result of batch 15:
INFO  [11:56:13.994] [bbotk]  alpha classif.auc warnings errors runtime_learners
INFO  [11:56:13.994] [bbotk]   0.75   0.5914582        0      0            0.891
INFO  [11:56:13.994] [bbotk]                                 uhash
INFO  [11:56:13.994] [bbotk]  31628787-95f5-4e51-8a0e-ffb0e011442c
INFO  [11:56:13.996] [bbotk] Evaluating 1 configuration(s)
INFO  [11:56:14.019] [mlr3] Running benchmark with 5 resampling iterations
INFO  [11:56:14.024] [mlr3] Applying learner 'classif.cv_glmnet' on task 'candi_gene' (iter 1/5)
INFO  [11:56:14.452] [mlr3] Applying learner 'classif.cv_glmnet' on task 'candi_gene' (iter 2/5)
INFO  [11:56:14.853] [mlr3] Applying learner 'classif.cv_glmnet' on task 'candi_gene' (iter 3/5)
INFO  [11:56:15.276] [mlr3] Applying learner 'classif.cv_glmnet' on task 'candi_gene' (iter 4/5)
INFO  [11:56:15.681] [mlr3] Applying learner 'classif.cv_glmnet' on task 'candi_gene' (iter 5/5)
INFO  [11:56:16.127] [mlr3] Finished benchmark
INFO  [11:56:16.153] [bbotk] Result of batch 16:
INFO  [11:56:16.155] [bbotk]  alpha classif.auc warnings errors runtime_learners
INFO  [11:56:16.155] [bbotk]      0   0.6174626        0      0            2.058
INFO  [11:56:16.155] [bbotk]                                 uhash
INFO  [11:56:16.155] [bbotk]  7b2bee5d-fae6-4cf6-89e9-75c616c55f76
INFO  [11:56:16.157] [bbotk] Evaluating 1 configuration(s)
INFO  [11:56:16.181] [mlr3] Running benchmark with 5 resampling iterations
INFO  [11:56:16.186] [mlr3] Applying learner 'classif.cv_glmnet' on task 'candi_gene' (iter 1/5)
INFO  [11:56:16.385] [mlr3] Applying learner 'classif.cv_glmnet' on task 'candi_gene' (iter 2/5)
INFO  [11:56:16.574] [mlr3] Applying learner 'classif.cv_glmnet' on task 'candi_gene' (iter 3/5)
INFO  [11:56:16.766] [mlr3] Applying learner 'classif.cv_glmnet' on task 'candi_gene' (iter 4/5)
INFO  [11:56:16.956] [mlr3] Applying learner 'classif.cv_glmnet' on task 'candi_gene' (iter 5/5)
INFO  [11:56:17.156] [mlr3] Finished benchmark
INFO  [11:56:17.182] [bbotk] Result of batch 17:
INFO  [11:56:17.184] [bbotk]  alpha classif.auc warnings errors runtime_learners
INFO  [11:56:17.184] [bbotk]    0.5   0.5716576        0      0            0.925
INFO  [11:56:17.184] [bbotk]                                 uhash
INFO  [11:56:17.184] [bbotk]  4487d7af-6ecc-4af0-bb91-afce8c3d28a4
INFO  [11:56:17.185] [bbotk] Evaluating 1 configuration(s)
INFO  [11:56:17.208] [mlr3] Running benchmark with 5 resampling iterations
INFO  [11:56:17.213] [mlr3] Applying learner 'classif.cv_glmnet' on task 'candi_gene' (iter 1/5)
INFO  [11:56:17.409] [mlr3] Applying learner 'classif.cv_glmnet' on task 'candi_gene' (iter 2/5)
INFO  [11:56:17.601] [mlr3] Applying learner 'classif.cv_glmnet' on task 'candi_gene' (iter 3/5)
INFO  [11:56:17.781] [mlr3] Applying learner 'classif.cv_glmnet' on task 'candi_gene' (iter 4/5)
INFO  [11:56:17.973] [mlr3] Applying learner 'classif.cv_glmnet' on task 'candi_gene' (iter 5/5)
INFO  [11:56:18.182] [mlr3] Finished benchmark
INFO  [11:56:18.208] [bbotk] Result of batch 18:
INFO  [11:56:18.210] [bbotk]  alpha classif.auc warnings errors runtime_learners
INFO  [11:56:18.210] [bbotk]   0.55   0.6320284        0      0            0.927
INFO  [11:56:18.210] [bbotk]                                 uhash
INFO  [11:56:18.210] [bbotk]  c2fd402a-d806-4461-b763-dfcd91fce76f
INFO  [11:56:18.211] [bbotk] Evaluating 1 configuration(s)
INFO  [11:56:18.234] [mlr3] Running benchmark with 5 resampling iterations
INFO  [11:56:18.239] [mlr3] Applying learner 'classif.cv_glmnet' on task 'candi_gene' (iter 1/5)
INFO  [11:56:18.436] [mlr3] Applying learner 'classif.cv_glmnet' on task 'candi_gene' (iter 2/5)
INFO  [11:56:18.612] [mlr3] Applying learner 'classif.cv_glmnet' on task 'candi_gene' (iter 3/5)
INFO  [11:56:18.796] [mlr3] Applying learner 'classif.cv_glmnet' on task 'candi_gene' (iter 4/5)
INFO  [11:56:18.977] [mlr3] Applying learner 'classif.cv_glmnet' on task 'candi_gene' (iter 5/5)
INFO  [11:56:19.181] [mlr3] Finished benchmark
INFO  [11:56:19.206] [bbotk] Result of batch 19:
INFO  [11:56:19.208] [bbotk]  alpha classif.auc warnings errors runtime_learners
INFO  [11:56:19.208] [bbotk]    0.9   0.5632764        0      0            0.901
INFO  [11:56:19.208] [bbotk]                                 uhash
INFO  [11:56:19.208] [bbotk]  94cf3202-7545-4b5c-ab97-578ab3897159
INFO  [11:56:19.210] [bbotk] Evaluating 1 configuration(s)
INFO  [11:56:19.233] [mlr3] Running benchmark with 5 resampling iterations
INFO  [11:56:19.237] [mlr3] Applying learner 'classif.cv_glmnet' on task 'candi_gene' (iter 1/5)
INFO  [11:56:19.472] [mlr3] Applying learner 'classif.cv_glmnet' on task 'candi_gene' (iter 2/5)
INFO  [11:56:19.703] [mlr3] Applying learner 'classif.cv_glmnet' on task 'candi_gene' (iter 3/5)
INFO  [11:56:19.930] [mlr3] Applying learner 'classif.cv_glmnet' on task 'candi_gene' (iter 4/5)
INFO  [11:56:20.160] [mlr3] Applying learner 'classif.cv_glmnet' on task 'candi_gene' (iter 5/5)
INFO  [11:56:20.412] [mlr3] Finished benchmark
INFO  [11:56:20.438] [bbotk] Result of batch 20:
INFO  [11:56:20.440] [bbotk]  alpha classif.auc warnings errors runtime_learners
INFO  [11:56:20.440] [bbotk]   0.15   0.6693951        0      0            1.131
INFO  [11:56:20.440] [bbotk]                                 uhash
INFO  [11:56:20.440] [bbotk]  42122de7-c310-4734-8d06-5312ae95c93d
INFO  [11:56:20.441] [bbotk] Evaluating 1 configuration(s)
INFO  [11:56:20.464] [mlr3] Running benchmark with 5 resampling iterations
INFO  [11:56:20.469] [mlr3] Applying learner 'classif.cv_glmnet' on task 'candi_gene' (iter 1/5)
INFO  [11:56:20.717] [mlr3] Applying learner 'classif.cv_glmnet' on task 'candi_gene' (iter 2/5)
INFO  [11:56:20.961] [mlr3] Applying learner 'classif.cv_glmnet' on task 'candi_gene' (iter 3/5)
INFO  [11:56:21.203] [mlr3] Applying learner 'classif.cv_glmnet' on task 'candi_gene' (iter 4/5)
INFO  [11:56:21.453] [mlr3] Applying learner 'classif.cv_glmnet' on task 'candi_gene' (iter 5/5)
INFO  [11:56:21.708] [mlr3] Finished benchmark
INFO  [11:56:21.734] [bbotk] Result of batch 21:
INFO  [11:56:21.736] [bbotk]  alpha classif.auc warnings errors runtime_learners
INFO  [11:56:21.736] [bbotk]    0.1   0.7100123        0      0            1.192
INFO  [11:56:21.736] [bbotk]                                 uhash
INFO  [11:56:21.736] [bbotk]  fe95f02f-0b32-482a-ab93-2779d098487f
INFO  [11:56:21.741] [bbotk] Finished optimizing after 21 evaluation(s)
INFO  [11:56:21.741] [bbotk] Result:
INFO  [11:56:21.744] [bbotk]   alpha learner_param_vals x_domain classif.auc
INFO  [11:56:21.744] [bbotk]  <char>             <list>   <list>       <num>
INFO  [11:56:21.744] [bbotk]     0.1       c(7.8947....      0.1   0.7100123
