Conda environment: *
R version 4.3.1 (2023-06-16)
Platform: x86_64-conda-linux-gnu (64-bit)
Running under: Red Hat Enterprise Linux 8.3 (Ootpa)

Matrix products: default
BLAS/LAPACK: /ess/home/home1/beiw/miniconda3/envs/5hmc_os_env/lib/libopenblasp-r0.3.27.so;  LAPACK version 3.12.0

locale:
[1] C

time zone: America/Chicago
tzcode source: system (glibc)

attached base packages:
[1] stats4    stats     graphics  grDevices utils     datasets  methods  
[8] base     

other attached packages:
 [1] conflicted_1.2.0            DESeq2_1.40.2              
 [3] SummarizedExperiment_1.30.2 Biobase_2.60.0             
 [5] MatrixGenerics_1.12.2       matrixStats_1.2.0          
 [7] GenomicRanges_1.52.0        GenomeInfoDb_1.36.1        
 [9] IRanges_2.34.1              S4Vectors_0.38.1           
[11] BiocGenerics_0.46.0         glmnet_4.1-8               
[13] Matrix_1.6-5                mlr3learners_0.5.8         
[15] mlr3tuning_0.19.0           paradox_0.11.1             
[17] mlr3_0.19.0                 lubridate_1.9.3            
[19] forcats_1.0.0               stringr_1.5.1              
[21] purrr_1.0.2                 readr_2.1.5                
[23] tidyr_1.3.1                 tibble_3.2.1               
[25] ggplot2_3.4.4               tidyverse_2.0.0            
[27] dplyr_1.1.4                

loaded via a namespace (and not attached):
 [1] gtable_0.3.4            shape_1.4.6             lattice_0.21-9         
 [4] tzdb_0.4.0              bitops_1.0-7            vctrs_0.6.4            
 [7] tools_4.3.1             generics_0.1.3          parallel_4.3.1         
[10] fansi_1.0.5             pkgconfig_2.0.3         data.table_1.15.2      
[13] checkmate_2.3.1         uuid_1.1-1              GenomeInfoDbData_1.2.11
[16] lifecycle_1.0.3         compiler_4.3.1          munsell_0.5.0          
[19] RhpcBLASctl_0.23-42     codetools_0.2-20        bbotk_0.7.2            
[22] RCurl_1.98-1.12         pillar_1.9.0            crayon_1.5.2           
[25] BiocParallel_1.34.2     cachem_1.0.8            DelayedArray_0.26.6    
[28] iterators_1.0.14        foreach_1.5.2           parallelly_1.37.1      
[31] locfit_1.5-9.8          tidyselect_1.2.0        digest_0.6.35          
[34] stringi_1.7.12          future_1.33.2           listenv_0.9.1          
[37] splines_4.3.1           fastmap_1.1.1           grid_4.3.1             
[40] colorspace_2.1-0        cli_3.6.1               magrittr_2.0.3         
[43] S4Arrays_1.0.4          survival_3.5-7          utf8_1.2.4             
[46] withr_2.5.1             scales_1.2.1            backports_1.4.1        
[49] timechange_0.2.0        XVector_0.40.0          globals_0.16.3         
[52] hms_1.1.3               memoise_2.0.1           mlr3misc_0.15.0        
[55] rlang_1.1.1             Rcpp_1.0.11             glue_1.6.2             
[58] palmerpenguins_0.1.1    lgr_0.4.4               R6_2.5.1               
[61] zlibbioc_1.46.0        
INFO  [11:55:59.533] [bbotk] Starting to optimize 1 parameter(s) with '<TunerGridSearch>' and '<TerminatorNone>'
INFO  [11:55:59.558] [bbotk] Evaluating 1 configuration(s)
INFO  [11:55:59.590] [mlr3] Running benchmark with 5 resampling iterations
INFO  [11:55:59.624] [mlr3] Applying learner 'classif.cv_glmnet' on task 'candi_gene' (iter 1/5)
INFO  [11:56:00.346] [mlr3] Applying learner 'classif.cv_glmnet' on task 'candi_gene' (iter 2/5)
INFO  [11:56:00.577] [mlr3] Applying learner 'classif.cv_glmnet' on task 'candi_gene' (iter 3/5)
INFO  [11:56:00.795] [mlr3] Applying learner 'classif.cv_glmnet' on task 'candi_gene' (iter 4/5)
INFO  [11:56:01.018] [mlr3] Applying learner 'classif.cv_glmnet' on task 'candi_gene' (iter 5/5)
INFO  [11:56:01.242] [mlr3] Finished benchmark
INFO  [11:56:01.270] [bbotk] Result of batch 1:
INFO  [11:56:01.274] [bbotk]  alpha classif.auc warnings errors runtime_learners
INFO  [11:56:01.274] [bbotk]    0.2   0.7073671        0      0            1.569
INFO  [11:56:01.274] [bbotk]                                 uhash
INFO  [11:56:01.274] [bbotk]  1194c002-3b2a-4aac-982c-8f1383817004
INFO  [11:56:01.276] [bbotk] Evaluating 1 configuration(s)
INFO  [11:56:01.299] [mlr3] Running benchmark with 5 resampling iterations
INFO  [11:56:01.304] [mlr3] Applying learner 'classif.cv_glmnet' on task 'candi_gene' (iter 1/5)
INFO  [11:56:01.523] [mlr3] Applying learner 'classif.cv_glmnet' on task 'candi_gene' (iter 2/5)
INFO  [11:56:01.730] [mlr3] Applying learner 'classif.cv_glmnet' on task 'candi_gene' (iter 3/5)
INFO  [11:56:01.939] [mlr3] Applying learner 'classif.cv_glmnet' on task 'candi_gene' (iter 4/5)
INFO  [11:56:02.148] [mlr3] Applying learner 'classif.cv_glmnet' on task 'candi_gene' (iter 5/5)
INFO  [11:56:02.359] [mlr3] Finished benchmark
INFO  [11:56:02.384] [bbotk] Result of batch 2:
INFO  [11:56:02.386] [bbotk]  alpha classif.auc warnings errors runtime_learners
INFO  [11:56:02.386] [bbotk]    0.3   0.6287254        0      0            1.012
INFO  [11:56:02.386] [bbotk]                                 uhash
INFO  [11:56:02.386] [bbotk]  ab97d15d-741a-4636-b45a-555250ea1db9
INFO  [11:56:02.387] [bbotk] Evaluating 1 configuration(s)
INFO  [11:56:02.410] [mlr3] Running benchmark with 5 resampling iterations
INFO  [11:56:02.415] [mlr3] Applying learner 'classif.cv_glmnet' on task 'candi_gene' (iter 1/5)
INFO  [11:56:02.609] [mlr3] Applying learner 'classif.cv_glmnet' on task 'candi_gene' (iter 2/5)
INFO  [11:56:02.804] [mlr3] Applying learner 'classif.cv_glmnet' on task 'candi_gene' (iter 3/5)
INFO  [11:56:02.991] [mlr3] Applying learner 'classif.cv_glmnet' on task 'candi_gene' (iter 4/5)
INFO  [11:56:03.190] [mlr3] Applying learner 'classif.cv_glmnet' on task 'candi_gene' (iter 5/5)
INFO  [11:56:03.385] [mlr3] Finished benchmark
INFO  [11:56:03.410] [bbotk] Result of batch 3:
INFO  [11:56:03.412] [bbotk]  alpha classif.auc warnings errors runtime_learners
INFO  [11:56:03.412] [bbotk]   0.55   0.6375994        0      0            0.928
INFO  [11:56:03.412] [bbotk]                                 uhash
INFO  [11:56:03.412] [bbotk]  f002f6d1-5ad1-4cda-9fb9-4331148e0589
INFO  [11:56:03.413] [bbotk] Evaluating 1 configuration(s)
INFO  [11:56:03.436] [mlr3] Running benchmark with 5 resampling iterations
INFO  [11:56:03.440] [mlr3] Applying learner 'classif.cv_glmnet' on task 'candi_gene' (iter 1/5)
INFO  [11:56:03.643] [mlr3] Applying learner 'classif.cv_glmnet' on task 'candi_gene' (iter 2/5)
INFO  [11:56:03.834] [mlr3] Applying learner 'classif.cv_glmnet' on task 'candi_gene' (iter 3/5)
INFO  [11:56:04.024] [mlr3] Applying learner 'classif.cv_glmnet' on task 'candi_gene' (iter 4/5)
INFO  [11:56:04.229] [mlr3] Applying learner 'classif.cv_glmnet' on task 'candi_gene' (iter 5/5)
INFO  [11:56:04.425] [mlr3] Finished benchmark
INFO  [11:56:04.837] [bbotk] Result of batch 4:
INFO  [11:56:04.839] [bbotk]  alpha classif.auc warnings errors runtime_learners
INFO  [11:56:04.839] [bbotk]    0.5   0.5775177        0      0            0.939
INFO  [11:56:04.839] [bbotk]                                 uhash
INFO  [11:56:04.839] [bbotk]  54382efd-7755-429d-a518-8be6b2c73703
INFO  [11:56:04.840] [bbotk] Evaluating 1 configuration(s)
INFO  [11:56:04.863] [mlr3] Running benchmark with 5 resampling iterations
INFO  [11:56:04.868] [mlr3] Applying learner 'classif.cv_glmnet' on task 'candi_gene' (iter 1/5)
INFO  [11:56:05.057] [mlr3] Applying learner 'classif.cv_glmnet' on task 'candi_gene' (iter 2/5)
INFO  [11:56:05.253] [mlr3] Applying learner 'classif.cv_glmnet' on task 'candi_gene' (iter 3/5)
INFO  [11:56:05.427] [mlr3] Applying learner 'classif.cv_glmnet' on task 'candi_gene' (iter 4/5)
INFO  [11:56:05.608] [mlr3] Applying learner 'classif.cv_glmnet' on task 'candi_gene' (iter 5/5)
INFO  [11:56:05.793] [mlr3] Finished benchmark
INFO  [11:56:05.818] [bbotk] Result of batch 5:
INFO  [11:56:05.820] [bbotk]  alpha classif.auc warnings errors runtime_learners
INFO  [11:56:05.820] [bbotk]    0.9    0.552657        0      0            0.884
INFO  [11:56:05.820] [bbotk]                                 uhash
INFO  [11:56:05.820] [bbotk]  329f26eb-366e-4be4-82fb-5cc1bd8c3b9e
INFO  [11:56:05.821] [bbotk] Evaluating 1 configuration(s)
INFO  [11:56:05.844] [mlr3] Running benchmark with 5 resampling iterations
INFO  [11:56:05.849] [mlr3] Applying learner 'classif.cv_glmnet' on task 'candi_gene' (iter 1/5)
INFO  [11:56:06.032] [mlr3] Applying learner 'classif.cv_glmnet' on task 'candi_gene' (iter 2/5)
INFO  [11:56:06.221] [mlr3] Applying learner 'classif.cv_glmnet' on task 'candi_gene' (iter 3/5)
INFO  [11:56:06.401] [mlr3] Applying learner 'classif.cv_glmnet' on task 'candi_gene' (iter 4/5)
INFO  [11:56:06.580] [mlr3] Applying learner 'classif.cv_glmnet' on task 'candi_gene' (iter 5/5)
INFO  [11:56:06.766] [mlr3] Finished benchmark
INFO  [11:56:06.791] [bbotk] Result of batch 6:
INFO  [11:56:06.793] [bbotk]  alpha classif.auc warnings errors runtime_learners
INFO  [11:56:06.793] [bbotk]    0.7   0.6096906        0      0            0.877
INFO  [11:56:06.793] [bbotk]                                 uhash
INFO  [11:56:06.793] [bbotk]  de061f56-c07c-4a89-979b-ea063ab4b4ab
INFO  [11:56:06.794] [bbotk] Evaluating 1 configuration(s)
INFO  [11:56:06.817] [mlr3] Running benchmark with 5 resampling iterations
INFO  [11:56:06.822] [mlr3] Applying learner 'classif.cv_glmnet' on task 'candi_gene' (iter 1/5)
INFO  [11:56:07.009] [mlr3] Applying learner 'classif.cv_glmnet' on task 'candi_gene' (iter 2/5)
INFO  [11:56:07.193] [mlr3] Applying learner 'classif.cv_glmnet' on task 'candi_gene' (iter 3/5)
INFO  [11:56:07.375] [mlr3] Applying learner 'classif.cv_glmnet' on task 'candi_gene' (iter 4/5)
INFO  [11:56:07.563] [mlr3] Applying learner 'classif.cv_glmnet' on task 'candi_gene' (iter 5/5)
INFO  [11:56:07.743] [mlr3] Finished benchmark
INFO  [11:56:07.769] [bbotk] Result of batch 7:
INFO  [11:56:07.771] [bbotk]  alpha classif.auc warnings errors runtime_learners
INFO  [11:56:07.771] [bbotk]   0.95   0.5299517        0      0            0.881
INFO  [11:56:07.771] [bbotk]                                 uhash
INFO  [11:56:07.771] [bbotk]  4d597c35-aa54-425d-bd4b-8268d1cc3fbf
INFO  [11:56:07.772] [bbotk] Evaluating 1 configuration(s)
INFO  [11:56:07.795] [mlr3] Running benchmark with 5 resampling iterations
INFO  [11:56:07.800] [mlr3] Applying learner 'classif.cv_glmnet' on task 'candi_gene' (iter 1/5)
INFO  [11:56:08.006] [mlr3] Applying learner 'classif.cv_glmnet' on task 'candi_gene' (iter 2/5)
INFO  [11:56:08.206] [mlr3] Applying learner 'classif.cv_glmnet' on task 'candi_gene' (iter 3/5)
INFO  [11:56:08.408] [mlr3] Applying learner 'classif.cv_glmnet' on task 'candi_gene' (iter 4/5)
INFO  [11:56:08.613] [mlr3] Applying learner 'classif.cv_glmnet' on task 'candi_gene' (iter 5/5)
INFO  [11:56:08.809] [mlr3] Finished benchmark
INFO  [11:56:08.839] [bbotk] Result of batch 8:
INFO  [11:56:08.842] [bbotk]  alpha classif.auc warnings errors runtime_learners
INFO  [11:56:08.842] [bbotk]   0.35   0.5657005        0      0            0.961
INFO  [11:56:08.842] [bbotk]                                 uhash
INFO  [11:56:08.842] [bbotk]  3ad43d1d-d389-4457-8734-69eaff3162a0
INFO  [11:56:08.843] [bbotk] Evaluating 1 configuration(s)
INFO  [11:56:08.866] [mlr3] Running benchmark with 5 resampling iterations
INFO  [11:56:08.870] [mlr3] Applying learner 'classif.cv_glmnet' on task 'candi_gene' (iter 1/5)
INFO  [11:56:09.144] [mlr3] Applying learner 'classif.cv_glmnet' on task 'candi_gene' (iter 2/5)
INFO  [11:56:09.406] [mlr3] Applying learner 'classif.cv_glmnet' on task 'candi_gene' (iter 3/5)
INFO  [11:56:09.668] [mlr3] Applying learner 'classif.cv_glmnet' on task 'candi_gene' (iter 4/5)
INFO  [11:56:09.932] [mlr3] Applying learner 'classif.cv_glmnet' on task 'candi_gene' (iter 5/5)
INFO  [11:56:10.197] [mlr3] Finished benchmark
INFO  [11:56:10.222] [bbotk] Result of batch 9:
INFO  [11:56:10.224] [bbotk]  alpha classif.auc warnings errors runtime_learners
INFO  [11:56:10.224] [bbotk]   0.05   0.7149981        0      0            1.285
INFO  [11:56:10.224] [bbotk]                                 uhash
INFO  [11:56:10.224] [bbotk]  6daa327a-c040-4e68-a6b5-81a50e425a5f
INFO  [11:56:10.225] [bbotk] Evaluating 1 configuration(s)
INFO  [11:56:10.248] [mlr3] Running benchmark with 5 resampling iterations
INFO  [11:56:10.253] [mlr3] Applying learner 'classif.cv_glmnet' on task 'candi_gene' (iter 1/5)
INFO  [11:56:10.505] [mlr3] Applying learner 'classif.cv_glmnet' on task 'candi_gene' (iter 2/5)
INFO  [11:56:10.747] [mlr3] Applying learner 'classif.cv_glmnet' on task 'candi_gene' (iter 3/5)
INFO  [11:56:10.998] [mlr3] Applying learner 'classif.cv_glmnet' on task 'candi_gene' (iter 4/5)
INFO  [11:56:11.232] [mlr3] Applying learner 'classif.cv_glmnet' on task 'candi_gene' (iter 5/5)
INFO  [11:56:11.474] [mlr3] Finished benchmark
INFO  [11:56:11.499] [bbotk] Result of batch 10:
INFO  [11:56:11.501] [bbotk]  alpha classif.auc warnings errors runtime_learners
INFO  [11:56:11.501] [bbotk]    0.1   0.6309179        0      0            1.182
INFO  [11:56:11.501] [bbotk]                                 uhash
INFO  [11:56:11.501] [bbotk]  8b056315-5171-4324-81b2-7b62b6d62fe7
INFO  [11:56:11.502] [bbotk] Evaluating 1 configuration(s)
INFO  [11:56:11.525] [mlr3] Running benchmark with 5 resampling iterations
INFO  [11:56:11.530] [mlr3] Applying learner 'classif.cv_glmnet' on task 'candi_gene' (iter 1/5)
INFO  [11:56:11.722] [mlr3] Applying learner 'classif.cv_glmnet' on task 'candi_gene' (iter 2/5)
INFO  [11:56:11.910] [mlr3] Applying learner 'classif.cv_glmnet' on task 'candi_gene' (iter 3/5)
INFO  [11:56:12.097] [mlr3] Applying learner 'classif.cv_glmnet' on task 'candi_gene' (iter 4/5)
INFO  [11:56:12.276] [mlr3] Applying learner 'classif.cv_glmnet' on task 'candi_gene' (iter 5/5)
INFO  [11:56:12.465] [mlr3] Finished benchmark
INFO  [11:56:12.490] [bbotk] Result of batch 11:
INFO  [11:56:12.492] [bbotk]  alpha classif.auc warnings errors runtime_learners
INFO  [11:56:12.492] [bbotk]   0.75   0.5512077        0      0            0.892
INFO  [11:56:12.492] [bbotk]                                 uhash
INFO  [11:56:12.492] [bbotk]  ab3b9f7f-bfd0-48e0-8e5f-896ce627d766
INFO  [11:56:12.494] [bbotk] Evaluating 1 configuration(s)
INFO  [11:56:12.517] [mlr3] Running benchmark with 5 resampling iterations
INFO  [11:56:12.521] [mlr3] Applying learner 'classif.cv_glmnet' on task 'candi_gene' (iter 1/5)
INFO  [11:56:12.938] [mlr3] Applying learner 'classif.cv_glmnet' on task 'candi_gene' (iter 2/5)
INFO  [11:56:13.344] [mlr3] Applying learner 'classif.cv_glmnet' on task 'candi_gene' (iter 3/5)
INFO  [11:56:13.776] [mlr3] Applying learner 'classif.cv_glmnet' on task 'candi_gene' (iter 4/5)
INFO  [11:56:14.193] [mlr3] Applying learner 'classif.cv_glmnet' on task 'candi_gene' (iter 5/5)
INFO  [11:56:14.626] [mlr3] Finished benchmark
INFO  [11:56:14.651] [bbotk] Result of batch 12:
INFO  [11:56:14.653] [bbotk]  alpha classif.auc warnings errors runtime_learners
INFO  [11:56:14.653] [bbotk]      0    0.601375        0      0            2.063
INFO  [11:56:14.653] [bbotk]                                 uhash
INFO  [11:56:14.653] [bbotk]  a5ea13d4-2e6c-40aa-8e25-40a4fb82a50b
INFO  [11:56:14.655] [bbotk] Evaluating 1 configuration(s)
INFO  [11:56:14.678] [mlr3] Running benchmark with 5 resampling iterations
INFO  [11:56:14.682] [mlr3] Applying learner 'classif.cv_glmnet' on task 'candi_gene' (iter 1/5)
INFO  [11:56:14.903] [mlr3] Applying learner 'classif.cv_glmnet' on task 'candi_gene' (iter 2/5)
INFO  [11:56:15.115] [mlr3] Applying learner 'classif.cv_glmnet' on task 'candi_gene' (iter 3/5)
INFO  [11:56:15.334] [mlr3] Applying learner 'classif.cv_glmnet' on task 'candi_gene' (iter 4/5)
INFO  [11:56:15.548] [mlr3] Applying learner 'classif.cv_glmnet' on task 'candi_gene' (iter 5/5)
INFO  [11:56:16.136] [mlr3] Finished benchmark
INFO  [11:56:16.161] [bbotk] Result of batch 13:
INFO  [11:56:16.163] [bbotk]  alpha classif.auc warnings errors runtime_learners
INFO  [11:56:16.163] [bbotk]   0.25   0.7023671        0      0            1.411
INFO  [11:56:16.163] [bbotk]                                 uhash
INFO  [11:56:16.163] [bbotk]  d38e1038-db34-4567-8480-9887fcd06e62
INFO  [11:56:16.164] [bbotk] Evaluating 1 configuration(s)
INFO  [11:56:16.187] [mlr3] Running benchmark with 5 resampling iterations
INFO  [11:56:16.192] [mlr3] Applying learner 'classif.cv_glmnet' on task 'candi_gene' (iter 1/5)
INFO  [11:56:16.381] [mlr3] Applying learner 'classif.cv_glmnet' on task 'candi_gene' (iter 2/5)
INFO  [11:56:16.571] [mlr3] Applying learner 'classif.cv_glmnet' on task 'candi_gene' (iter 3/5)
INFO  [11:56:16.752] [mlr3] Applying learner 'classif.cv_glmnet' on task 'candi_gene' (iter 4/5)
INFO  [11:56:16.936] [mlr3] Applying learner 'classif.cv_glmnet' on task 'candi_gene' (iter 5/5)
INFO  [11:56:17.118] [mlr3] Finished benchmark
INFO  [11:56:17.144] [bbotk] Result of batch 14:
INFO  [11:56:17.146] [bbotk]  alpha classif.auc warnings errors runtime_learners
INFO  [11:56:17.146] [bbotk]      1   0.5681159        0      0            0.883
INFO  [11:56:17.146] [bbotk]                                 uhash
INFO  [11:56:17.146] [bbotk]  86447273-f0f8-4f5a-9474-d1610b937fa9
INFO  [11:56:17.147] [bbotk] Evaluating 1 configuration(s)
INFO  [11:56:17.170] [mlr3] Running benchmark with 5 resampling iterations
INFO  [11:56:17.175] [mlr3] Applying learner 'classif.cv_glmnet' on task 'candi_gene' (iter 1/5)
INFO  [11:56:17.365] [mlr3] Applying learner 'classif.cv_glmnet' on task 'candi_gene' (iter 2/5)
INFO  [11:56:17.554] [mlr3] Applying learner 'classif.cv_glmnet' on task 'candi_gene' (iter 3/5)
INFO  [11:56:17.730] [mlr3] Applying learner 'classif.cv_glmnet' on task 'candi_gene' (iter 4/5)
INFO  [11:56:17.912] [mlr3] Applying learner 'classif.cv_glmnet' on task 'candi_gene' (iter 5/5)
INFO  [11:56:18.099] [mlr3] Finished benchmark
INFO  [11:56:18.125] [bbotk] Result of batch 15:
INFO  [11:56:18.127] [bbotk]  alpha classif.auc warnings errors runtime_learners
INFO  [11:56:18.127] [bbotk]   0.85   0.5405797        0      0             0.88
INFO  [11:56:18.127] [bbotk]                                 uhash
INFO  [11:56:18.127] [bbotk]  e9cc4363-7809-480d-b87b-69ddd653e323
INFO  [11:56:18.128] [bbotk] Evaluating 1 configuration(s)
INFO  [11:56:18.151] [mlr3] Running benchmark with 5 resampling iterations
INFO  [11:56:18.156] [mlr3] Applying learner 'classif.cv_glmnet' on task 'candi_gene' (iter 1/5)
INFO  [11:56:18.340] [mlr3] Applying learner 'classif.cv_glmnet' on task 'candi_gene' (iter 2/5)
INFO  [11:56:18.530] [mlr3] Applying learner 'classif.cv_glmnet' on task 'candi_gene' (iter 3/5)
INFO  [11:56:18.712] [mlr3] Applying learner 'classif.cv_glmnet' on task 'candi_gene' (iter 4/5)
INFO  [11:56:18.897] [mlr3] Applying learner 'classif.cv_glmnet' on task 'candi_gene' (iter 5/5)
INFO  [11:56:19.085] [mlr3] Finished benchmark
INFO  [11:56:19.111] [bbotk] Result of batch 16:
INFO  [11:56:19.113] [bbotk]  alpha classif.auc warnings errors runtime_learners
INFO  [11:56:19.113] [bbotk]    0.8   0.5978967        0      0            0.884
INFO  [11:56:19.113] [bbotk]                                 uhash
INFO  [11:56:19.113] [bbotk]  5fe0c8a1-0415-4d12-b2f1-f6f33cd16756
INFO  [11:56:19.115] [bbotk] Evaluating 1 configuration(s)
INFO  [11:56:19.138] [mlr3] Running benchmark with 5 resampling iterations
INFO  [11:56:19.143] [mlr3] Applying learner 'classif.cv_glmnet' on task 'candi_gene' (iter 1/5)
INFO  [11:56:19.329] [mlr3] Applying learner 'classif.cv_glmnet' on task 'candi_gene' (iter 2/5)
INFO  [11:56:19.519] [mlr3] Applying learner 'classif.cv_glmnet' on task 'candi_gene' (iter 3/5)
INFO  [11:56:19.704] [mlr3] Applying learner 'classif.cv_glmnet' on task 'candi_gene' (iter 4/5)
INFO  [11:56:19.899] [mlr3] Applying learner 'classif.cv_glmnet' on task 'candi_gene' (iter 5/5)
INFO  [11:56:20.086] [mlr3] Finished benchmark
INFO  [11:56:20.111] [bbotk] Result of batch 17:
INFO  [11:56:20.113] [bbotk]  alpha classif.auc warnings errors runtime_learners
INFO  [11:56:20.113] [bbotk]   0.65   0.6285098        0      0              0.9
INFO  [11:56:20.113] [bbotk]                                 uhash
INFO  [11:56:20.113] [bbotk]  e435cc92-6a1b-4004-8857-e0f8351b482b
INFO  [11:56:20.114] [bbotk] Evaluating 1 configuration(s)
INFO  [11:56:20.137] [mlr3] Running benchmark with 5 resampling iterations
INFO  [11:56:20.142] [mlr3] Applying learner 'classif.cv_glmnet' on task 'candi_gene' (iter 1/5)
INFO  [11:56:20.338] [mlr3] Applying learner 'classif.cv_glmnet' on task 'candi_gene' (iter 2/5)
INFO  [11:56:20.540] [mlr3] Applying learner 'classif.cv_glmnet' on task 'candi_gene' (iter 3/5)
INFO  [11:56:20.739] [mlr3] Applying learner 'classif.cv_glmnet' on task 'candi_gene' (iter 4/5)
INFO  [11:56:20.940] [mlr3] Applying learner 'classif.cv_glmnet' on task 'candi_gene' (iter 5/5)
INFO  [11:56:21.131] [mlr3] Finished benchmark
INFO  [11:56:21.164] [bbotk] Result of batch 18:
INFO  [11:56:21.166] [bbotk]  alpha classif.auc warnings errors runtime_learners
INFO  [11:56:21.166] [bbotk]    0.4   0.5719807        0      0            0.947
INFO  [11:56:21.166] [bbotk]                                 uhash
INFO  [11:56:21.166] [bbotk]  a93466c5-a363-4089-a4b7-652157a8011c
INFO  [11:56:21.167] [bbotk] Evaluating 1 configuration(s)
INFO  [11:56:21.190] [mlr3] Running benchmark with 5 resampling iterations
INFO  [11:56:21.195] [mlr3] Applying learner 'classif.cv_glmnet' on task 'candi_gene' (iter 1/5)
INFO  [11:56:21.380] [mlr3] Applying learner 'classif.cv_glmnet' on task 'candi_gene' (iter 2/5)
INFO  [11:56:21.572] [mlr3] Applying learner 'classif.cv_glmnet' on task 'candi_gene' (iter 3/5)
INFO  [11:56:21.758] [mlr3] Applying learner 'classif.cv_glmnet' on task 'candi_gene' (iter 4/5)
INFO  [11:56:21.940] [mlr3] Applying learner 'classif.cv_glmnet' on task 'candi_gene' (iter 5/5)
INFO  [11:56:22.132] [mlr3] Finished benchmark
INFO  [11:56:22.159] [bbotk] Result of batch 19:
INFO  [11:56:22.161] [bbotk]  alpha classif.auc warnings errors runtime_learners
INFO  [11:56:22.161] [bbotk]    0.6   0.6292977        0      0            0.891
INFO  [11:56:22.161] [bbotk]                                 uhash
INFO  [11:56:22.161] [bbotk]  8a4f9e5d-1254-4ffc-a5db-93bbb92a5aec
INFO  [11:56:22.162] [bbotk] Evaluating 1 configuration(s)
INFO  [11:56:22.185] [mlr3] Running benchmark with 5 resampling iterations
INFO  [11:56:22.190] [mlr3] Applying learner 'classif.cv_glmnet' on task 'candi_gene' (iter 1/5)
INFO  [11:56:22.388] [mlr3] Applying learner 'classif.cv_glmnet' on task 'candi_gene' (iter 2/5)
INFO  [11:56:22.587] [mlr3] Applying learner 'classif.cv_glmnet' on task 'candi_gene' (iter 3/5)
INFO  [11:56:22.773] [mlr3] Applying learner 'classif.cv_glmnet' on task 'candi_gene' (iter 4/5)
INFO  [11:56:22.973] [mlr3] Applying learner 'classif.cv_glmnet' on task 'candi_gene' (iter 5/5)
INFO  [11:56:23.170] [mlr3] Finished benchmark
INFO  [11:56:23.195] [bbotk] Result of batch 20:
INFO  [11:56:23.197] [bbotk]  alpha classif.auc warnings errors runtime_learners
INFO  [11:56:23.197] [bbotk]   0.45   0.5246377        0      0            0.939
INFO  [11:56:23.197] [bbotk]                                 uhash
INFO  [11:56:23.197] [bbotk]  b541f772-e0d9-4ae9-9225-a41e8cf66090
INFO  [11:56:23.199] [bbotk] Evaluating 1 configuration(s)
INFO  [11:56:23.222] [mlr3] Running benchmark with 5 resampling iterations
INFO  [11:56:23.227] [mlr3] Applying learner 'classif.cv_glmnet' on task 'candi_gene' (iter 1/5)
INFO  [11:56:23.464] [mlr3] Applying learner 'classif.cv_glmnet' on task 'candi_gene' (iter 2/5)
INFO  [11:56:23.695] [mlr3] Applying learner 'classif.cv_glmnet' on task 'candi_gene' (iter 3/5)
INFO  [11:56:23.912] [mlr3] Applying learner 'classif.cv_glmnet' on task 'candi_gene' (iter 4/5)
INFO  [11:56:24.140] [mlr3] Applying learner 'classif.cv_glmnet' on task 'candi_gene' (iter 5/5)
INFO  [11:56:24.365] [mlr3] Finished benchmark
INFO  [11:56:24.390] [bbotk] Result of batch 21:
INFO  [11:56:24.392] [bbotk]  alpha classif.auc warnings errors runtime_learners
INFO  [11:56:24.392] [bbotk]   0.15   0.6424303        0      0            1.094
INFO  [11:56:24.392] [bbotk]                                 uhash
INFO  [11:56:24.392] [bbotk]  39130a01-f9df-4af2-9ff0-091dfe85d762
INFO  [11:56:24.396] [bbotk] Finished optimizing after 21 evaluation(s)
INFO  [11:56:24.397] [bbotk] Result:
INFO  [11:56:24.399] [bbotk]   alpha learner_param_vals x_domain classif.auc
INFO  [11:56:24.399] [bbotk]  <char>             <list>   <list>       <num>
INFO  [11:56:24.399] [bbotk]    0.05       c(7.8947....     0.05   0.7149981
