Conda environment: *
R version 4.3.1 (2023-06-16)
Platform: x86_64-conda-linux-gnu (64-bit)
Running under: Red Hat Enterprise Linux 8.3 (Ootpa)

Matrix products: default
BLAS/LAPACK: /ess/home/home1/beiw/miniconda3/envs/5hmc_os_env/lib/libopenblasp-r0.3.27.so;  LAPACK version 3.12.0

locale:
[1] C

time zone: America/Chicago
tzcode source: system (glibc)

attached base packages:
[1] stats4    stats     graphics  grDevices utils     datasets  methods  
[8] base     

other attached packages:
 [1] conflicted_1.2.0            DESeq2_1.40.2              
 [3] SummarizedExperiment_1.30.2 Biobase_2.60.0             
 [5] MatrixGenerics_1.12.2       matrixStats_1.2.0          
 [7] GenomicRanges_1.52.0        GenomeInfoDb_1.36.1        
 [9] IRanges_2.34.1              S4Vectors_0.38.1           
[11] BiocGenerics_0.46.0         glmnet_4.1-8               
[13] Matrix_1.6-5                mlr3learners_0.5.8         
[15] mlr3tuning_0.19.0           paradox_0.11.1             
[17] mlr3_0.19.0                 lubridate_1.9.3            
[19] forcats_1.0.0               stringr_1.5.1              
[21] purrr_1.0.2                 readr_2.1.5                
[23] tidyr_1.3.1                 tibble_3.2.1               
[25] ggplot2_3.4.4               tidyverse_2.0.0            
[27] dplyr_1.1.4                

loaded via a namespace (and not attached):
 [1] gtable_0.3.4            shape_1.4.6             lattice_0.21-9         
 [4] tzdb_0.4.0              bitops_1.0-7            vctrs_0.6.4            
 [7] tools_4.3.1             generics_0.1.3          parallel_4.3.1         
[10] fansi_1.0.5             pkgconfig_2.0.3         data.table_1.15.2      
[13] checkmate_2.3.1         uuid_1.1-1              GenomeInfoDbData_1.2.11
[16] lifecycle_1.0.3         compiler_4.3.1          munsell_0.5.0          
[19] RhpcBLASctl_0.23-42     codetools_0.2-20        bbotk_0.7.2            
[22] RCurl_1.98-1.12         pillar_1.9.0            crayon_1.5.2           
[25] BiocParallel_1.34.2     cachem_1.0.8            DelayedArray_0.26.6    
[28] iterators_1.0.14        foreach_1.5.2           parallelly_1.37.1      
[31] locfit_1.5-9.8          tidyselect_1.2.0        digest_0.6.35          
[34] stringi_1.7.12          future_1.33.2           listenv_0.9.1          
[37] splines_4.3.1           fastmap_1.1.1           grid_4.3.1             
[40] colorspace_2.1-0        cli_3.6.1               magrittr_2.0.3         
[43] S4Arrays_1.0.4          survival_3.5-7          utf8_1.2.4             
[46] withr_2.5.1             scales_1.2.1            backports_1.4.1        
[49] timechange_0.2.0        XVector_0.40.0          globals_0.16.3         
[52] hms_1.1.3               memoise_2.0.1           mlr3misc_0.15.0        
[55] rlang_1.1.1             Rcpp_1.0.11             glue_1.6.2             
[58] palmerpenguins_0.1.1    lgr_0.4.4               R6_2.5.1               
[61] zlibbioc_1.46.0        
INFO  [11:56:38.838] [bbotk] Starting to optimize 1 parameter(s) with '<TunerGridSearch>' and '<TerminatorNone>'
INFO  [11:56:38.864] [bbotk] Evaluating 1 configuration(s)
INFO  [11:56:38.897] [mlr3] Running benchmark with 5 resampling iterations
INFO  [11:56:38.931] [mlr3] Applying learner 'classif.cv_glmnet' on task 'candi_gene' (iter 1/5)
INFO  [11:56:39.557] [mlr3] Applying learner 'classif.cv_glmnet' on task 'candi_gene' (iter 2/5)
INFO  [11:56:39.749] [mlr3] Applying learner 'classif.cv_glmnet' on task 'candi_gene' (iter 3/5)
INFO  [11:56:39.921] [mlr3] Applying learner 'classif.cv_glmnet' on task 'candi_gene' (iter 4/5)
INFO  [11:56:40.103] [mlr3] Applying learner 'classif.cv_glmnet' on task 'candi_gene' (iter 5/5)
INFO  [11:56:40.297] [mlr3] Finished benchmark
INFO  [11:56:40.325] [bbotk] Result of batch 1:
INFO  [11:56:40.329] [bbotk]  alpha classif.auc warnings errors runtime_learners
INFO  [11:56:40.329] [bbotk]   0.65   0.5689324        0      0             1.32
INFO  [11:56:40.329] [bbotk]                                 uhash
INFO  [11:56:40.329] [bbotk]  689d15e7-d150-4c86-82c7-f5296473dbfc
INFO  [11:56:40.331] [bbotk] Evaluating 1 configuration(s)
INFO  [11:56:40.354] [mlr3] Running benchmark with 5 resampling iterations
INFO  [11:56:40.359] [mlr3] Applying learner 'classif.cv_glmnet' on task 'candi_gene' (iter 1/5)
INFO  [11:56:40.614] [mlr3] Applying learner 'classif.cv_glmnet' on task 'candi_gene' (iter 2/5)
INFO  [11:56:40.859] [mlr3] Applying learner 'classif.cv_glmnet' on task 'candi_gene' (iter 3/5)
INFO  [11:56:41.093] [mlr3] Applying learner 'classif.cv_glmnet' on task 'candi_gene' (iter 4/5)
INFO  [11:56:41.334] [mlr3] Applying learner 'classif.cv_glmnet' on task 'candi_gene' (iter 5/5)
INFO  [11:56:41.583] [mlr3] Finished benchmark
INFO  [11:56:41.607] [bbotk] Result of batch 2:
INFO  [11:56:41.609] [bbotk]  alpha classif.auc warnings errors runtime_learners
INFO  [11:56:41.609] [bbotk]    0.1   0.5571759        0      0            1.182
INFO  [11:56:41.609] [bbotk]                                 uhash
INFO  [11:56:41.609] [bbotk]  f054d649-fb01-407f-b560-609b6634a49f
INFO  [11:56:41.610] [bbotk] Evaluating 1 configuration(s)
INFO  [11:56:41.633] [mlr3] Running benchmark with 5 resampling iterations
INFO  [11:56:41.638] [mlr3] Applying learner 'classif.cv_glmnet' on task 'candi_gene' (iter 1/5)
INFO  [11:56:41.846] [mlr3] Applying learner 'classif.cv_glmnet' on task 'candi_gene' (iter 2/5)
INFO  [11:56:42.054] [mlr3] Applying learner 'classif.cv_glmnet' on task 'candi_gene' (iter 3/5)
INFO  [11:56:42.243] [mlr3] Applying learner 'classif.cv_glmnet' on task 'candi_gene' (iter 4/5)
INFO  [11:56:42.449] [mlr3] Applying learner 'classif.cv_glmnet' on task 'candi_gene' (iter 5/5)
INFO  [11:56:43.046] [mlr3] Finished benchmark
INFO  [11:56:43.072] [bbotk] Result of batch 3:
INFO  [11:56:43.074] [bbotk]  alpha classif.auc warnings errors runtime_learners
INFO  [11:56:43.074] [bbotk]   0.35   0.5475617        0      0            1.367
INFO  [11:56:43.074] [bbotk]                                 uhash
INFO  [11:56:43.074] [bbotk]  cf0324a1-f9d7-4a25-a2ba-40759a7157b9
INFO  [11:56:43.075] [bbotk] Evaluating 1 configuration(s)
INFO  [11:56:43.098] [mlr3] Running benchmark with 5 resampling iterations
INFO  [11:56:43.103] [mlr3] Applying learner 'classif.cv_glmnet' on task 'candi_gene' (iter 1/5)
INFO  [11:56:43.292] [mlr3] Applying learner 'classif.cv_glmnet' on task 'candi_gene' (iter 2/5)
INFO  [11:56:43.476] [mlr3] Applying learner 'classif.cv_glmnet' on task 'candi_gene' (iter 3/5)
INFO  [11:56:43.653] [mlr3] Applying learner 'classif.cv_glmnet' on task 'candi_gene' (iter 4/5)
INFO  [11:56:43.831] [mlr3] Applying learner 'classif.cv_glmnet' on task 'candi_gene' (iter 5/5)
INFO  [11:56:44.016] [mlr3] Finished benchmark
INFO  [11:56:44.041] [bbotk] Result of batch 4:
INFO  [11:56:44.043] [bbotk]  alpha classif.auc warnings errors runtime_learners
INFO  [11:56:44.043] [bbotk]   0.75   0.5592938        0      0            0.874
INFO  [11:56:44.043] [bbotk]                                 uhash
INFO  [11:56:44.043] [bbotk]  7ce00663-e8b0-4e53-8c9c-ca6cc97c5ddd
INFO  [11:56:44.044] [bbotk] Evaluating 1 configuration(s)
INFO  [11:56:44.067] [mlr3] Running benchmark with 5 resampling iterations
INFO  [11:56:44.072] [mlr3] Applying learner 'classif.cv_glmnet' on task 'candi_gene' (iter 1/5)
INFO  [11:56:44.260] [mlr3] Applying learner 'classif.cv_glmnet' on task 'candi_gene' (iter 2/5)
INFO  [11:56:44.443] [mlr3] Applying learner 'classif.cv_glmnet' on task 'candi_gene' (iter 3/5)
INFO  [11:56:44.611] [mlr3] Applying learner 'classif.cv_glmnet' on task 'candi_gene' (iter 4/5)
INFO  [11:56:44.796] [mlr3] Applying learner 'classif.cv_glmnet' on task 'candi_gene' (iter 5/5)
INFO  [11:56:44.978] [mlr3] Finished benchmark
INFO  [11:56:45.003] [bbotk] Result of batch 5:
INFO  [11:56:45.005] [bbotk]  alpha classif.auc warnings errors runtime_learners
INFO  [11:56:45.005] [bbotk]    0.7   0.5473295        0      0            0.863
INFO  [11:56:45.005] [bbotk]                                 uhash
INFO  [11:56:45.005] [bbotk]  811831b7-dd26-4114-88d0-46843bc74373
INFO  [11:56:45.006] [bbotk] Evaluating 1 configuration(s)
INFO  [11:56:45.029] [mlr3] Running benchmark with 5 resampling iterations
INFO  [11:56:45.034] [mlr3] Applying learner 'classif.cv_glmnet' on task 'candi_gene' (iter 1/5)
INFO  [11:56:45.257] [mlr3] Applying learner 'classif.cv_glmnet' on task 'candi_gene' (iter 2/5)
INFO  [11:56:45.476] [mlr3] Applying learner 'classif.cv_glmnet' on task 'candi_gene' (iter 3/5)
INFO  [11:56:45.678] [mlr3] Applying learner 'classif.cv_glmnet' on task 'candi_gene' (iter 4/5)
INFO  [11:56:45.891] [mlr3] Applying learner 'classif.cv_glmnet' on task 'candi_gene' (iter 5/5)
INFO  [11:56:46.108] [mlr3] Finished benchmark
INFO  [11:56:46.132] [bbotk] Result of batch 6:
INFO  [11:56:46.134] [bbotk]  alpha classif.auc warnings errors runtime_learners
INFO  [11:56:46.134] [bbotk]    0.2   0.5499486        0      0            1.035
INFO  [11:56:46.134] [bbotk]                                 uhash
INFO  [11:56:46.134] [bbotk]  5e212a35-f3cf-485c-85b8-4dbbd06af3dc
INFO  [11:56:46.136] [bbotk] Evaluating 1 configuration(s)
INFO  [11:56:46.158] [mlr3] Running benchmark with 5 resampling iterations
INFO  [11:56:46.163] [mlr3] Applying learner 'classif.cv_glmnet' on task 'candi_gene' (iter 1/5)
INFO  [11:56:46.360] [mlr3] Applying learner 'classif.cv_glmnet' on task 'candi_gene' (iter 2/5)
INFO  [11:56:46.553] [mlr3] Applying learner 'classif.cv_glmnet' on task 'candi_gene' (iter 3/5)
INFO  [11:56:46.732] [mlr3] Applying learner 'classif.cv_glmnet' on task 'candi_gene' (iter 4/5)
INFO  [11:56:46.926] [mlr3] Applying learner 'classif.cv_glmnet' on task 'candi_gene' (iter 5/5)
INFO  [11:56:47.118] [mlr3] Finished benchmark
INFO  [11:56:47.143] [bbotk] Result of batch 7:
INFO  [11:56:47.145] [bbotk]  alpha classif.auc warnings errors runtime_learners
INFO  [11:56:47.145] [bbotk]   0.45   0.5499486        0      0            0.914
INFO  [11:56:47.145] [bbotk]                                 uhash
INFO  [11:56:47.145] [bbotk]  34f68edb-e280-44ea-9866-a712b4cc9330
INFO  [11:56:47.146] [bbotk] Evaluating 1 configuration(s)
INFO  [11:56:47.169] [mlr3] Running benchmark with 5 resampling iterations
INFO  [11:56:47.173] [mlr3] Applying learner 'classif.cv_glmnet' on task 'candi_gene' (iter 1/5)
INFO  [11:56:47.383] [mlr3] Applying learner 'classif.cv_glmnet' on task 'candi_gene' (iter 2/5)
INFO  [11:56:47.598] [mlr3] Applying learner 'classif.cv_glmnet' on task 'candi_gene' (iter 3/5)
INFO  [11:56:47.794] [mlr3] Applying learner 'classif.cv_glmnet' on task 'candi_gene' (iter 4/5)
INFO  [11:56:48.001] [mlr3] Applying learner 'classif.cv_glmnet' on task 'candi_gene' (iter 5/5)
INFO  [11:56:48.212] [mlr3] Finished benchmark
INFO  [11:56:48.237] [bbotk] Result of batch 8:
INFO  [11:56:48.239] [bbotk]  alpha classif.auc warnings errors runtime_learners
INFO  [11:56:48.239] [bbotk]   0.25   0.5692868        0      0            0.996
INFO  [11:56:48.239] [bbotk]                                 uhash
INFO  [11:56:48.239] [bbotk]  505ab3ce-2696-4efd-b044-11a79d600a2c
INFO  [11:56:48.240] [bbotk] Evaluating 1 configuration(s)
INFO  [11:56:48.263] [mlr3] Running benchmark with 5 resampling iterations
INFO  [11:56:48.268] [mlr3] Applying learner 'classif.cv_glmnet' on task 'candi_gene' (iter 1/5)
INFO  [11:56:48.453] [mlr3] Applying learner 'classif.cv_glmnet' on task 'candi_gene' (iter 2/5)
INFO  [11:56:48.641] [mlr3] Applying learner 'classif.cv_glmnet' on task 'candi_gene' (iter 3/5)
INFO  [11:56:48.809] [mlr3] Applying learner 'classif.cv_glmnet' on task 'candi_gene' (iter 4/5)
INFO  [11:56:48.996] [mlr3] Applying learner 'classif.cv_glmnet' on task 'candi_gene' (iter 5/5)
INFO  [11:56:49.179] [mlr3] Finished benchmark
INFO  [11:56:49.204] [bbotk] Result of batch 9:
INFO  [11:56:49.206] [bbotk]  alpha classif.auc warnings errors runtime_learners
INFO  [11:56:49.206] [bbotk]   0.95   0.5635227        0      0             0.87
INFO  [11:56:49.206] [bbotk]                                 uhash
INFO  [11:56:49.206] [bbotk]  188fa090-4079-4f85-8409-fcd3d97bad26
INFO  [11:56:49.207] [bbotk] Evaluating 1 configuration(s)
INFO  [11:56:49.230] [mlr3] Running benchmark with 5 resampling iterations
INFO  [11:56:49.235] [mlr3] Applying learner 'classif.cv_glmnet' on task 'candi_gene' (iter 1/5)
INFO  [11:56:49.421] [mlr3] Applying learner 'classif.cv_glmnet' on task 'candi_gene' (iter 2/5)
INFO  [11:56:49.610] [mlr3] Applying learner 'classif.cv_glmnet' on task 'candi_gene' (iter 3/5)
INFO  [11:56:49.781] [mlr3] Applying learner 'classif.cv_glmnet' on task 'candi_gene' (iter 4/5)
INFO  [11:56:49.973] [mlr3] Applying learner 'classif.cv_glmnet' on task 'candi_gene' (iter 5/5)
INFO  [11:56:50.155] [mlr3] Finished benchmark
INFO  [11:56:50.188] [bbotk] Result of batch 10:
INFO  [11:56:50.190] [bbotk]  alpha classif.auc warnings errors runtime_learners
INFO  [11:56:50.190] [bbotk]    0.9   0.5341098        0      0            0.876
INFO  [11:56:50.190] [bbotk]                                 uhash
INFO  [11:56:50.190] [bbotk]  0131b648-e289-4dd3-bd7b-172f245837da
INFO  [11:56:50.191] [bbotk] Evaluating 1 configuration(s)
INFO  [11:56:50.215] [mlr3] Running benchmark with 5 resampling iterations
INFO  [11:56:50.220] [mlr3] Applying learner 'classif.cv_glmnet' on task 'candi_gene' (iter 1/5)
INFO  [11:56:50.402] [mlr3] Applying learner 'classif.cv_glmnet' on task 'candi_gene' (iter 2/5)
INFO  [11:56:50.596] [mlr3] Applying learner 'classif.cv_glmnet' on task 'candi_gene' (iter 3/5)
INFO  [11:56:50.762] [mlr3] Applying learner 'classif.cv_glmnet' on task 'candi_gene' (iter 4/5)
INFO  [11:56:50.952] [mlr3] Applying learner 'classif.cv_glmnet' on task 'candi_gene' (iter 5/5)
INFO  [11:56:51.138] [mlr3] Finished benchmark
INFO  [11:56:51.163] [bbotk] Result of batch 11:
INFO  [11:56:51.165] [bbotk]  alpha classif.auc warnings errors runtime_learners
INFO  [11:56:51.165] [bbotk]    0.8   0.5790785        0      0            0.875
INFO  [11:56:51.165] [bbotk]                                 uhash
INFO  [11:56:51.165] [bbotk]  8700a11f-c91e-414f-ba42-0085b0da8ee0
INFO  [11:56:51.166] [bbotk] Evaluating 1 configuration(s)
INFO  [11:56:51.189] [mlr3] Running benchmark with 5 resampling iterations
INFO  [11:56:51.194] [mlr3] Applying learner 'classif.cv_glmnet' on task 'candi_gene' (iter 1/5)
INFO  [11:56:51.389] [mlr3] Applying learner 'classif.cv_glmnet' on task 'candi_gene' (iter 2/5)
INFO  [11:56:51.579] [mlr3] Applying learner 'classif.cv_glmnet' on task 'candi_gene' (iter 3/5)
INFO  [11:56:51.762] [mlr3] Applying learner 'classif.cv_glmnet' on task 'candi_gene' (iter 4/5)
INFO  [11:56:51.960] [mlr3] Applying learner 'classif.cv_glmnet' on task 'candi_gene' (iter 5/5)
INFO  [11:56:52.143] [mlr3] Finished benchmark
INFO  [11:56:52.168] [bbotk] Result of batch 12:
INFO  [11:56:52.170] [bbotk]  alpha classif.auc warnings errors runtime_learners
INFO  [11:56:52.170] [bbotk]   0.55   0.5347538        0      0            0.907
INFO  [11:56:52.170] [bbotk]                                 uhash
INFO  [11:56:52.170] [bbotk]  277b00c4-f92a-4096-b3d0-531b05f81c41
INFO  [11:56:52.171] [bbotk] Evaluating 1 configuration(s)
INFO  [11:56:52.194] [mlr3] Running benchmark with 5 resampling iterations
INFO  [11:56:52.199] [mlr3] Applying learner 'classif.cv_glmnet' on task 'candi_gene' (iter 1/5)
INFO  [11:56:52.488] [mlr3] Applying learner 'classif.cv_glmnet' on task 'candi_gene' (iter 2/5)
INFO  [11:56:52.759] [mlr3] Applying learner 'classif.cv_glmnet' on task 'candi_gene' (iter 3/5)
INFO  [11:56:53.013] [mlr3] Applying learner 'classif.cv_glmnet' on task 'candi_gene' (iter 4/5)
INFO  [11:56:53.280] [mlr3] Applying learner 'classif.cv_glmnet' on task 'candi_gene' (iter 5/5)
INFO  [11:56:53.554] [mlr3] Finished benchmark
INFO  [11:56:53.579] [bbotk] Result of batch 13:
INFO  [11:56:53.581] [bbotk]  alpha classif.auc warnings errors runtime_learners
INFO  [11:56:53.581] [bbotk]   0.05   0.6285287        0      0            1.309
INFO  [11:56:53.581] [bbotk]                                 uhash
INFO  [11:56:53.581] [bbotk]  8fb0440d-58ef-40b6-b4b6-853536abb525
INFO  [11:56:53.582] [bbotk] Evaluating 1 configuration(s)
INFO  [11:56:53.605] [mlr3] Running benchmark with 5 resampling iterations
INFO  [11:56:53.610] [mlr3] Applying learner 'classif.cv_glmnet' on task 'candi_gene' (iter 1/5)
INFO  [11:56:54.029] [mlr3] Applying learner 'classif.cv_glmnet' on task 'candi_gene' (iter 2/5)
INFO  [11:56:54.805] [mlr3] Applying learner 'classif.cv_glmnet' on task 'candi_gene' (iter 3/5)
INFO  [11:56:55.213] [mlr3] Applying learner 'classif.cv_glmnet' on task 'candi_gene' (iter 4/5)
INFO  [11:56:55.630] [mlr3] Applying learner 'classif.cv_glmnet' on task 'candi_gene' (iter 5/5)
INFO  [11:56:56.060] [mlr3] Finished benchmark
INFO  [11:56:56.086] [bbotk] Result of batch 14:
INFO  [11:56:56.088] [bbotk]  alpha classif.auc warnings errors runtime_learners
INFO  [11:56:56.088] [bbotk]      0   0.5963826        0      0            2.402
INFO  [11:56:56.088] [bbotk]                                 uhash
INFO  [11:56:56.088] [bbotk]  033b4312-96fa-4957-8c33-c631082dc3e2
INFO  [11:56:56.089] [bbotk] Evaluating 1 configuration(s)
INFO  [11:56:56.112] [mlr3] Running benchmark with 5 resampling iterations
INFO  [11:56:56.116] [mlr3] Applying learner 'classif.cv_glmnet' on task 'candi_gene' (iter 1/5)
INFO  [11:56:56.316] [mlr3] Applying learner 'classif.cv_glmnet' on task 'candi_gene' (iter 2/5)
INFO  [11:56:56.517] [mlr3] Applying learner 'classif.cv_glmnet' on task 'candi_gene' (iter 3/5)
INFO  [11:56:56.693] [mlr3] Applying learner 'classif.cv_glmnet' on task 'candi_gene' (iter 4/5)
INFO  [11:56:56.889] [mlr3] Applying learner 'classif.cv_glmnet' on task 'candi_gene' (iter 5/5)
INFO  [11:56:57.085] [mlr3] Finished benchmark
INFO  [11:56:57.110] [bbotk] Result of batch 15:
INFO  [11:56:57.112] [bbotk]  alpha classif.auc warnings errors runtime_learners
INFO  [11:56:57.112] [bbotk]    0.4   0.5484654        0      0            0.923
INFO  [11:56:57.112] [bbotk]                                 uhash
INFO  [11:56:57.112] [bbotk]  ffdb7e6f-0f4d-4e95-88f5-331fbeae258d
INFO  [11:56:57.113] [bbotk] Evaluating 1 configuration(s)
INFO  [11:56:57.136] [mlr3] Running benchmark with 5 resampling iterations
INFO  [11:56:57.141] [mlr3] Applying learner 'classif.cv_glmnet' on task 'candi_gene' (iter 1/5)
INFO  [11:56:57.331] [mlr3] Applying learner 'classif.cv_glmnet' on task 'candi_gene' (iter 2/5)
INFO  [11:56:57.521] [mlr3] Applying learner 'classif.cv_glmnet' on task 'candi_gene' (iter 3/5)
INFO  [11:56:57.690] [mlr3] Applying learner 'classif.cv_glmnet' on task 'candi_gene' (iter 4/5)
INFO  [11:56:57.883] [mlr3] Applying learner 'classif.cv_glmnet' on task 'candi_gene' (iter 5/5)
INFO  [11:56:58.075] [mlr3] Finished benchmark
INFO  [11:56:58.100] [bbotk] Result of batch 16:
INFO  [11:56:58.102] [bbotk]  alpha classif.auc warnings errors runtime_learners
INFO  [11:56:58.102] [bbotk]    0.6   0.5337121        0      0            0.888
INFO  [11:56:58.102] [bbotk]                                 uhash
INFO  [11:56:58.102] [bbotk]  0e117555-d9e3-488b-a618-d45098de23f3
INFO  [11:56:58.103] [bbotk] Evaluating 1 configuration(s)
INFO  [11:56:58.126] [mlr3] Running benchmark with 5 resampling iterations
INFO  [11:56:58.131] [mlr3] Applying learner 'classif.cv_glmnet' on task 'candi_gene' (iter 1/5)
INFO  [11:56:58.342] [mlr3] Applying learner 'classif.cv_glmnet' on task 'candi_gene' (iter 2/5)
INFO  [11:56:58.549] [mlr3] Applying learner 'classif.cv_glmnet' on task 'candi_gene' (iter 3/5)
INFO  [11:56:58.740] [mlr3] Applying learner 'classif.cv_glmnet' on task 'candi_gene' (iter 4/5)
INFO  [11:56:58.941] [mlr3] Applying learner 'classif.cv_glmnet' on task 'candi_gene' (iter 5/5)
INFO  [11:56:59.144] [mlr3] Finished benchmark
INFO  [11:56:59.175] [bbotk] Result of batch 17:
INFO  [11:56:59.177] [bbotk]  alpha classif.auc warnings errors runtime_learners
INFO  [11:56:59.177] [bbotk]    0.3   0.5988685        0      0             0.97
INFO  [11:56:59.177] [bbotk]                                 uhash
INFO  [11:56:59.177] [bbotk]  311eb1bb-9086-419d-9645-f62c71df54be
INFO  [11:56:59.178] [bbotk] Evaluating 1 configuration(s)
INFO  [11:56:59.201] [mlr3] Running benchmark with 5 resampling iterations
INFO  [11:56:59.206] [mlr3] Applying learner 'classif.cv_glmnet' on task 'candi_gene' (iter 1/5)
INFO  [11:56:59.387] [mlr3] Applying learner 'classif.cv_glmnet' on task 'candi_gene' (iter 2/5)
INFO  [11:56:59.586] [mlr3] Applying learner 'classif.cv_glmnet' on task 'candi_gene' (iter 3/5)
INFO  [11:56:59.745] [mlr3] Applying learner 'classif.cv_glmnet' on task 'candi_gene' (iter 4/5)
INFO  [11:56:59.930] [mlr3] Applying learner 'classif.cv_glmnet' on task 'candi_gene' (iter 5/5)
INFO  [11:57:00.117] [mlr3] Finished benchmark
INFO  [11:57:00.143] [bbotk] Result of batch 18:
INFO  [11:57:00.145] [bbotk]  alpha classif.auc warnings errors runtime_learners
INFO  [11:57:00.145] [bbotk]   0.85   0.5341526        0      0             0.87
INFO  [11:57:00.145] [bbotk]                                 uhash
INFO  [11:57:00.145] [bbotk]  db57d7e2-9f48-40d4-8a84-608ffd235b79
INFO  [11:57:00.147] [bbotk] Evaluating 1 configuration(s)
INFO  [11:57:00.170] [mlr3] Running benchmark with 5 resampling iterations
INFO  [11:57:00.175] [mlr3] Applying learner 'classif.cv_glmnet' on task 'candi_gene' (iter 1/5)
INFO  [11:57:00.373] [mlr3] Applying learner 'classif.cv_glmnet' on task 'candi_gene' (iter 2/5)
INFO  [11:57:00.563] [mlr3] Applying learner 'classif.cv_glmnet' on task 'candi_gene' (iter 3/5)
INFO  [11:57:00.743] [mlr3] Applying learner 'classif.cv_glmnet' on task 'candi_gene' (iter 4/5)
INFO  [11:57:00.934] [mlr3] Applying learner 'classif.cv_glmnet' on task 'candi_gene' (iter 5/5)
INFO  [11:57:01.126] [mlr3] Finished benchmark
INFO  [11:57:01.151] [bbotk] Result of batch 19:
INFO  [11:57:01.153] [bbotk]  alpha classif.auc warnings errors runtime_learners
INFO  [11:57:01.153] [bbotk]    0.5   0.6111558        0      0            0.911
INFO  [11:57:01.153] [bbotk]                                 uhash
INFO  [11:57:01.153] [bbotk]  70e551f5-6a15-499d-8d8f-fba9e58d52b4
INFO  [11:57:01.155] [bbotk] Evaluating 1 configuration(s)
INFO  [11:57:01.177] [mlr3] Running benchmark with 5 resampling iterations
INFO  [11:57:01.182] [mlr3] Applying learner 'classif.cv_glmnet' on task 'candi_gene' (iter 1/5)
INFO  [11:57:01.370] [mlr3] Applying learner 'classif.cv_glmnet' on task 'candi_gene' (iter 2/5)
INFO  [11:57:01.565] [mlr3] Applying learner 'classif.cv_glmnet' on task 'candi_gene' (iter 3/5)
INFO  [11:57:01.742] [mlr3] Applying learner 'classif.cv_glmnet' on task 'candi_gene' (iter 4/5)
INFO  [11:57:01.926] [mlr3] Applying learner 'classif.cv_glmnet' on task 'candi_gene' (iter 5/5)
INFO  [11:57:02.121] [mlr3] Finished benchmark
INFO  [11:57:02.146] [bbotk] Result of batch 20:
INFO  [11:57:02.148] [bbotk]  alpha classif.auc warnings errors runtime_learners
INFO  [11:57:02.148] [bbotk]      1   0.5306926        0      0            0.896
INFO  [11:57:02.148] [bbotk]                                 uhash
INFO  [11:57:02.148] [bbotk]  2a53f164-48fe-4068-8382-42c162e51c88
INFO  [11:57:02.149] [bbotk] Evaluating 1 configuration(s)
INFO  [11:57:02.172] [mlr3] Running benchmark with 5 resampling iterations
INFO  [11:57:02.177] [mlr3] Applying learner 'classif.cv_glmnet' on task 'candi_gene' (iter 1/5)
INFO  [11:57:02.416] [mlr3] Applying learner 'classif.cv_glmnet' on task 'candi_gene' (iter 2/5)
INFO  [11:57:02.645] [mlr3] Applying learner 'classif.cv_glmnet' on task 'candi_gene' (iter 3/5)
INFO  [11:57:02.858] [mlr3] Applying learner 'classif.cv_glmnet' on task 'candi_gene' (iter 4/5)
INFO  [11:57:03.082] [mlr3] Applying learner 'classif.cv_glmnet' on task 'candi_gene' (iter 5/5)
INFO  [11:57:03.317] [mlr3] Finished benchmark
INFO  [11:57:03.344] [bbotk] Result of batch 21:
INFO  [11:57:03.346] [bbotk]  alpha classif.auc warnings errors runtime_learners
INFO  [11:57:03.346] [bbotk]   0.15   0.6117159        0      0            1.098
INFO  [11:57:03.346] [bbotk]                                 uhash
INFO  [11:57:03.346] [bbotk]  2645e5d9-61c7-4193-a76f-1687c2a4e401
INFO  [11:57:03.351] [bbotk] Finished optimizing after 21 evaluation(s)
INFO  [11:57:03.352] [bbotk] Result:
INFO  [11:57:03.355] [bbotk]   alpha learner_param_vals x_domain classif.auc
INFO  [11:57:03.355] [bbotk]  <char>             <list>   <list>       <num>
INFO  [11:57:03.355] [bbotk]    0.05       c(7.8947....     0.05   0.6285287
