Conda environment: *
R version 4.3.1 (2023-06-16)
Platform: x86_64-conda-linux-gnu (64-bit)
Running under: Red Hat Enterprise Linux 8.3 (Ootpa)

Matrix products: default
BLAS/LAPACK: /ess/home/home1/beiw/miniconda3/envs/5hmc_os_env/lib/libopenblasp-r0.3.27.so;  LAPACK version 3.12.0

locale:
[1] C

time zone: America/Chicago
tzcode source: system (glibc)

attached base packages:
[1] stats4    stats     graphics  grDevices utils     datasets  methods  
[8] base     

other attached packages:
 [1] conflicted_1.2.0            DESeq2_1.40.2              
 [3] SummarizedExperiment_1.30.2 Biobase_2.60.0             
 [5] MatrixGenerics_1.12.2       matrixStats_1.2.0          
 [7] GenomicRanges_1.52.0        GenomeInfoDb_1.36.1        
 [9] IRanges_2.34.1              S4Vectors_0.38.1           
[11] BiocGenerics_0.46.0         glmnet_4.1-8               
[13] Matrix_1.6-5                mlr3learners_0.5.8         
[15] mlr3tuning_0.19.0           paradox_0.11.1             
[17] mlr3_0.19.0                 lubridate_1.9.3            
[19] forcats_1.0.0               stringr_1.5.1              
[21] purrr_1.0.2                 readr_2.1.5                
[23] tidyr_1.3.1                 tibble_3.2.1               
[25] ggplot2_3.4.4               tidyverse_2.0.0            
[27] dplyr_1.1.4                

loaded via a namespace (and not attached):
 [1] gtable_0.3.4            shape_1.4.6             lattice_0.21-9         
 [4] tzdb_0.4.0              bitops_1.0-7            vctrs_0.6.4            
 [7] tools_4.3.1             generics_0.1.3          parallel_4.3.1         
[10] fansi_1.0.5             pkgconfig_2.0.3         data.table_1.15.2      
[13] checkmate_2.3.1         uuid_1.1-1              GenomeInfoDbData_1.2.11
[16] lifecycle_1.0.3         compiler_4.3.1          munsell_0.5.0          
[19] RhpcBLASctl_0.23-42     codetools_0.2-20        bbotk_0.7.2            
[22] RCurl_1.98-1.12         pillar_1.9.0            crayon_1.5.2           
[25] BiocParallel_1.34.2     cachem_1.0.8            DelayedArray_0.26.6    
[28] iterators_1.0.14        foreach_1.5.2           parallelly_1.37.1      
[31] locfit_1.5-9.8          tidyselect_1.2.0        digest_0.6.35          
[34] stringi_1.7.12          future_1.33.2           listenv_0.9.1          
[37] splines_4.3.1           fastmap_1.1.1           grid_4.3.1             
[40] colorspace_2.1-0        cli_3.6.1               magrittr_2.0.3         
[43] S4Arrays_1.0.4          survival_3.5-7          utf8_1.2.4             
[46] withr_2.5.1             scales_1.2.1            backports_1.4.1        
[49] timechange_0.2.0        XVector_0.40.0          globals_0.16.3         
[52] hms_1.1.3               memoise_2.0.1           mlr3misc_0.15.0        
[55] rlang_1.1.1             Rcpp_1.0.11             glue_1.6.2             
[58] palmerpenguins_0.1.1    lgr_0.4.4               R6_2.5.1               
[61] zlibbioc_1.46.0        
INFO  [11:55:15.098] [bbotk] Starting to optimize 1 parameter(s) with '<TunerGridSearch>' and '<TerminatorNone>'
INFO  [11:55:15.123] [bbotk] Evaluating 1 configuration(s)
INFO  [11:55:15.157] [mlr3] Running benchmark with 5 resampling iterations
INFO  [11:55:15.192] [mlr3] Applying learner 'classif.cv_glmnet' on task 'candi_gene' (iter 1/5)
INFO  [11:55:15.883] [mlr3] Applying learner 'classif.cv_glmnet' on task 'candi_gene' (iter 2/5)
INFO  [11:55:16.079] [mlr3] Applying learner 'classif.cv_glmnet' on task 'candi_gene' (iter 3/5)
INFO  [11:55:16.281] [mlr3] Applying learner 'classif.cv_glmnet' on task 'candi_gene' (iter 4/5)
INFO  [11:55:16.462] [mlr3] Applying learner 'classif.cv_glmnet' on task 'candi_gene' (iter 5/5)
INFO  [11:55:16.669] [mlr3] Finished benchmark
INFO  [11:55:16.699] [bbotk] Result of batch 1:
INFO  [11:55:16.703] [bbotk]  alpha classif.auc warnings errors runtime_learners
INFO  [11:55:16.703] [bbotk]    0.7   0.5420715        0      0             1.43
INFO  [11:55:16.703] [bbotk]                                 uhash
INFO  [11:55:16.703] [bbotk]  b67771c7-5724-41bf-87c1-36533f836eb6
INFO  [11:55:16.706] [bbotk] Evaluating 1 configuration(s)
INFO  [11:55:16.730] [mlr3] Running benchmark with 5 resampling iterations
INFO  [11:55:16.736] [mlr3] Applying learner 'classif.cv_glmnet' on task 'candi_gene' (iter 1/5)
INFO  [11:55:17.022] [mlr3] Applying learner 'classif.cv_glmnet' on task 'candi_gene' (iter 2/5)
INFO  [11:55:17.307] [mlr3] Applying learner 'classif.cv_glmnet' on task 'candi_gene' (iter 3/5)
INFO  [11:55:17.590] [mlr3] Applying learner 'classif.cv_glmnet' on task 'candi_gene' (iter 4/5)
INFO  [11:55:17.867] [mlr3] Applying learner 'classif.cv_glmnet' on task 'candi_gene' (iter 5/5)
INFO  [11:55:18.152] [mlr3] Finished benchmark
INFO  [11:55:18.176] [bbotk] Result of batch 2:
INFO  [11:55:18.178] [bbotk]  alpha classif.auc warnings errors runtime_learners
INFO  [11:55:18.178] [bbotk]   0.05   0.6850306        0      0            1.372
INFO  [11:55:18.178] [bbotk]                                 uhash
INFO  [11:55:18.178] [bbotk]  540508b4-695d-4209-ae9d-5e9432eb64e1
INFO  [11:55:18.180] [bbotk] Evaluating 1 configuration(s)
INFO  [11:55:18.202] [mlr3] Running benchmark with 5 resampling iterations
INFO  [11:55:18.207] [mlr3] Applying learner 'classif.cv_glmnet' on task 'candi_gene' (iter 1/5)
INFO  [11:55:18.766] [mlr3] Applying learner 'classif.cv_glmnet' on task 'candi_gene' (iter 2/5)
INFO  [11:55:18.959] [mlr3] Applying learner 'classif.cv_glmnet' on task 'candi_gene' (iter 3/5)
INFO  [11:55:19.166] [mlr3] Applying learner 'classif.cv_glmnet' on task 'candi_gene' (iter 4/5)
INFO  [11:55:19.355] [mlr3] Applying learner 'classif.cv_glmnet' on task 'candi_gene' (iter 5/5)
INFO  [11:55:19.563] [mlr3] Finished benchmark
INFO  [11:55:19.588] [bbotk] Result of batch 3:
INFO  [11:55:19.590] [bbotk]  alpha classif.auc warnings errors runtime_learners
INFO  [11:55:19.590] [bbotk]    0.4   0.5427083        0      0            1.315
INFO  [11:55:19.590] [bbotk]                                 uhash
INFO  [11:55:19.590] [bbotk]  ac9531ed-ac09-4cef-9699-1cfff03c13a8
INFO  [11:55:19.592] [bbotk] Evaluating 1 configuration(s)
INFO  [11:55:19.614] [mlr3] Running benchmark with 5 resampling iterations
INFO  [11:55:19.619] [mlr3] Applying learner 'classif.cv_glmnet' on task 'candi_gene' (iter 1/5)
INFO  [11:55:19.809] [mlr3] Applying learner 'classif.cv_glmnet' on task 'candi_gene' (iter 2/5)
INFO  [11:55:20.015] [mlr3] Applying learner 'classif.cv_glmnet' on task 'candi_gene' (iter 3/5)
INFO  [11:55:20.223] [mlr3] Applying learner 'classif.cv_glmnet' on task 'candi_gene' (iter 4/5)
INFO  [11:55:20.411] [mlr3] Applying learner 'classif.cv_glmnet' on task 'candi_gene' (iter 5/5)
INFO  [11:55:20.615] [mlr3] Finished benchmark
INFO  [11:55:20.640] [bbotk] Result of batch 4:
INFO  [11:55:20.642] [bbotk]  alpha classif.auc warnings errors runtime_learners
INFO  [11:55:20.642] [bbotk]   0.35         0.5        0      0            0.954
INFO  [11:55:20.642] [bbotk]                                 uhash
INFO  [11:55:20.642] [bbotk]  0726a58d-3299-4979-a851-f62c66212e35
INFO  [11:55:20.643] [bbotk] Evaluating 1 configuration(s)
INFO  [11:55:20.667] [mlr3] Running benchmark with 5 resampling iterations
INFO  [11:55:20.671] [mlr3] Applying learner 'classif.cv_glmnet' on task 'candi_gene' (iter 1/5)
INFO  [11:55:20.874] [mlr3] Applying learner 'classif.cv_glmnet' on task 'candi_gene' (iter 2/5)
INFO  [11:55:21.087] [mlr3] Applying learner 'classif.cv_glmnet' on task 'candi_gene' (iter 3/5)
INFO  [11:55:21.309] [mlr3] Applying learner 'classif.cv_glmnet' on task 'candi_gene' (iter 4/5)
INFO  [11:55:21.507] [mlr3] Applying learner 'classif.cv_glmnet' on task 'candi_gene' (iter 5/5)
INFO  [11:55:21.731] [mlr3] Finished benchmark
INFO  [11:55:21.755] [bbotk] Result of batch 5:
INFO  [11:55:21.757] [bbotk]  alpha classif.auc warnings errors runtime_learners
INFO  [11:55:21.757] [bbotk]   0.25   0.5508645        0      0            1.015
INFO  [11:55:21.757] [bbotk]                                 uhash
INFO  [11:55:21.757] [bbotk]  4bb2ac86-7e14-4317-8c57-0a77b18ee84c
INFO  [11:55:21.759] [bbotk] Evaluating 1 configuration(s)
INFO  [11:55:21.782] [mlr3] Running benchmark with 5 resampling iterations
INFO  [11:55:21.786] [mlr3] Applying learner 'classif.cv_glmnet' on task 'candi_gene' (iter 1/5)
INFO  [11:55:21.970] [mlr3] Applying learner 'classif.cv_glmnet' on task 'candi_gene' (iter 2/5)
INFO  [11:55:22.154] [mlr3] Applying learner 'classif.cv_glmnet' on task 'candi_gene' (iter 3/5)
INFO  [11:55:22.354] [mlr3] Applying learner 'classif.cv_glmnet' on task 'candi_gene' (iter 4/5)
INFO  [11:55:22.529] [mlr3] Applying learner 'classif.cv_glmnet' on task 'candi_gene' (iter 5/5)
INFO  [11:55:22.711] [mlr3] Finished benchmark
INFO  [11:55:22.736] [bbotk] Result of batch 6:
INFO  [11:55:22.738] [bbotk]  alpha classif.auc warnings errors runtime_learners
INFO  [11:55:22.738] [bbotk]   0.65    0.585947        0      0            0.882
INFO  [11:55:22.738] [bbotk]                                 uhash
INFO  [11:55:22.738] [bbotk]  084eceb2-7783-401f-8fc2-51d5483cd313
INFO  [11:55:22.739] [bbotk] Evaluating 1 configuration(s)
INFO  [11:55:22.762] [mlr3] Running benchmark with 5 resampling iterations
INFO  [11:55:22.767] [mlr3] Applying learner 'classif.cv_glmnet' on task 'candi_gene' (iter 1/5)
INFO  [11:55:23.162] [mlr3] Applying learner 'classif.cv_glmnet' on task 'candi_gene' (iter 2/5)
INFO  [11:55:23.592] [mlr3] Applying learner 'classif.cv_glmnet' on task 'candi_gene' (iter 3/5)
INFO  [11:55:23.991] [mlr3] Applying learner 'classif.cv_glmnet' on task 'candi_gene' (iter 4/5)
INFO  [11:55:24.431] [mlr3] Applying learner 'classif.cv_glmnet' on task 'candi_gene' (iter 5/5)
INFO  [11:55:24.851] [mlr3] Finished benchmark
INFO  [11:55:24.877] [bbotk] Result of batch 7:
INFO  [11:55:24.879] [bbotk]  alpha classif.auc warnings errors runtime_learners
INFO  [11:55:24.879] [bbotk]      0   0.6135838        0      0            2.042
INFO  [11:55:24.879] [bbotk]                                 uhash
INFO  [11:55:24.879] [bbotk]  6962d314-39f2-4a81-bb7c-fd5dc89fe012
INFO  [11:55:24.880] [bbotk] Evaluating 1 configuration(s)
INFO  [11:55:24.904] [mlr3] Running benchmark with 5 resampling iterations
INFO  [11:55:24.909] [mlr3] Applying learner 'classif.cv_glmnet' on task 'candi_gene' (iter 1/5)
INFO  [11:55:25.094] [mlr3] Applying learner 'classif.cv_glmnet' on task 'candi_gene' (iter 2/5)
INFO  [11:55:25.292] [mlr3] Applying learner 'classif.cv_glmnet' on task 'candi_gene' (iter 3/5)
INFO  [11:55:25.501] [mlr3] Applying learner 'classif.cv_glmnet' on task 'candi_gene' (iter 4/5)
INFO  [11:55:25.679] [mlr3] Applying learner 'classif.cv_glmnet' on task 'candi_gene' (iter 5/5)
INFO  [11:55:25.885] [mlr3] Finished benchmark
INFO  [11:55:25.911] [bbotk] Result of batch 8:
INFO  [11:55:25.913] [bbotk]  alpha classif.auc warnings errors runtime_learners
INFO  [11:55:25.913] [bbotk]   0.85   0.5472727        0      0             0.93
INFO  [11:55:25.913] [bbotk]                                 uhash
INFO  [11:55:25.913] [bbotk]  9bb815c1-1cfe-44d1-8a58-4ae3e26b4516
INFO  [11:55:25.914] [bbotk] Evaluating 1 configuration(s)
INFO  [11:55:25.938] [mlr3] Running benchmark with 5 resampling iterations
INFO  [11:55:25.943] [mlr3] Applying learner 'classif.cv_glmnet' on task 'candi_gene' (iter 1/5)
INFO  [11:55:26.128] [mlr3] Applying learner 'classif.cv_glmnet' on task 'candi_gene' (iter 2/5)
INFO  [11:55:26.338] [mlr3] Applying learner 'classif.cv_glmnet' on task 'candi_gene' (iter 3/5)
INFO  [11:55:26.551] [mlr3] Applying learner 'classif.cv_glmnet' on task 'candi_gene' (iter 4/5)
INFO  [11:55:26.738] [mlr3] Applying learner 'classif.cv_glmnet' on task 'candi_gene' (iter 5/5)
INFO  [11:55:26.935] [mlr3] Finished benchmark
INFO  [11:55:26.960] [bbotk] Result of batch 9:
INFO  [11:55:26.962] [bbotk]  alpha classif.auc warnings errors runtime_learners
INFO  [11:55:26.962] [bbotk]    0.5   0.5701136        0      0            0.947
INFO  [11:55:26.962] [bbotk]                                 uhash
INFO  [11:55:26.962] [bbotk]  b8cc3353-e80f-4f12-8d50-02516e9b94a7
INFO  [11:55:26.964] [bbotk] Evaluating 1 configuration(s)
INFO  [11:55:26.987] [mlr3] Running benchmark with 5 resampling iterations
INFO  [11:55:26.991] [mlr3] Applying learner 'classif.cv_glmnet' on task 'candi_gene' (iter 1/5)
INFO  [11:55:27.230] [mlr3] Applying learner 'classif.cv_glmnet' on task 'candi_gene' (iter 2/5)
INFO  [11:55:27.472] [mlr3] Applying learner 'classif.cv_glmnet' on task 'candi_gene' (iter 3/5)
INFO  [11:55:27.719] [mlr3] Applying learner 'classif.cv_glmnet' on task 'candi_gene' (iter 4/5)
INFO  [11:55:27.959] [mlr3] Applying learner 'classif.cv_glmnet' on task 'candi_gene' (iter 5/5)
INFO  [11:55:28.579] [mlr3] Finished benchmark
INFO  [11:55:28.605] [bbotk] Result of batch 10:
INFO  [11:55:28.607] [bbotk]  alpha classif.auc warnings errors runtime_learners
INFO  [11:55:28.607] [bbotk]    0.1   0.6669916        0      0            1.544
INFO  [11:55:28.607] [bbotk]                                 uhash
INFO  [11:55:28.607] [bbotk]  6f6cda38-8d46-456f-a8e6-e7108abf1aa6
INFO  [11:55:28.608] [bbotk] Evaluating 1 configuration(s)
INFO  [11:55:28.631] [mlr3] Running benchmark with 5 resampling iterations
INFO  [11:55:28.636] [mlr3] Applying learner 'classif.cv_glmnet' on task 'candi_gene' (iter 1/5)
INFO  [11:55:28.823] [mlr3] Applying learner 'classif.cv_glmnet' on task 'candi_gene' (iter 2/5)
INFO  [11:55:29.013] [mlr3] Applying learner 'classif.cv_glmnet' on task 'candi_gene' (iter 3/5)
INFO  [11:55:29.214] [mlr3] Applying learner 'classif.cv_glmnet' on task 'candi_gene' (iter 4/5)
INFO  [11:55:29.384] [mlr3] Applying learner 'classif.cv_glmnet' on task 'candi_gene' (iter 5/5)
INFO  [11:55:29.560] [mlr3] Finished benchmark
INFO  [11:55:29.585] [bbotk] Result of batch 11:
INFO  [11:55:29.587] [bbotk]  alpha classif.auc warnings errors runtime_learners
INFO  [11:55:29.587] [bbotk]    0.9   0.5097799        0      0            0.882
INFO  [11:55:29.587] [bbotk]                                 uhash
INFO  [11:55:29.587] [bbotk]  3e4b0a68-912d-4f64-a33f-2d72eb85e900
INFO  [11:55:29.588] [bbotk] Evaluating 1 configuration(s)
INFO  [11:55:29.611] [mlr3] Running benchmark with 5 resampling iterations
INFO  [11:55:29.615] [mlr3] Applying learner 'classif.cv_glmnet' on task 'candi_gene' (iter 1/5)
INFO  [11:55:29.793] [mlr3] Applying learner 'classif.cv_glmnet' on task 'candi_gene' (iter 2/5)
INFO  [11:55:29.979] [mlr3] Applying learner 'classif.cv_glmnet' on task 'candi_gene' (iter 3/5)
INFO  [11:55:30.176] [mlr3] Applying learner 'classif.cv_glmnet' on task 'candi_gene' (iter 4/5)
INFO  [11:55:30.342] [mlr3] Applying learner 'classif.cv_glmnet' on task 'candi_gene' (iter 5/5)
INFO  [11:55:30.529] [mlr3] Finished benchmark
INFO  [11:55:30.556] [bbotk] Result of batch 12:
INFO  [11:55:30.558] [bbotk]  alpha classif.auc warnings errors runtime_learners
INFO  [11:55:30.558] [bbotk]    0.8    0.512223        0      0            0.873
INFO  [11:55:30.558] [bbotk]                                 uhash
INFO  [11:55:30.558] [bbotk]  67d4299c-58b5-47a2-97a5-5becf32192e1
INFO  [11:55:30.559] [bbotk] Evaluating 1 configuration(s)
INFO  [11:55:30.583] [mlr3] Running benchmark with 5 resampling iterations
INFO  [11:55:30.588] [mlr3] Applying learner 'classif.cv_glmnet' on task 'candi_gene' (iter 1/5)
INFO  [11:55:30.784] [mlr3] Applying learner 'classif.cv_glmnet' on task 'candi_gene' (iter 2/5)
INFO  [11:55:30.987] [mlr3] Applying learner 'classif.cv_glmnet' on task 'candi_gene' (iter 3/5)
INFO  [11:55:31.197] [mlr3] Applying learner 'classif.cv_glmnet' on task 'candi_gene' (iter 4/5)
INFO  [11:55:31.386] [mlr3] Applying learner 'classif.cv_glmnet' on task 'candi_gene' (iter 5/5)
INFO  [11:55:31.596] [mlr3] Finished benchmark
INFO  [11:55:31.625] [bbotk] Result of batch 13:
INFO  [11:55:31.627] [bbotk]  alpha classif.auc warnings errors runtime_learners
INFO  [11:55:31.627] [bbotk]   0.45   0.5474401        0      0            0.963
INFO  [11:55:31.627] [bbotk]                                 uhash
INFO  [11:55:31.627] [bbotk]  6e041a4e-6372-45c5-ae4f-13b87ab15538
INFO  [11:55:31.628] [bbotk] Evaluating 1 configuration(s)
INFO  [11:55:31.653] [mlr3] Running benchmark with 5 resampling iterations
INFO  [11:55:31.658] [mlr3] Applying learner 'classif.cv_glmnet' on task 'candi_gene' (iter 1/5)
INFO  [11:55:31.893] [mlr3] Applying learner 'classif.cv_glmnet' on task 'candi_gene' (iter 2/5)
INFO  [11:55:32.131] [mlr3] Applying learner 'classif.cv_glmnet' on task 'candi_gene' (iter 3/5)
INFO  [11:55:32.387] [mlr3] Applying learner 'classif.cv_glmnet' on task 'candi_gene' (iter 4/5)
INFO  [11:55:32.613] [mlr3] Applying learner 'classif.cv_glmnet' on task 'candi_gene' (iter 5/5)
INFO  [11:55:32.860] [mlr3] Finished benchmark
INFO  [11:55:32.888] [bbotk] Result of batch 14:
INFO  [11:55:32.890] [bbotk]  alpha classif.auc warnings errors runtime_learners
INFO  [11:55:32.890] [bbotk]   0.15   0.6901409        0      0            1.155
INFO  [11:55:32.890] [bbotk]                                 uhash
INFO  [11:55:32.890] [bbotk]  2a120a4a-e500-483f-888c-beaee2e35fa1
INFO  [11:55:32.892] [bbotk] Evaluating 1 configuration(s)
INFO  [11:55:32.917] [mlr3] Running benchmark with 5 resampling iterations
INFO  [11:55:32.922] [mlr3] Applying learner 'classif.cv_glmnet' on task 'candi_gene' (iter 1/5)
INFO  [11:55:33.138] [mlr3] Applying learner 'classif.cv_glmnet' on task 'candi_gene' (iter 2/5)
INFO  [11:55:33.362] [mlr3] Applying learner 'classif.cv_glmnet' on task 'candi_gene' (iter 3/5)
INFO  [11:55:33.589] [mlr3] Applying learner 'classif.cv_glmnet' on task 'candi_gene' (iter 4/5)
INFO  [11:55:33.794] [mlr3] Applying learner 'classif.cv_glmnet' on task 'candi_gene' (iter 5/5)
INFO  [11:55:34.016] [mlr3] Finished benchmark
INFO  [11:55:34.042] [bbotk] Result of batch 15:
INFO  [11:55:34.044] [bbotk]  alpha classif.auc warnings errors runtime_learners
INFO  [11:55:34.044] [bbotk]    0.3   0.5816043        0      0            1.046
INFO  [11:55:34.044] [bbotk]                                 uhash
INFO  [11:55:34.044] [bbotk]  52ef705b-1a0e-4ba7-a272-3a5627034a47
INFO  [11:55:34.046] [bbotk] Evaluating 1 configuration(s)
INFO  [11:55:34.070] [mlr3] Running benchmark with 5 resampling iterations
INFO  [11:55:34.075] [mlr3] Applying learner 'classif.cv_glmnet' on task 'candi_gene' (iter 1/5)
INFO  [11:55:34.254] [mlr3] Applying learner 'classif.cv_glmnet' on task 'candi_gene' (iter 2/5)
INFO  [11:55:34.454] [mlr3] Applying learner 'classif.cv_glmnet' on task 'candi_gene' (iter 3/5)
INFO  [11:55:34.658] [mlr3] Applying learner 'classif.cv_glmnet' on task 'candi_gene' (iter 4/5)
INFO  [11:55:34.837] [mlr3] Applying learner 'classif.cv_glmnet' on task 'candi_gene' (iter 5/5)
INFO  [11:55:35.036] [mlr3] Finished benchmark
INFO  [11:55:35.064] [bbotk] Result of batch 16:
INFO  [11:55:35.066] [bbotk]  alpha classif.auc warnings errors runtime_learners
INFO  [11:55:35.066] [bbotk]   0.95   0.5385417        0      0            0.916
INFO  [11:55:35.066] [bbotk]                                 uhash
INFO  [11:55:35.066] [bbotk]  49b0b7ad-250e-464a-8396-2664f194972a
INFO  [11:55:35.067] [bbotk] Evaluating 1 configuration(s)
INFO  [11:55:35.092] [mlr3] Running benchmark with 5 resampling iterations
INFO  [11:55:35.097] [mlr3] Applying learner 'classif.cv_glmnet' on task 'candi_gene' (iter 1/5)
INFO  [11:55:35.291] [mlr3] Applying learner 'classif.cv_glmnet' on task 'candi_gene' (iter 2/5)
INFO  [11:55:35.496] [mlr3] Applying learner 'classif.cv_glmnet' on task 'candi_gene' (iter 3/5)
INFO  [11:55:35.710] [mlr3] Applying learner 'classif.cv_glmnet' on task 'candi_gene' (iter 4/5)
INFO  [11:55:35.896] [mlr3] Applying learner 'classif.cv_glmnet' on task 'candi_gene' (iter 5/5)
INFO  [11:55:36.098] [mlr3] Finished benchmark
INFO  [11:55:36.125] [bbotk] Result of batch 17:
INFO  [11:55:36.127] [bbotk]  alpha classif.auc warnings errors runtime_learners
INFO  [11:55:36.127] [bbotk]   0.55   0.5376476        0      0            0.956
INFO  [11:55:36.127] [bbotk]                                 uhash
INFO  [11:55:36.127] [bbotk]  19d3fd7b-76f9-4090-9eae-a3b800fd9a56
INFO  [11:55:36.129] [bbotk] Evaluating 1 configuration(s)
INFO  [11:55:36.153] [mlr3] Running benchmark with 5 resampling iterations
INFO  [11:55:36.158] [mlr3] Applying learner 'classif.cv_glmnet' on task 'candi_gene' (iter 1/5)
INFO  [11:55:36.363] [mlr3] Applying learner 'classif.cv_glmnet' on task 'candi_gene' (iter 2/5)
INFO  [11:55:36.551] [mlr3] Applying learner 'classif.cv_glmnet' on task 'candi_gene' (iter 3/5)
INFO  [11:55:36.758] [mlr3] Applying learner 'classif.cv_glmnet' on task 'candi_gene' (iter 4/5)
INFO  [11:55:36.928] [mlr3] Applying learner 'classif.cv_glmnet' on task 'candi_gene' (iter 5/5)
INFO  [11:55:37.130] [mlr3] Finished benchmark
INFO  [11:55:37.158] [bbotk] Result of batch 18:
INFO  [11:55:37.160] [bbotk]  alpha classif.auc warnings errors runtime_learners
INFO  [11:55:37.160] [bbotk]   0.75   0.5589394        0      0            0.924
INFO  [11:55:37.160] [bbotk]                                 uhash
INFO  [11:55:37.160] [bbotk]  3a4573dd-f9e4-45e6-b1c8-334b518a6eb4
INFO  [11:55:37.161] [bbotk] Evaluating 1 configuration(s)
INFO  [11:55:37.186] [mlr3] Running benchmark with 5 resampling iterations
INFO  [11:55:37.191] [mlr3] Applying learner 'classif.cv_glmnet' on task 'candi_gene' (iter 1/5)
INFO  [11:55:37.417] [mlr3] Applying learner 'classif.cv_glmnet' on task 'candi_gene' (iter 2/5)
INFO  [11:55:37.652] [mlr3] Applying learner 'classif.cv_glmnet' on task 'candi_gene' (iter 3/5)
INFO  [11:55:37.892] [mlr3] Applying learner 'classif.cv_glmnet' on task 'candi_gene' (iter 4/5)
INFO  [11:55:38.115] [mlr3] Applying learner 'classif.cv_glmnet' on task 'candi_gene' (iter 5/5)
INFO  [11:55:38.356] [mlr3] Finished benchmark
INFO  [11:55:38.382] [bbotk] Result of batch 19:
INFO  [11:55:38.384] [bbotk]  alpha classif.auc warnings errors runtime_learners
INFO  [11:55:38.384] [bbotk]    0.2   0.5354968        0      0            1.119
INFO  [11:55:38.384] [bbotk]                                 uhash
INFO  [11:55:38.384] [bbotk]  ced55369-3932-475a-b369-156386b1fe9d
INFO  [11:55:38.386] [bbotk] Evaluating 1 configuration(s)
INFO  [11:55:38.410] [mlr3] Running benchmark with 5 resampling iterations
INFO  [11:55:38.415] [mlr3] Applying learner 'classif.cv_glmnet' on task 'candi_gene' (iter 1/5)
INFO  [11:55:38.595] [mlr3] Applying learner 'classif.cv_glmnet' on task 'candi_gene' (iter 2/5)
INFO  [11:55:38.791] [mlr3] Applying learner 'classif.cv_glmnet' on task 'candi_gene' (iter 3/5)
INFO  [11:55:38.993] [mlr3] Applying learner 'classif.cv_glmnet' on task 'candi_gene' (iter 4/5)
INFO  [11:55:39.171] [mlr3] Applying learner 'classif.cv_glmnet' on task 'candi_gene' (iter 5/5)
INFO  [11:55:39.366] [mlr3] Finished benchmark
INFO  [11:55:39.392] [bbotk] Result of batch 20:
INFO  [11:55:39.394] [bbotk]  alpha classif.auc warnings errors runtime_learners
INFO  [11:55:39.394] [bbotk]    0.6   0.5514655        0      0            0.906
INFO  [11:55:39.394] [bbotk]                                 uhash
INFO  [11:55:39.394] [bbotk]  1c6c8792-a8cc-46ca-85b2-8dd98b7dca14
INFO  [11:55:39.395] [bbotk] Evaluating 1 configuration(s)
INFO  [11:55:39.418] [mlr3] Running benchmark with 5 resampling iterations
INFO  [11:55:39.423] [mlr3] Applying learner 'classif.cv_glmnet' on task 'candi_gene' (iter 1/5)
INFO  [11:55:39.593] [mlr3] Applying learner 'classif.cv_glmnet' on task 'candi_gene' (iter 2/5)
INFO  [11:55:39.786] [mlr3] Applying learner 'classif.cv_glmnet' on task 'candi_gene' (iter 3/5)
INFO  [11:55:40.001] [mlr3] Applying learner 'classif.cv_glmnet' on task 'candi_gene' (iter 4/5)
INFO  [11:55:40.186] [mlr3] Applying learner 'classif.cv_glmnet' on task 'candi_gene' (iter 5/5)
INFO  [11:55:40.377] [mlr3] Finished benchmark
INFO  [11:55:40.402] [bbotk] Result of batch 21:
INFO  [11:55:40.404] [bbotk]  alpha classif.auc warnings errors runtime_learners
INFO  [11:55:40.404] [bbotk]      1   0.5130114        0      0            0.912
INFO  [11:55:40.404] [bbotk]                                 uhash
INFO  [11:55:40.404] [bbotk]  511c2659-7d35-465a-910d-767f484a8dd5
INFO  [11:55:40.408] [bbotk] Finished optimizing after 21 evaluation(s)
INFO  [11:55:40.409] [bbotk] Result:
INFO  [11:55:40.411] [bbotk]   alpha learner_param_vals x_domain classif.auc
INFO  [11:55:40.411] [bbotk]  <char>             <list>   <list>       <num>
INFO  [11:55:40.411] [bbotk]    0.15       c(7.8947....     0.15   0.6901409
