Conda environment: *
R version 4.3.1 (2023-06-16)
Platform: x86_64-conda-linux-gnu (64-bit)
Running under: Red Hat Enterprise Linux 8.3 (Ootpa)

Matrix products: default
BLAS/LAPACK: /ess/home/home1/beiw/miniconda3/envs/5hmc_os_env/lib/libopenblasp-r0.3.27.so;  LAPACK version 3.12.0

locale:
[1] C

time zone: America/Chicago
tzcode source: system (glibc)

attached base packages:
[1] stats4    stats     graphics  grDevices utils     datasets  methods  
[8] base     

other attached packages:
 [1] conflicted_1.2.0            DESeq2_1.40.2              
 [3] SummarizedExperiment_1.30.2 Biobase_2.60.0             
 [5] MatrixGenerics_1.12.2       matrixStats_1.2.0          
 [7] GenomicRanges_1.52.0        GenomeInfoDb_1.36.1        
 [9] IRanges_2.34.1              S4Vectors_0.38.1           
[11] BiocGenerics_0.46.0         glmnet_4.1-8               
[13] Matrix_1.6-5                mlr3learners_0.5.8         
[15] mlr3tuning_0.19.0           paradox_0.11.1             
[17] mlr3_0.19.0                 lubridate_1.9.3            
[19] forcats_1.0.0               stringr_1.5.1              
[21] purrr_1.0.2                 readr_2.1.5                
[23] tidyr_1.3.1                 tibble_3.2.1               
[25] ggplot2_3.4.4               tidyverse_2.0.0            
[27] dplyr_1.1.4                

loaded via a namespace (and not attached):
 [1] gtable_0.3.4            shape_1.4.6             lattice_0.21-9         
 [4] tzdb_0.4.0              bitops_1.0-7            vctrs_0.6.4            
 [7] tools_4.3.1             generics_0.1.3          parallel_4.3.1         
[10] fansi_1.0.5             pkgconfig_2.0.3         data.table_1.15.2      
[13] checkmate_2.3.1         uuid_1.1-1              GenomeInfoDbData_1.2.11
[16] lifecycle_1.0.3         compiler_4.3.1          munsell_0.5.0          
[19] RhpcBLASctl_0.23-42     codetools_0.2-20        bbotk_0.7.2            
[22] RCurl_1.98-1.12         pillar_1.9.0            crayon_1.5.2           
[25] BiocParallel_1.34.2     cachem_1.0.8            DelayedArray_0.26.6    
[28] iterators_1.0.14        foreach_1.5.2           parallelly_1.37.1      
[31] locfit_1.5-9.8          tidyselect_1.2.0        digest_0.6.35          
[34] stringi_1.7.12          future_1.33.2           listenv_0.9.1          
[37] splines_4.3.1           fastmap_1.1.1           grid_4.3.1             
[40] colorspace_2.1-0        cli_3.6.1               magrittr_2.0.3         
[43] S4Arrays_1.0.4          survival_3.5-7          utf8_1.2.4             
[46] withr_2.5.1             scales_1.2.1            backports_1.4.1        
[49] timechange_0.2.0        XVector_0.40.0          globals_0.16.3         
[52] hms_1.1.3               memoise_2.0.1           mlr3misc_0.15.0        
[55] rlang_1.1.1             Rcpp_1.0.11             glue_1.6.2             
[58] palmerpenguins_0.1.1    lgr_0.4.4               R6_2.5.1               
[61] zlibbioc_1.46.0        
INFO  [11:55:56.792] [bbotk] Starting to optimize 1 parameter(s) with '<TunerGridSearch>' and '<TerminatorNone>'
INFO  [11:55:56.816] [bbotk] Evaluating 1 configuration(s)
INFO  [11:55:56.847] [mlr3] Running benchmark with 5 resampling iterations
INFO  [11:55:56.880] [mlr3] Applying learner 'classif.cv_glmnet' on task 'candi_gene' (iter 1/5)
INFO  [11:55:57.495] [mlr3] Applying learner 'classif.cv_glmnet' on task 'candi_gene' (iter 2/5)
INFO  [11:55:57.698] [mlr3] Applying learner 'classif.cv_glmnet' on task 'candi_gene' (iter 3/5)
INFO  [11:55:57.896] [mlr3] Applying learner 'classif.cv_glmnet' on task 'candi_gene' (iter 4/5)
INFO  [11:55:58.086] [mlr3] Applying learner 'classif.cv_glmnet' on task 'candi_gene' (iter 5/5)
INFO  [11:55:58.279] [mlr3] Finished benchmark
INFO  [11:55:58.310] [bbotk] Result of batch 1:
INFO  [11:55:58.314] [bbotk]  alpha classif.auc warnings errors runtime_learners
INFO  [11:55:58.314] [bbotk]   0.35   0.6280087        0      0            1.354
INFO  [11:55:58.314] [bbotk]                                 uhash
INFO  [11:55:58.314] [bbotk]  cad8938f-4ee5-42cd-93ca-d22cfc91ceab
INFO  [11:55:58.316] [bbotk] Evaluating 1 configuration(s)
INFO  [11:55:58.338] [mlr3] Running benchmark with 5 resampling iterations
INFO  [11:55:58.342] [mlr3] Applying learner 'classif.cv_glmnet' on task 'candi_gene' (iter 1/5)
INFO  [11:55:58.530] [mlr3] Applying learner 'classif.cv_glmnet' on task 'candi_gene' (iter 2/5)
INFO  [11:55:58.716] [mlr3] Applying learner 'classif.cv_glmnet' on task 'candi_gene' (iter 3/5)
INFO  [11:55:58.895] [mlr3] Applying learner 'classif.cv_glmnet' on task 'candi_gene' (iter 4/5)
INFO  [11:55:59.066] [mlr3] Applying learner 'classif.cv_glmnet' on task 'candi_gene' (iter 5/5)
INFO  [11:55:59.240] [mlr3] Finished benchmark
INFO  [11:55:59.264] [bbotk] Result of batch 2:
INFO  [11:55:59.266] [bbotk]  alpha classif.auc warnings errors runtime_learners
INFO  [11:55:59.266] [bbotk]   0.85    0.535035        0      0            0.855
INFO  [11:55:59.266] [bbotk]                                 uhash
INFO  [11:55:59.266] [bbotk]  2685a7ab-e506-48a7-bd85-0d79cc437211
INFO  [11:55:59.268] [bbotk] Evaluating 1 configuration(s)
INFO  [11:55:59.290] [mlr3] Running benchmark with 5 resampling iterations
INFO  [11:55:59.294] [mlr3] Applying learner 'classif.cv_glmnet' on task 'candi_gene' (iter 1/5)
INFO  [11:55:59.515] [mlr3] Applying learner 'classif.cv_glmnet' on task 'candi_gene' (iter 2/5)
INFO  [11:55:59.736] [mlr3] Applying learner 'classif.cv_glmnet' on task 'candi_gene' (iter 3/5)
INFO  [11:56:00.300] [mlr3] Applying learner 'classif.cv_glmnet' on task 'candi_gene' (iter 4/5)
INFO  [11:56:00.505] [mlr3] Applying learner 'classif.cv_glmnet' on task 'candi_gene' (iter 5/5)
INFO  [11:56:00.715] [mlr3] Finished benchmark
INFO  [11:56:00.740] [bbotk] Result of batch 3:
INFO  [11:56:00.742] [bbotk]  alpha classif.auc warnings errors runtime_learners
INFO  [11:56:00.742] [bbotk]    0.2   0.6028078        0      0             1.38
INFO  [11:56:00.742] [bbotk]                                 uhash
INFO  [11:56:00.742] [bbotk]  f7baad1b-aaf5-425c-912b-feb6a69fb134
INFO  [11:56:00.743] [bbotk] Evaluating 1 configuration(s)
INFO  [11:56:00.768] [mlr3] Running benchmark with 5 resampling iterations
INFO  [11:56:00.772] [mlr3] Applying learner 'classif.cv_glmnet' on task 'candi_gene' (iter 1/5)
INFO  [11:56:00.957] [mlr3] Applying learner 'classif.cv_glmnet' on task 'candi_gene' (iter 2/5)
INFO  [11:56:01.145] [mlr3] Applying learner 'classif.cv_glmnet' on task 'candi_gene' (iter 3/5)
INFO  [11:56:01.318] [mlr3] Applying learner 'classif.cv_glmnet' on task 'candi_gene' (iter 4/5)
INFO  [11:56:01.495] [mlr3] Applying learner 'classif.cv_glmnet' on task 'candi_gene' (iter 5/5)
INFO  [11:56:01.678] [mlr3] Finished benchmark
INFO  [11:56:01.702] [bbotk] Result of batch 4:
INFO  [11:56:01.704] [bbotk]  alpha classif.auc warnings errors runtime_learners
INFO  [11:56:01.704] [bbotk]   0.65    0.554682        0      0            0.865
INFO  [11:56:01.704] [bbotk]                                 uhash
INFO  [11:56:01.704] [bbotk]  a06d7d11-3564-4946-83f2-6121efaec7a8
INFO  [11:56:01.705] [bbotk] Evaluating 1 configuration(s)
INFO  [11:56:01.727] [mlr3] Running benchmark with 5 resampling iterations
INFO  [11:56:01.731] [mlr3] Applying learner 'classif.cv_glmnet' on task 'candi_gene' (iter 1/5)
INFO  [11:56:01.926] [mlr3] Applying learner 'classif.cv_glmnet' on task 'candi_gene' (iter 2/5)
INFO  [11:56:02.120] [mlr3] Applying learner 'classif.cv_glmnet' on task 'candi_gene' (iter 3/5)
INFO  [11:56:02.307] [mlr3] Applying learner 'classif.cv_glmnet' on task 'candi_gene' (iter 4/5)
INFO  [11:56:02.492] [mlr3] Applying learner 'classif.cv_glmnet' on task 'candi_gene' (iter 5/5)
INFO  [11:56:02.680] [mlr3] Finished benchmark
INFO  [11:56:02.704] [bbotk] Result of batch 5:
INFO  [11:56:02.706] [bbotk]  alpha classif.auc warnings errors runtime_learners
INFO  [11:56:02.706] [bbotk]    0.4   0.5324575        0      0            0.904
INFO  [11:56:02.706] [bbotk]                                 uhash
INFO  [11:56:02.706] [bbotk]  35f48d7a-5450-418c-80ec-5ef77674bf29
INFO  [11:56:02.707] [bbotk] Evaluating 1 configuration(s)
INFO  [11:56:02.729] [mlr3] Running benchmark with 5 resampling iterations
INFO  [11:56:02.733] [mlr3] Applying learner 'classif.cv_glmnet' on task 'candi_gene' (iter 1/5)
INFO  [11:56:02.919] [mlr3] Applying learner 'classif.cv_glmnet' on task 'candi_gene' (iter 2/5)
INFO  [11:56:03.106] [mlr3] Applying learner 'classif.cv_glmnet' on task 'candi_gene' (iter 3/5)
INFO  [11:56:03.291] [mlr3] Applying learner 'classif.cv_glmnet' on task 'candi_gene' (iter 4/5)
INFO  [11:56:03.470] [mlr3] Applying learner 'classif.cv_glmnet' on task 'candi_gene' (iter 5/5)
INFO  [11:56:03.658] [mlr3] Finished benchmark
INFO  [11:56:03.682] [bbotk] Result of batch 6:
INFO  [11:56:03.684] [bbotk]  alpha classif.auc warnings errors runtime_learners
INFO  [11:56:03.684] [bbotk]   0.55    0.521705        0      0            0.886
INFO  [11:56:03.684] [bbotk]                                 uhash
INFO  [11:56:03.684] [bbotk]  5636844c-ad5b-4fcd-9248-8cad23bd33bf
INFO  [11:56:03.685] [bbotk] Evaluating 1 configuration(s)
INFO  [11:56:03.708] [mlr3] Running benchmark with 5 resampling iterations
INFO  [11:56:03.712] [mlr3] Applying learner 'classif.cv_glmnet' on task 'candi_gene' (iter 1/5)
INFO  [11:56:03.892] [mlr3] Applying learner 'classif.cv_glmnet' on task 'candi_gene' (iter 2/5)
INFO  [11:56:04.072] [mlr3] Applying learner 'classif.cv_glmnet' on task 'candi_gene' (iter 3/5)
INFO  [11:56:04.247] [mlr3] Applying learner 'classif.cv_glmnet' on task 'candi_gene' (iter 4/5)
INFO  [11:56:04.420] [mlr3] Applying learner 'classif.cv_glmnet' on task 'candi_gene' (iter 5/5)
INFO  [11:56:04.586] [mlr3] Finished benchmark
INFO  [11:56:04.610] [bbotk] Result of batch 7:
INFO  [11:56:04.612] [bbotk]  alpha classif.auc warnings errors runtime_learners
INFO  [11:56:04.612] [bbotk]    0.8   0.5161772        0      0            0.827
INFO  [11:56:04.612] [bbotk]                                 uhash
INFO  [11:56:04.612] [bbotk]  e8c73e49-e4e7-4d7c-9576-50ae2b166dc0
INFO  [11:56:04.613] [bbotk] Evaluating 1 configuration(s)
INFO  [11:56:04.635] [mlr3] Running benchmark with 5 resampling iterations
INFO  [11:56:04.639] [mlr3] Applying learner 'classif.cv_glmnet' on task 'candi_gene' (iter 1/5)
INFO  [11:56:04.824] [mlr3] Applying learner 'classif.cv_glmnet' on task 'candi_gene' (iter 2/5)
INFO  [11:56:05.012] [mlr3] Applying learner 'classif.cv_glmnet' on task 'candi_gene' (iter 3/5)
INFO  [11:56:05.187] [mlr3] Applying learner 'classif.cv_glmnet' on task 'candi_gene' (iter 4/5)
INFO  [11:56:05.363] [mlr3] Applying learner 'classif.cv_glmnet' on task 'candi_gene' (iter 5/5)
INFO  [11:56:05.544] [mlr3] Finished benchmark
INFO  [11:56:05.568] [bbotk] Result of batch 8:
INFO  [11:56:05.570] [bbotk]  alpha classif.auc warnings errors runtime_learners
INFO  [11:56:05.570] [bbotk]    0.7   0.4871795        0      0            0.863
INFO  [11:56:05.570] [bbotk]                                 uhash
INFO  [11:56:05.570] [bbotk]  e6283efe-380c-4a3e-883f-3b009d336fb0
INFO  [11:56:05.571] [bbotk] Evaluating 1 configuration(s)
INFO  [11:56:05.593] [mlr3] Running benchmark with 5 resampling iterations
INFO  [11:56:05.598] [mlr3] Applying learner 'classif.cv_glmnet' on task 'candi_gene' (iter 1/5)
INFO  [11:56:05.782] [mlr3] Applying learner 'classif.cv_glmnet' on task 'candi_gene' (iter 2/5)
INFO  [11:56:05.964] [mlr3] Applying learner 'classif.cv_glmnet' on task 'candi_gene' (iter 3/5)
INFO  [11:56:06.144] [mlr3] Applying learner 'classif.cv_glmnet' on task 'candi_gene' (iter 4/5)
INFO  [11:56:06.319] [mlr3] Applying learner 'classif.cv_glmnet' on task 'candi_gene' (iter 5/5)
INFO  [11:56:06.493] [mlr3] Finished benchmark
INFO  [11:56:06.518] [bbotk] Result of batch 9:
INFO  [11:56:06.520] [bbotk]  alpha classif.auc warnings errors runtime_learners
INFO  [11:56:06.520] [bbotk]    0.9   0.5564902        0      0            0.855
INFO  [11:56:06.520] [bbotk]                                 uhash
INFO  [11:56:06.520] [bbotk]  8130eb7e-0a72-4b1c-bb54-6bb2db7912eb
INFO  [11:56:06.521] [bbotk] Evaluating 1 configuration(s)
INFO  [11:56:06.543] [mlr3] Running benchmark with 5 resampling iterations
INFO  [11:56:06.548] [mlr3] Applying learner 'classif.cv_glmnet' on task 'candi_gene' (iter 1/5)
INFO  [11:56:06.756] [mlr3] Applying learner 'classif.cv_glmnet' on task 'candi_gene' (iter 2/5)
INFO  [11:56:06.964] [mlr3] Applying learner 'classif.cv_glmnet' on task 'candi_gene' (iter 3/5)
INFO  [11:56:07.173] [mlr3] Applying learner 'classif.cv_glmnet' on task 'candi_gene' (iter 4/5)
INFO  [11:56:07.380] [mlr3] Applying learner 'classif.cv_glmnet' on task 'candi_gene' (iter 5/5)
INFO  [11:56:07.583] [mlr3] Finished benchmark
INFO  [11:56:07.607] [bbotk] Result of batch 10:
INFO  [11:56:07.609] [bbotk]  alpha classif.auc warnings errors runtime_learners
INFO  [11:56:07.609] [bbotk]   0.25   0.5205261        0      0            0.992
INFO  [11:56:07.609] [bbotk]                                 uhash
INFO  [11:56:07.609] [bbotk]  c316aa40-f853-4a93-a6b2-b61de8c19716
INFO  [11:56:07.611] [bbotk] Evaluating 1 configuration(s)
INFO  [11:56:07.633] [mlr3] Running benchmark with 5 resampling iterations
INFO  [11:56:07.637] [mlr3] Applying learner 'classif.cv_glmnet' on task 'candi_gene' (iter 1/5)
INFO  [11:56:07.821] [mlr3] Applying learner 'classif.cv_glmnet' on task 'candi_gene' (iter 2/5)
INFO  [11:56:08.018] [mlr3] Applying learner 'classif.cv_glmnet' on task 'candi_gene' (iter 3/5)
INFO  [11:56:08.200] [mlr3] Applying learner 'classif.cv_glmnet' on task 'candi_gene' (iter 4/5)
INFO  [11:56:08.370] [mlr3] Applying learner 'classif.cv_glmnet' on task 'candi_gene' (iter 5/5)
INFO  [11:56:08.551] [mlr3] Finished benchmark
INFO  [11:56:08.575] [bbotk] Result of batch 11:
INFO  [11:56:08.577] [bbotk]  alpha classif.auc warnings errors runtime_learners
INFO  [11:56:08.577] [bbotk]   0.75   0.4992674        0      0            0.873
INFO  [11:56:08.577] [bbotk]                                 uhash
INFO  [11:56:08.577] [bbotk]  4094aa56-d2b5-4280-99fd-073ef676faab
INFO  [11:56:08.578] [bbotk] Evaluating 1 configuration(s)
INFO  [11:56:08.601] [mlr3] Running benchmark with 5 resampling iterations
INFO  [11:56:08.605] [mlr3] Applying learner 'classif.cv_glmnet' on task 'candi_gene' (iter 1/5)
INFO  [11:56:08.811] [mlr3] Applying learner 'classif.cv_glmnet' on task 'candi_gene' (iter 2/5)
INFO  [11:56:09.019] [mlr3] Applying learner 'classif.cv_glmnet' on task 'candi_gene' (iter 3/5)
INFO  [11:56:09.211] [mlr3] Applying learner 'classif.cv_glmnet' on task 'candi_gene' (iter 4/5)
INFO  [11:56:09.407] [mlr3] Applying learner 'classif.cv_glmnet' on task 'candi_gene' (iter 5/5)
INFO  [11:56:09.612] [mlr3] Finished benchmark
INFO  [11:56:09.636] [bbotk] Result of batch 12:
INFO  [11:56:09.638] [bbotk]  alpha classif.auc warnings errors runtime_learners
INFO  [11:56:09.638] [bbotk]    0.3    0.632335        0      0            0.964
INFO  [11:56:09.638] [bbotk]                                 uhash
INFO  [11:56:09.638] [bbotk]  aa69a5c7-5763-4bc1-8ca3-406b043aee43
INFO  [11:56:09.639] [bbotk] Evaluating 1 configuration(s)
INFO  [11:56:09.661] [mlr3] Running benchmark with 5 resampling iterations
INFO  [11:56:09.666] [mlr3] Applying learner 'classif.cv_glmnet' on task 'candi_gene' (iter 1/5)
INFO  [11:56:09.857] [mlr3] Applying learner 'classif.cv_glmnet' on task 'candi_gene' (iter 2/5)
INFO  [11:56:10.053] [mlr3] Applying learner 'classif.cv_glmnet' on task 'candi_gene' (iter 3/5)
INFO  [11:56:10.242] [mlr3] Applying learner 'classif.cv_glmnet' on task 'candi_gene' (iter 4/5)
INFO  [11:56:10.426] [mlr3] Applying learner 'classif.cv_glmnet' on task 'candi_gene' (iter 5/5)
INFO  [11:56:10.604] [mlr3] Finished benchmark
INFO  [11:56:10.629] [bbotk] Result of batch 13:
INFO  [11:56:10.631] [bbotk]  alpha classif.auc warnings errors runtime_learners
INFO  [11:56:10.631] [bbotk]    0.5   0.5100366        0      0            0.898
INFO  [11:56:10.631] [bbotk]                                 uhash
INFO  [11:56:10.631] [bbotk]  5f1716f8-4c1c-4331-abfb-107229eb2187
INFO  [11:56:10.632] [bbotk] Evaluating 1 configuration(s)
INFO  [11:56:10.654] [mlr3] Running benchmark with 5 resampling iterations
INFO  [11:56:10.659] [mlr3] Applying learner 'classif.cv_glmnet' on task 'candi_gene' (iter 1/5)
INFO  [11:56:10.855] [mlr3] Applying learner 'classif.cv_glmnet' on task 'candi_gene' (iter 2/5)
INFO  [11:56:11.052] [mlr3] Applying learner 'classif.cv_glmnet' on task 'candi_gene' (iter 3/5)
INFO  [11:56:11.247] [mlr3] Applying learner 'classif.cv_glmnet' on task 'candi_gene' (iter 4/5)
INFO  [11:56:11.434] [mlr3] Applying learner 'classif.cv_glmnet' on task 'candi_gene' (iter 5/5)
INFO  [11:56:11.623] [mlr3] Finished benchmark
INFO  [11:56:11.648] [bbotk] Result of batch 14:
INFO  [11:56:11.650] [bbotk]  alpha classif.auc warnings errors runtime_learners
INFO  [11:56:11.650] [bbotk]   0.45   0.4828205        0      0            0.922
INFO  [11:56:11.650] [bbotk]                                 uhash
INFO  [11:56:11.650] [bbotk]  7ccbe783-381f-430c-8a6f-8f83cc6c89f6
INFO  [11:56:11.651] [bbotk] Evaluating 1 configuration(s)
INFO  [11:56:11.673] [mlr3] Running benchmark with 5 resampling iterations
INFO  [11:56:11.678] [mlr3] Applying learner 'classif.cv_glmnet' on task 'candi_gene' (iter 1/5)
INFO  [11:56:12.072] [mlr3] Applying learner 'classif.cv_glmnet' on task 'candi_gene' (iter 2/5)
INFO  [11:56:12.452] [mlr3] Applying learner 'classif.cv_glmnet' on task 'candi_gene' (iter 3/5)
INFO  [11:56:12.867] [mlr3] Applying learner 'classif.cv_glmnet' on task 'candi_gene' (iter 4/5)
INFO  [11:56:13.299] [mlr3] Applying learner 'classif.cv_glmnet' on task 'candi_gene' (iter 5/5)
INFO  [11:56:13.727] [mlr3] Finished benchmark
INFO  [11:56:13.751] [bbotk] Result of batch 15:
INFO  [11:56:13.753] [bbotk]  alpha classif.auc warnings errors runtime_learners
INFO  [11:56:13.753] [bbotk]      0   0.6572694        0      0            2.005
INFO  [11:56:13.753] [bbotk]                                 uhash
INFO  [11:56:13.753] [bbotk]  08537e5b-58e2-4d73-b0c2-3a80ce4bff68
INFO  [11:56:13.754] [bbotk] Evaluating 1 configuration(s)
INFO  [11:56:13.777] [mlr3] Running benchmark with 5 resampling iterations
INFO  [11:56:13.781] [mlr3] Applying learner 'classif.cv_glmnet' on task 'candi_gene' (iter 1/5)
INFO  [11:56:14.373] [mlr3] Applying learner 'classif.cv_glmnet' on task 'candi_gene' (iter 2/5)
INFO  [11:56:14.611] [mlr3] Applying learner 'classif.cv_glmnet' on task 'candi_gene' (iter 3/5)
INFO  [11:56:14.846] [mlr3] Applying learner 'classif.cv_glmnet' on task 'candi_gene' (iter 4/5)
INFO  [11:56:15.074] [mlr3] Applying learner 'classif.cv_glmnet' on task 'candi_gene' (iter 5/5)
INFO  [11:56:15.302] [mlr3] Finished benchmark
INFO  [11:56:15.326] [bbotk] Result of batch 16:
INFO  [11:56:15.328] [bbotk]  alpha classif.auc warnings errors runtime_learners
INFO  [11:56:15.328] [bbotk]    0.1    0.645368        0      0            1.478
INFO  [11:56:15.328] [bbotk]                                 uhash
INFO  [11:56:15.328] [bbotk]  4b908b6a-3246-4b92-a662-9da4627998e6
INFO  [11:56:15.329] [bbotk] Evaluating 1 configuration(s)
INFO  [11:56:15.351] [mlr3] Running benchmark with 5 resampling iterations
INFO  [11:56:15.356] [mlr3] Applying learner 'classif.cv_glmnet' on task 'candi_gene' (iter 1/5)
INFO  [11:56:15.541] [mlr3] Applying learner 'classif.cv_glmnet' on task 'candi_gene' (iter 2/5)
INFO  [11:56:15.728] [mlr3] Applying learner 'classif.cv_glmnet' on task 'candi_gene' (iter 3/5)
INFO  [11:56:15.909] [mlr3] Applying learner 'classif.cv_glmnet' on task 'candi_gene' (iter 4/5)
INFO  [11:56:16.086] [mlr3] Applying learner 'classif.cv_glmnet' on task 'candi_gene' (iter 5/5)
INFO  [11:56:16.264] [mlr3] Finished benchmark
INFO  [11:56:16.288] [bbotk] Result of batch 17:
INFO  [11:56:16.290] [bbotk]  alpha classif.auc warnings errors runtime_learners
INFO  [11:56:16.290] [bbotk]    0.6   0.5139394        0      0            0.868
INFO  [11:56:16.290] [bbotk]                                 uhash
INFO  [11:56:16.290] [bbotk]  7c900a23-d98f-4e88-9ac5-ec7f71c170a2
INFO  [11:56:16.291] [bbotk] Evaluating 1 configuration(s)
INFO  [11:56:16.313] [mlr3] Running benchmark with 5 resampling iterations
INFO  [11:56:16.318] [mlr3] Applying learner 'classif.cv_glmnet' on task 'candi_gene' (iter 1/5)
INFO  [11:56:16.539] [mlr3] Applying learner 'classif.cv_glmnet' on task 'candi_gene' (iter 2/5)
INFO  [11:56:16.769] [mlr3] Applying learner 'classif.cv_glmnet' on task 'candi_gene' (iter 3/5)
INFO  [11:56:16.990] [mlr3] Applying learner 'classif.cv_glmnet' on task 'candi_gene' (iter 4/5)
INFO  [11:56:17.214] [mlr3] Applying learner 'classif.cv_glmnet' on task 'candi_gene' (iter 5/5)
INFO  [11:56:17.428] [mlr3] Finished benchmark
INFO  [11:56:17.452] [bbotk] Result of batch 18:
INFO  [11:56:17.454] [bbotk]  alpha classif.auc warnings errors runtime_learners
INFO  [11:56:17.454] [bbotk]   0.15   0.6003996        0      0             1.07
INFO  [11:56:17.454] [bbotk]                                 uhash
INFO  [11:56:17.454] [bbotk]  943ac49b-bfdd-4d6e-ba83-debd5e46b44b
INFO  [11:56:17.455] [bbotk] Evaluating 1 configuration(s)
INFO  [11:56:17.482] [mlr3] Running benchmark with 5 resampling iterations
INFO  [11:56:17.488] [mlr3] Applying learner 'classif.cv_glmnet' on task 'candi_gene' (iter 1/5)
INFO  [11:56:17.668] [mlr3] Applying learner 'classif.cv_glmnet' on task 'candi_gene' (iter 2/5)
INFO  [11:56:17.863] [mlr3] Applying learner 'classif.cv_glmnet' on task 'candi_gene' (iter 3/5)
INFO  [11:56:18.037] [mlr3] Applying learner 'classif.cv_glmnet' on task 'candi_gene' (iter 4/5)
INFO  [11:56:18.214] [mlr3] Applying learner 'classif.cv_glmnet' on task 'candi_gene' (iter 5/5)
INFO  [11:56:18.388] [mlr3] Finished benchmark
INFO  [11:56:18.412] [bbotk] Result of batch 19:
INFO  [11:56:18.414] [bbotk]  alpha classif.auc warnings errors runtime_learners
INFO  [11:56:18.414] [bbotk]      1   0.4794872        0      0            0.861
INFO  [11:56:18.414] [bbotk]                                 uhash
INFO  [11:56:18.414] [bbotk]  aafa45b7-e572-4294-9df1-bb3df846dbed
INFO  [11:56:18.415] [bbotk] Evaluating 1 configuration(s)
INFO  [11:56:18.437] [mlr3] Running benchmark with 5 resampling iterations
INFO  [11:56:18.442] [mlr3] Applying learner 'classif.cv_glmnet' on task 'candi_gene' (iter 1/5)
INFO  [11:56:18.707] [mlr3] Applying learner 'classif.cv_glmnet' on task 'candi_gene' (iter 2/5)
INFO  [11:56:18.970] [mlr3] Applying learner 'classif.cv_glmnet' on task 'candi_gene' (iter 3/5)
INFO  [11:56:19.231] [mlr3] Applying learner 'classif.cv_glmnet' on task 'candi_gene' (iter 4/5)
INFO  [11:56:19.486] [mlr3] Applying learner 'classif.cv_glmnet' on task 'candi_gene' (iter 5/5)
INFO  [11:56:19.739] [mlr3] Finished benchmark
INFO  [11:56:19.763] [bbotk] Result of batch 20:
INFO  [11:56:19.765] [bbotk]  alpha classif.auc warnings errors runtime_learners
INFO  [11:56:19.765] [bbotk]   0.05   0.5678322        0      0            1.256
INFO  [11:56:19.765] [bbotk]                                 uhash
INFO  [11:56:19.765] [bbotk]  e143e2ad-5d20-4fe3-b14b-0476d68eb371
INFO  [11:56:19.766] [bbotk] Evaluating 1 configuration(s)
INFO  [11:56:19.789] [mlr3] Running benchmark with 5 resampling iterations
INFO  [11:56:19.794] [mlr3] Applying learner 'classif.cv_glmnet' on task 'candi_gene' (iter 1/5)
INFO  [11:56:19.982] [mlr3] Applying learner 'classif.cv_glmnet' on task 'candi_gene' (iter 2/5)
INFO  [11:56:20.175] [mlr3] Applying learner 'classif.cv_glmnet' on task 'candi_gene' (iter 3/5)
INFO  [11:56:20.354] [mlr3] Applying learner 'classif.cv_glmnet' on task 'candi_gene' (iter 4/5)
INFO  [11:56:20.530] [mlr3] Applying learner 'classif.cv_glmnet' on task 'candi_gene' (iter 5/5)
INFO  [11:56:20.701] [mlr3] Finished benchmark
INFO  [11:56:20.725] [bbotk] Result of batch 21:
INFO  [11:56:20.727] [bbotk]  alpha classif.auc warnings errors runtime_learners
INFO  [11:56:20.727] [bbotk]   0.95   0.5481818        0      0            0.866
INFO  [11:56:20.727] [bbotk]                                 uhash
INFO  [11:56:20.727] [bbotk]  906ead2b-341f-4e7c-8f20-617ade0398a4
INFO  [11:56:20.732] [bbotk] Finished optimizing after 21 evaluation(s)
INFO  [11:56:20.732] [bbotk] Result:
INFO  [11:56:20.735] [bbotk]   alpha learner_param_vals x_domain classif.auc
INFO  [11:56:20.735] [bbotk]  <char>             <list>   <list>       <num>
INFO  [11:56:20.735] [bbotk]       0       c(7.8947....        0   0.6572694
