Conda environment: *
R version 4.3.1 (2023-06-16)
Platform: x86_64-conda-linux-gnu (64-bit)
Running under: Red Hat Enterprise Linux 8.3 (Ootpa)

Matrix products: default
BLAS/LAPACK: /ess/home/home1/beiw/miniconda3/envs/5hmc_os_env/lib/libopenblasp-r0.3.27.so;  LAPACK version 3.12.0

locale:
[1] C

time zone: America/Chicago
tzcode source: system (glibc)

attached base packages:
[1] stats4    stats     graphics  grDevices utils     datasets  methods  
[8] base     

other attached packages:
 [1] conflicted_1.2.0            DESeq2_1.40.2              
 [3] SummarizedExperiment_1.30.2 Biobase_2.60.0             
 [5] MatrixGenerics_1.12.2       matrixStats_1.2.0          
 [7] GenomicRanges_1.52.0        GenomeInfoDb_1.36.1        
 [9] IRanges_2.34.1              S4Vectors_0.38.1           
[11] BiocGenerics_0.46.0         glmnet_4.1-8               
[13] Matrix_1.6-5                mlr3learners_0.5.8         
[15] mlr3tuning_0.19.0           paradox_0.11.1             
[17] mlr3_0.19.0                 lubridate_1.9.3            
[19] forcats_1.0.0               stringr_1.5.1              
[21] purrr_1.0.2                 readr_2.1.5                
[23] tidyr_1.3.1                 tibble_3.2.1               
[25] ggplot2_3.4.4               tidyverse_2.0.0            
[27] dplyr_1.1.4                

loaded via a namespace (and not attached):
 [1] gtable_0.3.4            shape_1.4.6             lattice_0.21-9         
 [4] tzdb_0.4.0              bitops_1.0-7            vctrs_0.6.4            
 [7] tools_4.3.1             generics_0.1.3          parallel_4.3.1         
[10] fansi_1.0.5             pkgconfig_2.0.3         data.table_1.15.2      
[13] checkmate_2.3.1         uuid_1.1-1              GenomeInfoDbData_1.2.11
[16] lifecycle_1.0.3         compiler_4.3.1          munsell_0.5.0          
[19] RhpcBLASctl_0.23-42     codetools_0.2-20        bbotk_0.7.2            
[22] RCurl_1.98-1.12         pillar_1.9.0            crayon_1.5.2           
[25] BiocParallel_1.34.2     cachem_1.0.8            DelayedArray_0.26.6    
[28] iterators_1.0.14        foreach_1.5.2           parallelly_1.37.1      
[31] locfit_1.5-9.8          tidyselect_1.2.0        digest_0.6.35          
[34] stringi_1.7.12          future_1.33.2           listenv_0.9.1          
[37] splines_4.3.1           fastmap_1.1.1           grid_4.3.1             
[40] colorspace_2.1-0        cli_3.6.1               magrittr_2.0.3         
[43] S4Arrays_1.0.4          survival_3.5-7          utf8_1.2.4             
[46] withr_2.5.1             scales_1.2.1            backports_1.4.1        
[49] timechange_0.2.0        XVector_0.40.0          globals_0.16.3         
[52] hms_1.1.3               memoise_2.0.1           mlr3misc_0.15.0        
[55] rlang_1.1.1             Rcpp_1.0.11             glue_1.6.2             
[58] palmerpenguins_0.1.1    lgr_0.4.4               R6_2.5.1               
[61] zlibbioc_1.46.0        
INFO  [11:55:15.744] [bbotk] Starting to optimize 1 parameter(s) with '<TunerGridSearch>' and '<TerminatorNone>'
INFO  [11:55:15.768] [bbotk] Evaluating 1 configuration(s)
INFO  [11:55:15.801] [mlr3] Running benchmark with 5 resampling iterations
INFO  [11:55:15.834] [mlr3] Applying learner 'classif.cv_glmnet' on task 'candi_gene' (iter 1/5)
INFO  [11:55:16.493] [mlr3] Applying learner 'classif.cv_glmnet' on task 'candi_gene' (iter 2/5)
INFO  [11:55:16.682] [mlr3] Applying learner 'classif.cv_glmnet' on task 'candi_gene' (iter 3/5)
INFO  [11:55:16.876] [mlr3] Applying learner 'classif.cv_glmnet' on task 'candi_gene' (iter 4/5)
INFO  [11:55:17.083] [mlr3] Applying learner 'classif.cv_glmnet' on task 'candi_gene' (iter 5/5)
INFO  [11:55:17.274] [mlr3] Finished benchmark
INFO  [11:55:17.302] [bbotk] Result of batch 1:
INFO  [11:55:17.306] [bbotk]  alpha classif.auc warnings errors runtime_learners
INFO  [11:55:17.306] [bbotk]    0.5   0.5414286        0      0            1.393
INFO  [11:55:17.306] [bbotk]                                 uhash
INFO  [11:55:17.306] [bbotk]  b600e3d5-82ae-4e31-878c-4842fbd1e2d4
INFO  [11:55:17.308] [bbotk] Evaluating 1 configuration(s)
INFO  [11:55:17.331] [mlr3] Running benchmark with 5 resampling iterations
INFO  [11:55:17.336] [mlr3] Applying learner 'classif.cv_glmnet' on task 'candi_gene' (iter 1/5)
INFO  [11:55:17.598] [mlr3] Applying learner 'classif.cv_glmnet' on task 'candi_gene' (iter 2/5)
INFO  [11:55:17.842] [mlr3] Applying learner 'classif.cv_glmnet' on task 'candi_gene' (iter 3/5)
INFO  [11:55:18.084] [mlr3] Applying learner 'classif.cv_glmnet' on task 'candi_gene' (iter 4/5)
INFO  [11:55:18.341] [mlr3] Applying learner 'classif.cv_glmnet' on task 'candi_gene' (iter 5/5)
INFO  [11:55:18.587] [mlr3] Finished benchmark
INFO  [11:55:18.612] [bbotk] Result of batch 2:
INFO  [11:55:18.614] [bbotk]  alpha classif.auc warnings errors runtime_learners
INFO  [11:55:18.614] [bbotk]    0.1   0.6970909        0      0            1.209
INFO  [11:55:18.614] [bbotk]                                 uhash
INFO  [11:55:18.614] [bbotk]  41fadd5c-df7e-4527-93e0-73f7c636bde5
INFO  [11:55:18.615] [bbotk] Evaluating 1 configuration(s)
INFO  [11:55:18.639] [mlr3] Running benchmark with 5 resampling iterations
INFO  [11:55:18.644] [mlr3] Applying learner 'classif.cv_glmnet' on task 'candi_gene' (iter 1/5)
INFO  [11:55:18.861] [mlr3] Applying learner 'classif.cv_glmnet' on task 'candi_gene' (iter 2/5)
INFO  [11:55:19.076] [mlr3] Applying learner 'classif.cv_glmnet' on task 'candi_gene' (iter 3/5)
INFO  [11:55:19.295] [mlr3] Applying learner 'classif.cv_glmnet' on task 'candi_gene' (iter 4/5)
INFO  [11:55:19.880] [mlr3] Applying learner 'classif.cv_glmnet' on task 'candi_gene' (iter 5/5)
INFO  [11:55:20.091] [mlr3] Finished benchmark
INFO  [11:55:20.116] [bbotk] Result of batch 3:
INFO  [11:55:20.118] [bbotk]  alpha classif.auc warnings errors runtime_learners
INFO  [11:55:20.118] [bbotk]   0.25    0.537619        0      0            1.405
INFO  [11:55:20.118] [bbotk]                                 uhash
INFO  [11:55:20.118] [bbotk]  37b3704c-981e-4555-887e-b1e60a791c49
INFO  [11:55:20.119] [bbotk] Evaluating 1 configuration(s)
INFO  [11:55:20.142] [mlr3] Running benchmark with 5 resampling iterations
INFO  [11:55:20.146] [mlr3] Applying learner 'classif.cv_glmnet' on task 'candi_gene' (iter 1/5)
INFO  [11:55:20.324] [mlr3] Applying learner 'classif.cv_glmnet' on task 'candi_gene' (iter 2/5)
INFO  [11:55:20.502] [mlr3] Applying learner 'classif.cv_glmnet' on task 'candi_gene' (iter 3/5)
INFO  [11:55:20.689] [mlr3] Applying learner 'classif.cv_glmnet' on task 'candi_gene' (iter 4/5)
INFO  [11:55:20.888] [mlr3] Applying learner 'classif.cv_glmnet' on task 'candi_gene' (iter 5/5)
INFO  [11:55:21.067] [mlr3] Finished benchmark
INFO  [11:55:21.093] [bbotk] Result of batch 4:
INFO  [11:55:21.095] [bbotk]  alpha classif.auc warnings errors runtime_learners
INFO  [11:55:21.095] [bbotk]    0.8   0.4928571        0      0            0.881
INFO  [11:55:21.095] [bbotk]                                 uhash
INFO  [11:55:21.095] [bbotk]  b0693f06-7cc9-41f2-bc77-e7a398110256
INFO  [11:55:21.096] [bbotk] Evaluating 1 configuration(s)
INFO  [11:55:21.119] [mlr3] Running benchmark with 5 resampling iterations
INFO  [11:55:21.124] [mlr3] Applying learner 'classif.cv_glmnet' on task 'candi_gene' (iter 1/5)
INFO  [11:55:21.313] [mlr3] Applying learner 'classif.cv_glmnet' on task 'candi_gene' (iter 2/5)
INFO  [11:55:21.491] [mlr3] Applying learner 'classif.cv_glmnet' on task 'candi_gene' (iter 3/5)
INFO  [11:55:21.669] [mlr3] Applying learner 'classif.cv_glmnet' on task 'candi_gene' (iter 4/5)
INFO  [11:55:21.870] [mlr3] Applying learner 'classif.cv_glmnet' on task 'candi_gene' (iter 5/5)
INFO  [11:55:22.051] [mlr3] Finished benchmark
INFO  [11:55:22.076] [bbotk] Result of batch 5:
INFO  [11:55:22.078] [bbotk]  alpha classif.auc warnings errors runtime_learners
INFO  [11:55:22.078] [bbotk]   0.75   0.5758442        0      0            0.884
INFO  [11:55:22.078] [bbotk]                                 uhash
INFO  [11:55:22.078] [bbotk]  37026176-6096-4253-b23f-f54f23efa31b
INFO  [11:55:22.080] [bbotk] Evaluating 1 configuration(s)
INFO  [11:55:22.103] [mlr3] Running benchmark with 5 resampling iterations
INFO  [11:55:22.108] [mlr3] Applying learner 'classif.cv_glmnet' on task 'candi_gene' (iter 1/5)
INFO  [11:55:22.312] [mlr3] Applying learner 'classif.cv_glmnet' on task 'candi_gene' (iter 2/5)
INFO  [11:55:22.514] [mlr3] Applying learner 'classif.cv_glmnet' on task 'candi_gene' (iter 3/5)
INFO  [11:55:22.720] [mlr3] Applying learner 'classif.cv_glmnet' on task 'candi_gene' (iter 4/5)
INFO  [11:55:22.936] [mlr3] Applying learner 'classif.cv_glmnet' on task 'candi_gene' (iter 5/5)
INFO  [11:55:23.132] [mlr3] Finished benchmark
INFO  [11:55:23.157] [bbotk] Result of batch 6:
INFO  [11:55:23.159] [bbotk]  alpha classif.auc warnings errors runtime_learners
INFO  [11:55:23.159] [bbotk]    0.3   0.5424242        0      0            0.982
INFO  [11:55:23.159] [bbotk]                                 uhash
INFO  [11:55:23.159] [bbotk]  65d73bf8-fcc6-44fe-8339-31cd2c269180
INFO  [11:55:23.160] [bbotk] Evaluating 1 configuration(s)
INFO  [11:55:23.183] [mlr3] Running benchmark with 5 resampling iterations
INFO  [11:55:23.187] [mlr3] Applying learner 'classif.cv_glmnet' on task 'candi_gene' (iter 1/5)
INFO  [11:55:23.374] [mlr3] Applying learner 'classif.cv_glmnet' on task 'candi_gene' (iter 2/5)
INFO  [11:55:23.552] [mlr3] Applying learner 'classif.cv_glmnet' on task 'candi_gene' (iter 3/5)
INFO  [11:55:23.735] [mlr3] Applying learner 'classif.cv_glmnet' on task 'candi_gene' (iter 4/5)
INFO  [11:55:23.945] [mlr3] Applying learner 'classif.cv_glmnet' on task 'candi_gene' (iter 5/5)
INFO  [11:55:24.136] [mlr3] Finished benchmark
INFO  [11:55:24.161] [bbotk] Result of batch 7:
INFO  [11:55:24.163] [bbotk]  alpha classif.auc warnings errors runtime_learners
INFO  [11:55:24.163] [bbotk]   0.95   0.5142424        0      0            0.906
INFO  [11:55:24.163] [bbotk]                                 uhash
INFO  [11:55:24.163] [bbotk]  7563b411-9790-4562-a8f9-75481e62e354
INFO  [11:55:24.165] [bbotk] Evaluating 1 configuration(s)
INFO  [11:55:24.188] [mlr3] Running benchmark with 5 resampling iterations
INFO  [11:55:24.193] [mlr3] Applying learner 'classif.cv_glmnet' on task 'candi_gene' (iter 1/5)
INFO  [11:55:24.371] [mlr3] Applying learner 'classif.cv_glmnet' on task 'candi_gene' (iter 2/5)
INFO  [11:55:24.548] [mlr3] Applying learner 'classif.cv_glmnet' on task 'candi_gene' (iter 3/5)
INFO  [11:55:24.734] [mlr3] Applying learner 'classif.cv_glmnet' on task 'candi_gene' (iter 4/5)
INFO  [11:55:24.937] [mlr3] Applying learner 'classif.cv_glmnet' on task 'candi_gene' (iter 5/5)
INFO  [11:55:25.112] [mlr3] Finished benchmark
INFO  [11:55:25.136] [bbotk] Result of batch 8:
INFO  [11:55:25.138] [bbotk]  alpha classif.auc warnings errors runtime_learners
INFO  [11:55:25.138] [bbotk]   0.85   0.5763117        0      0            0.877
INFO  [11:55:25.138] [bbotk]                                 uhash
INFO  [11:55:25.138] [bbotk]  e55b1c20-658d-4578-bd16-e2570bad19ad
INFO  [11:55:25.140] [bbotk] Evaluating 1 configuration(s)
INFO  [11:55:25.163] [mlr3] Running benchmark with 5 resampling iterations
INFO  [11:55:25.168] [mlr3] Applying learner 'classif.cv_glmnet' on task 'candi_gene' (iter 1/5)
INFO  [11:55:25.356] [mlr3] Applying learner 'classif.cv_glmnet' on task 'candi_gene' (iter 2/5)
INFO  [11:55:25.534] [mlr3] Applying learner 'classif.cv_glmnet' on task 'candi_gene' (iter 3/5)
INFO  [11:55:25.722] [mlr3] Applying learner 'classif.cv_glmnet' on task 'candi_gene' (iter 4/5)
INFO  [11:55:25.924] [mlr3] Applying learner 'classif.cv_glmnet' on task 'candi_gene' (iter 5/5)
INFO  [11:55:26.107] [mlr3] Finished benchmark
INFO  [11:55:26.132] [bbotk] Result of batch 9:
INFO  [11:55:26.135] [bbotk]  alpha classif.auc warnings errors runtime_learners
INFO  [11:55:26.135] [bbotk]    0.7   0.5827229        0      0            0.899
INFO  [11:55:26.135] [bbotk]                                 uhash
INFO  [11:55:26.135] [bbotk]  feab330d-e2aa-4e4d-b530-2a2af3441678
INFO  [11:55:26.136] [bbotk] Evaluating 1 configuration(s)
INFO  [11:55:26.159] [mlr3] Running benchmark with 5 resampling iterations
INFO  [11:55:26.164] [mlr3] Applying learner 'classif.cv_glmnet' on task 'candi_gene' (iter 1/5)
INFO  [11:55:26.360] [mlr3] Applying learner 'classif.cv_glmnet' on task 'candi_gene' (iter 2/5)
INFO  [11:55:26.550] [mlr3] Applying learner 'classif.cv_glmnet' on task 'candi_gene' (iter 3/5)
INFO  [11:55:26.746] [mlr3] Applying learner 'classif.cv_glmnet' on task 'candi_gene' (iter 4/5)
INFO  [11:55:26.956] [mlr3] Applying learner 'classif.cv_glmnet' on task 'candi_gene' (iter 5/5)
INFO  [11:55:27.155] [mlr3] Finished benchmark
INFO  [11:55:27.181] [bbotk] Result of batch 10:
INFO  [11:55:27.183] [bbotk]  alpha classif.auc warnings errors runtime_learners
INFO  [11:55:27.183] [bbotk]   0.45   0.5627273        0      0            0.951
INFO  [11:55:27.183] [bbotk]                                 uhash
INFO  [11:55:27.183] [bbotk]  5315bce3-55fe-4e3e-8342-81d8b8be2eea
INFO  [11:55:27.184] [bbotk] Evaluating 1 configuration(s)
INFO  [11:55:27.207] [mlr3] Running benchmark with 5 resampling iterations
INFO  [11:55:27.212] [mlr3] Applying learner 'classif.cv_glmnet' on task 'candi_gene' (iter 1/5)
INFO  [11:55:27.437] [mlr3] Applying learner 'classif.cv_glmnet' on task 'candi_gene' (iter 2/5)
INFO  [11:55:27.648] [mlr3] Applying learner 'classif.cv_glmnet' on task 'candi_gene' (iter 3/5)
INFO  [11:55:27.871] [mlr3] Applying learner 'classif.cv_glmnet' on task 'candi_gene' (iter 4/5)
INFO  [11:55:28.098] [mlr3] Applying learner 'classif.cv_glmnet' on task 'candi_gene' (iter 5/5)
INFO  [11:55:28.319] [mlr3] Finished benchmark
INFO  [11:55:28.345] [bbotk] Result of batch 11:
INFO  [11:55:28.347] [bbotk]  alpha classif.auc warnings errors runtime_learners
INFO  [11:55:28.347] [bbotk]    0.2   0.6376104        0      0            1.066
INFO  [11:55:28.347] [bbotk]                                 uhash
INFO  [11:55:28.347] [bbotk]  0c078aaf-7513-4499-a7e5-19d2fe4ed065
INFO  [11:55:28.348] [bbotk] Evaluating 1 configuration(s)
INFO  [11:55:28.371] [mlr3] Running benchmark with 5 resampling iterations
INFO  [11:55:28.376] [mlr3] Applying learner 'classif.cv_glmnet' on task 'candi_gene' (iter 1/5)
INFO  [11:55:28.612] [mlr3] Applying learner 'classif.cv_glmnet' on task 'candi_gene' (iter 2/5)
INFO  [11:55:28.839] [mlr3] Applying learner 'classif.cv_glmnet' on task 'candi_gene' (iter 3/5)
INFO  [11:55:29.070] [mlr3] Applying learner 'classif.cv_glmnet' on task 'candi_gene' (iter 4/5)
INFO  [11:55:29.308] [mlr3] Applying learner 'classif.cv_glmnet' on task 'candi_gene' (iter 5/5)
INFO  [11:55:29.537] [mlr3] Finished benchmark
INFO  [11:55:29.562] [bbotk] Result of batch 12:
INFO  [11:55:29.564] [bbotk]  alpha classif.auc warnings errors runtime_learners
INFO  [11:55:29.564] [bbotk]   0.15   0.5737706        0      0            1.118
INFO  [11:55:29.564] [bbotk]                                 uhash
INFO  [11:55:29.564] [bbotk]  7c8d1861-f4e7-4a10-b20d-79264eef51c7
INFO  [11:55:29.566] [bbotk] Evaluating 1 configuration(s)
INFO  [11:55:29.589] [mlr3] Running benchmark with 5 resampling iterations
INFO  [11:55:29.594] [mlr3] Applying learner 'classif.cv_glmnet' on task 'candi_gene' (iter 1/5)
INFO  [11:55:29.865] [mlr3] Applying learner 'classif.cv_glmnet' on task 'candi_gene' (iter 2/5)
INFO  [11:55:30.134] [mlr3] Applying learner 'classif.cv_glmnet' on task 'candi_gene' (iter 3/5)
INFO  [11:55:30.408] [mlr3] Applying learner 'classif.cv_glmnet' on task 'candi_gene' (iter 4/5)
INFO  [11:55:30.687] [mlr3] Applying learner 'classif.cv_glmnet' on task 'candi_gene' (iter 5/5)
INFO  [11:55:30.954] [mlr3] Finished benchmark
INFO  [11:55:30.979] [bbotk] Result of batch 13:
INFO  [11:55:30.981] [bbotk]  alpha classif.auc warnings errors runtime_learners
INFO  [11:55:30.981] [bbotk]   0.05   0.7387359        0      0            1.317
INFO  [11:55:30.981] [bbotk]                                 uhash
INFO  [11:55:30.981] [bbotk]  e9bb5ba4-8107-4d4b-a750-5f82be5192f6
INFO  [11:55:30.982] [bbotk] Evaluating 1 configuration(s)
INFO  [11:55:31.006] [mlr3] Running benchmark with 5 resampling iterations
INFO  [11:55:31.010] [mlr3] Applying learner 'classif.cv_glmnet' on task 'candi_gene' (iter 1/5)
INFO  [11:55:31.217] [mlr3] Applying learner 'classif.cv_glmnet' on task 'candi_gene' (iter 2/5)
INFO  [11:55:31.394] [mlr3] Applying learner 'classif.cv_glmnet' on task 'candi_gene' (iter 3/5)
INFO  [11:55:31.585] [mlr3] Applying learner 'classif.cv_glmnet' on task 'candi_gene' (iter 4/5)
INFO  [11:55:31.790] [mlr3] Applying learner 'classif.cv_glmnet' on task 'candi_gene' (iter 5/5)
INFO  [11:55:31.972] [mlr3] Finished benchmark
INFO  [11:55:31.997] [bbotk] Result of batch 14:
INFO  [11:55:31.999] [bbotk]  alpha classif.auc warnings errors runtime_learners
INFO  [11:55:31.999] [bbotk]    0.6   0.5494372        0      0            0.921
INFO  [11:55:31.999] [bbotk]                                 uhash
INFO  [11:55:31.999] [bbotk]  c4aa71ee-eb82-4ce7-b8db-94f1ca894a4a
INFO  [11:55:32.001] [bbotk] Evaluating 1 configuration(s)
INFO  [11:55:32.024] [mlr3] Running benchmark with 5 resampling iterations
INFO  [11:55:32.028] [mlr3] Applying learner 'classif.cv_glmnet' on task 'candi_gene' (iter 1/5)
INFO  [11:55:32.240] [mlr3] Applying learner 'classif.cv_glmnet' on task 'candi_gene' (iter 2/5)
INFO  [11:55:32.449] [mlr3] Applying learner 'classif.cv_glmnet' on task 'candi_gene' (iter 3/5)
INFO  [11:55:32.658] [mlr3] Applying learner 'classif.cv_glmnet' on task 'candi_gene' (iter 4/5)
INFO  [11:55:32.877] [mlr3] Applying learner 'classif.cv_glmnet' on task 'candi_gene' (iter 5/5)
INFO  [11:55:33.081] [mlr3] Finished benchmark
INFO  [11:55:33.107] [bbotk] Result of batch 15:
INFO  [11:55:33.109] [bbotk]  alpha classif.auc warnings errors runtime_learners
INFO  [11:55:33.109] [bbotk]   0.35   0.5971342        0      0            1.008
INFO  [11:55:33.109] [bbotk]                                 uhash
INFO  [11:55:33.109] [bbotk]  d1baeabb-f3a8-45c0-8bf5-58128d55aaaf
INFO  [11:55:33.110] [bbotk] Evaluating 1 configuration(s)
INFO  [11:55:33.133] [mlr3] Running benchmark with 5 resampling iterations
INFO  [11:55:33.138] [mlr3] Applying learner 'classif.cv_glmnet' on task 'candi_gene' (iter 1/5)
INFO  [11:55:33.322] [mlr3] Applying learner 'classif.cv_glmnet' on task 'candi_gene' (iter 2/5)
INFO  [11:55:33.876] [mlr3] Applying learner 'classif.cv_glmnet' on task 'candi_gene' (iter 3/5)
INFO  [11:55:34.061] [mlr3] Applying learner 'classif.cv_glmnet' on task 'candi_gene' (iter 4/5)
INFO  [11:55:34.254] [mlr3] Applying learner 'classif.cv_glmnet' on task 'candi_gene' (iter 5/5)
INFO  [11:55:34.437] [mlr3] Finished benchmark
INFO  [11:55:34.462] [bbotk] Result of batch 16:
INFO  [11:55:34.464] [bbotk]  alpha classif.auc warnings errors runtime_learners
INFO  [11:55:34.464] [bbotk]   0.65   0.5213853        0      0            1.254
INFO  [11:55:34.464] [bbotk]                                 uhash
INFO  [11:55:34.464] [bbotk]  e02b3151-bfc8-4139-8d3e-850a387f6e38
INFO  [11:55:34.465] [bbotk] Evaluating 1 configuration(s)
INFO  [11:55:34.489] [mlr3] Running benchmark with 5 resampling iterations
INFO  [11:55:34.494] [mlr3] Applying learner 'classif.cv_glmnet' on task 'candi_gene' (iter 1/5)
INFO  [11:55:34.685] [mlr3] Applying learner 'classif.cv_glmnet' on task 'candi_gene' (iter 2/5)
INFO  [11:55:34.856] [mlr3] Applying learner 'classif.cv_glmnet' on task 'candi_gene' (iter 3/5)
INFO  [11:55:35.043] [mlr3] Applying learner 'classif.cv_glmnet' on task 'candi_gene' (iter 4/5)
INFO  [11:55:35.253] [mlr3] Applying learner 'classif.cv_glmnet' on task 'candi_gene' (iter 5/5)
INFO  [11:55:35.435] [mlr3] Finished benchmark
INFO  [11:55:35.459] [bbotk] Result of batch 17:
INFO  [11:55:35.461] [bbotk]  alpha classif.auc warnings errors runtime_learners
INFO  [11:55:35.461] [bbotk]      1   0.5308442        0      0            0.901
INFO  [11:55:35.461] [bbotk]                                 uhash
INFO  [11:55:35.461] [bbotk]  266cad86-52bf-4165-8189-d6ab25d495f9
INFO  [11:55:35.463] [bbotk] Evaluating 1 configuration(s)
INFO  [11:55:35.486] [mlr3] Running benchmark with 5 resampling iterations
INFO  [11:55:35.490] [mlr3] Applying learner 'classif.cv_glmnet' on task 'candi_gene' (iter 1/5)
INFO  [11:55:35.875] [mlr3] Applying learner 'classif.cv_glmnet' on task 'candi_gene' (iter 2/5)
INFO  [11:55:36.300] [mlr3] Applying learner 'classif.cv_glmnet' on task 'candi_gene' (iter 3/5)
INFO  [11:55:36.721] [mlr3] Applying learner 'classif.cv_glmnet' on task 'candi_gene' (iter 4/5)
INFO  [11:55:37.104] [mlr3] Applying learner 'classif.cv_glmnet' on task 'candi_gene' (iter 5/5)
INFO  [11:55:37.534] [mlr3] Finished benchmark
INFO  [11:55:37.560] [bbotk] Result of batch 18:
INFO  [11:55:37.562] [bbotk]  alpha classif.auc warnings errors runtime_learners
INFO  [11:55:37.562] [bbotk]      0   0.6094848        0      0            2.001
INFO  [11:55:37.562] [bbotk]                                 uhash
INFO  [11:55:37.562] [bbotk]  522e0712-e4db-4668-a8ed-877dd7e25257
INFO  [11:55:37.563] [bbotk] Evaluating 1 configuration(s)
INFO  [11:55:37.587] [mlr3] Running benchmark with 5 resampling iterations
INFO  [11:55:37.598] [mlr3] Applying learner 'classif.cv_glmnet' on task 'candi_gene' (iter 1/5)
INFO  [11:55:37.800] [mlr3] Applying learner 'classif.cv_glmnet' on task 'candi_gene' (iter 2/5)
INFO  [11:55:37.991] [mlr3] Applying learner 'classif.cv_glmnet' on task 'candi_gene' (iter 3/5)
INFO  [11:55:38.186] [mlr3] Applying learner 'classif.cv_glmnet' on task 'candi_gene' (iter 4/5)
INFO  [11:55:38.398] [mlr3] Applying learner 'classif.cv_glmnet' on task 'candi_gene' (iter 5/5)
INFO  [11:55:38.591] [mlr3] Finished benchmark
INFO  [11:55:38.616] [bbotk] Result of batch 19:
INFO  [11:55:38.618] [bbotk]  alpha classif.auc warnings errors runtime_learners
INFO  [11:55:38.618] [bbotk]    0.4   0.5191558        0      0            0.952
INFO  [11:55:38.618] [bbotk]                                 uhash
INFO  [11:55:38.618] [bbotk]  57636d66-293f-436e-8a44-630044611814
INFO  [11:55:38.619] [bbotk] Evaluating 1 configuration(s)
INFO  [11:55:38.642] [mlr3] Running benchmark with 5 resampling iterations
INFO  [11:55:38.647] [mlr3] Applying learner 'classif.cv_glmnet' on task 'candi_gene' (iter 1/5)
INFO  [11:55:38.824] [mlr3] Applying learner 'classif.cv_glmnet' on task 'candi_gene' (iter 2/5)
INFO  [11:55:39.003] [mlr3] Applying learner 'classif.cv_glmnet' on task 'candi_gene' (iter 3/5)
INFO  [11:55:39.187] [mlr3] Applying learner 'classif.cv_glmnet' on task 'candi_gene' (iter 4/5)
INFO  [11:55:39.395] [mlr3] Applying learner 'classif.cv_glmnet' on task 'candi_gene' (iter 5/5)
INFO  [11:55:39.573] [mlr3] Finished benchmark
INFO  [11:55:39.598] [bbotk] Result of batch 20:
INFO  [11:55:39.600] [bbotk]  alpha classif.auc warnings errors runtime_learners
INFO  [11:55:39.600] [bbotk]    0.9   0.5011905        0      0            0.886
INFO  [11:55:39.600] [bbotk]                                 uhash
INFO  [11:55:39.600] [bbotk]  b233d6de-8719-46e5-9d35-a1c8aee658c6
INFO  [11:55:39.601] [bbotk] Evaluating 1 configuration(s)
INFO  [11:55:39.624] [mlr3] Running benchmark with 5 resampling iterations
INFO  [11:55:39.628] [mlr3] Applying learner 'classif.cv_glmnet' on task 'candi_gene' (iter 1/5)
INFO  [11:55:39.820] [mlr3] Applying learner 'classif.cv_glmnet' on task 'candi_gene' (iter 2/5)
INFO  [11:55:40.002] [mlr3] Applying learner 'classif.cv_glmnet' on task 'candi_gene' (iter 3/5)
INFO  [11:55:40.190] [mlr3] Applying learner 'classif.cv_glmnet' on task 'candi_gene' (iter 4/5)
INFO  [11:55:40.394] [mlr3] Applying learner 'classif.cv_glmnet' on task 'candi_gene' (iter 5/5)
INFO  [11:55:40.580] [mlr3] Finished benchmark
INFO  [11:55:40.606] [bbotk] Result of batch 21:
INFO  [11:55:40.608] [bbotk]  alpha classif.auc warnings errors runtime_learners
INFO  [11:55:40.608] [bbotk]   0.55   0.4916667        0      0             0.91
INFO  [11:55:40.608] [bbotk]                                 uhash
INFO  [11:55:40.608] [bbotk]  29eda320-6fc0-433f-85e6-7ed6431b0fad
INFO  [11:55:40.613] [bbotk] Finished optimizing after 21 evaluation(s)
INFO  [11:55:40.614] [bbotk] Result:
INFO  [11:55:40.616] [bbotk]   alpha learner_param_vals x_domain classif.auc
INFO  [11:55:40.616] [bbotk]  <char>             <list>   <list>       <num>
INFO  [11:55:40.616] [bbotk]    0.05       c(7.8947....     0.05   0.7387359
