Conda environment: *
R version 4.3.1 (2023-06-16)
Platform: x86_64-conda-linux-gnu (64-bit)
Running under: Red Hat Enterprise Linux 8.3 (Ootpa)

Matrix products: default
BLAS/LAPACK: /ess/home/home1/beiw/miniconda3/envs/5hmc_os_env/lib/libopenblasp-r0.3.27.so;  LAPACK version 3.12.0

locale:
[1] C

time zone: America/Chicago
tzcode source: system (glibc)

attached base packages:
[1] stats4    stats     graphics  grDevices utils     datasets  methods  
[8] base     

other attached packages:
 [1] conflicted_1.2.0            DESeq2_1.40.2              
 [3] SummarizedExperiment_1.30.2 Biobase_2.60.0             
 [5] MatrixGenerics_1.12.2       matrixStats_1.2.0          
 [7] GenomicRanges_1.52.0        GenomeInfoDb_1.36.1        
 [9] IRanges_2.34.1              S4Vectors_0.38.1           
[11] BiocGenerics_0.46.0         glmnet_4.1-8               
[13] Matrix_1.6-5                mlr3learners_0.5.8         
[15] mlr3tuning_0.19.0           paradox_0.11.1             
[17] mlr3_0.19.0                 lubridate_1.9.3            
[19] forcats_1.0.0               stringr_1.5.1              
[21] purrr_1.0.2                 readr_2.1.5                
[23] tidyr_1.3.1                 tibble_3.2.1               
[25] ggplot2_3.4.4               tidyverse_2.0.0            
[27] dplyr_1.1.4                

loaded via a namespace (and not attached):
 [1] gtable_0.3.4            shape_1.4.6             lattice_0.21-9         
 [4] tzdb_0.4.0              bitops_1.0-7            vctrs_0.6.4            
 [7] tools_4.3.1             generics_0.1.3          parallel_4.3.1         
[10] fansi_1.0.5             pkgconfig_2.0.3         data.table_1.15.2      
[13] checkmate_2.3.1         uuid_1.1-1              GenomeInfoDbData_1.2.11
[16] lifecycle_1.0.3         compiler_4.3.1          munsell_0.5.0          
[19] RhpcBLASctl_0.23-42     codetools_0.2-20        bbotk_0.7.2            
[22] RCurl_1.98-1.12         pillar_1.9.0            crayon_1.5.2           
[25] BiocParallel_1.34.2     cachem_1.0.8            DelayedArray_0.26.6    
[28] iterators_1.0.14        foreach_1.5.2           parallelly_1.37.1      
[31] locfit_1.5-9.8          tidyselect_1.2.0        digest_0.6.35          
[34] stringi_1.7.12          future_1.33.2           listenv_0.9.1          
[37] splines_4.3.1           fastmap_1.1.1           grid_4.3.1             
[40] colorspace_2.1-0        cli_3.6.1               magrittr_2.0.3         
[43] S4Arrays_1.0.4          survival_3.5-7          utf8_1.2.4             
[46] withr_2.5.1             scales_1.2.1            backports_1.4.1        
[49] timechange_0.2.0        XVector_0.40.0          globals_0.16.3         
[52] hms_1.1.3               memoise_2.0.1           mlr3misc_0.15.0        
[55] rlang_1.1.1             Rcpp_1.0.11             glue_1.6.2             
[58] palmerpenguins_0.1.1    lgr_0.4.4               R6_2.5.1               
[61] zlibbioc_1.46.0        
INFO  [11:57:10.455] [bbotk] Starting to optimize 1 parameter(s) with '<TunerGridSearch>' and '<TerminatorNone>'
INFO  [11:57:10.479] [bbotk] Evaluating 1 configuration(s)
INFO  [11:57:10.510] [mlr3] Running benchmark with 5 resampling iterations
INFO  [11:57:10.543] [mlr3] Applying learner 'classif.cv_glmnet' on task 'candi_gene' (iter 1/5)
INFO  [11:57:11.166] [mlr3] Applying learner 'classif.cv_glmnet' on task 'candi_gene' (iter 2/5)
INFO  [11:57:11.358] [mlr3] Applying learner 'classif.cv_glmnet' on task 'candi_gene' (iter 3/5)
INFO  [11:57:11.575] [mlr3] Applying learner 'classif.cv_glmnet' on task 'candi_gene' (iter 4/5)
INFO  [11:57:11.765] [mlr3] Applying learner 'classif.cv_glmnet' on task 'candi_gene' (iter 5/5)
INFO  [11:57:11.965] [mlr3] Finished benchmark
INFO  [11:57:11.992] [bbotk] Result of batch 1:
INFO  [11:57:11.995] [bbotk]  alpha classif.auc warnings errors runtime_learners
INFO  [11:57:11.995] [bbotk]    0.3   0.5036232        0      0            1.377
INFO  [11:57:11.995] [bbotk]                                 uhash
INFO  [11:57:11.995] [bbotk]  2cb5280f-2510-4c1b-b1ba-c061176e08cc
INFO  [11:57:11.997] [bbotk] Evaluating 1 configuration(s)
INFO  [11:57:12.020] [mlr3] Running benchmark with 5 resampling iterations
INFO  [11:57:12.024] [mlr3] Applying learner 'classif.cv_glmnet' on task 'candi_gene' (iter 1/5)
INFO  [11:57:12.215] [mlr3] Applying learner 'classif.cv_glmnet' on task 'candi_gene' (iter 2/5)
INFO  [11:57:12.389] [mlr3] Applying learner 'classif.cv_glmnet' on task 'candi_gene' (iter 3/5)
INFO  [11:57:12.578] [mlr3] Applying learner 'classif.cv_glmnet' on task 'candi_gene' (iter 4/5)
INFO  [11:57:12.754] [mlr3] Applying learner 'classif.cv_glmnet' on task 'candi_gene' (iter 5/5)
INFO  [11:57:12.937] [mlr3] Finished benchmark
INFO  [11:57:12.961] [bbotk] Result of batch 2:
INFO  [11:57:12.963] [bbotk]  alpha classif.auc warnings errors runtime_learners
INFO  [11:57:12.963] [bbotk]      1   0.5120018        0      0            0.872
INFO  [11:57:12.963] [bbotk]                                 uhash
INFO  [11:57:12.963] [bbotk]  98905cd1-c42c-46fc-a46c-a6509aa510a4
INFO  [11:57:12.964] [bbotk] Evaluating 1 configuration(s)
INFO  [11:57:12.986] [mlr3] Running benchmark with 5 resampling iterations
INFO  [11:57:12.991] [mlr3] Applying learner 'classif.cv_glmnet' on task 'candi_gene' (iter 1/5)
INFO  [11:57:13.232] [mlr3] Applying learner 'classif.cv_glmnet' on task 'candi_gene' (iter 2/5)
INFO  [11:57:13.465] [mlr3] Applying learner 'classif.cv_glmnet' on task 'candi_gene' (iter 3/5)
INFO  [11:57:13.699] [mlr3] Applying learner 'classif.cv_glmnet' on task 'candi_gene' (iter 4/5)
INFO  [11:57:13.918] [mlr3] Applying learner 'classif.cv_glmnet' on task 'candi_gene' (iter 5/5)
INFO  [11:57:14.137] [mlr3] Finished benchmark
INFO  [11:57:14.161] [bbotk] Result of batch 3:
INFO  [11:57:14.163] [bbotk]  alpha classif.auc warnings errors runtime_learners
INFO  [11:57:14.163] [bbotk]   0.15   0.5576608        0      0            1.089
INFO  [11:57:14.163] [bbotk]                                 uhash
INFO  [11:57:14.163] [bbotk]  b8467708-25d9-4e8c-93ad-246a35b6b7dc
INFO  [11:57:14.164] [bbotk] Evaluating 1 configuration(s)
INFO  [11:57:14.187] [mlr3] Running benchmark with 5 resampling iterations
INFO  [11:57:14.191] [mlr3] Applying learner 'classif.cv_glmnet' on task 'candi_gene' (iter 1/5)
INFO  [11:57:14.955] [mlr3] Applying learner 'classif.cv_glmnet' on task 'candi_gene' (iter 2/5)
INFO  [11:57:15.378] [mlr3] Applying learner 'classif.cv_glmnet' on task 'candi_gene' (iter 3/5)
INFO  [11:57:15.763] [mlr3] Applying learner 'classif.cv_glmnet' on task 'candi_gene' (iter 4/5)
INFO  [11:57:16.162] [mlr3] Applying learner 'classif.cv_glmnet' on task 'candi_gene' (iter 5/5)
INFO  [11:57:16.555] [mlr3] Finished benchmark
INFO  [11:57:16.579] [bbotk] Result of batch 4:
INFO  [11:57:16.581] [bbotk]  alpha classif.auc warnings errors runtime_learners
INFO  [11:57:16.581] [bbotk]      0   0.5801301        0      0            2.324
INFO  [11:57:16.581] [bbotk]                                 uhash
INFO  [11:57:16.581] [bbotk]  388d48c7-afe8-4664-a5d6-7d7e69cafd13
INFO  [11:57:16.582] [bbotk] Evaluating 1 configuration(s)
INFO  [11:57:16.604] [mlr3] Running benchmark with 5 resampling iterations
INFO  [11:57:16.609] [mlr3] Applying learner 'classif.cv_glmnet' on task 'candi_gene' (iter 1/5)
INFO  [11:57:16.793] [mlr3] Applying learner 'classif.cv_glmnet' on task 'candi_gene' (iter 2/5)
INFO  [11:57:16.961] [mlr3] Applying learner 'classif.cv_glmnet' on task 'candi_gene' (iter 3/5)
INFO  [11:57:17.145] [mlr3] Applying learner 'classif.cv_glmnet' on task 'candi_gene' (iter 4/5)
INFO  [11:57:17.313] [mlr3] Applying learner 'classif.cv_glmnet' on task 'candi_gene' (iter 5/5)
INFO  [11:57:17.486] [mlr3] Finished benchmark
INFO  [11:57:17.510] [bbotk] Result of batch 5:
INFO  [11:57:17.512] [bbotk]  alpha classif.auc warnings errors runtime_learners
INFO  [11:57:17.512] [bbotk]    0.8    0.502038        0      0            0.837
INFO  [11:57:17.512] [bbotk]                                 uhash
INFO  [11:57:17.512] [bbotk]  5ec275bb-dece-4811-89d6-20a926cd4385
INFO  [11:57:17.513] [bbotk] Evaluating 1 configuration(s)
INFO  [11:57:17.536] [mlr3] Running benchmark with 5 resampling iterations
INFO  [11:57:17.541] [mlr3] Applying learner 'classif.cv_glmnet' on task 'candi_gene' (iter 1/5)
INFO  [11:57:17.727] [mlr3] Applying learner 'classif.cv_glmnet' on task 'candi_gene' (iter 2/5)
INFO  [11:57:17.905] [mlr3] Applying learner 'classif.cv_glmnet' on task 'candi_gene' (iter 3/5)
INFO  [11:57:18.095] [mlr3] Applying learner 'classif.cv_glmnet' on task 'candi_gene' (iter 4/5)
INFO  [11:57:18.271] [mlr3] Applying learner 'classif.cv_glmnet' on task 'candi_gene' (iter 5/5)
INFO  [11:57:18.445] [mlr3] Finished benchmark
INFO  [11:57:18.469] [bbotk] Result of batch 6:
INFO  [11:57:18.471] [bbotk]  alpha classif.auc warnings errors runtime_learners
INFO  [11:57:18.471] [bbotk]    0.6    0.487183        0      0            0.864
INFO  [11:57:18.471] [bbotk]                                 uhash
INFO  [11:57:18.471] [bbotk]  2059a21d-ef1c-4617-b512-349a670aeba7
INFO  [11:57:18.472] [bbotk] Evaluating 1 configuration(s)
INFO  [11:57:18.494] [mlr3] Running benchmark with 5 resampling iterations
INFO  [11:57:18.499] [mlr3] Applying learner 'classif.cv_glmnet' on task 'candi_gene' (iter 1/5)
INFO  [11:57:18.688] [mlr3] Applying learner 'classif.cv_glmnet' on task 'candi_gene' (iter 2/5)
INFO  [11:57:18.855] [mlr3] Applying learner 'classif.cv_glmnet' on task 'candi_gene' (iter 3/5)
INFO  [11:57:19.041] [mlr3] Applying learner 'classif.cv_glmnet' on task 'candi_gene' (iter 4/5)
INFO  [11:57:19.216] [mlr3] Applying learner 'classif.cv_glmnet' on task 'candi_gene' (iter 5/5)
INFO  [11:57:19.389] [mlr3] Finished benchmark
INFO  [11:57:19.413] [bbotk] Result of batch 7:
INFO  [11:57:19.415] [bbotk]  alpha classif.auc warnings errors runtime_learners
INFO  [11:57:19.415] [bbotk]    0.9   0.5082126        0      0            0.848
INFO  [11:57:19.415] [bbotk]                                 uhash
INFO  [11:57:19.415] [bbotk]  c0f056a8-b622-45d3-a41f-6f14153c85bf
INFO  [11:57:19.416] [bbotk] Evaluating 1 configuration(s)
INFO  [11:57:19.438] [mlr3] Running benchmark with 5 resampling iterations
INFO  [11:57:19.443] [mlr3] Applying learner 'classif.cv_glmnet' on task 'candi_gene' (iter 1/5)
INFO  [11:57:19.640] [mlr3] Applying learner 'classif.cv_glmnet' on task 'candi_gene' (iter 2/5)
INFO  [11:57:19.815] [mlr3] Applying learner 'classif.cv_glmnet' on task 'candi_gene' (iter 3/5)
INFO  [11:57:20.016] [mlr3] Applying learner 'classif.cv_glmnet' on task 'candi_gene' (iter 4/5)
INFO  [11:57:20.198] [mlr3] Applying learner 'classif.cv_glmnet' on task 'candi_gene' (iter 5/5)
INFO  [11:57:20.384] [mlr3] Finished benchmark
INFO  [11:57:20.408] [bbotk] Result of batch 8:
INFO  [11:57:20.410] [bbotk]  alpha classif.auc warnings errors runtime_learners
INFO  [11:57:20.410] [bbotk]    0.4   0.4929046        0      0            0.899
INFO  [11:57:20.410] [bbotk]                                 uhash
INFO  [11:57:20.410] [bbotk]  bb63ec4c-7be6-43d7-9b52-f52053df4b9a
INFO  [11:57:20.411] [bbotk] Evaluating 1 configuration(s)
INFO  [11:57:20.433] [mlr3] Running benchmark with 5 resampling iterations
INFO  [11:57:20.438] [mlr3] Applying learner 'classif.cv_glmnet' on task 'candi_gene' (iter 1/5)
INFO  [11:57:20.667] [mlr3] Applying learner 'classif.cv_glmnet' on task 'candi_gene' (iter 2/5)
INFO  [11:57:20.865] [mlr3] Applying learner 'classif.cv_glmnet' on task 'candi_gene' (iter 3/5)
INFO  [11:57:21.085] [mlr3] Applying learner 'classif.cv_glmnet' on task 'candi_gene' (iter 4/5)
INFO  [11:57:21.290] [mlr3] Applying learner 'classif.cv_glmnet' on task 'candi_gene' (iter 5/5)
INFO  [11:57:21.496] [mlr3] Finished benchmark
INFO  [11:57:21.520] [bbotk] Result of batch 9:
INFO  [11:57:21.522] [bbotk]  alpha classif.auc warnings errors runtime_learners
INFO  [11:57:21.522] [bbotk]    0.2    0.544126        0      0            1.012
INFO  [11:57:21.522] [bbotk]                                 uhash
INFO  [11:57:21.522] [bbotk]  4d77e485-aaa7-4fe2-9a33-c91aea1ac77b
INFO  [11:57:21.523] [bbotk] Evaluating 1 configuration(s)
INFO  [11:57:21.546] [mlr3] Running benchmark with 5 resampling iterations
INFO  [11:57:21.550] [mlr3] Applying learner 'classif.cv_glmnet' on task 'candi_gene' (iter 1/5)
INFO  [11:57:21.737] [mlr3] Applying learner 'classif.cv_glmnet' on task 'candi_gene' (iter 2/5)
INFO  [11:57:21.909] [mlr3] Applying learner 'classif.cv_glmnet' on task 'candi_gene' (iter 3/5)
INFO  [11:57:22.098] [mlr3] Applying learner 'classif.cv_glmnet' on task 'candi_gene' (iter 4/5)
INFO  [11:57:22.267] [mlr3] Applying learner 'classif.cv_glmnet' on task 'candi_gene' (iter 5/5)
INFO  [11:57:22.443] [mlr3] Finished benchmark
INFO  [11:57:22.467] [bbotk] Result of batch 10:
INFO  [11:57:22.469] [bbotk]  alpha classif.auc warnings errors runtime_learners
INFO  [11:57:22.469] [bbotk]   0.95   0.5277929        0      0            0.852
INFO  [11:57:22.469] [bbotk]                                 uhash
INFO  [11:57:22.469] [bbotk]  27b671a5-785a-4183-9f0b-31052af2bc5f
INFO  [11:57:22.471] [bbotk] Evaluating 1 configuration(s)
INFO  [11:57:22.493] [mlr3] Running benchmark with 5 resampling iterations
INFO  [11:57:22.497] [mlr3] Applying learner 'classif.cv_glmnet' on task 'candi_gene' (iter 1/5)
INFO  [11:57:22.713] [mlr3] Applying learner 'classif.cv_glmnet' on task 'candi_gene' (iter 2/5)
INFO  [11:57:22.909] [mlr3] Applying learner 'classif.cv_glmnet' on task 'candi_gene' (iter 3/5)
INFO  [11:57:23.124] [mlr3] Applying learner 'classif.cv_glmnet' on task 'candi_gene' (iter 4/5)
INFO  [11:57:23.324] [mlr3] Applying learner 'classif.cv_glmnet' on task 'candi_gene' (iter 5/5)
INFO  [11:57:23.522] [mlr3] Finished benchmark
INFO  [11:57:23.546] [bbotk] Result of batch 11:
INFO  [11:57:23.548] [bbotk]  alpha classif.auc warnings errors runtime_learners
INFO  [11:57:23.548] [bbotk]   0.25   0.5201965        0      0            0.984
INFO  [11:57:23.548] [bbotk]                                 uhash
INFO  [11:57:23.548] [bbotk]  71dc3c59-b997-43d7-a2a0-07e393e0b8d8
INFO  [11:57:23.550] [bbotk] Evaluating 1 configuration(s)
INFO  [11:57:23.572] [mlr3] Running benchmark with 5 resampling iterations
INFO  [11:57:23.576] [mlr3] Applying learner 'classif.cv_glmnet' on task 'candi_gene' (iter 1/5)
INFO  [11:57:23.853] [mlr3] Applying learner 'classif.cv_glmnet' on task 'candi_gene' (iter 2/5)
INFO  [11:57:24.106] [mlr3] Applying learner 'classif.cv_glmnet' on task 'candi_gene' (iter 3/5)
INFO  [11:57:24.376] [mlr3] Applying learner 'classif.cv_glmnet' on task 'candi_gene' (iter 4/5)
INFO  [11:57:24.972] [mlr3] Applying learner 'classif.cv_glmnet' on task 'candi_gene' (iter 5/5)
INFO  [11:57:25.217] [mlr3] Finished benchmark
INFO  [11:57:25.240] [bbotk] Result of batch 12:
INFO  [11:57:25.242] [bbotk]  alpha classif.auc warnings errors runtime_learners
INFO  [11:57:25.242] [bbotk]   0.05    0.700726        0      0            1.599
INFO  [11:57:25.242] [bbotk]                                 uhash
INFO  [11:57:25.242] [bbotk]  e7ed514a-7791-491d-b57d-5f20ccfb53b1
INFO  [11:57:25.243] [bbotk] Evaluating 1 configuration(s)
INFO  [11:57:25.265] [mlr3] Running benchmark with 5 resampling iterations
INFO  [11:57:25.270] [mlr3] Applying learner 'classif.cv_glmnet' on task 'candi_gene' (iter 1/5)
INFO  [11:57:25.470] [mlr3] Applying learner 'classif.cv_glmnet' on task 'candi_gene' (iter 2/5)
INFO  [11:57:25.654] [mlr3] Applying learner 'classif.cv_glmnet' on task 'candi_gene' (iter 3/5)
INFO  [11:57:25.857] [mlr3] Applying learner 'classif.cv_glmnet' on task 'candi_gene' (iter 4/5)
INFO  [11:57:26.040] [mlr3] Applying learner 'classif.cv_glmnet' on task 'candi_gene' (iter 5/5)
INFO  [11:57:26.225] [mlr3] Finished benchmark
INFO  [11:57:26.249] [bbotk] Result of batch 13:
INFO  [11:57:26.251] [bbotk]  alpha classif.auc warnings errors runtime_learners
INFO  [11:57:26.251] [bbotk]   0.35   0.5210145        0      0            0.913
INFO  [11:57:26.251] [bbotk]                                 uhash
INFO  [11:57:26.251] [bbotk]  e7b1a0a8-2002-45af-bb12-e234138a56c4
INFO  [11:57:26.252] [bbotk] Evaluating 1 configuration(s)
INFO  [11:57:26.278] [mlr3] Running benchmark with 5 resampling iterations
INFO  [11:57:26.282] [mlr3] Applying learner 'classif.cv_glmnet' on task 'candi_gene' (iter 1/5)
INFO  [11:57:26.464] [mlr3] Applying learner 'classif.cv_glmnet' on task 'candi_gene' (iter 2/5)
INFO  [11:57:26.634] [mlr3] Applying learner 'classif.cv_glmnet' on task 'candi_gene' (iter 3/5)
INFO  [11:57:26.812] [mlr3] Applying learner 'classif.cv_glmnet' on task 'candi_gene' (iter 4/5)
INFO  [11:57:26.982] [mlr3] Applying learner 'classif.cv_glmnet' on task 'candi_gene' (iter 5/5)
INFO  [11:57:27.158] [mlr3] Finished benchmark
INFO  [11:57:27.181] [bbotk] Result of batch 14:
INFO  [11:57:27.183] [bbotk]  alpha classif.auc warnings errors runtime_learners
INFO  [11:57:27.183] [bbotk]   0.85   0.5430514        0      0            0.835
INFO  [11:57:27.183] [bbotk]                                 uhash
INFO  [11:57:27.183] [bbotk]  3bc899e2-47dc-4308-be29-568a360ee81e
INFO  [11:57:27.185] [bbotk] Evaluating 1 configuration(s)
INFO  [11:57:27.207] [mlr3] Running benchmark with 5 resampling iterations
INFO  [11:57:27.211] [mlr3] Applying learner 'classif.cv_glmnet' on task 'candi_gene' (iter 1/5)
INFO  [11:57:27.390] [mlr3] Applying learner 'classif.cv_glmnet' on task 'candi_gene' (iter 2/5)
INFO  [11:57:27.562] [mlr3] Applying learner 'classif.cv_glmnet' on task 'candi_gene' (iter 3/5)
INFO  [11:57:27.747] [mlr3] Applying learner 'classif.cv_glmnet' on task 'candi_gene' (iter 4/5)
INFO  [11:57:27.919] [mlr3] Applying learner 'classif.cv_glmnet' on task 'candi_gene' (iter 5/5)
INFO  [11:57:28.096] [mlr3] Finished benchmark
INFO  [11:57:28.120] [bbotk] Result of batch 15:
INFO  [11:57:28.122] [bbotk]  alpha classif.auc warnings errors runtime_learners
INFO  [11:57:28.122] [bbotk]   0.65   0.4899306        0      0            0.844
INFO  [11:57:28.122] [bbotk]                                 uhash
INFO  [11:57:28.122] [bbotk]  23ec2afb-dc31-424c-862b-5a8980523791
INFO  [11:57:28.123] [bbotk] Evaluating 1 configuration(s)
INFO  [11:57:28.145] [mlr3] Running benchmark with 5 resampling iterations
INFO  [11:57:28.149] [mlr3] Applying learner 'classif.cv_glmnet' on task 'candi_gene' (iter 1/5)
INFO  [11:57:28.337] [mlr3] Applying learner 'classif.cv_glmnet' on task 'candi_gene' (iter 2/5)
INFO  [11:57:28.510] [mlr3] Applying learner 'classif.cv_glmnet' on task 'candi_gene' (iter 3/5)
INFO  [11:57:28.703] [mlr3] Applying learner 'classif.cv_glmnet' on task 'candi_gene' (iter 4/5)
INFO  [11:57:28.878] [mlr3] Applying learner 'classif.cv_glmnet' on task 'candi_gene' (iter 5/5)
INFO  [11:57:29.056] [mlr3] Finished benchmark
INFO  [11:57:29.080] [bbotk] Result of batch 16:
INFO  [11:57:29.082] [bbotk]  alpha classif.auc warnings errors runtime_learners
INFO  [11:57:29.082] [bbotk]   0.55   0.5647343        0      0            0.865
INFO  [11:57:29.082] [bbotk]                                 uhash
INFO  [11:57:29.082] [bbotk]  3fab4f8a-4ba5-448f-9593-77a35848072c
INFO  [11:57:29.083] [bbotk] Evaluating 1 configuration(s)
INFO  [11:57:29.105] [mlr3] Running benchmark with 5 resampling iterations
INFO  [11:57:29.110] [mlr3] Applying learner 'classif.cv_glmnet' on task 'candi_gene' (iter 1/5)
INFO  [11:57:29.296] [mlr3] Applying learner 'classif.cv_glmnet' on task 'candi_gene' (iter 2/5)
INFO  [11:57:29.465] [mlr3] Applying learner 'classif.cv_glmnet' on task 'candi_gene' (iter 3/5)
INFO  [11:57:29.651] [mlr3] Applying learner 'classif.cv_glmnet' on task 'candi_gene' (iter 4/5)
INFO  [11:57:29.819] [mlr3] Applying learner 'classif.cv_glmnet' on task 'candi_gene' (iter 5/5)
INFO  [11:57:29.994] [mlr3] Finished benchmark
INFO  [11:57:30.018] [bbotk] Result of batch 17:
INFO  [11:57:30.020] [bbotk]  alpha classif.auc warnings errors runtime_learners
INFO  [11:57:30.020] [bbotk]   0.75    0.505314        0      0            0.843
INFO  [11:57:30.020] [bbotk]                                 uhash
INFO  [11:57:30.020] [bbotk]  98135cfa-3cf4-4e9e-9f38-5e5cc9b37ec9
INFO  [11:57:30.022] [bbotk] Evaluating 1 configuration(s)
INFO  [11:57:30.044] [mlr3] Running benchmark with 5 resampling iterations
INFO  [11:57:30.048] [mlr3] Applying learner 'classif.cv_glmnet' on task 'candi_gene' (iter 1/5)
INFO  [11:57:30.249] [mlr3] Applying learner 'classif.cv_glmnet' on task 'candi_gene' (iter 2/5)
INFO  [11:57:30.430] [mlr3] Applying learner 'classif.cv_glmnet' on task 'candi_gene' (iter 3/5)
INFO  [11:57:30.618] [mlr3] Applying learner 'classif.cv_glmnet' on task 'candi_gene' (iter 4/5)
INFO  [11:57:30.798] [mlr3] Applying learner 'classif.cv_glmnet' on task 'candi_gene' (iter 5/5)
INFO  [11:57:30.981] [mlr3] Finished benchmark
INFO  [11:57:31.005] [bbotk] Result of batch 18:
INFO  [11:57:31.007] [bbotk]  alpha classif.auc warnings errors runtime_learners
INFO  [11:57:31.007] [bbotk]    0.5   0.5324879        0      0            0.891
INFO  [11:57:31.007] [bbotk]                                 uhash
INFO  [11:57:31.007] [bbotk]  aff1231e-04e6-4d1f-9e0f-15c89465c0c7
INFO  [11:57:31.008] [bbotk] Evaluating 1 configuration(s)
INFO  [11:57:31.030] [mlr3] Running benchmark with 5 resampling iterations
INFO  [11:57:31.035] [mlr3] Applying learner 'classif.cv_glmnet' on task 'candi_gene' (iter 1/5)
INFO  [11:57:31.285] [mlr3] Applying learner 'classif.cv_glmnet' on task 'candi_gene' (iter 2/5)
INFO  [11:57:31.511] [mlr3] Applying learner 'classif.cv_glmnet' on task 'candi_gene' (iter 3/5)
INFO  [11:57:31.762] [mlr3] Applying learner 'classif.cv_glmnet' on task 'candi_gene' (iter 4/5)
INFO  [11:57:31.992] [mlr3] Applying learner 'classif.cv_glmnet' on task 'candi_gene' (iter 5/5)
INFO  [11:57:32.220] [mlr3] Finished benchmark
INFO  [11:57:32.244] [bbotk] Result of batch 19:
INFO  [11:57:32.246] [bbotk]  alpha classif.auc warnings errors runtime_learners
INFO  [11:57:32.246] [bbotk]    0.1   0.6306201        0      0            1.143
INFO  [11:57:32.246] [bbotk]                                 uhash
INFO  [11:57:32.246] [bbotk]  e0ae2fad-cf09-4e4c-83a7-efe3d6ab6f20
INFO  [11:57:32.247] [bbotk] Evaluating 1 configuration(s)
INFO  [11:57:32.270] [mlr3] Running benchmark with 5 resampling iterations
INFO  [11:57:32.274] [mlr3] Applying learner 'classif.cv_glmnet' on task 'candi_gene' (iter 1/5)
INFO  [11:57:32.471] [mlr3] Applying learner 'classif.cv_glmnet' on task 'candi_gene' (iter 2/5)
INFO  [11:57:32.656] [mlr3] Applying learner 'classif.cv_glmnet' on task 'candi_gene' (iter 3/5)
INFO  [11:57:32.852] [mlr3] Applying learner 'classif.cv_glmnet' on task 'candi_gene' (iter 4/5)
INFO  [11:57:33.036] [mlr3] Applying learner 'classif.cv_glmnet' on task 'candi_gene' (iter 5/5)
INFO  [11:57:33.220] [mlr3] Finished benchmark
INFO  [11:57:33.245] [bbotk] Result of batch 20:
INFO  [11:57:33.247] [bbotk]  alpha classif.auc warnings errors runtime_learners
INFO  [11:57:33.247] [bbotk]   0.45   0.5246528        0      0            0.905
INFO  [11:57:33.247] [bbotk]                                 uhash
INFO  [11:57:33.247] [bbotk]  2088cba0-d17f-44fa-a786-3a4447794236
INFO  [11:57:33.248] [bbotk] Evaluating 1 configuration(s)
INFO  [11:57:33.270] [mlr3] Running benchmark with 5 resampling iterations
INFO  [11:57:33.275] [mlr3] Applying learner 'classif.cv_glmnet' on task 'candi_gene' (iter 1/5)
INFO  [11:57:33.461] [mlr3] Applying learner 'classif.cv_glmnet' on task 'candi_gene' (iter 2/5)
INFO  [11:57:33.629] [mlr3] Applying learner 'classif.cv_glmnet' on task 'candi_gene' (iter 3/5)
INFO  [11:57:33.821] [mlr3] Applying learner 'classif.cv_glmnet' on task 'candi_gene' (iter 4/5)
INFO  [11:57:34.000] [mlr3] Applying learner 'classif.cv_glmnet' on task 'candi_gene' (iter 5/5)
INFO  [11:57:34.183] [mlr3] Finished benchmark
INFO  [11:57:34.208] [bbotk] Result of batch 21:
INFO  [11:57:34.210] [bbotk]  alpha classif.auc warnings errors runtime_learners
INFO  [11:57:34.210] [bbotk]    0.7   0.4850242        0      0            0.867
INFO  [11:57:34.210] [bbotk]                                 uhash
INFO  [11:57:34.210] [bbotk]  bcd97abd-0ac6-4050-b932-c83e03d6082c
INFO  [11:57:34.214] [bbotk] Finished optimizing after 21 evaluation(s)
INFO  [11:57:34.215] [bbotk] Result:
INFO  [11:57:34.217] [bbotk]   alpha learner_param_vals x_domain classif.auc
INFO  [11:57:34.217] [bbotk]  <char>             <list>   <list>       <num>
INFO  [11:57:34.217] [bbotk]    0.05       c(7.8947....     0.05    0.700726
