Conda environment: *
R version 4.3.1 (2023-06-16)
Platform: x86_64-conda-linux-gnu (64-bit)
Running under: Red Hat Enterprise Linux 8.3 (Ootpa)

Matrix products: default
BLAS/LAPACK: /ess/home/home1/beiw/miniconda3/envs/5hmc_os_env/lib/libopenblasp-r0.3.27.so;  LAPACK version 3.12.0

locale:
[1] C

time zone: America/Chicago
tzcode source: system (glibc)

attached base packages:
[1] stats4    stats     graphics  grDevices utils     datasets  methods  
[8] base     

other attached packages:
 [1] conflicted_1.2.0            DESeq2_1.40.2              
 [3] SummarizedExperiment_1.30.2 Biobase_2.60.0             
 [5] MatrixGenerics_1.12.2       matrixStats_1.2.0          
 [7] GenomicRanges_1.52.0        GenomeInfoDb_1.36.1        
 [9] IRanges_2.34.1              S4Vectors_0.38.1           
[11] BiocGenerics_0.46.0         glmnet_4.1-8               
[13] Matrix_1.6-5                mlr3learners_0.5.8         
[15] mlr3tuning_0.19.0           paradox_0.11.1             
[17] mlr3_0.19.0                 lubridate_1.9.3            
[19] forcats_1.0.0               stringr_1.5.1              
[21] purrr_1.0.2                 readr_2.1.5                
[23] tidyr_1.3.1                 tibble_3.2.1               
[25] ggplot2_3.4.4               tidyverse_2.0.0            
[27] dplyr_1.1.4                

loaded via a namespace (and not attached):
 [1] gtable_0.3.4            shape_1.4.6             lattice_0.21-9         
 [4] tzdb_0.4.0              bitops_1.0-7            vctrs_0.6.4            
 [7] tools_4.3.1             generics_0.1.3          parallel_4.3.1         
[10] fansi_1.0.5             pkgconfig_2.0.3         data.table_1.15.2      
[13] checkmate_2.3.1         uuid_1.1-1              GenomeInfoDbData_1.2.11
[16] lifecycle_1.0.3         compiler_4.3.1          munsell_0.5.0          
[19] RhpcBLASctl_0.23-42     codetools_0.2-20        bbotk_0.7.2            
[22] RCurl_1.98-1.12         pillar_1.9.0            crayon_1.5.2           
[25] BiocParallel_1.34.2     cachem_1.0.8            DelayedArray_0.26.6    
[28] iterators_1.0.14        foreach_1.5.2           parallelly_1.37.1      
[31] locfit_1.5-9.8          tidyselect_1.2.0        digest_0.6.35          
[34] stringi_1.7.12          future_1.33.2           listenv_0.9.1          
[37] splines_4.3.1           fastmap_1.1.1           grid_4.3.1             
[40] colorspace_2.1-0        cli_3.6.1               magrittr_2.0.3         
[43] S4Arrays_1.0.4          survival_3.5-7          utf8_1.2.4             
[46] withr_2.5.1             scales_1.2.1            backports_1.4.1        
[49] timechange_0.2.0        XVector_0.40.0          globals_0.16.3         
[52] hms_1.1.3               memoise_2.0.1           mlr3misc_0.15.0        
[55] rlang_1.1.1             Rcpp_1.0.11             glue_1.6.2             
[58] palmerpenguins_0.1.1    lgr_0.4.4               R6_2.5.1               
[61] zlibbioc_1.46.0        
INFO  [11:55:56.744] [bbotk] Starting to optimize 1 parameter(s) with '<TunerGridSearch>' and '<TerminatorNone>'
INFO  [11:55:56.770] [bbotk] Evaluating 1 configuration(s)
INFO  [11:55:56.805] [mlr3] Running benchmark with 5 resampling iterations
INFO  [11:55:56.843] [mlr3] Applying learner 'classif.cv_glmnet' on task 'candi_gene' (iter 1/5)
INFO  [11:55:57.498] [mlr3] Applying learner 'classif.cv_glmnet' on task 'candi_gene' (iter 2/5)
INFO  [11:55:57.702] [mlr3] Applying learner 'classif.cv_glmnet' on task 'candi_gene' (iter 3/5)
INFO  [11:55:57.888] [mlr3] Applying learner 'classif.cv_glmnet' on task 'candi_gene' (iter 4/5)
INFO  [11:55:58.085] [mlr3] Applying learner 'classif.cv_glmnet' on task 'candi_gene' (iter 5/5)
INFO  [11:55:58.272] [mlr3] Finished benchmark
INFO  [11:55:58.300] [bbotk] Result of batch 1:
INFO  [11:55:58.303] [bbotk]  alpha classif.auc warnings errors runtime_learners
INFO  [11:55:58.303] [bbotk]   0.55   0.5640043        0      0            1.379
INFO  [11:55:58.303] [bbotk]                                 uhash
INFO  [11:55:58.303] [bbotk]  d9c5538a-85e0-4914-bcce-73f894048e95
INFO  [11:55:58.306] [bbotk] Evaluating 1 configuration(s)
INFO  [11:55:58.329] [mlr3] Running benchmark with 5 resampling iterations
INFO  [11:55:58.333] [mlr3] Applying learner 'classif.cv_glmnet' on task 'candi_gene' (iter 1/5)
INFO  [11:55:58.535] [mlr3] Applying learner 'classif.cv_glmnet' on task 'candi_gene' (iter 2/5)
INFO  [11:55:58.731] [mlr3] Applying learner 'classif.cv_glmnet' on task 'candi_gene' (iter 3/5)
INFO  [11:55:58.917] [mlr3] Applying learner 'classif.cv_glmnet' on task 'candi_gene' (iter 4/5)
INFO  [11:55:59.097] [mlr3] Applying learner 'classif.cv_glmnet' on task 'candi_gene' (iter 5/5)
INFO  [11:55:59.273] [mlr3] Finished benchmark
INFO  [11:55:59.298] [bbotk] Result of batch 2:
INFO  [11:55:59.300] [bbotk]  alpha classif.auc warnings errors runtime_learners
INFO  [11:55:59.300] [bbotk]      1   0.5201082        0      0            0.897
INFO  [11:55:59.300] [bbotk]                                 uhash
INFO  [11:55:59.300] [bbotk]  e268a825-af20-40a3-9dec-c71619e4c0e8
INFO  [11:55:59.301] [bbotk] Evaluating 1 configuration(s)
INFO  [11:55:59.324] [mlr3] Running benchmark with 5 resampling iterations
INFO  [11:55:59.329] [mlr3] Applying learner 'classif.cv_glmnet' on task 'candi_gene' (iter 1/5)
INFO  [11:55:59.541] [mlr3] Applying learner 'classif.cv_glmnet' on task 'candi_gene' (iter 2/5)
INFO  [11:55:59.760] [mlr3] Applying learner 'classif.cv_glmnet' on task 'candi_gene' (iter 3/5)
INFO  [11:55:59.974] [mlr3] Applying learner 'classif.cv_glmnet' on task 'candi_gene' (iter 4/5)
INFO  [11:56:00.180] [mlr3] Applying learner 'classif.cv_glmnet' on task 'candi_gene' (iter 5/5)
INFO  [11:56:00.384] [mlr3] Finished benchmark
INFO  [11:56:00.409] [bbotk] Result of batch 3:
INFO  [11:56:00.411] [bbotk]  alpha classif.auc warnings errors runtime_learners
INFO  [11:56:00.411] [bbotk]    0.3   0.5588745        0      0            1.011
INFO  [11:56:00.411] [bbotk]                                 uhash
INFO  [11:56:00.411] [bbotk]  81484e3e-888b-40a9-b715-36f6b024cd51
INFO  [11:56:00.412] [bbotk] Evaluating 1 configuration(s)
INFO  [11:56:00.435] [mlr3] Running benchmark with 5 resampling iterations
INFO  [11:56:00.439] [mlr3] Applying learner 'classif.cv_glmnet' on task 'candi_gene' (iter 1/5)
INFO  [11:56:00.632] [mlr3] Applying learner 'classif.cv_glmnet' on task 'candi_gene' (iter 2/5)
INFO  [11:56:01.207] [mlr3] Applying learner 'classif.cv_glmnet' on task 'candi_gene' (iter 3/5)
INFO  [11:56:01.393] [mlr3] Applying learner 'classif.cv_glmnet' on task 'candi_gene' (iter 4/5)
INFO  [11:56:01.570] [mlr3] Applying learner 'classif.cv_glmnet' on task 'candi_gene' (iter 5/5)
INFO  [11:56:01.752] [mlr3] Finished benchmark
INFO  [11:56:01.777] [bbotk] Result of batch 4:
INFO  [11:56:01.779] [bbotk]  alpha classif.auc warnings errors runtime_learners
INFO  [11:56:01.779] [bbotk]    0.6    0.555368        0      0            1.268
INFO  [11:56:01.779] [bbotk]                                 uhash
INFO  [11:56:01.779] [bbotk]  e31bc2e9-3ed1-4170-9fbd-b26399effa09
INFO  [11:56:01.780] [bbotk] Evaluating 1 configuration(s)
INFO  [11:56:01.803] [mlr3] Running benchmark with 5 resampling iterations
INFO  [11:56:01.808] [mlr3] Applying learner 'classif.cv_glmnet' on task 'candi_gene' (iter 1/5)
INFO  [11:56:02.038] [mlr3] Applying learner 'classif.cv_glmnet' on task 'candi_gene' (iter 2/5)
INFO  [11:56:02.278] [mlr3] Applying learner 'classif.cv_glmnet' on task 'candi_gene' (iter 3/5)
INFO  [11:56:02.500] [mlr3] Applying learner 'classif.cv_glmnet' on task 'candi_gene' (iter 4/5)
INFO  [11:56:02.722] [mlr3] Applying learner 'classif.cv_glmnet' on task 'candi_gene' (iter 5/5)
INFO  [11:56:02.941] [mlr3] Finished benchmark
INFO  [11:56:02.965] [bbotk] Result of batch 5:
INFO  [11:56:02.967] [bbotk]  alpha classif.auc warnings errors runtime_learners
INFO  [11:56:02.967] [bbotk]   0.15   0.5984682        0      0            1.092
INFO  [11:56:02.967] [bbotk]                                 uhash
INFO  [11:56:02.967] [bbotk]  3cda23d1-e54a-4111-9656-a8c6076285f2
INFO  [11:56:02.968] [bbotk] Evaluating 1 configuration(s)
INFO  [11:56:02.991] [mlr3] Running benchmark with 5 resampling iterations
INFO  [11:56:02.996] [mlr3] Applying learner 'classif.cv_glmnet' on task 'candi_gene' (iter 1/5)
INFO  [11:56:03.208] [mlr3] Applying learner 'classif.cv_glmnet' on task 'candi_gene' (iter 2/5)
INFO  [11:56:03.435] [mlr3] Applying learner 'classif.cv_glmnet' on task 'candi_gene' (iter 3/5)
INFO  [11:56:03.641] [mlr3] Applying learner 'classif.cv_glmnet' on task 'candi_gene' (iter 4/5)
INFO  [11:56:03.848] [mlr3] Applying learner 'classif.cv_glmnet' on task 'candi_gene' (iter 5/5)
INFO  [11:56:04.052] [mlr3] Finished benchmark
INFO  [11:56:04.076] [bbotk] Result of batch 6:
INFO  [11:56:04.078] [bbotk]  alpha classif.auc warnings errors runtime_learners
INFO  [11:56:04.078] [bbotk]   0.25   0.5866017        0      0            1.014
INFO  [11:56:04.078] [bbotk]                                 uhash
INFO  [11:56:04.078] [bbotk]  f91b7eea-05f3-4076-b95d-0f92ebd5df7d
INFO  [11:56:04.080] [bbotk] Evaluating 1 configuration(s)
INFO  [11:56:04.103] [mlr3] Running benchmark with 5 resampling iterations
INFO  [11:56:04.108] [mlr3] Applying learner 'classif.cv_glmnet' on task 'candi_gene' (iter 1/5)
INFO  [11:56:04.288] [mlr3] Applying learner 'classif.cv_glmnet' on task 'candi_gene' (iter 2/5)
INFO  [11:56:04.485] [mlr3] Applying learner 'classif.cv_glmnet' on task 'candi_gene' (iter 3/5)
INFO  [11:56:04.664] [mlr3] Applying learner 'classif.cv_glmnet' on task 'candi_gene' (iter 4/5)
INFO  [11:56:04.835] [mlr3] Applying learner 'classif.cv_glmnet' on task 'candi_gene' (iter 5/5)
INFO  [11:56:05.016] [mlr3] Finished benchmark
INFO  [11:56:05.041] [bbotk] Result of batch 7:
INFO  [11:56:05.043] [bbotk]  alpha classif.auc warnings errors runtime_learners
INFO  [11:56:05.043] [bbotk]   0.75   0.5837316        0      0            0.864
INFO  [11:56:05.043] [bbotk]                                 uhash
INFO  [11:56:05.043] [bbotk]  d5d663aa-f1b0-4c6a-9165-36d9944c09a0
INFO  [11:56:05.044] [bbotk] Evaluating 1 configuration(s)
INFO  [11:56:05.067] [mlr3] Running benchmark with 5 resampling iterations
INFO  [11:56:05.072] [mlr3] Applying learner 'classif.cv_glmnet' on task 'candi_gene' (iter 1/5)
INFO  [11:56:05.292] [mlr3] Applying learner 'classif.cv_glmnet' on task 'candi_gene' (iter 2/5)
INFO  [11:56:05.523] [mlr3] Applying learner 'classif.cv_glmnet' on task 'candi_gene' (iter 3/5)
INFO  [11:56:05.734] [mlr3] Applying learner 'classif.cv_glmnet' on task 'candi_gene' (iter 4/5)
INFO  [11:56:05.949] [mlr3] Applying learner 'classif.cv_glmnet' on task 'candi_gene' (iter 5/5)
INFO  [11:56:06.159] [mlr3] Finished benchmark
INFO  [11:56:06.184] [bbotk] Result of batch 8:
INFO  [11:56:06.186] [bbotk]  alpha classif.auc warnings errors runtime_learners
INFO  [11:56:06.186] [bbotk]    0.2   0.5570693        0      0            1.044
INFO  [11:56:06.186] [bbotk]                                 uhash
INFO  [11:56:06.186] [bbotk]  7a7b5b1e-1da5-4bc9-be7e-041ffc1381bb
INFO  [11:56:06.187] [bbotk] Evaluating 1 configuration(s)
INFO  [11:56:06.210] [mlr3] Running benchmark with 5 resampling iterations
INFO  [11:56:06.215] [mlr3] Applying learner 'classif.cv_glmnet' on task 'candi_gene' (iter 1/5)
INFO  [11:56:06.465] [mlr3] Applying learner 'classif.cv_glmnet' on task 'candi_gene' (iter 2/5)
INFO  [11:56:06.722] [mlr3] Applying learner 'classif.cv_glmnet' on task 'candi_gene' (iter 3/5)
INFO  [11:56:06.965] [mlr3] Applying learner 'classif.cv_glmnet' on task 'candi_gene' (iter 4/5)
INFO  [11:56:07.220] [mlr3] Applying learner 'classif.cv_glmnet' on task 'candi_gene' (iter 5/5)
INFO  [11:56:07.445] [mlr3] Finished benchmark
INFO  [11:56:07.477] [bbotk] Result of batch 9:
INFO  [11:56:07.479] [bbotk]  alpha classif.auc warnings errors runtime_learners
INFO  [11:56:07.479] [bbotk]    0.1   0.6179784        0      0            1.189
INFO  [11:56:07.479] [bbotk]                                 uhash
INFO  [11:56:07.479] [bbotk]  a3d1f75a-6195-43ac-a9cd-cef5965ea015
INFO  [11:56:07.481] [bbotk] Evaluating 1 configuration(s)
INFO  [11:56:07.504] [mlr3] Running benchmark with 5 resampling iterations
INFO  [11:56:07.509] [mlr3] Applying learner 'classif.cv_glmnet' on task 'candi_gene' (iter 1/5)
INFO  [11:56:07.687] [mlr3] Applying learner 'classif.cv_glmnet' on task 'candi_gene' (iter 2/5)
INFO  [11:56:07.881] [mlr3] Applying learner 'classif.cv_glmnet' on task 'candi_gene' (iter 3/5)
INFO  [11:56:08.060] [mlr3] Applying learner 'classif.cv_glmnet' on task 'candi_gene' (iter 4/5)
INFO  [11:56:08.233] [mlr3] Applying learner 'classif.cv_glmnet' on task 'candi_gene' (iter 5/5)
INFO  [11:56:08.415] [mlr3] Finished benchmark
INFO  [11:56:08.440] [bbotk] Result of batch 10:
INFO  [11:56:08.442] [bbotk]  alpha classif.auc warnings errors runtime_learners
INFO  [11:56:08.442] [bbotk]   0.65   0.5725844        0      0            0.863
INFO  [11:56:08.442] [bbotk]                                 uhash
INFO  [11:56:08.442] [bbotk]  dc71de45-df2d-4add-a89f-d1f637d5b364
INFO  [11:56:08.443] [bbotk] Evaluating 1 configuration(s)
INFO  [11:56:08.466] [mlr3] Running benchmark with 5 resampling iterations
INFO  [11:56:08.471] [mlr3] Applying learner 'classif.cv_glmnet' on task 'candi_gene' (iter 1/5)
INFO  [11:56:08.667] [mlr3] Applying learner 'classif.cv_glmnet' on task 'candi_gene' (iter 2/5)
INFO  [11:56:08.865] [mlr3] Applying learner 'classif.cv_glmnet' on task 'candi_gene' (iter 3/5)
INFO  [11:56:09.053] [mlr3] Applying learner 'classif.cv_glmnet' on task 'candi_gene' (iter 4/5)
INFO  [11:56:09.239] [mlr3] Applying learner 'classif.cv_glmnet' on task 'candi_gene' (iter 5/5)
INFO  [11:56:09.426] [mlr3] Finished benchmark
INFO  [11:56:09.451] [bbotk] Result of batch 11:
INFO  [11:56:09.453] [bbotk]  alpha classif.auc warnings errors runtime_learners
INFO  [11:56:09.453] [bbotk]    0.5   0.6574776        0      0            0.913
INFO  [11:56:09.453] [bbotk]                                 uhash
INFO  [11:56:09.453] [bbotk]  69bd1d3c-af7e-4c52-9644-7936ebd238dd
INFO  [11:56:09.454] [bbotk] Evaluating 1 configuration(s)
INFO  [11:56:09.478] [mlr3] Running benchmark with 5 resampling iterations
INFO  [11:56:09.482] [mlr3] Applying learner 'classif.cv_glmnet' on task 'candi_gene' (iter 1/5)
INFO  [11:56:09.672] [mlr3] Applying learner 'classif.cv_glmnet' on task 'candi_gene' (iter 2/5)
INFO  [11:56:09.867] [mlr3] Applying learner 'classif.cv_glmnet' on task 'candi_gene' (iter 3/5)
INFO  [11:56:10.051] [mlr3] Applying learner 'classif.cv_glmnet' on task 'candi_gene' (iter 4/5)
INFO  [11:56:10.231] [mlr3] Applying learner 'classif.cv_glmnet' on task 'candi_gene' (iter 5/5)
INFO  [11:56:10.409] [mlr3] Finished benchmark
INFO  [11:56:10.434] [bbotk] Result of batch 12:
INFO  [11:56:10.436] [bbotk]  alpha classif.auc warnings errors runtime_learners
INFO  [11:56:10.436] [bbotk]   0.95   0.5147879        0      0            0.882
INFO  [11:56:10.436] [bbotk]                                 uhash
INFO  [11:56:10.436] [bbotk]  5ed1fcd2-bd43-4b74-ad21-8c8fb39ccf5b
INFO  [11:56:10.437] [bbotk] Evaluating 1 configuration(s)
INFO  [11:56:10.460] [mlr3] Running benchmark with 5 resampling iterations
INFO  [11:56:10.465] [mlr3] Applying learner 'classif.cv_glmnet' on task 'candi_gene' (iter 1/5)
INFO  [11:56:10.651] [mlr3] Applying learner 'classif.cv_glmnet' on task 'candi_gene' (iter 2/5)
INFO  [11:56:10.843] [mlr3] Applying learner 'classif.cv_glmnet' on task 'candi_gene' (iter 3/5)
INFO  [11:56:11.023] [mlr3] Applying learner 'classif.cv_glmnet' on task 'candi_gene' (iter 4/5)
INFO  [11:56:11.204] [mlr3] Applying learner 'classif.cv_glmnet' on task 'candi_gene' (iter 5/5)
INFO  [11:56:11.385] [mlr3] Finished benchmark
INFO  [11:56:11.410] [bbotk] Result of batch 13:
INFO  [11:56:11.413] [bbotk]  alpha classif.auc warnings errors runtime_learners
INFO  [11:56:11.413] [bbotk]    0.8   0.5604199        0      0            0.878
INFO  [11:56:11.413] [bbotk]                                 uhash
INFO  [11:56:11.413] [bbotk]  80bbccca-d608-4f9f-a889-6ceabba12de8
INFO  [11:56:11.414] [bbotk] Evaluating 1 configuration(s)
INFO  [11:56:11.437] [mlr3] Running benchmark with 5 resampling iterations
INFO  [11:56:11.442] [mlr3] Applying learner 'classif.cv_glmnet' on task 'candi_gene' (iter 1/5)
INFO  [11:56:11.647] [mlr3] Applying learner 'classif.cv_glmnet' on task 'candi_gene' (iter 2/5)
INFO  [11:56:11.860] [mlr3] Applying learner 'classif.cv_glmnet' on task 'candi_gene' (iter 3/5)
INFO  [11:56:12.056] [mlr3] Applying learner 'classif.cv_glmnet' on task 'candi_gene' (iter 4/5)
INFO  [11:56:12.262] [mlr3] Applying learner 'classif.cv_glmnet' on task 'candi_gene' (iter 5/5)
INFO  [11:56:12.459] [mlr3] Finished benchmark
INFO  [11:56:12.484] [bbotk] Result of batch 14:
INFO  [11:56:12.486] [bbotk]  alpha classif.auc warnings errors runtime_learners
INFO  [11:56:12.486] [bbotk]   0.35   0.5559524        0      0            0.974
INFO  [11:56:12.486] [bbotk]                                 uhash
INFO  [11:56:12.486] [bbotk]  3770729b-e4a6-4806-ade5-d45222ed0b5b
INFO  [11:56:12.487] [bbotk] Evaluating 1 configuration(s)
INFO  [11:56:12.510] [mlr3] Running benchmark with 5 resampling iterations
INFO  [11:56:12.514] [mlr3] Applying learner 'classif.cv_glmnet' on task 'candi_gene' (iter 1/5)
INFO  [11:56:12.720] [mlr3] Applying learner 'classif.cv_glmnet' on task 'candi_gene' (iter 2/5)
INFO  [11:56:12.936] [mlr3] Applying learner 'classif.cv_glmnet' on task 'candi_gene' (iter 3/5)
INFO  [11:56:13.124] [mlr3] Applying learner 'classif.cv_glmnet' on task 'candi_gene' (iter 4/5)
INFO  [11:56:13.316] [mlr3] Applying learner 'classif.cv_glmnet' on task 'candi_gene' (iter 5/5)
INFO  [11:56:13.509] [mlr3] Finished benchmark
INFO  [11:56:13.534] [bbotk] Result of batch 15:
INFO  [11:56:13.537] [bbotk]  alpha classif.auc warnings errors runtime_learners
INFO  [11:56:13.537] [bbotk]   0.45   0.5695801        0      0            0.951
INFO  [11:56:13.537] [bbotk]                                 uhash
INFO  [11:56:13.537] [bbotk]  0f637681-e6de-47a9-ae45-26fc11f2b5f6
INFO  [11:56:13.538] [bbotk] Evaluating 1 configuration(s)
INFO  [11:56:13.561] [mlr3] Running benchmark with 5 resampling iterations
INFO  [11:56:13.566] [mlr3] Applying learner 'classif.cv_glmnet' on task 'candi_gene' (iter 1/5)
INFO  [11:56:13.772] [mlr3] Applying learner 'classif.cv_glmnet' on task 'candi_gene' (iter 2/5)
INFO  [11:56:13.989] [mlr3] Applying learner 'classif.cv_glmnet' on task 'candi_gene' (iter 3/5)
INFO  [11:56:14.180] [mlr3] Applying learner 'classif.cv_glmnet' on task 'candi_gene' (iter 4/5)
INFO  [11:56:14.376] [mlr3] Applying learner 'classif.cv_glmnet' on task 'candi_gene' (iter 5/5)
INFO  [11:56:14.571] [mlr3] Finished benchmark
INFO  [11:56:14.596] [bbotk] Result of batch 16:
INFO  [11:56:14.598] [bbotk]  alpha classif.auc warnings errors runtime_learners
INFO  [11:56:14.598] [bbotk]    0.4   0.5424329        0      0             0.96
INFO  [11:56:14.598] [bbotk]                                 uhash
INFO  [11:56:14.598] [bbotk]  ffdb0360-3efd-44e4-a8d3-353d3a20e86b
INFO  [11:56:14.600] [bbotk] Evaluating 1 configuration(s)
INFO  [11:56:14.623] [mlr3] Running benchmark with 5 resampling iterations
INFO  [11:56:14.628] [mlr3] Applying learner 'classif.cv_glmnet' on task 'candi_gene' (iter 1/5)
INFO  [11:56:15.049] [mlr3] Applying learner 'classif.cv_glmnet' on task 'candi_gene' (iter 2/5)
INFO  [11:56:15.477] [mlr3] Applying learner 'classif.cv_glmnet' on task 'candi_gene' (iter 3/5)
INFO  [11:56:16.266] [mlr3] Applying learner 'classif.cv_glmnet' on task 'candi_gene' (iter 4/5)
INFO  [11:56:16.684] [mlr3] Applying learner 'classif.cv_glmnet' on task 'candi_gene' (iter 5/5)
INFO  [11:56:17.086] [mlr3] Finished benchmark
INFO  [11:56:17.111] [bbotk] Result of batch 17:
INFO  [11:56:17.113] [bbotk]  alpha classif.auc warnings errors runtime_learners
INFO  [11:56:17.113] [bbotk]      0    0.651569        0      0            2.417
INFO  [11:56:17.113] [bbotk]                                 uhash
INFO  [11:56:17.113] [bbotk]  ccf69c60-6879-414a-ae1f-bd5970fe2751
INFO  [11:56:17.114] [bbotk] Evaluating 1 configuration(s)
INFO  [11:56:17.137] [mlr3] Running benchmark with 5 resampling iterations
INFO  [11:56:17.142] [mlr3] Applying learner 'classif.cv_glmnet' on task 'candi_gene' (iter 1/5)
INFO  [11:56:17.320] [mlr3] Applying learner 'classif.cv_glmnet' on task 'candi_gene' (iter 2/5)
INFO  [11:56:17.515] [mlr3] Applying learner 'classif.cv_glmnet' on task 'candi_gene' (iter 3/5)
INFO  [11:56:17.687] [mlr3] Applying learner 'classif.cv_glmnet' on task 'candi_gene' (iter 4/5)
INFO  [11:56:17.864] [mlr3] Applying learner 'classif.cv_glmnet' on task 'candi_gene' (iter 5/5)
INFO  [11:56:18.037] [mlr3] Finished benchmark
INFO  [11:56:18.062] [bbotk] Result of batch 18:
INFO  [11:56:18.064] [bbotk]  alpha classif.auc warnings errors runtime_learners
INFO  [11:56:18.064] [bbotk]    0.7   0.5642987        0      0            0.856
INFO  [11:56:18.064] [bbotk]                                 uhash
INFO  [11:56:18.064] [bbotk]  fa74b788-0a8d-44b0-bdb4-cca30240f110
INFO  [11:56:18.065] [bbotk] Evaluating 1 configuration(s)
INFO  [11:56:18.088] [mlr3] Running benchmark with 5 resampling iterations
INFO  [11:56:18.093] [mlr3] Applying learner 'classif.cv_glmnet' on task 'candi_gene' (iter 1/5)
INFO  [11:56:18.358] [mlr3] Applying learner 'classif.cv_glmnet' on task 'candi_gene' (iter 2/5)
INFO  [11:56:18.633] [mlr3] Applying learner 'classif.cv_glmnet' on task 'candi_gene' (iter 3/5)
INFO  [11:56:18.893] [mlr3] Applying learner 'classif.cv_glmnet' on task 'candi_gene' (iter 4/5)
INFO  [11:56:19.167] [mlr3] Applying learner 'classif.cv_glmnet' on task 'candi_gene' (iter 5/5)
INFO  [11:56:19.418] [mlr3] Finished benchmark
INFO  [11:56:19.443] [bbotk] Result of batch 19:
INFO  [11:56:19.445] [bbotk]  alpha classif.auc warnings errors runtime_learners
INFO  [11:56:19.445] [bbotk]   0.05    0.592303        0      0             1.28
INFO  [11:56:19.445] [bbotk]                                 uhash
INFO  [11:56:19.445] [bbotk]  f1ae0c21-c58f-43d2-8a09-1744e6379a28
INFO  [11:56:19.447] [bbotk] Evaluating 1 configuration(s)
INFO  [11:56:19.469] [mlr3] Running benchmark with 5 resampling iterations
INFO  [11:56:19.474] [mlr3] Applying learner 'classif.cv_glmnet' on task 'candi_gene' (iter 1/5)
INFO  [11:56:19.658] [mlr3] Applying learner 'classif.cv_glmnet' on task 'candi_gene' (iter 2/5)
INFO  [11:56:19.853] [mlr3] Applying learner 'classif.cv_glmnet' on task 'candi_gene' (iter 3/5)
INFO  [11:56:20.023] [mlr3] Applying learner 'classif.cv_glmnet' on task 'candi_gene' (iter 4/5)
INFO  [11:56:20.199] [mlr3] Applying learner 'classif.cv_glmnet' on task 'candi_gene' (iter 5/5)
INFO  [11:56:20.375] [mlr3] Finished benchmark
INFO  [11:56:20.400] [bbotk] Result of batch 20:
INFO  [11:56:20.402] [bbotk]  alpha classif.auc warnings errors runtime_learners
INFO  [11:56:20.402] [bbotk]   0.85   0.5554113        0      0             0.86
INFO  [11:56:20.402] [bbotk]                                 uhash
INFO  [11:56:20.402] [bbotk]  ecd837c4-3cbb-4efc-825a-be9ddf74ec80
INFO  [11:56:20.403] [bbotk] Evaluating 1 configuration(s)
INFO  [11:56:20.426] [mlr3] Running benchmark with 5 resampling iterations
INFO  [11:56:20.430] [mlr3] Applying learner 'classif.cv_glmnet' on task 'candi_gene' (iter 1/5)
INFO  [11:56:20.614] [mlr3] Applying learner 'classif.cv_glmnet' on task 'candi_gene' (iter 2/5)
INFO  [11:56:20.804] [mlr3] Applying learner 'classif.cv_glmnet' on task 'candi_gene' (iter 3/5)
INFO  [11:56:20.984] [mlr3] Applying learner 'classif.cv_glmnet' on task 'candi_gene' (iter 4/5)
INFO  [11:56:21.154] [mlr3] Applying learner 'classif.cv_glmnet' on task 'candi_gene' (iter 5/5)
INFO  [11:56:21.329] [mlr3] Finished benchmark
INFO  [11:56:21.354] [bbotk] Result of batch 21:
INFO  [11:56:21.356] [bbotk]  alpha classif.auc warnings errors runtime_learners
INFO  [11:56:21.356] [bbotk]    0.9   0.5345238        0      0            0.859
INFO  [11:56:21.356] [bbotk]                                 uhash
INFO  [11:56:21.356] [bbotk]  5cc98880-c3e2-49ce-9c7d-fefa37ea40ab
INFO  [11:56:21.361] [bbotk] Finished optimizing after 21 evaluation(s)
INFO  [11:56:21.362] [bbotk] Result:
INFO  [11:56:21.364] [bbotk]   alpha learner_param_vals x_domain classif.auc
INFO  [11:56:21.364] [bbotk]  <char>             <list>   <list>       <num>
INFO  [11:56:21.364] [bbotk]     0.5       c(7.8947....      0.5   0.6574776
