Conda environment: *
R version 4.3.1 (2023-06-16)
Platform: x86_64-conda-linux-gnu (64-bit)
Running under: Red Hat Enterprise Linux 8.3 (Ootpa)

Matrix products: default
BLAS/LAPACK: /ess/home/home1/beiw/miniconda3/envs/5hmc_os_env/lib/libopenblasp-r0.3.27.so;  LAPACK version 3.12.0

locale:
[1] C

time zone: America/Chicago
tzcode source: system (glibc)

attached base packages:
[1] stats4    stats     graphics  grDevices utils     datasets  methods  
[8] base     

other attached packages:
 [1] conflicted_1.2.0            DESeq2_1.40.2              
 [3] SummarizedExperiment_1.30.2 Biobase_2.60.0             
 [5] MatrixGenerics_1.12.2       matrixStats_1.2.0          
 [7] GenomicRanges_1.52.0        GenomeInfoDb_1.36.1        
 [9] IRanges_2.34.1              S4Vectors_0.38.1           
[11] BiocGenerics_0.46.0         glmnet_4.1-8               
[13] Matrix_1.6-5                mlr3learners_0.5.8         
[15] mlr3tuning_0.19.0           paradox_0.11.1             
[17] mlr3_0.19.0                 lubridate_1.9.3            
[19] forcats_1.0.0               stringr_1.5.1              
[21] purrr_1.0.2                 readr_2.1.5                
[23] tidyr_1.3.1                 tibble_3.2.1               
[25] ggplot2_3.4.4               tidyverse_2.0.0            
[27] dplyr_1.1.4                

loaded via a namespace (and not attached):
 [1] gtable_0.3.4            shape_1.4.6             lattice_0.21-9         
 [4] tzdb_0.4.0              bitops_1.0-7            vctrs_0.6.4            
 [7] tools_4.3.1             generics_0.1.3          parallel_4.3.1         
[10] fansi_1.0.5             pkgconfig_2.0.3         data.table_1.15.2      
[13] checkmate_2.3.1         uuid_1.1-1              GenomeInfoDbData_1.2.11
[16] lifecycle_1.0.3         compiler_4.3.1          munsell_0.5.0          
[19] RhpcBLASctl_0.23-42     codetools_0.2-20        bbotk_0.7.2            
[22] RCurl_1.98-1.12         pillar_1.9.0            crayon_1.5.2           
[25] BiocParallel_1.34.2     cachem_1.0.8            DelayedArray_0.26.6    
[28] iterators_1.0.14        foreach_1.5.2           parallelly_1.37.1      
[31] locfit_1.5-9.8          tidyselect_1.2.0        digest_0.6.35          
[34] stringi_1.7.12          future_1.33.2           listenv_0.9.1          
[37] splines_4.3.1           fastmap_1.1.1           grid_4.3.1             
[40] colorspace_2.1-0        cli_3.6.1               magrittr_2.0.3         
[43] S4Arrays_1.0.4          survival_3.5-7          utf8_1.2.4             
[46] withr_2.5.1             scales_1.2.1            backports_1.4.1        
[49] timechange_0.2.0        XVector_0.40.0          globals_0.16.3         
[52] hms_1.1.3               memoise_2.0.1           mlr3misc_0.15.0        
[55] rlang_1.1.1             Rcpp_1.0.11             glue_1.6.2             
[58] palmerpenguins_0.1.1    lgr_0.4.4               R6_2.5.1               
[61] zlibbioc_1.46.0        
INFO  [11:55:56.896] [bbotk] Starting to optimize 1 parameter(s) with '<TunerGridSearch>' and '<TerminatorNone>'
INFO  [11:55:56.920] [bbotk] Evaluating 1 configuration(s)
INFO  [11:55:56.952] [mlr3] Running benchmark with 5 resampling iterations
INFO  [11:55:56.985] [mlr3] Applying learner 'classif.cv_glmnet' on task 'candi_gene' (iter 1/5)
INFO  [11:55:57.610] [mlr3] Applying learner 'classif.cv_glmnet' on task 'candi_gene' (iter 2/5)
INFO  [11:55:57.788] [mlr3] Applying learner 'classif.cv_glmnet' on task 'candi_gene' (iter 3/5)
INFO  [11:55:57.971] [mlr3] Applying learner 'classif.cv_glmnet' on task 'candi_gene' (iter 4/5)
INFO  [11:55:58.152] [mlr3] Applying learner 'classif.cv_glmnet' on task 'candi_gene' (iter 5/5)
INFO  [11:55:58.333] [mlr3] Finished benchmark
INFO  [11:55:58.360] [bbotk] Result of batch 1:
INFO  [11:55:58.364] [bbotk]  alpha classif.auc warnings errors runtime_learners
INFO  [11:55:58.364] [bbotk]   0.75   0.5949212        0      0              1.3
INFO  [11:55:58.364] [bbotk]                                 uhash
INFO  [11:55:58.364] [bbotk]  9d8dcdc7-c7b2-4e51-b464-4518264cde34
INFO  [11:55:58.366] [bbotk] Evaluating 1 configuration(s)
INFO  [11:55:58.389] [mlr3] Running benchmark with 5 resampling iterations
INFO  [11:55:58.393] [mlr3] Applying learner 'classif.cv_glmnet' on task 'candi_gene' (iter 1/5)
INFO  [11:55:58.600] [mlr3] Applying learner 'classif.cv_glmnet' on task 'candi_gene' (iter 2/5)
INFO  [11:55:58.802] [mlr3] Applying learner 'classif.cv_glmnet' on task 'candi_gene' (iter 3/5)
INFO  [11:55:59.009] [mlr3] Applying learner 'classif.cv_glmnet' on task 'candi_gene' (iter 4/5)
INFO  [11:55:59.209] [mlr3] Applying learner 'classif.cv_glmnet' on task 'candi_gene' (iter 5/5)
INFO  [11:55:59.400] [mlr3] Finished benchmark
INFO  [11:55:59.429] [bbotk] Result of batch 2:
INFO  [11:55:59.432] [bbotk]  alpha classif.auc warnings errors runtime_learners
INFO  [11:55:59.432] [bbotk]   0.35   0.5950265        0      0            0.961
INFO  [11:55:59.432] [bbotk]                                 uhash
INFO  [11:55:59.432] [bbotk]  e2daf2fa-22b7-48f1-b52f-a7d85e929913
INFO  [11:55:59.433] [bbotk] Evaluating 1 configuration(s)
INFO  [11:55:59.455] [mlr3] Running benchmark with 5 resampling iterations
INFO  [11:55:59.460] [mlr3] Applying learner 'classif.cv_glmnet' on task 'candi_gene' (iter 1/5)
INFO  [11:55:59.674] [mlr3] Applying learner 'classif.cv_glmnet' on task 'candi_gene' (iter 2/5)
INFO  [11:55:59.880] [mlr3] Applying learner 'classif.cv_glmnet' on task 'candi_gene' (iter 3/5)
INFO  [11:56:00.089] [mlr3] Applying learner 'classif.cv_glmnet' on task 'candi_gene' (iter 4/5)
INFO  [11:56:00.300] [mlr3] Applying learner 'classif.cv_glmnet' on task 'candi_gene' (iter 5/5)
INFO  [11:56:00.494] [mlr3] Finished benchmark
INFO  [11:56:00.518] [bbotk] Result of batch 3:
INFO  [11:56:00.520] [bbotk]  alpha classif.auc warnings errors runtime_learners
INFO  [11:56:00.520] [bbotk]    0.3   0.6139278        0      0            0.992
INFO  [11:56:00.520] [bbotk]                                 uhash
INFO  [11:56:00.520] [bbotk]  15d9c908-04a0-4101-a432-c180751244f4
INFO  [11:56:00.521] [bbotk] Evaluating 1 configuration(s)
INFO  [11:56:00.544] [mlr3] Running benchmark with 5 resampling iterations
INFO  [11:56:00.548] [mlr3] Applying learner 'classif.cv_glmnet' on task 'candi_gene' (iter 1/5)
INFO  [11:56:00.915] [mlr3] Applying learner 'classif.cv_glmnet' on task 'candi_gene' (iter 2/5)
INFO  [11:56:01.704] [mlr3] Applying learner 'classif.cv_glmnet' on task 'candi_gene' (iter 3/5)
INFO  [11:56:02.131] [mlr3] Applying learner 'classif.cv_glmnet' on task 'candi_gene' (iter 4/5)
INFO  [11:56:02.550] [mlr3] Applying learner 'classif.cv_glmnet' on task 'candi_gene' (iter 5/5)
INFO  [11:56:02.970] [mlr3] Finished benchmark
INFO  [11:56:02.994] [bbotk] Result of batch 4:
INFO  [11:56:02.996] [bbotk]  alpha classif.auc warnings errors runtime_learners
INFO  [11:56:02.996] [bbotk]      0   0.6522586        0      0            2.379
INFO  [11:56:02.996] [bbotk]                                 uhash
INFO  [11:56:02.996] [bbotk]  bb32f22d-255b-4cba-932a-120329a7cad1
INFO  [11:56:02.998] [bbotk] Evaluating 1 configuration(s)
INFO  [11:56:03.020] [mlr3] Running benchmark with 5 resampling iterations
INFO  [11:56:03.025] [mlr3] Applying learner 'classif.cv_glmnet' on task 'candi_gene' (iter 1/5)
INFO  [11:56:03.223] [mlr3] Applying learner 'classif.cv_glmnet' on task 'candi_gene' (iter 2/5)
INFO  [11:56:03.404] [mlr3] Applying learner 'classif.cv_glmnet' on task 'candi_gene' (iter 3/5)
INFO  [11:56:03.603] [mlr3] Applying learner 'classif.cv_glmnet' on task 'candi_gene' (iter 4/5)
INFO  [11:56:03.798] [mlr3] Applying learner 'classif.cv_glmnet' on task 'candi_gene' (iter 5/5)
INFO  [11:56:03.986] [mlr3] Finished benchmark
INFO  [11:56:04.010] [bbotk] Result of batch 5:
INFO  [11:56:04.012] [bbotk]  alpha classif.auc warnings errors runtime_learners
INFO  [11:56:04.012] [bbotk]    0.4   0.6208306        0      0            0.919
INFO  [11:56:04.012] [bbotk]                                 uhash
INFO  [11:56:04.012] [bbotk]  43425e34-a021-4105-a02f-481c369f77d9
INFO  [11:56:04.013] [bbotk] Evaluating 1 configuration(s)
INFO  [11:56:04.036] [mlr3] Running benchmark with 5 resampling iterations
INFO  [11:56:04.040] [mlr3] Applying learner 'classif.cv_glmnet' on task 'candi_gene' (iter 1/5)
INFO  [11:56:04.261] [mlr3] Applying learner 'classif.cv_glmnet' on task 'candi_gene' (iter 2/5)
INFO  [11:56:04.469] [mlr3] Applying learner 'classif.cv_glmnet' on task 'candi_gene' (iter 3/5)
INFO  [11:56:04.697] [mlr3] Applying learner 'classif.cv_glmnet' on task 'candi_gene' (iter 4/5)
INFO  [11:56:04.914] [mlr3] Applying learner 'classif.cv_glmnet' on task 'candi_gene' (iter 5/5)
INFO  [11:56:05.123] [mlr3] Finished benchmark
INFO  [11:56:05.147] [bbotk] Result of batch 6:
INFO  [11:56:05.149] [bbotk]  alpha classif.auc warnings errors runtime_learners
INFO  [11:56:05.149] [bbotk]    0.2    0.636832        0      0            1.041
INFO  [11:56:05.149] [bbotk]                                 uhash
INFO  [11:56:05.149] [bbotk]  a509d6ae-f677-4922-8f60-549456e573d8
INFO  [11:56:05.150] [bbotk] Evaluating 1 configuration(s)
INFO  [11:56:05.173] [mlr3] Running benchmark with 5 resampling iterations
INFO  [11:56:05.178] [mlr3] Applying learner 'classif.cv_glmnet' on task 'candi_gene' (iter 1/5)
INFO  [11:56:05.379] [mlr3] Applying learner 'classif.cv_glmnet' on task 'candi_gene' (iter 2/5)
INFO  [11:56:05.549] [mlr3] Applying learner 'classif.cv_glmnet' on task 'candi_gene' (iter 3/5)
INFO  [11:56:05.734] [mlr3] Applying learner 'classif.cv_glmnet' on task 'candi_gene' (iter 4/5)
INFO  [11:56:05.906] [mlr3] Applying learner 'classif.cv_glmnet' on task 'candi_gene' (iter 5/5)
INFO  [11:56:06.076] [mlr3] Finished benchmark
INFO  [11:56:06.100] [bbotk] Result of batch 7:
INFO  [11:56:06.102] [bbotk]  alpha classif.auc warnings errors runtime_learners
INFO  [11:56:06.102] [bbotk]    0.9   0.5801007        0      0            0.857
INFO  [11:56:06.102] [bbotk]                                 uhash
INFO  [11:56:06.102] [bbotk]  28af5143-0926-4428-ba59-94c19c5cbb1f
INFO  [11:56:06.103] [bbotk] Evaluating 1 configuration(s)
INFO  [11:56:06.126] [mlr3] Running benchmark with 5 resampling iterations
INFO  [11:56:06.130] [mlr3] Applying learner 'classif.cv_glmnet' on task 'candi_gene' (iter 1/5)
INFO  [11:56:06.324] [mlr3] Applying learner 'classif.cv_glmnet' on task 'candi_gene' (iter 2/5)
INFO  [11:56:06.494] [mlr3] Applying learner 'classif.cv_glmnet' on task 'candi_gene' (iter 3/5)
INFO  [11:56:06.680] [mlr3] Applying learner 'classif.cv_glmnet' on task 'candi_gene' (iter 4/5)
INFO  [11:56:06.859] [mlr3] Applying learner 'classif.cv_glmnet' on task 'candi_gene' (iter 5/5)
INFO  [11:56:07.024] [mlr3] Finished benchmark
INFO  [11:56:07.055] [bbotk] Result of batch 8:
INFO  [11:56:07.057] [bbotk]  alpha classif.auc warnings errors runtime_learners
INFO  [11:56:07.057] [bbotk]   0.85   0.5380952        0      0            0.851
INFO  [11:56:07.057] [bbotk]                                 uhash
INFO  [11:56:07.057] [bbotk]  43f05a7e-7fc6-4b2b-b82c-181c4df6d420
INFO  [11:56:07.058] [bbotk] Evaluating 1 configuration(s)
INFO  [11:56:07.081] [mlr3] Running benchmark with 5 resampling iterations
INFO  [11:56:07.086] [mlr3] Applying learner 'classif.cv_glmnet' on task 'candi_gene' (iter 1/5)
INFO  [11:56:07.270] [mlr3] Applying learner 'classif.cv_glmnet' on task 'candi_gene' (iter 2/5)
INFO  [11:56:07.447] [mlr3] Applying learner 'classif.cv_glmnet' on task 'candi_gene' (iter 3/5)
INFO  [11:56:07.636] [mlr3] Applying learner 'classif.cv_glmnet' on task 'candi_gene' (iter 4/5)
INFO  [11:56:07.821] [mlr3] Applying learner 'classif.cv_glmnet' on task 'candi_gene' (iter 5/5)
INFO  [11:56:07.989] [mlr3] Finished benchmark
INFO  [11:56:08.013] [bbotk] Result of batch 9:
INFO  [11:56:08.015] [bbotk]  alpha classif.auc warnings errors runtime_learners
INFO  [11:56:08.015] [bbotk]    0.7   0.5558929        0      0            0.863
INFO  [11:56:08.015] [bbotk]                                 uhash
INFO  [11:56:08.015] [bbotk]  2774aa01-0b1b-4dac-bff2-c81bf0ccba7e
INFO  [11:56:08.017] [bbotk] Evaluating 1 configuration(s)
INFO  [11:56:08.040] [mlr3] Running benchmark with 5 resampling iterations
INFO  [11:56:08.044] [mlr3] Applying learner 'classif.cv_glmnet' on task 'candi_gene' (iter 1/5)
INFO  [11:56:08.246] [mlr3] Applying learner 'classif.cv_glmnet' on task 'candi_gene' (iter 2/5)
INFO  [11:56:08.434] [mlr3] Applying learner 'classif.cv_glmnet' on task 'candi_gene' (iter 3/5)
INFO  [11:56:08.626] [mlr3] Applying learner 'classif.cv_glmnet' on task 'candi_gene' (iter 4/5)
INFO  [11:56:08.820] [mlr3] Applying learner 'classif.cv_glmnet' on task 'candi_gene' (iter 5/5)
INFO  [11:56:09.007] [mlr3] Finished benchmark
INFO  [11:56:09.032] [bbotk] Result of batch 10:
INFO  [11:56:09.034] [bbotk]  alpha classif.auc warnings errors runtime_learners
INFO  [11:56:09.034] [bbotk]   0.45   0.5753108        0      0            0.917
INFO  [11:56:09.034] [bbotk]                                 uhash
INFO  [11:56:09.034] [bbotk]  7ea51870-3303-463f-8b2a-b62b229f7b3c
INFO  [11:56:09.035] [bbotk] Evaluating 1 configuration(s)
INFO  [11:56:09.058] [mlr3] Running benchmark with 5 resampling iterations
INFO  [11:56:09.062] [mlr3] Applying learner 'classif.cv_glmnet' on task 'candi_gene' (iter 1/5)
INFO  [11:56:09.264] [mlr3] Applying learner 'classif.cv_glmnet' on task 'candi_gene' (iter 2/5)
INFO  [11:56:09.433] [mlr3] Applying learner 'classif.cv_glmnet' on task 'candi_gene' (iter 3/5)
INFO  [11:56:09.627] [mlr3] Applying learner 'classif.cv_glmnet' on task 'candi_gene' (iter 4/5)
INFO  [11:56:09.806] [mlr3] Applying learner 'classif.cv_glmnet' on task 'candi_gene' (iter 5/5)
INFO  [11:56:09.980] [mlr3] Finished benchmark
INFO  [11:56:10.004] [bbotk] Result of batch 11:
INFO  [11:56:10.006] [bbotk]  alpha classif.auc warnings errors runtime_learners
INFO  [11:56:10.006] [bbotk]   0.95    0.570816        0      0            0.876
INFO  [11:56:10.006] [bbotk]                                 uhash
INFO  [11:56:10.006] [bbotk]  378b96ef-0207-407c-9565-c36fe3a157bd
INFO  [11:56:10.008] [bbotk] Evaluating 1 configuration(s)
INFO  [11:56:10.030] [mlr3] Running benchmark with 5 resampling iterations
INFO  [11:56:10.035] [mlr3] Applying learner 'classif.cv_glmnet' on task 'candi_gene' (iter 1/5)
INFO  [11:56:10.222] [mlr3] Applying learner 'classif.cv_glmnet' on task 'candi_gene' (iter 2/5)
INFO  [11:56:10.400] [mlr3] Applying learner 'classif.cv_glmnet' on task 'candi_gene' (iter 3/5)
INFO  [11:56:10.592] [mlr3] Applying learner 'classif.cv_glmnet' on task 'candi_gene' (iter 4/5)
INFO  [11:56:10.779] [mlr3] Applying learner 'classif.cv_glmnet' on task 'candi_gene' (iter 5/5)
INFO  [11:56:10.955] [mlr3] Finished benchmark
INFO  [11:56:10.980] [bbotk] Result of batch 12:
INFO  [11:56:10.982] [bbotk]  alpha classif.auc warnings errors runtime_learners
INFO  [11:56:10.982] [bbotk]    0.6   0.5325298        0      0            0.878
INFO  [11:56:10.982] [bbotk]                                 uhash
INFO  [11:56:10.982] [bbotk]  5677cdee-d28c-4c59-8e42-18f98e84e9ae
INFO  [11:56:10.983] [bbotk] Evaluating 1 configuration(s)
INFO  [11:56:11.006] [mlr3] Running benchmark with 5 resampling iterations
INFO  [11:56:11.010] [mlr3] Applying learner 'classif.cv_glmnet' on task 'candi_gene' (iter 1/5)
INFO  [11:56:11.262] [mlr3] Applying learner 'classif.cv_glmnet' on task 'candi_gene' (iter 2/5)
INFO  [11:56:11.497] [mlr3] Applying learner 'classif.cv_glmnet' on task 'candi_gene' (iter 3/5)
INFO  [11:56:11.753] [mlr3] Applying learner 'classif.cv_glmnet' on task 'candi_gene' (iter 4/5)
INFO  [11:56:12.007] [mlr3] Applying learner 'classif.cv_glmnet' on task 'candi_gene' (iter 5/5)
INFO  [11:56:12.238] [mlr3] Finished benchmark
INFO  [11:56:12.272] [bbotk] Result of batch 13:
INFO  [11:56:12.274] [bbotk]  alpha classif.auc warnings errors runtime_learners
INFO  [11:56:12.274] [bbotk]    0.1   0.6408107        0      0            1.185
INFO  [11:56:12.274] [bbotk]                                 uhash
INFO  [11:56:12.274] [bbotk]  ec072470-6e4e-4d94-a2e7-b81b82fa69d7
INFO  [11:56:12.275] [bbotk] Evaluating 1 configuration(s)
INFO  [11:56:12.298] [mlr3] Running benchmark with 5 resampling iterations
INFO  [11:56:12.303] [mlr3] Applying learner 'classif.cv_glmnet' on task 'candi_gene' (iter 1/5)
INFO  [11:56:12.490] [mlr3] Applying learner 'classif.cv_glmnet' on task 'candi_gene' (iter 2/5)
INFO  [11:56:12.674] [mlr3] Applying learner 'classif.cv_glmnet' on task 'candi_gene' (iter 3/5)
INFO  [11:56:12.870] [mlr3] Applying learner 'classif.cv_glmnet' on task 'candi_gene' (iter 4/5)
INFO  [11:56:13.052] [mlr3] Applying learner 'classif.cv_glmnet' on task 'candi_gene' (iter 5/5)
INFO  [11:56:13.233] [mlr3] Finished benchmark
INFO  [11:56:13.258] [bbotk] Result of batch 14:
INFO  [11:56:13.260] [bbotk]  alpha classif.auc warnings errors runtime_learners
INFO  [11:56:13.260] [bbotk]   0.55   0.5862255        0      0            0.889
INFO  [11:56:13.260] [bbotk]                                 uhash
INFO  [11:56:13.260] [bbotk]  5cecb9e1-83f7-41df-8f7e-ec33acab1a81
INFO  [11:56:13.261] [bbotk] Evaluating 1 configuration(s)
INFO  [11:56:13.284] [mlr3] Running benchmark with 5 resampling iterations
INFO  [11:56:13.289] [mlr3] Applying learner 'classif.cv_glmnet' on task 'candi_gene' (iter 1/5)
INFO  [11:56:13.483] [mlr3] Applying learner 'classif.cv_glmnet' on task 'candi_gene' (iter 2/5)
INFO  [11:56:13.664] [mlr3] Applying learner 'classif.cv_glmnet' on task 'candi_gene' (iter 3/5)
INFO  [11:56:13.848] [mlr3] Applying learner 'classif.cv_glmnet' on task 'candi_gene' (iter 4/5)
INFO  [11:56:14.032] [mlr3] Applying learner 'classif.cv_glmnet' on task 'candi_gene' (iter 5/5)
INFO  [11:56:14.211] [mlr3] Finished benchmark
INFO  [11:56:14.236] [bbotk] Result of batch 15:
INFO  [11:56:14.238] [bbotk]  alpha classif.auc warnings errors runtime_learners
INFO  [11:56:14.238] [bbotk]   0.65   0.6074325        0      0             0.88
INFO  [11:56:14.238] [bbotk]                                 uhash
INFO  [11:56:14.238] [bbotk]  ce58e492-90dd-4e35-8dd2-e8ef061465c8
INFO  [11:56:14.239] [bbotk] Evaluating 1 configuration(s)
INFO  [11:56:14.262] [mlr3] Running benchmark with 5 resampling iterations
INFO  [11:56:14.267] [mlr3] Applying learner 'classif.cv_glmnet' on task 'candi_gene' (iter 1/5)
INFO  [11:56:14.847] [mlr3] Applying learner 'classif.cv_glmnet' on task 'candi_gene' (iter 2/5)
INFO  [11:56:15.048] [mlr3] Applying learner 'classif.cv_glmnet' on task 'candi_gene' (iter 3/5)
INFO  [11:56:15.255] [mlr3] Applying learner 'classif.cv_glmnet' on task 'candi_gene' (iter 4/5)
INFO  [11:56:15.463] [mlr3] Applying learner 'classif.cv_glmnet' on task 'candi_gene' (iter 5/5)
INFO  [11:56:15.661] [mlr3] Finished benchmark
INFO  [11:56:15.686] [bbotk] Result of batch 16:
INFO  [11:56:15.688] [bbotk]  alpha classif.auc warnings errors runtime_learners
INFO  [11:56:15.688] [bbotk]   0.25    0.668529        0      0            1.354
INFO  [11:56:15.688] [bbotk]                                 uhash
INFO  [11:56:15.688] [bbotk]  dee88b1a-5b8c-4fd1-b4f1-3421bf628b56
INFO  [11:56:15.689] [bbotk] Evaluating 1 configuration(s)
INFO  [11:56:15.711] [mlr3] Running benchmark with 5 resampling iterations
INFO  [11:56:15.716] [mlr3] Applying learner 'classif.cv_glmnet' on task 'candi_gene' (iter 1/5)
INFO  [11:56:15.918] [mlr3] Applying learner 'classif.cv_glmnet' on task 'candi_gene' (iter 2/5)
INFO  [11:56:16.085] [mlr3] Applying learner 'classif.cv_glmnet' on task 'candi_gene' (iter 3/5)
INFO  [11:56:16.275] [mlr3] Applying learner 'classif.cv_glmnet' on task 'candi_gene' (iter 4/5)
INFO  [11:56:16.450] [mlr3] Applying learner 'classif.cv_glmnet' on task 'candi_gene' (iter 5/5)
INFO  [11:56:16.616] [mlr3] Finished benchmark
INFO  [11:56:16.641] [bbotk] Result of batch 17:
INFO  [11:56:16.643] [bbotk]  alpha classif.auc warnings errors runtime_learners
INFO  [11:56:16.643] [bbotk]      1   0.5487136        0      0            0.858
INFO  [11:56:16.643] [bbotk]                                 uhash
INFO  [11:56:16.643] [bbotk]  7169820f-d025-471e-a460-915dbc548f51
INFO  [11:56:16.644] [bbotk] Evaluating 1 configuration(s)
INFO  [11:56:16.666] [mlr3] Running benchmark with 5 resampling iterations
INFO  [11:56:16.671] [mlr3] Applying learner 'classif.cv_glmnet' on task 'candi_gene' (iter 1/5)
INFO  [11:56:16.857] [mlr3] Applying learner 'classif.cv_glmnet' on task 'candi_gene' (iter 2/5)
INFO  [11:56:17.033] [mlr3] Applying learner 'classif.cv_glmnet' on task 'candi_gene' (iter 3/5)
INFO  [11:56:17.215] [mlr3] Applying learner 'classif.cv_glmnet' on task 'candi_gene' (iter 4/5)
INFO  [11:56:17.395] [mlr3] Applying learner 'classif.cv_glmnet' on task 'candi_gene' (iter 5/5)
INFO  [11:56:17.564] [mlr3] Finished benchmark
INFO  [11:56:17.588] [bbotk] Result of batch 18:
INFO  [11:56:17.591] [bbotk]  alpha classif.auc warnings errors runtime_learners
INFO  [11:56:17.591] [bbotk]    0.8   0.5916975        0      0            0.851
INFO  [11:56:17.591] [bbotk]                                 uhash
INFO  [11:56:17.591] [bbotk]  7c06071d-3567-40fa-aed9-19d4e1978b93
INFO  [11:56:17.592] [bbotk] Evaluating 1 configuration(s)
INFO  [11:56:17.615] [mlr3] Running benchmark with 5 resampling iterations
INFO  [11:56:17.619] [mlr3] Applying learner 'classif.cv_glmnet' on task 'candi_gene' (iter 1/5)
INFO  [11:56:17.850] [mlr3] Applying learner 'classif.cv_glmnet' on task 'candi_gene' (iter 2/5)
INFO  [11:56:18.074] [mlr3] Applying learner 'classif.cv_glmnet' on task 'candi_gene' (iter 3/5)
INFO  [11:56:18.307] [mlr3] Applying learner 'classif.cv_glmnet' on task 'candi_gene' (iter 4/5)
INFO  [11:56:18.539] [mlr3] Applying learner 'classif.cv_glmnet' on task 'candi_gene' (iter 5/5)
INFO  [11:56:18.759] [mlr3] Finished benchmark
INFO  [11:56:18.784] [bbotk] Result of batch 19:
INFO  [11:56:18.786] [bbotk]  alpha classif.auc warnings errors runtime_learners
INFO  [11:56:18.786] [bbotk]   0.15   0.6280401        0      0            1.098
INFO  [11:56:18.786] [bbotk]                                 uhash
INFO  [11:56:18.786] [bbotk]  42099791-14ef-413b-ae61-76715e3f9a6b
INFO  [11:56:18.787] [bbotk] Evaluating 1 configuration(s)
INFO  [11:56:18.810] [mlr3] Running benchmark with 5 resampling iterations
INFO  [11:56:18.815] [mlr3] Applying learner 'classif.cv_glmnet' on task 'candi_gene' (iter 1/5)
INFO  [11:56:19.082] [mlr3] Applying learner 'classif.cv_glmnet' on task 'candi_gene' (iter 2/5)
INFO  [11:56:19.345] [mlr3] Applying learner 'classif.cv_glmnet' on task 'candi_gene' (iter 3/5)
INFO  [11:56:19.625] [mlr3] Applying learner 'classif.cv_glmnet' on task 'candi_gene' (iter 4/5)
INFO  [11:56:19.891] [mlr3] Applying learner 'classif.cv_glmnet' on task 'candi_gene' (iter 5/5)
INFO  [11:56:20.155] [mlr3] Finished benchmark
INFO  [11:56:20.179] [bbotk] Result of batch 20:
INFO  [11:56:20.181] [bbotk]  alpha classif.auc warnings errors runtime_learners
INFO  [11:56:20.181] [bbotk]   0.05   0.7001692        0      0            1.299
INFO  [11:56:20.181] [bbotk]                                 uhash
INFO  [11:56:20.181] [bbotk]  6571a426-208b-43d9-b443-10e1fa8412cf
INFO  [11:56:20.183] [bbotk] Evaluating 1 configuration(s)
INFO  [11:56:20.205] [mlr3] Running benchmark with 5 resampling iterations
INFO  [11:56:20.210] [mlr3] Applying learner 'classif.cv_glmnet' on task 'candi_gene' (iter 1/5)
INFO  [11:56:20.408] [mlr3] Applying learner 'classif.cv_glmnet' on task 'candi_gene' (iter 2/5)
INFO  [11:56:20.592] [mlr3] Applying learner 'classif.cv_glmnet' on task 'candi_gene' (iter 3/5)
INFO  [11:56:20.785] [mlr3] Applying learner 'classif.cv_glmnet' on task 'candi_gene' (iter 4/5)
INFO  [11:56:20.976] [mlr3] Applying learner 'classif.cv_glmnet' on task 'candi_gene' (iter 5/5)
INFO  [11:56:21.160] [mlr3] Finished benchmark
INFO  [11:56:21.185] [bbotk] Result of batch 21:
INFO  [11:56:21.187] [bbotk]  alpha classif.auc warnings errors runtime_learners
INFO  [11:56:21.187] [bbotk]    0.5    0.582219        0      0            0.907
INFO  [11:56:21.187] [bbotk]                                 uhash
INFO  [11:56:21.187] [bbotk]  80e69d61-834a-4e51-9a02-d8c57f1951c3
INFO  [11:56:21.191] [bbotk] Finished optimizing after 21 evaluation(s)
INFO  [11:56:21.192] [bbotk] Result:
INFO  [11:56:21.194] [bbotk]   alpha learner_param_vals x_domain classif.auc
INFO  [11:56:21.194] [bbotk]  <char>             <list>   <list>       <num>
INFO  [11:56:21.194] [bbotk]    0.05       c(7.8947....     0.05   0.7001692
