Conda environment: *
R version 4.3.1 (2023-06-16)
Platform: x86_64-conda-linux-gnu (64-bit)
Running under: Red Hat Enterprise Linux 8.3 (Ootpa)

Matrix products: default
BLAS/LAPACK: /ess/home/home1/beiw/miniconda3/envs/5hmc_os_env/lib/libopenblasp-r0.3.27.so;  LAPACK version 3.12.0

locale:
[1] C

time zone: America/Chicago
tzcode source: system (glibc)

attached base packages:
[1] stats4    stats     graphics  grDevices utils     datasets  methods  
[8] base     

other attached packages:
 [1] conflicted_1.2.0            DESeq2_1.40.2              
 [3] SummarizedExperiment_1.30.2 Biobase_2.60.0             
 [5] MatrixGenerics_1.12.2       matrixStats_1.2.0          
 [7] GenomicRanges_1.52.0        GenomeInfoDb_1.36.1        
 [9] IRanges_2.34.1              S4Vectors_0.38.1           
[11] BiocGenerics_0.46.0         glmnet_4.1-8               
[13] Matrix_1.6-5                mlr3learners_0.5.8         
[15] mlr3tuning_0.19.0           paradox_0.11.1             
[17] mlr3_0.19.0                 lubridate_1.9.3            
[19] forcats_1.0.0               stringr_1.5.1              
[21] purrr_1.0.2                 readr_2.1.5                
[23] tidyr_1.3.1                 tibble_3.2.1               
[25] ggplot2_3.4.4               tidyverse_2.0.0            
[27] dplyr_1.1.4                

loaded via a namespace (and not attached):
 [1] gtable_0.3.4            shape_1.4.6             lattice_0.21-9         
 [4] tzdb_0.4.0              bitops_1.0-7            vctrs_0.6.4            
 [7] tools_4.3.1             generics_0.1.3          parallel_4.3.1         
[10] fansi_1.0.5             pkgconfig_2.0.3         data.table_1.15.2      
[13] checkmate_2.3.1         uuid_1.1-1              GenomeInfoDbData_1.2.11
[16] lifecycle_1.0.3         compiler_4.3.1          munsell_0.5.0          
[19] RhpcBLASctl_0.23-42     codetools_0.2-20        bbotk_0.7.2            
[22] RCurl_1.98-1.12         pillar_1.9.0            crayon_1.5.2           
[25] BiocParallel_1.34.2     cachem_1.0.8            DelayedArray_0.26.6    
[28] iterators_1.0.14        foreach_1.5.2           parallelly_1.37.1      
[31] locfit_1.5-9.8          tidyselect_1.2.0        digest_0.6.35          
[34] stringi_1.7.12          future_1.33.2           listenv_0.9.1          
[37] splines_4.3.1           fastmap_1.1.1           grid_4.3.1             
[40] colorspace_2.1-0        cli_3.6.1               magrittr_2.0.3         
[43] S4Arrays_1.0.4          survival_3.5-7          utf8_1.2.4             
[46] withr_2.5.1             scales_1.2.1            backports_1.4.1        
[49] timechange_0.2.0        XVector_0.40.0          globals_0.16.3         
[52] hms_1.1.3               memoise_2.0.1           mlr3misc_0.15.0        
[55] rlang_1.1.1             Rcpp_1.0.11             glue_1.6.2             
[58] palmerpenguins_0.1.1    lgr_0.4.4               R6_2.5.1               
[61] zlibbioc_1.46.0        
INFO  [11:57:15.670] [bbotk] Starting to optimize 1 parameter(s) with '<TunerGridSearch>' and '<TerminatorNone>'
INFO  [11:57:15.695] [bbotk] Evaluating 1 configuration(s)
INFO  [11:57:15.727] [mlr3] Running benchmark with 5 resampling iterations
INFO  [11:57:15.761] [mlr3] Applying learner 'classif.cv_glmnet' on task 'candi_gene' (iter 1/5)
INFO  [11:57:16.437] [mlr3] Applying learner 'classif.cv_glmnet' on task 'candi_gene' (iter 2/5)
INFO  [11:57:16.670] [mlr3] Applying learner 'classif.cv_glmnet' on task 'candi_gene' (iter 3/5)
INFO  [11:57:16.881] [mlr3] Applying learner 'classif.cv_glmnet' on task 'candi_gene' (iter 4/5)
INFO  [11:57:17.102] [mlr3] Applying learner 'classif.cv_glmnet' on task 'candi_gene' (iter 5/5)
INFO  [11:57:17.334] [mlr3] Finished benchmark
INFO  [11:57:17.363] [bbotk] Result of batch 1:
INFO  [11:57:17.367] [bbotk]  alpha classif.auc warnings errors runtime_learners
INFO  [11:57:17.367] [bbotk]    0.2   0.6034512        0      0            1.529
INFO  [11:57:17.367] [bbotk]                                 uhash
INFO  [11:57:17.367] [bbotk]  b9913033-6fd8-4bad-9a87-12bb2622ca36
INFO  [11:57:17.369] [bbotk] Evaluating 1 configuration(s)
INFO  [11:57:17.392] [mlr3] Running benchmark with 5 resampling iterations
INFO  [11:57:17.397] [mlr3] Applying learner 'classif.cv_glmnet' on task 'candi_gene' (iter 1/5)
INFO  [11:57:17.577] [mlr3] Applying learner 'classif.cv_glmnet' on task 'candi_gene' (iter 2/5)
INFO  [11:57:17.773] [mlr3] Applying learner 'classif.cv_glmnet' on task 'candi_gene' (iter 3/5)
INFO  [11:57:17.952] [mlr3] Applying learner 'classif.cv_glmnet' on task 'candi_gene' (iter 4/5)
INFO  [11:57:18.140] [mlr3] Applying learner 'classif.cv_glmnet' on task 'candi_gene' (iter 5/5)
INFO  [11:57:18.328] [mlr3] Finished benchmark
INFO  [11:57:18.353] [bbotk] Result of batch 2:
INFO  [11:57:18.355] [bbotk]  alpha classif.auc warnings errors runtime_learners
INFO  [11:57:18.355] [bbotk]   0.95   0.6291625        0      0            0.886
INFO  [11:57:18.355] [bbotk]                                 uhash
INFO  [11:57:18.355] [bbotk]  45794321-154d-4095-97d8-d5c02ea60d56
INFO  [11:57:18.357] [bbotk] Evaluating 1 configuration(s)
INFO  [11:57:18.380] [mlr3] Running benchmark with 5 resampling iterations
INFO  [11:57:18.385] [mlr3] Applying learner 'classif.cv_glmnet' on task 'candi_gene' (iter 1/5)
INFO  [11:57:18.647] [mlr3] Applying learner 'classif.cv_glmnet' on task 'candi_gene' (iter 2/5)
INFO  [11:57:18.901] [mlr3] Applying learner 'classif.cv_glmnet' on task 'candi_gene' (iter 3/5)
INFO  [11:57:19.139] [mlr3] Applying learner 'classif.cv_glmnet' on task 'candi_gene' (iter 4/5)
INFO  [11:57:19.386] [mlr3] Applying learner 'classif.cv_glmnet' on task 'candi_gene' (iter 5/5)
INFO  [11:57:19.640] [mlr3] Finished benchmark
INFO  [11:57:19.666] [bbotk] Result of batch 3:
INFO  [11:57:19.668] [bbotk]  alpha classif.auc warnings errors runtime_learners
INFO  [11:57:19.668] [bbotk]    0.1   0.6341193        0      0            1.213
INFO  [11:57:19.668] [bbotk]                                 uhash
INFO  [11:57:19.668] [bbotk]  fb2c6cfa-e8b3-4776-8ee8-ec04e8aae520
INFO  [11:57:19.670] [bbotk] Evaluating 1 configuration(s)
INFO  [11:57:19.694] [mlr3] Running benchmark with 5 resampling iterations
INFO  [11:57:19.699] [mlr3] Applying learner 'classif.cv_glmnet' on task 'candi_gene' (iter 1/5)
INFO  [11:57:19.883] [mlr3] Applying learner 'classif.cv_glmnet' on task 'candi_gene' (iter 2/5)
INFO  [11:57:20.437] [mlr3] Applying learner 'classif.cv_glmnet' on task 'candi_gene' (iter 3/5)
INFO  [11:57:20.617] [mlr3] Applying learner 'classif.cv_glmnet' on task 'candi_gene' (iter 4/5)
INFO  [11:57:20.791] [mlr3] Applying learner 'classif.cv_glmnet' on task 'candi_gene' (iter 5/5)
INFO  [11:57:20.970] [mlr3] Finished benchmark
INFO  [11:57:20.994] [bbotk] Result of batch 4:
INFO  [11:57:20.996] [bbotk]  alpha classif.auc warnings errors runtime_learners
INFO  [11:57:20.996] [bbotk]   0.85   0.5910417        0      0            1.228
INFO  [11:57:20.996] [bbotk]                                 uhash
INFO  [11:57:20.996] [bbotk]  862ba24e-9332-4008-b627-071f7e8d086a
INFO  [11:57:20.997] [bbotk] Evaluating 1 configuration(s)
INFO  [11:57:21.021] [mlr3] Running benchmark with 5 resampling iterations
INFO  [11:57:21.025] [mlr3] Applying learner 'classif.cv_glmnet' on task 'candi_gene' (iter 1/5)
INFO  [11:57:21.214] [mlr3] Applying learner 'classif.cv_glmnet' on task 'candi_gene' (iter 2/5)
INFO  [11:57:21.407] [mlr3] Applying learner 'classif.cv_glmnet' on task 'candi_gene' (iter 3/5)
INFO  [11:57:21.589] [mlr3] Applying learner 'classif.cv_glmnet' on task 'candi_gene' (iter 4/5)
INFO  [11:57:21.780] [mlr3] Applying learner 'classif.cv_glmnet' on task 'candi_gene' (iter 5/5)
INFO  [11:57:21.973] [mlr3] Finished benchmark
INFO  [11:57:21.998] [bbotk] Result of batch 5:
INFO  [11:57:22.000] [bbotk]  alpha classif.auc warnings errors runtime_learners
INFO  [11:57:22.000] [bbotk]    0.5   0.6362266        0      0            0.907
INFO  [11:57:22.000] [bbotk]                                 uhash
INFO  [11:57:22.000] [bbotk]  6f560aa4-87af-465b-ae1e-396461e479e7
INFO  [11:57:22.001] [bbotk] Evaluating 1 configuration(s)
INFO  [11:57:22.023] [mlr3] Running benchmark with 5 resampling iterations
INFO  [11:57:22.028] [mlr3] Applying learner 'classif.cv_glmnet' on task 'candi_gene' (iter 1/5)
INFO  [11:57:22.237] [mlr3] Applying learner 'classif.cv_glmnet' on task 'candi_gene' (iter 2/5)
INFO  [11:57:22.449] [mlr3] Applying learner 'classif.cv_glmnet' on task 'candi_gene' (iter 3/5)
INFO  [11:57:22.648] [mlr3] Applying learner 'classif.cv_glmnet' on task 'candi_gene' (iter 4/5)
INFO  [11:57:22.861] [mlr3] Applying learner 'classif.cv_glmnet' on task 'candi_gene' (iter 5/5)
INFO  [11:57:23.078] [mlr3] Finished benchmark
INFO  [11:57:23.103] [bbotk] Result of batch 6:
INFO  [11:57:23.105] [bbotk]  alpha classif.auc warnings errors runtime_learners
INFO  [11:57:23.105] [bbotk]   0.25   0.5610526        0      0            1.012
INFO  [11:57:23.105] [bbotk]                                 uhash
INFO  [11:57:23.105] [bbotk]  964d24e2-6236-47b2-bc9a-4b4130b54778
INFO  [11:57:23.107] [bbotk] Evaluating 1 configuration(s)
INFO  [11:57:23.129] [mlr3] Running benchmark with 5 resampling iterations
INFO  [11:57:23.134] [mlr3] Applying learner 'classif.cv_glmnet' on task 'candi_gene' (iter 1/5)
INFO  [11:57:23.328] [mlr3] Applying learner 'classif.cv_glmnet' on task 'candi_gene' (iter 2/5)
INFO  [11:57:23.527] [mlr3] Applying learner 'classif.cv_glmnet' on task 'candi_gene' (iter 3/5)
INFO  [11:57:23.706] [mlr3] Applying learner 'classif.cv_glmnet' on task 'candi_gene' (iter 4/5)
INFO  [11:57:23.905] [mlr3] Applying learner 'classif.cv_glmnet' on task 'candi_gene' (iter 5/5)
INFO  [11:57:24.103] [mlr3] Finished benchmark
INFO  [11:57:24.128] [bbotk] Result of batch 7:
INFO  [11:57:24.130] [bbotk]  alpha classif.auc warnings errors runtime_learners
INFO  [11:57:24.130] [bbotk]   0.45   0.6337894        0      0             0.93
INFO  [11:57:24.130] [bbotk]                                 uhash
INFO  [11:57:24.130] [bbotk]  56eb6223-9612-42b2-ac31-fc8bd3e579dd
INFO  [11:57:24.132] [bbotk] Evaluating 1 configuration(s)
INFO  [11:57:24.155] [mlr3] Running benchmark with 5 resampling iterations
INFO  [11:57:24.160] [mlr3] Applying learner 'classif.cv_glmnet' on task 'candi_gene' (iter 1/5)
INFO  [11:57:24.344] [mlr3] Applying learner 'classif.cv_glmnet' on task 'candi_gene' (iter 2/5)
INFO  [11:57:24.539] [mlr3] Applying learner 'classif.cv_glmnet' on task 'candi_gene' (iter 3/5)
INFO  [11:57:24.717] [mlr3] Applying learner 'classif.cv_glmnet' on task 'candi_gene' (iter 4/5)
INFO  [11:57:24.903] [mlr3] Applying learner 'classif.cv_glmnet' on task 'candi_gene' (iter 5/5)
INFO  [11:57:25.087] [mlr3] Finished benchmark
INFO  [11:57:25.112] [bbotk] Result of batch 8:
INFO  [11:57:25.114] [bbotk]  alpha classif.auc warnings errors runtime_learners
INFO  [11:57:25.114] [bbotk]   0.75   0.5928009        0      0            0.886
INFO  [11:57:25.114] [bbotk]                                 uhash
INFO  [11:57:25.114] [bbotk]  cae50d01-f206-4ed2-80cc-bf27ff959a07
INFO  [11:57:25.115] [bbotk] Evaluating 1 configuration(s)
INFO  [11:57:25.139] [mlr3] Running benchmark with 5 resampling iterations
INFO  [11:57:25.143] [mlr3] Applying learner 'classif.cv_glmnet' on task 'candi_gene' (iter 1/5)
INFO  [11:57:25.327] [mlr3] Applying learner 'classif.cv_glmnet' on task 'candi_gene' (iter 2/5)
INFO  [11:57:25.532] [mlr3] Applying learner 'classif.cv_glmnet' on task 'candi_gene' (iter 3/5)
INFO  [11:57:25.715] [mlr3] Applying learner 'classif.cv_glmnet' on task 'candi_gene' (iter 4/5)
INFO  [11:57:25.891] [mlr3] Applying learner 'classif.cv_glmnet' on task 'candi_gene' (iter 5/5)
INFO  [11:57:26.073] [mlr3] Finished benchmark
INFO  [11:57:26.098] [bbotk] Result of batch 9:
INFO  [11:57:26.100] [bbotk]  alpha classif.auc warnings errors runtime_learners
INFO  [11:57:26.100] [bbotk]    0.9   0.5864352        0      0            0.885
INFO  [11:57:26.100] [bbotk]                                 uhash
INFO  [11:57:26.100] [bbotk]  5157f933-e434-4cb6-af24-51d0c0fdb9ca
INFO  [11:57:26.101] [bbotk] Evaluating 1 configuration(s)
INFO  [11:57:26.124] [mlr3] Running benchmark with 5 resampling iterations
INFO  [11:57:26.129] [mlr3] Applying learner 'classif.cv_glmnet' on task 'candi_gene' (iter 1/5)
INFO  [11:57:26.320] [mlr3] Applying learner 'classif.cv_glmnet' on task 'candi_gene' (iter 2/5)
INFO  [11:57:26.514] [mlr3] Applying learner 'classif.cv_glmnet' on task 'candi_gene' (iter 3/5)
INFO  [11:57:26.696] [mlr3] Applying learner 'classif.cv_glmnet' on task 'candi_gene' (iter 4/5)
INFO  [11:57:26.880] [mlr3] Applying learner 'classif.cv_glmnet' on task 'candi_gene' (iter 5/5)
INFO  [11:57:27.066] [mlr3] Finished benchmark
INFO  [11:57:27.091] [bbotk] Result of batch 10:
INFO  [11:57:27.093] [bbotk]  alpha classif.auc warnings errors runtime_learners
INFO  [11:57:27.093] [bbotk]      1   0.6234428        0      0            0.894
INFO  [11:57:27.093] [bbotk]                                 uhash
INFO  [11:57:27.093] [bbotk]  b9fd9c3d-1c33-4455-b54e-71a7eca2b28d
INFO  [11:57:27.094] [bbotk] Evaluating 1 configuration(s)
INFO  [11:57:27.117] [mlr3] Running benchmark with 5 resampling iterations
INFO  [11:57:27.122] [mlr3] Applying learner 'classif.cv_glmnet' on task 'candi_gene' (iter 1/5)
INFO  [11:57:27.331] [mlr3] Applying learner 'classif.cv_glmnet' on task 'candi_gene' (iter 2/5)
INFO  [11:57:27.547] [mlr3] Applying learner 'classif.cv_glmnet' on task 'candi_gene' (iter 3/5)
INFO  [11:57:27.742] [mlr3] Applying learner 'classif.cv_glmnet' on task 'candi_gene' (iter 4/5)
INFO  [11:57:27.952] [mlr3] Applying learner 'classif.cv_glmnet' on task 'candi_gene' (iter 5/5)
INFO  [11:57:28.165] [mlr3] Finished benchmark
INFO  [11:57:28.190] [bbotk] Result of batch 11:
INFO  [11:57:28.192] [bbotk]  alpha classif.auc warnings errors runtime_learners
INFO  [11:57:28.192] [bbotk]    0.3   0.6051726        0      0            0.992
INFO  [11:57:28.192] [bbotk]                                 uhash
INFO  [11:57:28.192] [bbotk]  097446bd-5de4-4523-bf19-c57d0aa34348
INFO  [11:57:28.193] [bbotk] Evaluating 1 configuration(s)
INFO  [11:57:28.216] [mlr3] Running benchmark with 5 resampling iterations
INFO  [11:57:28.221] [mlr3] Applying learner 'classif.cv_glmnet' on task 'candi_gene' (iter 1/5)
INFO  [11:57:28.409] [mlr3] Applying learner 'classif.cv_glmnet' on task 'candi_gene' (iter 2/5)
INFO  [11:57:28.605] [mlr3] Applying learner 'classif.cv_glmnet' on task 'candi_gene' (iter 3/5)
INFO  [11:57:28.780] [mlr3] Applying learner 'classif.cv_glmnet' on task 'candi_gene' (iter 4/5)
INFO  [11:57:28.974] [mlr3] Applying learner 'classif.cv_glmnet' on task 'candi_gene' (iter 5/5)
INFO  [11:57:29.169] [mlr3] Finished benchmark
INFO  [11:57:29.193] [bbotk] Result of batch 12:
INFO  [11:57:29.195] [bbotk]  alpha classif.auc warnings errors runtime_learners
INFO  [11:57:29.195] [bbotk]   0.55   0.5041667        0      0            0.905
INFO  [11:57:29.195] [bbotk]                                 uhash
INFO  [11:57:29.195] [bbotk]  da8b0e6c-e4af-442b-8431-7e746ecebe2f
INFO  [11:57:29.197] [bbotk] Evaluating 1 configuration(s)
INFO  [11:57:29.220] [mlr3] Running benchmark with 5 resampling iterations
INFO  [11:57:29.224] [mlr3] Applying learner 'classif.cv_glmnet' on task 'candi_gene' (iter 1/5)
INFO  [11:57:29.409] [mlr3] Applying learner 'classif.cv_glmnet' on task 'candi_gene' (iter 2/5)
INFO  [11:57:29.606] [mlr3] Applying learner 'classif.cv_glmnet' on task 'candi_gene' (iter 3/5)
INFO  [11:57:29.792] [mlr3] Applying learner 'classif.cv_glmnet' on task 'candi_gene' (iter 4/5)
INFO  [11:57:29.971] [mlr3] Applying learner 'classif.cv_glmnet' on task 'candi_gene' (iter 5/5)
INFO  [11:57:30.163] [mlr3] Finished benchmark
INFO  [11:57:30.188] [bbotk] Result of batch 13:
INFO  [11:57:30.190] [bbotk]  alpha classif.auc warnings errors runtime_learners
INFO  [11:57:30.190] [bbotk]    0.7   0.6410438        0      0            0.895
INFO  [11:57:30.190] [bbotk]                                 uhash
INFO  [11:57:30.190] [bbotk]  b2dd6246-7481-4790-abaa-ad19646f2176
INFO  [11:57:30.191] [bbotk] Evaluating 1 configuration(s)
INFO  [11:57:30.214] [mlr3] Running benchmark with 5 resampling iterations
INFO  [11:57:30.219] [mlr3] Applying learner 'classif.cv_glmnet' on task 'candi_gene' (iter 1/5)
INFO  [11:57:30.423] [mlr3] Applying learner 'classif.cv_glmnet' on task 'candi_gene' (iter 2/5)
INFO  [11:57:30.638] [mlr3] Applying learner 'classif.cv_glmnet' on task 'candi_gene' (iter 3/5)
INFO  [11:57:30.823] [mlr3] Applying learner 'classif.cv_glmnet' on task 'candi_gene' (iter 4/5)
INFO  [11:57:31.395] [mlr3] Applying learner 'classif.cv_glmnet' on task 'candi_gene' (iter 5/5)
INFO  [11:57:31.603] [mlr3] Finished benchmark
INFO  [11:57:31.628] [bbotk] Result of batch 14:
INFO  [11:57:31.630] [bbotk]  alpha classif.auc warnings errors runtime_learners
INFO  [11:57:31.630] [bbotk]   0.35   0.6191178        0      0            1.341
INFO  [11:57:31.630] [bbotk]                                 uhash
INFO  [11:57:31.630] [bbotk]  0d778a54-8528-442c-b5c2-7fb530d378b9
INFO  [11:57:31.631] [bbotk] Evaluating 1 configuration(s)
INFO  [11:57:31.654] [mlr3] Running benchmark with 5 resampling iterations
INFO  [11:57:31.659] [mlr3] Applying learner 'classif.cv_glmnet' on task 'candi_gene' (iter 1/5)
INFO  [11:57:31.922] [mlr3] Applying learner 'classif.cv_glmnet' on task 'candi_gene' (iter 2/5)
INFO  [11:57:32.191] [mlr3] Applying learner 'classif.cv_glmnet' on task 'candi_gene' (iter 3/5)
INFO  [11:57:32.452] [mlr3] Applying learner 'classif.cv_glmnet' on task 'candi_gene' (iter 4/5)
INFO  [11:57:32.712] [mlr3] Applying learner 'classif.cv_glmnet' on task 'candi_gene' (iter 5/5)
INFO  [11:57:32.987] [mlr3] Finished benchmark
INFO  [11:57:33.012] [bbotk] Result of batch 15:
INFO  [11:57:33.014] [bbotk]  alpha classif.auc warnings errors runtime_learners
INFO  [11:57:33.014] [bbotk]   0.05   0.6952921        0      0            1.288
INFO  [11:57:33.014] [bbotk]                                 uhash
INFO  [11:57:33.014] [bbotk]  890f26e7-4425-4267-ad7f-f59b2ad9142b
INFO  [11:57:33.015] [bbotk] Evaluating 1 configuration(s)
INFO  [11:57:33.038] [mlr3] Running benchmark with 5 resampling iterations
INFO  [11:57:33.043] [mlr3] Applying learner 'classif.cv_glmnet' on task 'candi_gene' (iter 1/5)
INFO  [11:57:33.468] [mlr3] Applying learner 'classif.cv_glmnet' on task 'candi_gene' (iter 2/5)
INFO  [11:57:33.828] [mlr3] Applying learner 'classif.cv_glmnet' on task 'candi_gene' (iter 3/5)
INFO  [11:57:34.246] [mlr3] Applying learner 'classif.cv_glmnet' on task 'candi_gene' (iter 4/5)
INFO  [11:57:34.680] [mlr3] Applying learner 'classif.cv_glmnet' on task 'candi_gene' (iter 5/5)
INFO  [11:57:35.079] [mlr3] Finished benchmark
INFO  [11:57:35.104] [bbotk] Result of batch 16:
INFO  [11:57:35.106] [bbotk]  alpha classif.auc warnings errors runtime_learners
INFO  [11:57:35.106] [bbotk]      0   0.5556752        0      0            1.993
INFO  [11:57:35.106] [bbotk]                                 uhash
INFO  [11:57:35.106] [bbotk]  6a25bbad-f6e0-4e8a-a0fb-337a350860c2
INFO  [11:57:35.107] [bbotk] Evaluating 1 configuration(s)
INFO  [11:57:35.130] [mlr3] Running benchmark with 5 resampling iterations
INFO  [11:57:35.134] [mlr3] Applying learner 'classif.cv_glmnet' on task 'candi_gene' (iter 1/5)
INFO  [11:57:35.319] [mlr3] Applying learner 'classif.cv_glmnet' on task 'candi_gene' (iter 2/5)
INFO  [11:57:35.513] [mlr3] Applying learner 'classif.cv_glmnet' on task 'candi_gene' (iter 3/5)
INFO  [11:57:35.690] [mlr3] Applying learner 'classif.cv_glmnet' on task 'candi_gene' (iter 4/5)
INFO  [11:57:35.878] [mlr3] Applying learner 'classif.cv_glmnet' on task 'candi_gene' (iter 5/5)
INFO  [11:57:36.059] [mlr3] Finished benchmark
INFO  [11:57:36.090] [bbotk] Result of batch 17:
INFO  [11:57:36.093] [bbotk]  alpha classif.auc warnings errors runtime_learners
INFO  [11:57:36.093] [bbotk]    0.6   0.5972054        0      0            0.884
INFO  [11:57:36.093] [bbotk]                                 uhash
INFO  [11:57:36.093] [bbotk]  9b71070f-c813-493b-80f7-43e7f173f1d5
INFO  [11:57:36.094] [bbotk] Evaluating 1 configuration(s)
INFO  [11:57:36.117] [mlr3] Running benchmark with 5 resampling iterations
INFO  [11:57:36.122] [mlr3] Applying learner 'classif.cv_glmnet' on task 'candi_gene' (iter 1/5)
INFO  [11:57:36.310] [mlr3] Applying learner 'classif.cv_glmnet' on task 'candi_gene' (iter 2/5)
INFO  [11:57:36.516] [mlr3] Applying learner 'classif.cv_glmnet' on task 'candi_gene' (iter 3/5)
INFO  [11:57:36.701] [mlr3] Applying learner 'classif.cv_glmnet' on task 'candi_gene' (iter 4/5)
INFO  [11:57:36.902] [mlr3] Applying learner 'classif.cv_glmnet' on task 'candi_gene' (iter 5/5)
INFO  [11:57:37.102] [mlr3] Finished benchmark
INFO  [11:57:37.133] [bbotk] Result of batch 18:
INFO  [11:57:37.135] [bbotk]  alpha classif.auc warnings errors runtime_learners
INFO  [11:57:37.135] [bbotk]    0.4   0.5528977        0      0            0.938
INFO  [11:57:37.135] [bbotk]                                 uhash
INFO  [11:57:37.135] [bbotk]  08a8b32b-147b-4ea9-85ba-a7ae2a93e4ec
INFO  [11:57:37.137] [bbotk] Evaluating 1 configuration(s)
INFO  [11:57:37.159] [mlr3] Running benchmark with 5 resampling iterations
INFO  [11:57:37.164] [mlr3] Applying learner 'classif.cv_glmnet' on task 'candi_gene' (iter 1/5)
INFO  [11:57:37.350] [mlr3] Applying learner 'classif.cv_glmnet' on task 'candi_gene' (iter 2/5)
INFO  [11:57:37.540] [mlr3] Applying learner 'classif.cv_glmnet' on task 'candi_gene' (iter 3/5)
INFO  [11:57:37.717] [mlr3] Applying learner 'classif.cv_glmnet' on task 'candi_gene' (iter 4/5)
INFO  [11:57:37.911] [mlr3] Applying learner 'classif.cv_glmnet' on task 'candi_gene' (iter 5/5)
INFO  [11:57:38.086] [mlr3] Finished benchmark
INFO  [11:57:38.112] [bbotk] Result of batch 19:
INFO  [11:57:38.114] [bbotk]  alpha classif.auc warnings errors runtime_learners
INFO  [11:57:38.114] [bbotk]    0.8     0.64566        0      0            0.879
INFO  [11:57:38.114] [bbotk]                                 uhash
INFO  [11:57:38.114] [bbotk]  52fbd2b5-096f-4f22-8068-391f65581af1
INFO  [11:57:38.115] [bbotk] Evaluating 1 configuration(s)
INFO  [11:57:38.138] [mlr3] Running benchmark with 5 resampling iterations
INFO  [11:57:38.142] [mlr3] Applying learner 'classif.cv_glmnet' on task 'candi_gene' (iter 1/5)
INFO  [11:57:38.327] [mlr3] Applying learner 'classif.cv_glmnet' on task 'candi_gene' (iter 2/5)
INFO  [11:57:38.524] [mlr3] Applying learner 'classif.cv_glmnet' on task 'candi_gene' (iter 3/5)
INFO  [11:57:38.704] [mlr3] Applying learner 'classif.cv_glmnet' on task 'candi_gene' (iter 4/5)
INFO  [11:57:38.882] [mlr3] Applying learner 'classif.cv_glmnet' on task 'candi_gene' (iter 5/5)
INFO  [11:57:39.070] [mlr3] Finished benchmark
INFO  [11:57:39.096] [bbotk] Result of batch 20:
INFO  [11:57:39.098] [bbotk]  alpha classif.auc warnings errors runtime_learners
INFO  [11:57:39.098] [bbotk]   0.65    0.560303        0      0            0.886
INFO  [11:57:39.098] [bbotk]                                 uhash
INFO  [11:57:39.098] [bbotk]  e4131d49-04a1-4eac-8397-23be68428aaf
INFO  [11:57:39.099] [bbotk] Evaluating 1 configuration(s)
INFO  [11:57:39.123] [mlr3] Running benchmark with 5 resampling iterations
INFO  [11:57:39.127] [mlr3] Applying learner 'classif.cv_glmnet' on task 'candi_gene' (iter 1/5)
INFO  [11:57:39.357] [mlr3] Applying learner 'classif.cv_glmnet' on task 'candi_gene' (iter 2/5)
INFO  [11:57:39.600] [mlr3] Applying learner 'classif.cv_glmnet' on task 'candi_gene' (iter 3/5)
INFO  [11:57:39.832] [mlr3] Applying learner 'classif.cv_glmnet' on task 'candi_gene' (iter 4/5)
INFO  [11:57:40.063] [mlr3] Applying learner 'classif.cv_glmnet' on task 'candi_gene' (iter 5/5)
INFO  [11:57:40.300] [mlr3] Finished benchmark
INFO  [11:57:40.325] [bbotk] Result of batch 21:
INFO  [11:57:40.327] [bbotk]  alpha classif.auc warnings errors runtime_learners
INFO  [11:57:40.327] [bbotk]   0.15    0.608468        0      0            1.127
INFO  [11:57:40.327] [bbotk]                                 uhash
INFO  [11:57:40.327] [bbotk]  c2ed05fa-d42a-4ea4-86dd-00982b73ef68
INFO  [11:57:40.331] [bbotk] Finished optimizing after 21 evaluation(s)
INFO  [11:57:40.332] [bbotk] Result:
INFO  [11:57:40.334] [bbotk]   alpha learner_param_vals x_domain classif.auc
INFO  [11:57:40.334] [bbotk]  <char>             <list>   <list>       <num>
INFO  [11:57:40.334] [bbotk]    0.05       c(7.8947....     0.05   0.6952921
