Conda environment: *
R version 4.3.1 (2023-06-16)
Platform: x86_64-conda-linux-gnu (64-bit)
Running under: Red Hat Enterprise Linux 8.3 (Ootpa)

Matrix products: default
BLAS/LAPACK: /ess/home/home1/beiw/miniconda3/envs/5hmc_os_env/lib/libopenblasp-r0.3.27.so;  LAPACK version 3.12.0

locale:
[1] C

time zone: America/Chicago
tzcode source: system (glibc)

attached base packages:
[1] stats4    stats     graphics  grDevices utils     datasets  methods  
[8] base     

other attached packages:
 [1] conflicted_1.2.0            DESeq2_1.40.2              
 [3] SummarizedExperiment_1.30.2 Biobase_2.60.0             
 [5] MatrixGenerics_1.12.2       matrixStats_1.2.0          
 [7] GenomicRanges_1.52.0        GenomeInfoDb_1.36.1        
 [9] IRanges_2.34.1              S4Vectors_0.38.1           
[11] BiocGenerics_0.46.0         glmnet_4.1-8               
[13] Matrix_1.6-5                mlr3learners_0.5.8         
[15] mlr3tuning_0.19.0           paradox_0.11.1             
[17] mlr3_0.19.0                 lubridate_1.9.3            
[19] forcats_1.0.0               stringr_1.5.1              
[21] purrr_1.0.2                 readr_2.1.5                
[23] tidyr_1.3.1                 tibble_3.2.1               
[25] ggplot2_3.4.4               tidyverse_2.0.0            
[27] dplyr_1.1.4                

loaded via a namespace (and not attached):
 [1] gtable_0.3.4            shape_1.4.6             lattice_0.21-9         
 [4] tzdb_0.4.0              bitops_1.0-7            vctrs_0.6.4            
 [7] tools_4.3.1             generics_0.1.3          parallel_4.3.1         
[10] fansi_1.0.5             pkgconfig_2.0.3         data.table_1.15.2      
[13] checkmate_2.3.1         uuid_1.1-1              GenomeInfoDbData_1.2.11
[16] lifecycle_1.0.3         compiler_4.3.1          munsell_0.5.0          
[19] RhpcBLASctl_0.23-42     codetools_0.2-20        bbotk_0.7.2            
[22] RCurl_1.98-1.12         pillar_1.9.0            crayon_1.5.2           
[25] BiocParallel_1.34.2     cachem_1.0.8            DelayedArray_0.26.6    
[28] iterators_1.0.14        foreach_1.5.2           parallelly_1.37.1      
[31] locfit_1.5-9.8          tidyselect_1.2.0        digest_0.6.35          
[34] stringi_1.7.12          future_1.33.2           listenv_0.9.1          
[37] splines_4.3.1           fastmap_1.1.1           grid_4.3.1             
[40] colorspace_2.1-0        cli_3.6.1               magrittr_2.0.3         
[43] S4Arrays_1.0.4          survival_3.5-7          utf8_1.2.4             
[46] withr_2.5.1             scales_1.2.1            backports_1.4.1        
[49] timechange_0.2.0        XVector_0.40.0          globals_0.16.3         
[52] hms_1.1.3               memoise_2.0.1           mlr3misc_0.15.0        
[55] rlang_1.1.1             Rcpp_1.0.11             glue_1.6.2             
[58] palmerpenguins_0.1.1    lgr_0.4.4               R6_2.5.1               
[61] zlibbioc_1.46.0        
INFO  [11:55:58.571] [bbotk] Starting to optimize 1 parameter(s) with '<TunerGridSearch>' and '<TerminatorNone>'
INFO  [11:55:58.595] [bbotk] Evaluating 1 configuration(s)
INFO  [11:55:58.627] [mlr3] Running benchmark with 5 resampling iterations
INFO  [11:55:58.661] [mlr3] Applying learner 'classif.cv_glmnet' on task 'candi_gene' (iter 1/5)
INFO  [11:55:59.288] [mlr3] Applying learner 'classif.cv_glmnet' on task 'candi_gene' (iter 2/5)
INFO  [11:55:59.476] [mlr3] Applying learner 'classif.cv_glmnet' on task 'candi_gene' (iter 3/5)
INFO  [11:55:59.659] [mlr3] Applying learner 'classif.cv_glmnet' on task 'candi_gene' (iter 4/5)
INFO  [11:55:59.855] [mlr3] Applying learner 'classif.cv_glmnet' on task 'candi_gene' (iter 5/5)
INFO  [11:56:00.034] [mlr3] Finished benchmark
INFO  [11:56:00.062] [bbotk] Result of batch 1:
INFO  [11:56:00.066] [bbotk]  alpha classif.auc warnings errors runtime_learners
INFO  [11:56:00.066] [bbotk]      1   0.5391304        0      0            1.326
INFO  [11:56:00.066] [bbotk]                                 uhash
INFO  [11:56:00.066] [bbotk]  469bcc01-5277-4cc0-bd37-44d0c0c7785e
INFO  [11:56:00.068] [bbotk] Evaluating 1 configuration(s)
INFO  [11:56:00.090] [mlr3] Running benchmark with 5 resampling iterations
INFO  [11:56:00.101] [mlr3] Applying learner 'classif.cv_glmnet' on task 'candi_gene' (iter 1/5)
INFO  [11:56:00.292] [mlr3] Applying learner 'classif.cv_glmnet' on task 'candi_gene' (iter 2/5)
INFO  [11:56:00.486] [mlr3] Applying learner 'classif.cv_glmnet' on task 'candi_gene' (iter 3/5)
INFO  [11:56:00.668] [mlr3] Applying learner 'classif.cv_glmnet' on task 'candi_gene' (iter 4/5)
INFO  [11:56:00.873] [mlr3] Applying learner 'classif.cv_glmnet' on task 'candi_gene' (iter 5/5)
INFO  [11:56:01.056] [mlr3] Finished benchmark
INFO  [11:56:01.081] [bbotk] Result of batch 2:
INFO  [11:56:01.083] [bbotk]  alpha classif.auc warnings errors runtime_learners
INFO  [11:56:01.083] [bbotk]    0.5   0.5455314        0      0            0.912
INFO  [11:56:01.083] [bbotk]                                 uhash
INFO  [11:56:01.083] [bbotk]  9c77cabf-50c0-4e3b-bb80-1186837054f5
INFO  [11:56:01.084] [bbotk] Evaluating 1 configuration(s)
INFO  [11:56:01.107] [mlr3] Running benchmark with 5 resampling iterations
INFO  [11:56:01.112] [mlr3] Applying learner 'classif.cv_glmnet' on task 'candi_gene' (iter 1/5)
INFO  [11:56:01.346] [mlr3] Applying learner 'classif.cv_glmnet' on task 'candi_gene' (iter 2/5)
INFO  [11:56:01.582] [mlr3] Applying learner 'classif.cv_glmnet' on task 'candi_gene' (iter 3/5)
INFO  [11:56:01.800] [mlr3] Applying learner 'classif.cv_glmnet' on task 'candi_gene' (iter 4/5)
INFO  [11:56:02.040] [mlr3] Applying learner 'classif.cv_glmnet' on task 'candi_gene' (iter 5/5)
INFO  [11:56:02.268] [mlr3] Finished benchmark
INFO  [11:56:02.292] [bbotk] Result of batch 3:
INFO  [11:56:02.294] [bbotk]  alpha classif.auc warnings errors runtime_learners
INFO  [11:56:02.294] [bbotk]   0.15   0.6241389        0      0            1.113
INFO  [11:56:02.294] [bbotk]                                 uhash
INFO  [11:56:02.294] [bbotk]  f2e92a33-c8cf-438e-af5e-fabe27af0064
INFO  [11:56:02.295] [bbotk] Evaluating 1 configuration(s)
INFO  [11:56:02.318] [mlr3] Running benchmark with 5 resampling iterations
INFO  [11:56:02.323] [mlr3] Applying learner 'classif.cv_glmnet' on task 'candi_gene' (iter 1/5)
INFO  [11:56:02.513] [mlr3] Applying learner 'classif.cv_glmnet' on task 'candi_gene' (iter 2/5)
INFO  [11:56:02.695] [mlr3] Applying learner 'classif.cv_glmnet' on task 'candi_gene' (iter 3/5)
INFO  [11:56:02.877] [mlr3] Applying learner 'classif.cv_glmnet' on task 'candi_gene' (iter 4/5)
INFO  [11:56:03.078] [mlr3] Applying learner 'classif.cv_glmnet' on task 'candi_gene' (iter 5/5)
INFO  [11:56:03.614] [mlr3] Finished benchmark
INFO  [11:56:03.639] [bbotk] Result of batch 4:
INFO  [11:56:03.641] [bbotk]  alpha classif.auc warnings errors runtime_learners
INFO  [11:56:03.641] [bbotk]    0.9   0.5391304        0      0            1.248
INFO  [11:56:03.641] [bbotk]                                 uhash
INFO  [11:56:03.641] [bbotk]  8ef1b7a9-d25f-4172-9dfb-2ee9cb922cdd
INFO  [11:56:03.642] [bbotk] Evaluating 1 configuration(s)
INFO  [11:56:03.665] [mlr3] Running benchmark with 5 resampling iterations
INFO  [11:56:03.669] [mlr3] Applying learner 'classif.cv_glmnet' on task 'candi_gene' (iter 1/5)
INFO  [11:56:04.083] [mlr3] Applying learner 'classif.cv_glmnet' on task 'candi_gene' (iter 2/5)
INFO  [11:56:04.506] [mlr3] Applying learner 'classif.cv_glmnet' on task 'candi_gene' (iter 3/5)
INFO  [11:56:04.926] [mlr3] Applying learner 'classif.cv_glmnet' on task 'candi_gene' (iter 4/5)
INFO  [11:56:05.309] [mlr3] Applying learner 'classif.cv_glmnet' on task 'candi_gene' (iter 5/5)
INFO  [11:56:05.728] [mlr3] Finished benchmark
INFO  [11:56:05.753] [bbotk] Result of batch 5:
INFO  [11:56:05.755] [bbotk]  alpha classif.auc warnings errors runtime_learners
INFO  [11:56:05.755] [bbotk]      0   0.6384916        0      0            2.018
INFO  [11:56:05.755] [bbotk]                                 uhash
INFO  [11:56:05.755] [bbotk]  ea9c1925-68d1-4f16-b1a9-95aabda2424f
INFO  [11:56:05.756] [bbotk] Evaluating 1 configuration(s)
INFO  [11:56:05.778] [mlr3] Running benchmark with 5 resampling iterations
INFO  [11:56:05.783] [mlr3] Applying learner 'classif.cv_glmnet' on task 'candi_gene' (iter 1/5)
INFO  [11:56:06.056] [mlr3] Applying learner 'classif.cv_glmnet' on task 'candi_gene' (iter 2/5)
INFO  [11:56:06.330] [mlr3] Applying learner 'classif.cv_glmnet' on task 'candi_gene' (iter 3/5)
INFO  [11:56:06.591] [mlr3] Applying learner 'classif.cv_glmnet' on task 'candi_gene' (iter 4/5)
INFO  [11:56:06.861] [mlr3] Applying learner 'classif.cv_glmnet' on task 'candi_gene' (iter 5/5)
INFO  [11:56:07.123] [mlr3] Finished benchmark
INFO  [11:56:07.147] [bbotk] Result of batch 6:
INFO  [11:56:07.149] [bbotk]  alpha classif.auc warnings errors runtime_learners
INFO  [11:56:07.149] [bbotk]   0.05   0.7308919        0      0            1.297
INFO  [11:56:07.149] [bbotk]                                 uhash
INFO  [11:56:07.149] [bbotk]  cf27588d-9711-467b-8ffa-f44ef8be6fc7
INFO  [11:56:07.150] [bbotk] Evaluating 1 configuration(s)
INFO  [11:56:07.173] [mlr3] Running benchmark with 5 resampling iterations
INFO  [11:56:07.178] [mlr3] Applying learner 'classif.cv_glmnet' on task 'candi_gene' (iter 1/5)
INFO  [11:56:07.359] [mlr3] Applying learner 'classif.cv_glmnet' on task 'candi_gene' (iter 2/5)
INFO  [11:56:07.542] [mlr3] Applying learner 'classif.cv_glmnet' on task 'candi_gene' (iter 3/5)
INFO  [11:56:07.720] [mlr3] Applying learner 'classif.cv_glmnet' on task 'candi_gene' (iter 4/5)
INFO  [11:56:07.912] [mlr3] Applying learner 'classif.cv_glmnet' on task 'candi_gene' (iter 5/5)
INFO  [11:56:08.090] [mlr3] Finished benchmark
INFO  [11:56:08.115] [bbotk] Result of batch 7:
INFO  [11:56:08.117] [bbotk]  alpha classif.auc warnings errors runtime_learners
INFO  [11:56:08.117] [bbotk]   0.75   0.5654589        0      0            0.871
INFO  [11:56:08.117] [bbotk]                                 uhash
INFO  [11:56:08.117] [bbotk]  9dce86a2-4782-4bbd-b8c4-5a748017b6f4
INFO  [11:56:08.118] [bbotk] Evaluating 1 configuration(s)
INFO  [11:56:08.141] [mlr3] Running benchmark with 5 resampling iterations
INFO  [11:56:08.145] [mlr3] Applying learner 'classif.cv_glmnet' on task 'candi_gene' (iter 1/5)
INFO  [11:56:08.346] [mlr3] Applying learner 'classif.cv_glmnet' on task 'candi_gene' (iter 2/5)
INFO  [11:56:08.545] [mlr3] Applying learner 'classif.cv_glmnet' on task 'candi_gene' (iter 3/5)
INFO  [11:56:08.733] [mlr3] Applying learner 'classif.cv_glmnet' on task 'candi_gene' (iter 4/5)
INFO  [11:56:08.945] [mlr3] Applying learner 'classif.cv_glmnet' on task 'candi_gene' (iter 5/5)
INFO  [11:56:09.140] [mlr3] Finished benchmark
INFO  [11:56:09.165] [bbotk] Result of batch 8:
INFO  [11:56:09.167] [bbotk]  alpha classif.auc warnings errors runtime_learners
INFO  [11:56:09.167] [bbotk]   0.35   0.5557971        0      0            0.947
INFO  [11:56:09.167] [bbotk]                                 uhash
INFO  [11:56:09.167] [bbotk]  4d65c904-4b69-46ce-9250-1451b1133052
INFO  [11:56:09.168] [bbotk] Evaluating 1 configuration(s)
INFO  [11:56:09.191] [mlr3] Running benchmark with 5 resampling iterations
INFO  [11:56:09.196] [mlr3] Applying learner 'classif.cv_glmnet' on task 'candi_gene' (iter 1/5)
INFO  [11:56:09.385] [mlr3] Applying learner 'classif.cv_glmnet' on task 'candi_gene' (iter 2/5)
INFO  [11:56:09.569] [mlr3] Applying learner 'classif.cv_glmnet' on task 'candi_gene' (iter 3/5)
INFO  [11:56:09.748] [mlr3] Applying learner 'classif.cv_glmnet' on task 'candi_gene' (iter 4/5)
INFO  [11:56:09.952] [mlr3] Applying learner 'classif.cv_glmnet' on task 'candi_gene' (iter 5/5)
INFO  [11:56:10.130] [mlr3] Finished benchmark
INFO  [11:56:10.154] [bbotk] Result of batch 9:
INFO  [11:56:10.156] [bbotk]  alpha classif.auc warnings errors runtime_learners
INFO  [11:56:10.156] [bbotk]    0.6   0.5624396        0      0            0.895
INFO  [11:56:10.156] [bbotk]                                 uhash
INFO  [11:56:10.156] [bbotk]  4d4243e5-2542-4b31-8d39-48926a38a554
INFO  [11:56:10.158] [bbotk] Evaluating 1 configuration(s)
INFO  [11:56:10.180] [mlr3] Running benchmark with 5 resampling iterations
INFO  [11:56:10.185] [mlr3] Applying learner 'classif.cv_glmnet' on task 'candi_gene' (iter 1/5)
INFO  [11:56:10.379] [mlr3] Applying learner 'classif.cv_glmnet' on task 'candi_gene' (iter 2/5)
INFO  [11:56:10.565] [mlr3] Applying learner 'classif.cv_glmnet' on task 'candi_gene' (iter 3/5)
INFO  [11:56:10.737] [mlr3] Applying learner 'classif.cv_glmnet' on task 'candi_gene' (iter 4/5)
INFO  [11:56:10.936] [mlr3] Applying learner 'classif.cv_glmnet' on task 'candi_gene' (iter 5/5)
INFO  [11:56:11.115] [mlr3] Finished benchmark
INFO  [11:56:11.140] [bbotk] Result of batch 10:
INFO  [11:56:11.142] [bbotk]  alpha classif.auc warnings errors runtime_learners
INFO  [11:56:11.142] [bbotk]   0.65   0.5347826        0      0            0.887
INFO  [11:56:11.142] [bbotk]                                 uhash
INFO  [11:56:11.142] [bbotk]  bce08dd6-0733-49ec-bca0-2b49ffc38f78
INFO  [11:56:11.143] [bbotk] Evaluating 1 configuration(s)
INFO  [11:56:11.166] [mlr3] Running benchmark with 5 resampling iterations
INFO  [11:56:11.170] [mlr3] Applying learner 'classif.cv_glmnet' on task 'candi_gene' (iter 1/5)
INFO  [11:56:11.363] [mlr3] Applying learner 'classif.cv_glmnet' on task 'candi_gene' (iter 2/5)
INFO  [11:56:11.544] [mlr3] Applying learner 'classif.cv_glmnet' on task 'candi_gene' (iter 3/5)
INFO  [11:56:11.724] [mlr3] Applying learner 'classif.cv_glmnet' on task 'candi_gene' (iter 4/5)
INFO  [11:56:11.925] [mlr3] Applying learner 'classif.cv_glmnet' on task 'candi_gene' (iter 5/5)
INFO  [11:56:12.109] [mlr3] Finished benchmark
INFO  [11:56:12.134] [bbotk] Result of batch 11:
INFO  [11:56:12.136] [bbotk]  alpha classif.auc warnings errors runtime_learners
INFO  [11:56:12.136] [bbotk]   0.95    0.515942        0      0            0.896
INFO  [11:56:12.136] [bbotk]                                 uhash
INFO  [11:56:12.136] [bbotk]  63b1696f-814f-4571-ae96-5e23e6be606c
INFO  [11:56:12.137] [bbotk] Evaluating 1 configuration(s)
INFO  [11:56:12.160] [mlr3] Running benchmark with 5 resampling iterations
INFO  [11:56:12.165] [mlr3] Applying learner 'classif.cv_glmnet' on task 'candi_gene' (iter 1/5)
INFO  [11:56:12.374] [mlr3] Applying learner 'classif.cv_glmnet' on task 'candi_gene' (iter 2/5)
INFO  [11:56:12.579] [mlr3] Applying learner 'classif.cv_glmnet' on task 'candi_gene' (iter 3/5)
INFO  [11:56:12.778] [mlr3] Applying learner 'classif.cv_glmnet' on task 'candi_gene' (iter 4/5)
INFO  [11:56:12.998] [mlr3] Applying learner 'classif.cv_glmnet' on task 'candi_gene' (iter 5/5)
INFO  [11:56:13.201] [mlr3] Finished benchmark
INFO  [11:56:13.225] [bbotk] Result of batch 12:
INFO  [11:56:13.227] [bbotk]  alpha classif.auc warnings errors runtime_learners
INFO  [11:56:13.227] [bbotk]    0.3   0.5965007        0      0            0.992
INFO  [11:56:13.227] [bbotk]                                 uhash
INFO  [11:56:13.227] [bbotk]  2c7c1093-ba5d-4412-ae06-d946a410c39c
INFO  [11:56:13.229] [bbotk] Evaluating 1 configuration(s)
INFO  [11:56:13.251] [mlr3] Running benchmark with 5 resampling iterations
INFO  [11:56:13.256] [mlr3] Applying learner 'classif.cv_glmnet' on task 'candi_gene' (iter 1/5)
INFO  [11:56:13.870] [mlr3] Applying learner 'classif.cv_glmnet' on task 'candi_gene' (iter 2/5)
INFO  [11:56:14.114] [mlr3] Applying learner 'classif.cv_glmnet' on task 'candi_gene' (iter 3/5)
INFO  [11:56:14.338] [mlr3] Applying learner 'classif.cv_glmnet' on task 'candi_gene' (iter 4/5)
INFO  [11:56:14.585] [mlr3] Applying learner 'classif.cv_glmnet' on task 'candi_gene' (iter 5/5)
INFO  [11:56:14.819] [mlr3] Finished benchmark
INFO  [11:56:14.844] [bbotk] Result of batch 13:
INFO  [11:56:14.846] [bbotk]  alpha classif.auc warnings errors runtime_learners
INFO  [11:56:14.846] [bbotk]    0.1   0.6966215        0      0            1.521
INFO  [11:56:14.846] [bbotk]                                 uhash
INFO  [11:56:14.846] [bbotk]  141783d2-b2e4-4f81-83a5-35c8f80ac403
INFO  [11:56:14.847] [bbotk] Evaluating 1 configuration(s)
INFO  [11:56:14.870] [mlr3] Running benchmark with 5 resampling iterations
INFO  [11:56:14.874] [mlr3] Applying learner 'classif.cv_glmnet' on task 'candi_gene' (iter 1/5)
INFO  [11:56:15.092] [mlr3] Applying learner 'classif.cv_glmnet' on task 'candi_gene' (iter 2/5)
INFO  [11:56:15.310] [mlr3] Applying learner 'classif.cv_glmnet' on task 'candi_gene' (iter 3/5)
INFO  [11:56:15.520] [mlr3] Applying learner 'classif.cv_glmnet' on task 'candi_gene' (iter 4/5)
INFO  [11:56:15.747] [mlr3] Applying learner 'classif.cv_glmnet' on task 'candi_gene' (iter 5/5)
INFO  [11:56:15.961] [mlr3] Finished benchmark
INFO  [11:56:15.985] [bbotk] Result of batch 14:
INFO  [11:56:15.987] [bbotk]  alpha classif.auc warnings errors runtime_learners
INFO  [11:56:15.987] [bbotk]    0.2   0.6098877        0      0            1.046
INFO  [11:56:15.987] [bbotk]                                 uhash
INFO  [11:56:15.987] [bbotk]  906242c5-2ce8-4601-99bc-6fcd143d85d5
INFO  [11:56:15.989] [bbotk] Evaluating 1 configuration(s)
INFO  [11:56:16.011] [mlr3] Running benchmark with 5 resampling iterations
INFO  [11:56:16.016] [mlr3] Applying learner 'classif.cv_glmnet' on task 'candi_gene' (iter 1/5)
INFO  [11:56:16.206] [mlr3] Applying learner 'classif.cv_glmnet' on task 'candi_gene' (iter 2/5)
INFO  [11:56:16.383] [mlr3] Applying learner 'classif.cv_glmnet' on task 'candi_gene' (iter 3/5)
INFO  [11:56:16.559] [mlr3] Applying learner 'classif.cv_glmnet' on task 'candi_gene' (iter 4/5)
INFO  [11:56:16.755] [mlr3] Applying learner 'classif.cv_glmnet' on task 'candi_gene' (iter 5/5)
INFO  [11:56:16.934] [mlr3] Finished benchmark
INFO  [11:56:16.959] [bbotk] Result of batch 15:
INFO  [11:56:16.961] [bbotk]  alpha classif.auc warnings errors runtime_learners
INFO  [11:56:16.961] [bbotk]    0.7   0.5672705        0      0            0.875
INFO  [11:56:16.961] [bbotk]                                 uhash
INFO  [11:56:16.961] [bbotk]  7d981486-937c-413f-89c2-d527e6200eab
INFO  [11:56:16.963] [bbotk] Evaluating 1 configuration(s)
INFO  [11:56:16.985] [mlr3] Running benchmark with 5 resampling iterations
INFO  [11:56:16.990] [mlr3] Applying learner 'classif.cv_glmnet' on task 'candi_gene' (iter 1/5)
INFO  [11:56:17.173] [mlr3] Applying learner 'classif.cv_glmnet' on task 'candi_gene' (iter 2/5)
INFO  [11:56:17.355] [mlr3] Applying learner 'classif.cv_glmnet' on task 'candi_gene' (iter 3/5)
INFO  [11:56:17.533] [mlr3] Applying learner 'classif.cv_glmnet' on task 'candi_gene' (iter 4/5)
INFO  [11:56:17.729] [mlr3] Applying learner 'classif.cv_glmnet' on task 'candi_gene' (iter 5/5)
INFO  [11:56:17.907] [mlr3] Finished benchmark
INFO  [11:56:17.931] [bbotk] Result of batch 16:
INFO  [11:56:17.934] [bbotk]  alpha classif.auc warnings errors runtime_learners
INFO  [11:56:17.934] [bbotk]   0.85   0.5471014        0      0            0.875
INFO  [11:56:17.934] [bbotk]                                 uhash
INFO  [11:56:17.934] [bbotk]  353eae6d-c5c3-407d-a5a6-30a44aabaab5
INFO  [11:56:17.935] [bbotk] Evaluating 1 configuration(s)
INFO  [11:56:17.957] [mlr3] Running benchmark with 5 resampling iterations
INFO  [11:56:17.962] [mlr3] Applying learner 'classif.cv_glmnet' on task 'candi_gene' (iter 1/5)
INFO  [11:56:18.159] [mlr3] Applying learner 'classif.cv_glmnet' on task 'candi_gene' (iter 2/5)
INFO  [11:56:18.353] [mlr3] Applying learner 'classif.cv_glmnet' on task 'candi_gene' (iter 3/5)
INFO  [11:56:18.547] [mlr3] Applying learner 'classif.cv_glmnet' on task 'candi_gene' (iter 4/5)
INFO  [11:56:18.753] [mlr3] Applying learner 'classif.cv_glmnet' on task 'candi_gene' (iter 5/5)
INFO  [11:56:18.939] [mlr3] Finished benchmark
INFO  [11:56:18.964] [bbotk] Result of batch 17:
INFO  [11:56:18.966] [bbotk]  alpha classif.auc warnings errors runtime_learners
INFO  [11:56:18.966] [bbotk]    0.4   0.6340821        0      0            0.934
INFO  [11:56:18.966] [bbotk]                                 uhash
INFO  [11:56:18.966] [bbotk]  ffc190d8-7f8f-46ae-8265-306c15a677d7
INFO  [11:56:18.967] [bbotk] Evaluating 1 configuration(s)
INFO  [11:56:18.997] [mlr3] Running benchmark with 5 resampling iterations
INFO  [11:56:19.002] [mlr3] Applying learner 'classif.cv_glmnet' on task 'candi_gene' (iter 1/5)
INFO  [11:56:19.205] [mlr3] Applying learner 'classif.cv_glmnet' on task 'candi_gene' (iter 2/5)
INFO  [11:56:19.420] [mlr3] Applying learner 'classif.cv_glmnet' on task 'candi_gene' (iter 3/5)
INFO  [11:56:19.621] [mlr3] Applying learner 'classif.cv_glmnet' on task 'candi_gene' (iter 4/5)
INFO  [11:56:19.842] [mlr3] Applying learner 'classif.cv_glmnet' on task 'candi_gene' (iter 5/5)
INFO  [11:56:20.048] [mlr3] Finished benchmark
INFO  [11:56:20.073] [bbotk] Result of batch 18:
INFO  [11:56:20.075] [bbotk]  alpha classif.auc warnings errors runtime_learners
INFO  [11:56:20.075] [bbotk]   0.25   0.5934218        0      0            1.007
INFO  [11:56:20.075] [bbotk]                                 uhash
INFO  [11:56:20.075] [bbotk]  6c98a6cc-8a69-47a7-9c27-5109b9178135
INFO  [11:56:20.076] [bbotk] Evaluating 1 configuration(s)
INFO  [11:56:20.099] [mlr3] Running benchmark with 5 resampling iterations
INFO  [11:56:20.104] [mlr3] Applying learner 'classif.cv_glmnet' on task 'candi_gene' (iter 1/5)
INFO  [11:56:20.291] [mlr3] Applying learner 'classif.cv_glmnet' on task 'candi_gene' (iter 2/5)
INFO  [11:56:20.479] [mlr3] Applying learner 'classif.cv_glmnet' on task 'candi_gene' (iter 3/5)
INFO  [11:56:20.650] [mlr3] Applying learner 'classif.cv_glmnet' on task 'candi_gene' (iter 4/5)
INFO  [11:56:20.855] [mlr3] Applying learner 'classif.cv_glmnet' on task 'candi_gene' (iter 5/5)
INFO  [11:56:21.035] [mlr3] Finished benchmark
INFO  [11:56:21.061] [bbotk] Result of batch 19:
INFO  [11:56:21.063] [bbotk]  alpha classif.auc warnings errors runtime_learners
INFO  [11:56:21.063] [bbotk]    0.8   0.5872451        0      0            0.891
INFO  [11:56:21.063] [bbotk]                                 uhash
INFO  [11:56:21.063] [bbotk]  34259e3e-0dd9-4229-8e0e-5aa36368318e
INFO  [11:56:21.064] [bbotk] Evaluating 1 configuration(s)
INFO  [11:56:21.087] [mlr3] Running benchmark with 5 resampling iterations
INFO  [11:56:21.092] [mlr3] Applying learner 'classif.cv_glmnet' on task 'candi_gene' (iter 1/5)
INFO  [11:56:21.290] [mlr3] Applying learner 'classif.cv_glmnet' on task 'candi_gene' (iter 2/5)
INFO  [11:56:21.475] [mlr3] Applying learner 'classif.cv_glmnet' on task 'candi_gene' (iter 3/5)
INFO  [11:56:21.665] [mlr3] Applying learner 'classif.cv_glmnet' on task 'candi_gene' (iter 4/5)
INFO  [11:56:21.870] [mlr3] Applying learner 'classif.cv_glmnet' on task 'candi_gene' (iter 5/5)
INFO  [11:56:22.061] [mlr3] Finished benchmark
INFO  [11:56:22.086] [bbotk] Result of batch 20:
INFO  [11:56:22.088] [bbotk]  alpha classif.auc warnings errors runtime_learners
INFO  [11:56:22.088] [bbotk]   0.45   0.6548576        0      0            0.927
INFO  [11:56:22.088] [bbotk]                                 uhash
INFO  [11:56:22.088] [bbotk]  cb994e0a-4d53-42c2-899c-bfb8d9f70a93
INFO  [11:56:22.089] [bbotk] Evaluating 1 configuration(s)
INFO  [11:56:22.112] [mlr3] Running benchmark with 5 resampling iterations
INFO  [11:56:22.117] [mlr3] Applying learner 'classif.cv_glmnet' on task 'candi_gene' (iter 1/5)
INFO  [11:56:22.307] [mlr3] Applying learner 'classif.cv_glmnet' on task 'candi_gene' (iter 2/5)
INFO  [11:56:22.489] [mlr3] Applying learner 'classif.cv_glmnet' on task 'candi_gene' (iter 3/5)
INFO  [11:56:22.676] [mlr3] Applying learner 'classif.cv_glmnet' on task 'candi_gene' (iter 4/5)
INFO  [11:56:22.878] [mlr3] Applying learner 'classif.cv_glmnet' on task 'candi_gene' (iter 5/5)
INFO  [11:56:23.063] [mlr3] Finished benchmark
INFO  [11:56:23.088] [bbotk] Result of batch 21:
INFO  [11:56:23.090] [bbotk]  alpha classif.auc warnings errors runtime_learners
INFO  [11:56:23.090] [bbotk]   0.55   0.6046725        0      0            0.905
INFO  [11:56:23.090] [bbotk]                                 uhash
INFO  [11:56:23.090] [bbotk]  209d4a12-f07b-44b9-8124-154f702a2f4f
INFO  [11:56:23.095] [bbotk] Finished optimizing after 21 evaluation(s)
INFO  [11:56:23.095] [bbotk] Result:
INFO  [11:56:23.098] [bbotk]   alpha learner_param_vals x_domain classif.auc
INFO  [11:56:23.098] [bbotk]  <char>             <list>   <list>       <num>
INFO  [11:56:23.098] [bbotk]    0.05       c(7.8947....     0.05   0.7308919
