Conda environment: *
R version 4.3.1 (2023-06-16)
Platform: x86_64-conda-linux-gnu (64-bit)
Running under: Red Hat Enterprise Linux 8.3 (Ootpa)

Matrix products: default
BLAS/LAPACK: /ess/home/home1/beiw/miniconda3/envs/5hmc_os_env/lib/libopenblasp-r0.3.27.so;  LAPACK version 3.12.0

locale:
[1] C

time zone: America/Chicago
tzcode source: system (glibc)

attached base packages:
[1] stats4    stats     graphics  grDevices utils     datasets  methods  
[8] base     

other attached packages:
 [1] conflicted_1.2.0            DESeq2_1.40.2              
 [3] SummarizedExperiment_1.30.2 Biobase_2.60.0             
 [5] MatrixGenerics_1.12.2       matrixStats_1.2.0          
 [7] GenomicRanges_1.52.0        GenomeInfoDb_1.36.1        
 [9] IRanges_2.34.1              S4Vectors_0.38.1           
[11] BiocGenerics_0.46.0         glmnet_4.1-8               
[13] Matrix_1.6-5                mlr3learners_0.5.8         
[15] mlr3tuning_0.19.0           paradox_0.11.1             
[17] mlr3_0.19.0                 lubridate_1.9.3            
[19] forcats_1.0.0               stringr_1.5.1              
[21] purrr_1.0.2                 readr_2.1.5                
[23] tidyr_1.3.1                 tibble_3.2.1               
[25] ggplot2_3.4.4               tidyverse_2.0.0            
[27] dplyr_1.1.4                

loaded via a namespace (and not attached):
 [1] gtable_0.3.4            shape_1.4.6             lattice_0.21-9         
 [4] tzdb_0.4.0              bitops_1.0-7            vctrs_0.6.4            
 [7] tools_4.3.1             generics_0.1.3          parallel_4.3.1         
[10] fansi_1.0.5             pkgconfig_2.0.3         data.table_1.15.2      
[13] checkmate_2.3.1         uuid_1.1-1              GenomeInfoDbData_1.2.11
[16] lifecycle_1.0.3         compiler_4.3.1          munsell_0.5.0          
[19] RhpcBLASctl_0.23-42     codetools_0.2-20        bbotk_0.7.2            
[22] RCurl_1.98-1.12         pillar_1.9.0            crayon_1.5.2           
[25] BiocParallel_1.34.2     cachem_1.0.8            DelayedArray_0.26.6    
[28] iterators_1.0.14        foreach_1.5.2           parallelly_1.37.1      
[31] locfit_1.5-9.8          tidyselect_1.2.0        digest_0.6.35          
[34] stringi_1.7.12          future_1.33.2           listenv_0.9.1          
[37] splines_4.3.1           fastmap_1.1.1           grid_4.3.1             
[40] colorspace_2.1-0        cli_3.6.1               magrittr_2.0.3         
[43] S4Arrays_1.0.4          survival_3.5-7          utf8_1.2.4             
[46] withr_2.5.1             scales_1.2.1            backports_1.4.1        
[49] timechange_0.2.0        XVector_0.40.0          globals_0.16.3         
[52] hms_1.1.3               memoise_2.0.1           mlr3misc_0.15.0        
[55] rlang_1.1.1             Rcpp_1.0.11             glue_1.6.2             
[58] palmerpenguins_0.1.1    lgr_0.4.4               R6_2.5.1               
[61] zlibbioc_1.46.0        
INFO  [11:55:15.673] [bbotk] Starting to optimize 1 parameter(s) with '<TunerGridSearch>' and '<TerminatorNone>'
INFO  [11:55:15.697] [bbotk] Evaluating 1 configuration(s)
INFO  [11:55:15.730] [mlr3] Running benchmark with 5 resampling iterations
INFO  [11:55:15.764] [mlr3] Applying learner 'classif.cv_glmnet' on task 'candi_gene' (iter 1/5)
INFO  [11:55:16.468] [mlr3] Applying learner 'classif.cv_glmnet' on task 'candi_gene' (iter 2/5)
INFO  [11:55:16.710] [mlr3] Applying learner 'classif.cv_glmnet' on task 'candi_gene' (iter 3/5)
INFO  [11:55:16.950] [mlr3] Applying learner 'classif.cv_glmnet' on task 'candi_gene' (iter 4/5)
INFO  [11:55:17.203] [mlr3] Applying learner 'classif.cv_glmnet' on task 'candi_gene' (iter 5/5)
INFO  [11:55:17.452] [mlr3] Finished benchmark
INFO  [11:55:17.482] [bbotk] Result of batch 1:
INFO  [11:55:17.486] [bbotk]  alpha classif.auc warnings errors runtime_learners
INFO  [11:55:17.486] [bbotk]    0.1    0.656904        0      0            1.638
INFO  [11:55:17.486] [bbotk]                                 uhash
INFO  [11:55:17.486] [bbotk]  ac24a02e-d20f-4756-aa50-6299bfbd8093
INFO  [11:55:17.488] [bbotk] Evaluating 1 configuration(s)
INFO  [11:55:17.513] [mlr3] Running benchmark with 5 resampling iterations
INFO  [11:55:17.518] [mlr3] Applying learner 'classif.cv_glmnet' on task 'candi_gene' (iter 1/5)
INFO  [11:55:17.743] [mlr3] Applying learner 'classif.cv_glmnet' on task 'candi_gene' (iter 2/5)
INFO  [11:55:17.955] [mlr3] Applying learner 'classif.cv_glmnet' on task 'candi_gene' (iter 3/5)
INFO  [11:55:18.168] [mlr3] Applying learner 'classif.cv_glmnet' on task 'candi_gene' (iter 4/5)
INFO  [11:55:18.402] [mlr3] Applying learner 'classif.cv_glmnet' on task 'candi_gene' (iter 5/5)
INFO  [11:55:18.994] [mlr3] Finished benchmark
INFO  [11:55:19.020] [bbotk] Result of batch 2:
INFO  [11:55:19.022] [bbotk]  alpha classif.auc warnings errors runtime_learners
INFO  [11:55:19.022] [bbotk]    0.2    0.588476        0      0            1.432
INFO  [11:55:19.022] [bbotk]                                 uhash
INFO  [11:55:19.022] [bbotk]  8924f4e9-0be5-49d2-9da5-cd87b2c9a598
INFO  [11:55:19.023] [bbotk] Evaluating 1 configuration(s)
INFO  [11:55:19.046] [mlr3] Running benchmark with 5 resampling iterations
INFO  [11:55:19.051] [mlr3] Applying learner 'classif.cv_glmnet' on task 'candi_gene' (iter 1/5)
INFO  [11:55:19.472] [mlr3] Applying learner 'classif.cv_glmnet' on task 'candi_gene' (iter 2/5)
INFO  [11:55:19.889] [mlr3] Applying learner 'classif.cv_glmnet' on task 'candi_gene' (iter 3/5)
INFO  [11:55:20.310] [mlr3] Applying learner 'classif.cv_glmnet' on task 'candi_gene' (iter 4/5)
INFO  [11:55:20.716] [mlr3] Applying learner 'classif.cv_glmnet' on task 'candi_gene' (iter 5/5)
INFO  [11:55:21.145] [mlr3] Finished benchmark
INFO  [11:55:21.169] [bbotk] Result of batch 3:
INFO  [11:55:21.171] [bbotk]  alpha classif.auc warnings errors runtime_learners
INFO  [11:55:21.171] [bbotk]      0   0.6274928        0      0            2.025
INFO  [11:55:21.171] [bbotk]                                 uhash
INFO  [11:55:21.171] [bbotk]  98378073-bb77-46df-9fb8-9a4f1b1f54d5
INFO  [11:55:21.173] [bbotk] Evaluating 1 configuration(s)
INFO  [11:55:21.196] [mlr3] Running benchmark with 5 resampling iterations
INFO  [11:55:21.201] [mlr3] Applying learner 'classif.cv_glmnet' on task 'candi_gene' (iter 1/5)
INFO  [11:55:21.380] [mlr3] Applying learner 'classif.cv_glmnet' on task 'candi_gene' (iter 2/5)
INFO  [11:55:21.564] [mlr3] Applying learner 'classif.cv_glmnet' on task 'candi_gene' (iter 3/5)
INFO  [11:55:21.741] [mlr3] Applying learner 'classif.cv_glmnet' on task 'candi_gene' (iter 4/5)
INFO  [11:55:21.926] [mlr3] Applying learner 'classif.cv_glmnet' on task 'candi_gene' (iter 5/5)
INFO  [11:55:22.117] [mlr3] Finished benchmark
INFO  [11:55:22.141] [bbotk] Result of batch 4:
INFO  [11:55:22.143] [bbotk]  alpha classif.auc warnings errors runtime_learners
INFO  [11:55:22.143] [bbotk]    0.6   0.5227053        0      0            0.872
INFO  [11:55:22.143] [bbotk]                                 uhash
INFO  [11:55:22.143] [bbotk]  160aecd5-f696-4845-8d8e-317e1eaf7f37
INFO  [11:55:22.145] [bbotk] Evaluating 1 configuration(s)
INFO  [11:55:22.173] [mlr3] Running benchmark with 5 resampling iterations
INFO  [11:55:22.178] [mlr3] Applying learner 'classif.cv_glmnet' on task 'candi_gene' (iter 1/5)
INFO  [11:55:22.367] [mlr3] Applying learner 'classif.cv_glmnet' on task 'candi_gene' (iter 2/5)
INFO  [11:55:22.550] [mlr3] Applying learner 'classif.cv_glmnet' on task 'candi_gene' (iter 3/5)
INFO  [11:55:22.734] [mlr3] Applying learner 'classif.cv_glmnet' on task 'candi_gene' (iter 4/5)
INFO  [11:55:22.930] [mlr3] Applying learner 'classif.cv_glmnet' on task 'candi_gene' (iter 5/5)
INFO  [11:55:23.116] [mlr3] Finished benchmark
INFO  [11:55:23.140] [bbotk] Result of batch 5:
INFO  [11:55:23.142] [bbotk]  alpha classif.auc warnings errors runtime_learners
INFO  [11:55:23.142] [bbotk]    0.5   0.5590333        0      0            0.894
INFO  [11:55:23.142] [bbotk]                                 uhash
INFO  [11:55:23.142] [bbotk]  c887aca7-56cc-430f-8be0-0f35a497b20c
INFO  [11:55:23.143] [bbotk] Evaluating 1 configuration(s)
INFO  [11:55:23.166] [mlr3] Running benchmark with 5 resampling iterations
INFO  [11:55:23.171] [mlr3] Applying learner 'classif.cv_glmnet' on task 'candi_gene' (iter 1/5)
INFO  [11:55:23.380] [mlr3] Applying learner 'classif.cv_glmnet' on task 'candi_gene' (iter 2/5)
INFO  [11:55:23.587] [mlr3] Applying learner 'classif.cv_glmnet' on task 'candi_gene' (iter 3/5)
INFO  [11:55:23.790] [mlr3] Applying learner 'classif.cv_glmnet' on task 'candi_gene' (iter 4/5)
INFO  [11:55:24.005] [mlr3] Applying learner 'classif.cv_glmnet' on task 'candi_gene' (iter 5/5)
INFO  [11:55:24.218] [mlr3] Finished benchmark
INFO  [11:55:24.242] [bbotk] Result of batch 6:
INFO  [11:55:24.244] [bbotk]  alpha classif.auc warnings errors runtime_learners
INFO  [11:55:24.244] [bbotk]   0.25   0.5632882        0      0            1.003
INFO  [11:55:24.244] [bbotk]                                 uhash
INFO  [11:55:24.244] [bbotk]  e96338fe-b049-4c8e-a1cb-e5dfb7d2172a
INFO  [11:55:24.245] [bbotk] Evaluating 1 configuration(s)
INFO  [11:55:24.268] [mlr3] Running benchmark with 5 resampling iterations
INFO  [11:55:24.273] [mlr3] Applying learner 'classif.cv_glmnet' on task 'candi_gene' (iter 1/5)
INFO  [11:55:24.449] [mlr3] Applying learner 'classif.cv_glmnet' on task 'candi_gene' (iter 2/5)
INFO  [11:55:24.629] [mlr3] Applying learner 'classif.cv_glmnet' on task 'candi_gene' (iter 3/5)
INFO  [11:55:24.806] [mlr3] Applying learner 'classif.cv_glmnet' on task 'candi_gene' (iter 4/5)
INFO  [11:55:24.993] [mlr3] Applying learner 'classif.cv_glmnet' on task 'candi_gene' (iter 5/5)
INFO  [11:55:25.178] [mlr3] Finished benchmark
INFO  [11:55:25.203] [bbotk] Result of batch 7:
INFO  [11:55:25.205] [bbotk]  alpha classif.auc warnings errors runtime_learners
INFO  [11:55:25.205] [bbotk]   0.85    0.576516        0      0            0.864
INFO  [11:55:25.205] [bbotk]                                 uhash
INFO  [11:55:25.205] [bbotk]  79bf6c8f-2f9f-4752-81a9-f7ffde89481b
INFO  [11:55:25.206] [bbotk] Evaluating 1 configuration(s)
INFO  [11:55:25.229] [mlr3] Running benchmark with 5 resampling iterations
INFO  [11:55:25.234] [mlr3] Applying learner 'classif.cv_glmnet' on task 'candi_gene' (iter 1/5)
INFO  [11:55:25.426] [mlr3] Applying learner 'classif.cv_glmnet' on task 'candi_gene' (iter 2/5)
INFO  [11:55:25.603] [mlr3] Applying learner 'classif.cv_glmnet' on task 'candi_gene' (iter 3/5)
INFO  [11:55:25.781] [mlr3] Applying learner 'classif.cv_glmnet' on task 'candi_gene' (iter 4/5)
INFO  [11:55:25.971] [mlr3] Applying learner 'classif.cv_glmnet' on task 'candi_gene' (iter 5/5)
INFO  [11:55:26.150] [mlr3] Finished benchmark
INFO  [11:55:26.175] [bbotk] Result of batch 8:
INFO  [11:55:26.177] [bbotk]  alpha classif.auc warnings errors runtime_learners
INFO  [11:55:26.177] [bbotk]   0.75   0.5419867        0      0            0.875
INFO  [11:55:26.177] [bbotk]                                 uhash
INFO  [11:55:26.177] [bbotk]  4e964505-32aa-494f-a5f2-da18dd4436c2
INFO  [11:55:26.179] [bbotk] Evaluating 1 configuration(s)
INFO  [11:55:26.201] [mlr3] Running benchmark with 5 resampling iterations
INFO  [11:55:26.206] [mlr3] Applying learner 'classif.cv_glmnet' on task 'candi_gene' (iter 1/5)
INFO  [11:55:26.411] [mlr3] Applying learner 'classif.cv_glmnet' on task 'candi_gene' (iter 2/5)
INFO  [11:55:26.611] [mlr3] Applying learner 'classif.cv_glmnet' on task 'candi_gene' (iter 3/5)
INFO  [11:55:26.810] [mlr3] Applying learner 'classif.cv_glmnet' on task 'candi_gene' (iter 4/5)
INFO  [11:55:27.019] [mlr3] Applying learner 'classif.cv_glmnet' on task 'candi_gene' (iter 5/5)
INFO  [11:55:27.225] [mlr3] Finished benchmark
INFO  [11:55:27.250] [bbotk] Result of batch 9:
INFO  [11:55:27.252] [bbotk]  alpha classif.auc warnings errors runtime_learners
INFO  [11:55:27.252] [bbotk]    0.3   0.5927083        0      0            0.972
INFO  [11:55:27.252] [bbotk]                                 uhash
INFO  [11:55:27.252] [bbotk]  f6a82aaa-5b49-450b-8bcf-2d72dcb57c3e
INFO  [11:55:27.254] [bbotk] Evaluating 1 configuration(s)
INFO  [11:55:27.277] [mlr3] Running benchmark with 5 resampling iterations
INFO  [11:55:27.282] [mlr3] Applying learner 'classif.cv_glmnet' on task 'candi_gene' (iter 1/5)
INFO  [11:55:27.471] [mlr3] Applying learner 'classif.cv_glmnet' on task 'candi_gene' (iter 2/5)
INFO  [11:55:27.659] [mlr3] Applying learner 'classif.cv_glmnet' on task 'candi_gene' (iter 3/5)
INFO  [11:55:27.843] [mlr3] Applying learner 'classif.cv_glmnet' on task 'candi_gene' (iter 4/5)
INFO  [11:55:28.033] [mlr3] Applying learner 'classif.cv_glmnet' on task 'candi_gene' (iter 5/5)
INFO  [11:55:28.224] [mlr3] Finished benchmark
INFO  [11:55:28.249] [bbotk] Result of batch 10:
INFO  [11:55:28.251] [bbotk]  alpha classif.auc warnings errors runtime_learners
INFO  [11:55:28.251] [bbotk]   0.55   0.5726362        0      0            0.899
INFO  [11:55:28.251] [bbotk]                                 uhash
INFO  [11:55:28.251] [bbotk]  d9058a52-3a0a-4242-98d4-c1612ae8dd46
INFO  [11:55:28.252] [bbotk] Evaluating 1 configuration(s)
INFO  [11:55:28.275] [mlr3] Running benchmark with 5 resampling iterations
INFO  [11:55:28.280] [mlr3] Applying learner 'classif.cv_glmnet' on task 'candi_gene' (iter 1/5)
INFO  [11:55:28.463] [mlr3] Applying learner 'classif.cv_glmnet' on task 'candi_gene' (iter 2/5)
INFO  [11:55:28.650] [mlr3] Applying learner 'classif.cv_glmnet' on task 'candi_gene' (iter 3/5)
INFO  [11:55:28.835] [mlr3] Applying learner 'classif.cv_glmnet' on task 'candi_gene' (iter 4/5)
INFO  [11:55:29.020] [mlr3] Applying learner 'classif.cv_glmnet' on task 'candi_gene' (iter 5/5)
INFO  [11:55:29.210] [mlr3] Finished benchmark
INFO  [11:55:29.234] [bbotk] Result of batch 11:
INFO  [11:55:29.236] [bbotk]  alpha classif.auc warnings errors runtime_learners
INFO  [11:55:29.236] [bbotk]      1   0.5307054        0      0            0.886
INFO  [11:55:29.236] [bbotk]                                 uhash
INFO  [11:55:29.236] [bbotk]  c232a203-4c98-49e3-ab8f-90dedfcea860
INFO  [11:55:29.237] [bbotk] Evaluating 1 configuration(s)
INFO  [11:55:29.261] [mlr3] Running benchmark with 5 resampling iterations
INFO  [11:55:29.266] [mlr3] Applying learner 'classif.cv_glmnet' on task 'candi_gene' (iter 1/5)
INFO  [11:55:29.464] [mlr3] Applying learner 'classif.cv_glmnet' on task 'candi_gene' (iter 2/5)
INFO  [11:55:29.668] [mlr3] Applying learner 'classif.cv_glmnet' on task 'candi_gene' (iter 3/5)
INFO  [11:55:29.864] [mlr3] Applying learner 'classif.cv_glmnet' on task 'candi_gene' (iter 4/5)
INFO  [11:55:30.066] [mlr3] Applying learner 'classif.cv_glmnet' on task 'candi_gene' (iter 5/5)
INFO  [11:55:30.267] [mlr3] Finished benchmark
INFO  [11:55:30.292] [bbotk] Result of batch 12:
INFO  [11:55:30.294] [bbotk]  alpha classif.auc warnings errors runtime_learners
INFO  [11:55:30.294] [bbotk]    0.4   0.6088061        0      0            0.956
INFO  [11:55:30.294] [bbotk]                                 uhash
INFO  [11:55:30.294] [bbotk]  0d8d08d6-946c-4b61-823a-511b2761f6b9
INFO  [11:55:30.295] [bbotk] Evaluating 1 configuration(s)
INFO  [11:55:30.318] [mlr3] Running benchmark with 5 resampling iterations
INFO  [11:55:30.323] [mlr3] Applying learner 'classif.cv_glmnet' on task 'candi_gene' (iter 1/5)
INFO  [11:55:30.601] [mlr3] Applying learner 'classif.cv_glmnet' on task 'candi_gene' (iter 2/5)
INFO  [11:55:30.860] [mlr3] Applying learner 'classif.cv_glmnet' on task 'candi_gene' (iter 3/5)
INFO  [11:55:31.125] [mlr3] Applying learner 'classif.cv_glmnet' on task 'candi_gene' (iter 4/5)
INFO  [11:55:31.409] [mlr3] Applying learner 'classif.cv_glmnet' on task 'candi_gene' (iter 5/5)
INFO  [11:55:31.683] [mlr3] Finished benchmark
INFO  [11:55:31.709] [bbotk] Result of batch 13:
INFO  [11:55:31.711] [bbotk]  alpha classif.auc warnings errors runtime_learners
INFO  [11:55:31.711] [bbotk]   0.05   0.6894999        0      0            1.319
INFO  [11:55:31.711] [bbotk]                                 uhash
INFO  [11:55:31.711] [bbotk]  a9c09c0f-f8e1-40fa-b8d3-488d4f3d1ba2
INFO  [11:55:31.712] [bbotk] Evaluating 1 configuration(s)
INFO  [11:55:31.735] [mlr3] Running benchmark with 5 resampling iterations
INFO  [11:55:31.740] [mlr3] Applying learner 'classif.cv_glmnet' on task 'candi_gene' (iter 1/5)
INFO  [11:55:31.922] [mlr3] Applying learner 'classif.cv_glmnet' on task 'candi_gene' (iter 2/5)
INFO  [11:55:32.486] [mlr3] Applying learner 'classif.cv_glmnet' on task 'candi_gene' (iter 3/5)
INFO  [11:55:32.660] [mlr3] Applying learner 'classif.cv_glmnet' on task 'candi_gene' (iter 4/5)
INFO  [11:55:32.850] [mlr3] Applying learner 'classif.cv_glmnet' on task 'candi_gene' (iter 5/5)
INFO  [11:55:33.027] [mlr3] Finished benchmark
INFO  [11:55:33.052] [bbotk] Result of batch 14:
INFO  [11:55:33.054] [bbotk]  alpha classif.auc warnings errors runtime_learners
INFO  [11:55:33.054] [bbotk]    0.9   0.5226425        0      0            1.243
INFO  [11:55:33.054] [bbotk]                                 uhash
INFO  [11:55:33.054] [bbotk]  e073f419-bdde-4807-b1d5-424d04070aee
INFO  [11:55:33.055] [bbotk] Evaluating 1 configuration(s)
INFO  [11:55:33.079] [mlr3] Running benchmark with 5 resampling iterations
INFO  [11:55:33.083] [mlr3] Applying learner 'classif.cv_glmnet' on task 'candi_gene' (iter 1/5)
INFO  [11:55:33.261] [mlr3] Applying learner 'classif.cv_glmnet' on task 'candi_gene' (iter 2/5)
INFO  [11:55:33.447] [mlr3] Applying learner 'classif.cv_glmnet' on task 'candi_gene' (iter 3/5)
INFO  [11:55:33.622] [mlr3] Applying learner 'classif.cv_glmnet' on task 'candi_gene' (iter 4/5)
INFO  [11:55:33.812] [mlr3] Applying learner 'classif.cv_glmnet' on task 'candi_gene' (iter 5/5)
INFO  [11:55:33.993] [mlr3] Finished benchmark
INFO  [11:55:34.018] [bbotk] Result of batch 15:
INFO  [11:55:34.020] [bbotk]  alpha classif.auc warnings errors runtime_learners
INFO  [11:55:34.020] [bbotk]    0.7    0.564283        0      0            0.868
INFO  [11:55:34.020] [bbotk]                                 uhash
INFO  [11:55:34.020] [bbotk]  85e51825-1a23-4d8b-b2b2-0bdd47364bc2
INFO  [11:55:34.021] [bbotk] Evaluating 1 configuration(s)
INFO  [11:55:34.045] [mlr3] Running benchmark with 5 resampling iterations
INFO  [11:55:34.049] [mlr3] Applying learner 'classif.cv_glmnet' on task 'candi_gene' (iter 1/5)
INFO  [11:55:34.220] [mlr3] Applying learner 'classif.cv_glmnet' on task 'candi_gene' (iter 2/5)
INFO  [11:55:34.402] [mlr3] Applying learner 'classif.cv_glmnet' on task 'candi_gene' (iter 3/5)
INFO  [11:55:34.579] [mlr3] Applying learner 'classif.cv_glmnet' on task 'candi_gene' (iter 4/5)
INFO  [11:55:34.768] [mlr3] Applying learner 'classif.cv_glmnet' on task 'candi_gene' (iter 5/5)
INFO  [11:55:34.952] [mlr3] Finished benchmark
INFO  [11:55:34.977] [bbotk] Result of batch 16:
INFO  [11:55:34.979] [bbotk]  alpha classif.auc warnings errors runtime_learners
INFO  [11:55:34.979] [bbotk]    0.8   0.5225559        0      0             0.86
INFO  [11:55:34.979] [bbotk]                                 uhash
INFO  [11:55:34.979] [bbotk]  29744ec3-6110-4368-8697-38dfd75826b8
INFO  [11:55:34.980] [bbotk] Evaluating 1 configuration(s)
INFO  [11:55:35.003] [mlr3] Running benchmark with 5 resampling iterations
INFO  [11:55:35.008] [mlr3] Applying learner 'classif.cv_glmnet' on task 'candi_gene' (iter 1/5)
INFO  [11:55:35.188] [mlr3] Applying learner 'classif.cv_glmnet' on task 'candi_gene' (iter 2/5)
INFO  [11:55:35.368] [mlr3] Applying learner 'classif.cv_glmnet' on task 'candi_gene' (iter 3/5)
INFO  [11:55:35.547] [mlr3] Applying learner 'classif.cv_glmnet' on task 'candi_gene' (iter 4/5)
INFO  [11:55:35.734] [mlr3] Applying learner 'classif.cv_glmnet' on task 'candi_gene' (iter 5/5)
INFO  [11:55:35.921] [mlr3] Finished benchmark
INFO  [11:55:35.946] [bbotk] Result of batch 17:
INFO  [11:55:35.948] [bbotk]  alpha classif.auc warnings errors runtime_learners
INFO  [11:55:35.948] [bbotk]   0.65   0.5432018        0      0            0.866
INFO  [11:55:35.948] [bbotk]                                 uhash
INFO  [11:55:35.948] [bbotk]  9887e83a-20e2-4457-a6f7-57b57d524469
INFO  [11:55:35.949] [bbotk] Evaluating 1 configuration(s)
INFO  [11:55:35.972] [mlr3] Running benchmark with 5 resampling iterations
INFO  [11:55:35.976] [mlr3] Applying learner 'classif.cv_glmnet' on task 'candi_gene' (iter 1/5)
INFO  [11:55:36.174] [mlr3] Applying learner 'classif.cv_glmnet' on task 'candi_gene' (iter 2/5)
INFO  [11:55:36.372] [mlr3] Applying learner 'classif.cv_glmnet' on task 'candi_gene' (iter 3/5)
INFO  [11:55:36.564] [mlr3] Applying learner 'classif.cv_glmnet' on task 'candi_gene' (iter 4/5)
INFO  [11:55:36.774] [mlr3] Applying learner 'classif.cv_glmnet' on task 'candi_gene' (iter 5/5)
INFO  [11:55:36.975] [mlr3] Finished benchmark
INFO  [11:55:37.000] [bbotk] Result of batch 18:
INFO  [11:55:37.002] [bbotk]  alpha classif.auc warnings errors runtime_learners
INFO  [11:55:37.002] [bbotk]   0.35   0.5943674        0      0            0.957
INFO  [11:55:37.002] [bbotk]                                 uhash
INFO  [11:55:37.002] [bbotk]  38eddd3a-f2ae-41a7-b771-8d2b46967caa
INFO  [11:55:37.003] [bbotk] Evaluating 1 configuration(s)
INFO  [11:55:37.026] [mlr3] Running benchmark with 5 resampling iterations
INFO  [11:55:37.031] [mlr3] Applying learner 'classif.cv_glmnet' on task 'candi_gene' (iter 1/5)
INFO  [11:55:37.219] [mlr3] Applying learner 'classif.cv_glmnet' on task 'candi_gene' (iter 2/5)
INFO  [11:55:37.411] [mlr3] Applying learner 'classif.cv_glmnet' on task 'candi_gene' (iter 3/5)
INFO  [11:55:37.616] [mlr3] Applying learner 'classif.cv_glmnet' on task 'candi_gene' (iter 4/5)
INFO  [11:55:37.809] [mlr3] Applying learner 'classif.cv_glmnet' on task 'candi_gene' (iter 5/5)
INFO  [11:55:38.006] [mlr3] Finished benchmark
INFO  [11:55:38.031] [bbotk] Result of batch 19:
INFO  [11:55:38.033] [bbotk]  alpha classif.auc warnings errors runtime_learners
INFO  [11:55:38.033] [bbotk]   0.45    0.561931        0      0            0.934
INFO  [11:55:38.033] [bbotk]                                 uhash
INFO  [11:55:38.033] [bbotk]  bdd3627c-a8d3-4ec3-8b14-8e579a8198c3
INFO  [11:55:38.034] [bbotk] Evaluating 1 configuration(s)
INFO  [11:55:38.057] [mlr3] Running benchmark with 5 resampling iterations
INFO  [11:55:38.062] [mlr3] Applying learner 'classif.cv_glmnet' on task 'candi_gene' (iter 1/5)
INFO  [11:55:38.245] [mlr3] Applying learner 'classif.cv_glmnet' on task 'candi_gene' (iter 2/5)
INFO  [11:55:38.428] [mlr3] Applying learner 'classif.cv_glmnet' on task 'candi_gene' (iter 3/5)
INFO  [11:55:38.606] [mlr3] Applying learner 'classif.cv_glmnet' on task 'candi_gene' (iter 4/5)
INFO  [11:55:38.799] [mlr3] Applying learner 'classif.cv_glmnet' on task 'candi_gene' (iter 5/5)
INFO  [11:55:38.981] [mlr3] Finished benchmark
INFO  [11:55:39.006] [bbotk] Result of batch 20:
INFO  [11:55:39.008] [bbotk]  alpha classif.auc warnings errors runtime_learners
INFO  [11:55:39.008] [bbotk]   0.95   0.5397884        0      0            0.877
INFO  [11:55:39.008] [bbotk]                                 uhash
INFO  [11:55:39.008] [bbotk]  313557eb-4e9e-4650-a004-20980cdfd361
INFO  [11:55:39.009] [bbotk] Evaluating 1 configuration(s)
INFO  [11:55:39.032] [mlr3] Running benchmark with 5 resampling iterations
INFO  [11:55:39.037] [mlr3] Applying learner 'classif.cv_glmnet' on task 'candi_gene' (iter 1/5)
INFO  [11:55:39.267] [mlr3] Applying learner 'classif.cv_glmnet' on task 'candi_gene' (iter 2/5)
INFO  [11:55:39.487] [mlr3] Applying learner 'classif.cv_glmnet' on task 'candi_gene' (iter 3/5)
INFO  [11:55:39.709] [mlr3] Applying learner 'classif.cv_glmnet' on task 'candi_gene' (iter 4/5)
INFO  [11:55:39.949] [mlr3] Applying learner 'classif.cv_glmnet' on task 'candi_gene' (iter 5/5)
INFO  [11:55:40.180] [mlr3] Finished benchmark
INFO  [11:55:40.206] [bbotk] Result of batch 21:
INFO  [11:55:40.208] [bbotk]  alpha classif.auc warnings errors runtime_learners
INFO  [11:55:40.208] [bbotk]   0.15   0.6073457        0      0              1.1
INFO  [11:55:40.208] [bbotk]                                 uhash
INFO  [11:55:40.208] [bbotk]  b4a0cb10-af7f-4223-bb7d-9e36082c41a9
INFO  [11:55:40.212] [bbotk] Finished optimizing after 21 evaluation(s)
INFO  [11:55:40.213] [bbotk] Result:
INFO  [11:55:40.215] [bbotk]   alpha learner_param_vals x_domain classif.auc
INFO  [11:55:40.215] [bbotk]  <char>             <list>   <list>       <num>
INFO  [11:55:40.215] [bbotk]    0.05       c(7.8947....     0.05   0.6894999
