Conda environment: *
R version 4.3.1 (2023-06-16)
Platform: x86_64-conda-linux-gnu (64-bit)
Running under: Red Hat Enterprise Linux 8.3 (Ootpa)

Matrix products: default
BLAS/LAPACK: /ess/home/home1/beiw/miniconda3/envs/5hmc_os_env/lib/libopenblasp-r0.3.27.so;  LAPACK version 3.12.0

locale:
[1] C

time zone: America/Chicago
tzcode source: system (glibc)

attached base packages:
[1] stats4    stats     graphics  grDevices utils     datasets  methods  
[8] base     

other attached packages:
 [1] conflicted_1.2.0            DESeq2_1.40.2              
 [3] SummarizedExperiment_1.30.2 Biobase_2.60.0             
 [5] MatrixGenerics_1.12.2       matrixStats_1.2.0          
 [7] GenomicRanges_1.52.0        GenomeInfoDb_1.36.1        
 [9] IRanges_2.34.1              S4Vectors_0.38.1           
[11] BiocGenerics_0.46.0         glmnet_4.1-8               
[13] Matrix_1.6-5                mlr3learners_0.5.8         
[15] mlr3tuning_0.19.0           paradox_0.11.1             
[17] mlr3_0.19.0                 lubridate_1.9.3            
[19] forcats_1.0.0               stringr_1.5.1              
[21] purrr_1.0.2                 readr_2.1.5                
[23] tidyr_1.3.1                 tibble_3.2.1               
[25] ggplot2_3.4.4               tidyverse_2.0.0            
[27] dplyr_1.1.4                

loaded via a namespace (and not attached):
 [1] gtable_0.3.4            shape_1.4.6             lattice_0.21-9         
 [4] tzdb_0.4.0              bitops_1.0-7            vctrs_0.6.4            
 [7] tools_4.3.1             generics_0.1.3          parallel_4.3.1         
[10] fansi_1.0.5             pkgconfig_2.0.3         data.table_1.15.2      
[13] checkmate_2.3.1         uuid_1.1-1              GenomeInfoDbData_1.2.11
[16] lifecycle_1.0.3         compiler_4.3.1          munsell_0.5.0          
[19] RhpcBLASctl_0.23-42     codetools_0.2-20        bbotk_0.7.2            
[22] RCurl_1.98-1.12         pillar_1.9.0            crayon_1.5.2           
[25] BiocParallel_1.34.2     cachem_1.0.8            DelayedArray_0.26.6    
[28] iterators_1.0.14        foreach_1.5.2           parallelly_1.37.1      
[31] locfit_1.5-9.8          tidyselect_1.2.0        digest_0.6.35          
[34] stringi_1.7.12          future_1.33.2           listenv_0.9.1          
[37] splines_4.3.1           fastmap_1.1.1           grid_4.3.1             
[40] colorspace_2.1-0        cli_3.6.1               magrittr_2.0.3         
[43] S4Arrays_1.0.4          survival_3.5-7          utf8_1.2.4             
[46] withr_2.5.1             scales_1.2.1            backports_1.4.1        
[49] timechange_0.2.0        XVector_0.40.0          globals_0.16.3         
[52] hms_1.1.3               memoise_2.0.1           mlr3misc_0.15.0        
[55] rlang_1.1.1             Rcpp_1.0.11             glue_1.6.2             
[58] palmerpenguins_0.1.1    lgr_0.4.4               R6_2.5.1               
[61] zlibbioc_1.46.0        
INFO  [11:55:53.857] [bbotk] Starting to optimize 1 parameter(s) with '<TunerGridSearch>' and '<TerminatorNone>'
INFO  [11:55:53.884] [bbotk] Evaluating 1 configuration(s)
INFO  [11:55:53.919] [mlr3] Running benchmark with 5 resampling iterations
INFO  [11:55:53.956] [mlr3] Applying learner 'classif.cv_glmnet' on task 'candi_gene' (iter 1/5)
INFO  [11:55:54.693] [mlr3] Applying learner 'classif.cv_glmnet' on task 'candi_gene' (iter 2/5)
INFO  [11:55:54.878] [mlr3] Applying learner 'classif.cv_glmnet' on task 'candi_gene' (iter 3/5)
INFO  [11:55:55.072] [mlr3] Applying learner 'classif.cv_glmnet' on task 'candi_gene' (iter 4/5)
INFO  [11:55:55.256] [mlr3] Applying learner 'classif.cv_glmnet' on task 'candi_gene' (iter 5/5)
INFO  [11:55:55.447] [mlr3] Finished benchmark
INFO  [11:55:55.476] [bbotk] Result of batch 1:
INFO  [11:55:55.480] [bbotk]  alpha classif.auc warnings errors runtime_learners
INFO  [11:55:55.480] [bbotk]    0.7   0.5571163        0      0            1.442
INFO  [11:55:55.480] [bbotk]                                 uhash
INFO  [11:55:55.480] [bbotk]  94983f68-9b43-43c9-b9c3-86485f8504af
INFO  [11:55:55.483] [bbotk] Evaluating 1 configuration(s)
INFO  [11:55:55.506] [mlr3] Running benchmark with 5 resampling iterations
INFO  [11:55:55.512] [mlr3] Applying learner 'classif.cv_glmnet' on task 'candi_gene' (iter 1/5)
INFO  [11:55:55.722] [mlr3] Applying learner 'classif.cv_glmnet' on task 'candi_gene' (iter 2/5)
INFO  [11:55:55.920] [mlr3] Applying learner 'classif.cv_glmnet' on task 'candi_gene' (iter 3/5)
INFO  [11:55:56.117] [mlr3] Applying learner 'classif.cv_glmnet' on task 'candi_gene' (iter 4/5)
INFO  [11:55:56.315] [mlr3] Applying learner 'classif.cv_glmnet' on task 'candi_gene' (iter 5/5)
INFO  [11:55:56.507] [mlr3] Finished benchmark
INFO  [11:55:56.534] [bbotk] Result of batch 2:
INFO  [11:55:56.536] [bbotk]  alpha classif.auc warnings errors runtime_learners
INFO  [11:55:56.536] [bbotk]    0.6   0.5352656        0      0            0.952
INFO  [11:55:56.536] [bbotk]                                 uhash
INFO  [11:55:56.536] [bbotk]  30902eb4-4b17-4eaf-a2f8-9d503ff25749
INFO  [11:55:56.538] [bbotk] Evaluating 1 configuration(s)
INFO  [11:55:56.561] [mlr3] Running benchmark with 5 resampling iterations
INFO  [11:55:56.567] [mlr3] Applying learner 'classif.cv_glmnet' on task 'candi_gene' (iter 1/5)
INFO  [11:55:56.775] [mlr3] Applying learner 'classif.cv_glmnet' on task 'candi_gene' (iter 2/5)
INFO  [11:55:56.960] [mlr3] Applying learner 'classif.cv_glmnet' on task 'candi_gene' (iter 3/5)
INFO  [11:55:57.161] [mlr3] Applying learner 'classif.cv_glmnet' on task 'candi_gene' (iter 4/5)
INFO  [11:55:57.344] [mlr3] Applying learner 'classif.cv_glmnet' on task 'candi_gene' (iter 5/5)
INFO  [11:55:57.528] [mlr3] Finished benchmark
INFO  [11:55:57.562] [bbotk] Result of batch 3:
INFO  [11:55:57.565] [bbotk]  alpha classif.auc warnings errors runtime_learners
INFO  [11:55:57.565] [bbotk]    0.8   0.4960785        0      0            0.914
INFO  [11:55:57.565] [bbotk]                                 uhash
INFO  [11:55:57.565] [bbotk]  2256d4c5-8a97-43e1-86f8-c93569ceee70
INFO  [11:55:57.566] [bbotk] Evaluating 1 configuration(s)
INFO  [11:55:57.592] [mlr3] Running benchmark with 5 resampling iterations
INFO  [11:55:57.597] [mlr3] Applying learner 'classif.cv_glmnet' on task 'candi_gene' (iter 1/5)
INFO  [11:55:57.836] [mlr3] Applying learner 'classif.cv_glmnet' on task 'candi_gene' (iter 2/5)
INFO  [11:55:58.071] [mlr3] Applying learner 'classif.cv_glmnet' on task 'candi_gene' (iter 3/5)
INFO  [11:55:58.303] [mlr3] Applying learner 'classif.cv_glmnet' on task 'candi_gene' (iter 4/5)
INFO  [11:55:58.532] [mlr3] Applying learner 'classif.cv_glmnet' on task 'candi_gene' (iter 5/5)
INFO  [11:55:59.173] [mlr3] Finished benchmark
INFO  [11:55:59.199] [bbotk] Result of batch 4:
INFO  [11:55:59.201] [bbotk]  alpha classif.auc warnings errors runtime_learners
INFO  [11:55:59.201] [bbotk]    0.2   0.5950519        0      0            1.528
INFO  [11:55:59.201] [bbotk]                                 uhash
INFO  [11:55:59.201] [bbotk]  243fba88-9184-4973-9be8-fa41064f037e
INFO  [11:55:59.203] [bbotk] Evaluating 1 configuration(s)
INFO  [11:55:59.227] [mlr3] Running benchmark with 5 resampling iterations
INFO  [11:55:59.232] [mlr3] Applying learner 'classif.cv_glmnet' on task 'candi_gene' (iter 1/5)
INFO  [11:55:59.447] [mlr3] Applying learner 'classif.cv_glmnet' on task 'candi_gene' (iter 2/5)
INFO  [11:55:59.641] [mlr3] Applying learner 'classif.cv_glmnet' on task 'candi_gene' (iter 3/5)
INFO  [11:55:59.834] [mlr3] Applying learner 'classif.cv_glmnet' on task 'candi_gene' (iter 4/5)
INFO  [11:56:00.026] [mlr3] Applying learner 'classif.cv_glmnet' on task 'candi_gene' (iter 5/5)
INFO  [11:56:00.225] [mlr3] Finished benchmark
INFO  [11:56:00.250] [bbotk] Result of batch 5:
INFO  [11:56:00.252] [bbotk]  alpha classif.auc warnings errors runtime_learners
INFO  [11:56:00.252] [bbotk]   0.35   0.5276113        0      0            0.951
INFO  [11:56:00.252] [bbotk]                                 uhash
INFO  [11:56:00.252] [bbotk]  251a06ab-774a-476d-9b6d-3328fa980fc2
INFO  [11:56:00.253] [bbotk] Evaluating 1 configuration(s)
INFO  [11:56:00.276] [mlr3] Running benchmark with 5 resampling iterations
INFO  [11:56:00.281] [mlr3] Applying learner 'classif.cv_glmnet' on task 'candi_gene' (iter 1/5)
INFO  [11:56:00.504] [mlr3] Applying learner 'classif.cv_glmnet' on task 'candi_gene' (iter 2/5)
INFO  [11:56:00.713] [mlr3] Applying learner 'classif.cv_glmnet' on task 'candi_gene' (iter 3/5)
INFO  [11:56:00.919] [mlr3] Applying learner 'classif.cv_glmnet' on task 'candi_gene' (iter 4/5)
INFO  [11:56:01.122] [mlr3] Applying learner 'classif.cv_glmnet' on task 'candi_gene' (iter 5/5)
INFO  [11:56:01.334] [mlr3] Finished benchmark
INFO  [11:56:01.359] [bbotk] Result of batch 6:
INFO  [11:56:01.361] [bbotk]  alpha classif.auc warnings errors runtime_learners
INFO  [11:56:01.361] [bbotk]   0.25   0.6057669        0      0            1.012
INFO  [11:56:01.361] [bbotk]                                 uhash
INFO  [11:56:01.361] [bbotk]  4314dcde-5cca-4ac7-acd4-2e23a888ace0
INFO  [11:56:01.362] [bbotk] Evaluating 1 configuration(s)
INFO  [11:56:01.385] [mlr3] Running benchmark with 5 resampling iterations
INFO  [11:56:01.390] [mlr3] Applying learner 'classif.cv_glmnet' on task 'candi_gene' (iter 1/5)
INFO  [11:56:01.597] [mlr3] Applying learner 'classif.cv_glmnet' on task 'candi_gene' (iter 2/5)
INFO  [11:56:01.787] [mlr3] Applying learner 'classif.cv_glmnet' on task 'candi_gene' (iter 3/5)
INFO  [11:56:01.980] [mlr3] Applying learner 'classif.cv_glmnet' on task 'candi_gene' (iter 4/5)
INFO  [11:56:02.169] [mlr3] Applying learner 'classif.cv_glmnet' on task 'candi_gene' (iter 5/5)
INFO  [11:56:02.362] [mlr3] Finished benchmark
INFO  [11:56:02.387] [bbotk] Result of batch 7:
INFO  [11:56:02.389] [bbotk]  alpha classif.auc warnings errors runtime_learners
INFO  [11:56:02.389] [bbotk]    0.4   0.5777118        0      0            0.932
INFO  [11:56:02.389] [bbotk]                                 uhash
INFO  [11:56:02.389] [bbotk]  73165753-c615-4ffc-bae7-96efeea2a069
INFO  [11:56:02.390] [bbotk] Evaluating 1 configuration(s)
INFO  [11:56:02.413] [mlr3] Running benchmark with 5 resampling iterations
INFO  [11:56:02.418] [mlr3] Applying learner 'classif.cv_glmnet' on task 'candi_gene' (iter 1/5)
INFO  [11:56:02.806] [mlr3] Applying learner 'classif.cv_glmnet' on task 'candi_gene' (iter 2/5)
INFO  [11:56:03.229] [mlr3] Applying learner 'classif.cv_glmnet' on task 'candi_gene' (iter 3/5)
INFO  [11:56:03.637] [mlr3] Applying learner 'classif.cv_glmnet' on task 'candi_gene' (iter 4/5)
INFO  [11:56:04.057] [mlr3] Applying learner 'classif.cv_glmnet' on task 'candi_gene' (iter 5/5)
INFO  [11:56:04.484] [mlr3] Finished benchmark
INFO  [11:56:04.509] [bbotk] Result of batch 8:
INFO  [11:56:04.511] [bbotk]  alpha classif.auc warnings errors runtime_learners
INFO  [11:56:04.511] [bbotk]      0   0.6514787        0      0            2.023
INFO  [11:56:04.511] [bbotk]                                 uhash
INFO  [11:56:04.511] [bbotk]  ca9c48d9-8362-427b-af2c-5a29ceeaaca7
INFO  [11:56:04.512] [bbotk] Evaluating 1 configuration(s)
INFO  [11:56:04.535] [mlr3] Running benchmark with 5 resampling iterations
INFO  [11:56:04.540] [mlr3] Applying learner 'classif.cv_glmnet' on task 'candi_gene' (iter 1/5)
INFO  [11:56:04.740] [mlr3] Applying learner 'classif.cv_glmnet' on task 'candi_gene' (iter 2/5)
INFO  [11:56:04.923] [mlr3] Applying learner 'classif.cv_glmnet' on task 'candi_gene' (iter 3/5)
INFO  [11:56:05.106] [mlr3] Applying learner 'classif.cv_glmnet' on task 'candi_gene' (iter 4/5)
INFO  [11:56:05.291] [mlr3] Applying learner 'classif.cv_glmnet' on task 'candi_gene' (iter 5/5)
INFO  [11:56:05.477] [mlr3] Finished benchmark
INFO  [11:56:05.502] [bbotk] Result of batch 9:
INFO  [11:56:05.504] [bbotk]  alpha classif.auc warnings errors runtime_learners
INFO  [11:56:05.504] [bbotk]   0.55    0.546472        0      0            0.893
INFO  [11:56:05.504] [bbotk]                                 uhash
INFO  [11:56:05.504] [bbotk]  4ce22ee1-a28f-4a29-869e-d7a47742e468
INFO  [11:56:05.505] [bbotk] Evaluating 1 configuration(s)
INFO  [11:56:05.528] [mlr3] Running benchmark with 5 resampling iterations
INFO  [11:56:05.533] [mlr3] Applying learner 'classif.cv_glmnet' on task 'candi_gene' (iter 1/5)
INFO  [11:56:05.740] [mlr3] Applying learner 'classif.cv_glmnet' on task 'candi_gene' (iter 2/5)
INFO  [11:56:05.915] [mlr3] Applying learner 'classif.cv_glmnet' on task 'candi_gene' (iter 3/5)
INFO  [11:56:06.107] [mlr3] Applying learner 'classif.cv_glmnet' on task 'candi_gene' (iter 4/5)
INFO  [11:56:06.290] [mlr3] Applying learner 'classif.cv_glmnet' on task 'candi_gene' (iter 5/5)
INFO  [11:56:06.468] [mlr3] Finished benchmark
INFO  [11:56:06.495] [bbotk] Result of batch 10:
INFO  [11:56:06.498] [bbotk]  alpha classif.auc warnings errors runtime_learners
INFO  [11:56:06.498] [bbotk]    0.9   0.4952426        0      0             0.89
INFO  [11:56:06.498] [bbotk]                                 uhash
INFO  [11:56:06.498] [bbotk]  6e13080a-eb75-4e4e-a522-f7456fd944cf
INFO  [11:56:06.499] [bbotk] Evaluating 1 configuration(s)
INFO  [11:56:06.524] [mlr3] Running benchmark with 5 resampling iterations
INFO  [11:56:06.529] [mlr3] Applying learner 'classif.cv_glmnet' on task 'candi_gene' (iter 1/5)
INFO  [11:56:06.756] [mlr3] Applying learner 'classif.cv_glmnet' on task 'candi_gene' (iter 2/5)
INFO  [11:56:06.964] [mlr3] Applying learner 'classif.cv_glmnet' on task 'candi_gene' (iter 3/5)
INFO  [11:56:07.174] [mlr3] Applying learner 'classif.cv_glmnet' on task 'candi_gene' (iter 4/5)
INFO  [11:56:07.378] [mlr3] Applying learner 'classif.cv_glmnet' on task 'candi_gene' (iter 5/5)
INFO  [11:56:07.590] [mlr3] Finished benchmark
INFO  [11:56:07.618] [bbotk] Result of batch 11:
INFO  [11:56:07.620] [bbotk]  alpha classif.auc warnings errors runtime_learners
INFO  [11:56:07.620] [bbotk]    0.3   0.5005383        0      0            1.016
INFO  [11:56:07.620] [bbotk]                                 uhash
INFO  [11:56:07.620] [bbotk]  01994315-70b4-4a95-bb57-afb69e71fb47
INFO  [11:56:07.621] [bbotk] Evaluating 1 configuration(s)
INFO  [11:56:07.646] [mlr3] Running benchmark with 5 resampling iterations
INFO  [11:56:07.651] [mlr3] Applying learner 'classif.cv_glmnet' on task 'candi_gene' (iter 1/5)
INFO  [11:56:07.876] [mlr3] Applying learner 'classif.cv_glmnet' on task 'candi_gene' (iter 2/5)
INFO  [11:56:08.061] [mlr3] Applying learner 'classif.cv_glmnet' on task 'candi_gene' (iter 3/5)
INFO  [11:56:08.246] [mlr3] Applying learner 'classif.cv_glmnet' on task 'candi_gene' (iter 4/5)
INFO  [11:56:08.427] [mlr3] Applying learner 'classif.cv_glmnet' on task 'candi_gene' (iter 5/5)
INFO  [11:56:08.606] [mlr3] Finished benchmark
INFO  [11:56:08.631] [bbotk] Result of batch 12:
INFO  [11:56:08.633] [bbotk]  alpha classif.auc warnings errors runtime_learners
INFO  [11:56:08.633] [bbotk]      1   0.5550736        0      0            0.909
INFO  [11:56:08.633] [bbotk]                                 uhash
INFO  [11:56:08.633] [bbotk]  35bc2a5f-fbd0-4cbb-a7bb-93d77c3dd305
INFO  [11:56:08.634] [bbotk] Evaluating 1 configuration(s)
INFO  [11:56:08.657] [mlr3] Running benchmark with 5 resampling iterations
INFO  [11:56:08.662] [mlr3] Applying learner 'classif.cv_glmnet' on task 'candi_gene' (iter 1/5)
INFO  [11:56:08.917] [mlr3] Applying learner 'classif.cv_glmnet' on task 'candi_gene' (iter 2/5)
INFO  [11:56:09.169] [mlr3] Applying learner 'classif.cv_glmnet' on task 'candi_gene' (iter 3/5)
INFO  [11:56:09.791] [mlr3] Applying learner 'classif.cv_glmnet' on task 'candi_gene' (iter 4/5)
INFO  [11:56:10.026] [mlr3] Applying learner 'classif.cv_glmnet' on task 'candi_gene' (iter 5/5)
INFO  [11:56:10.266] [mlr3] Finished benchmark
INFO  [11:56:10.291] [bbotk] Result of batch 13:
INFO  [11:56:10.293] [bbotk]  alpha classif.auc warnings errors runtime_learners
INFO  [11:56:10.293] [bbotk]    0.1   0.5725524        0      0             1.56
INFO  [11:56:10.293] [bbotk]                                 uhash
INFO  [11:56:10.293] [bbotk]  7e533bf9-68b1-48ca-81d5-99efb0216ad0
INFO  [11:56:10.294] [bbotk] Evaluating 1 configuration(s)
INFO  [11:56:10.317] [mlr3] Running benchmark with 5 resampling iterations
INFO  [11:56:10.321] [mlr3] Applying learner 'classif.cv_glmnet' on task 'candi_gene' (iter 1/5)
INFO  [11:56:10.521] [mlr3] Applying learner 'classif.cv_glmnet' on task 'candi_gene' (iter 2/5)
INFO  [11:56:10.703] [mlr3] Applying learner 'classif.cv_glmnet' on task 'candi_gene' (iter 3/5)
INFO  [11:56:10.897] [mlr3] Applying learner 'classif.cv_glmnet' on task 'candi_gene' (iter 4/5)
INFO  [11:56:11.083] [mlr3] Applying learner 'classif.cv_glmnet' on task 'candi_gene' (iter 5/5)
INFO  [11:56:11.271] [mlr3] Finished benchmark
INFO  [11:56:11.296] [bbotk] Result of batch 14:
INFO  [11:56:11.298] [bbotk]  alpha classif.auc warnings errors runtime_learners
INFO  [11:56:11.298] [bbotk]   0.45   0.5067781        0      0            0.907
INFO  [11:56:11.298] [bbotk]                                 uhash
INFO  [11:56:11.298] [bbotk]  cb6447f2-6271-499a-98cf-28eb6b492dee
INFO  [11:56:11.299] [bbotk] Evaluating 1 configuration(s)
INFO  [11:56:11.322] [mlr3] Running benchmark with 5 resampling iterations
INFO  [11:56:11.326] [mlr3] Applying learner 'classif.cv_glmnet' on task 'candi_gene' (iter 1/5)
INFO  [11:56:11.527] [mlr3] Applying learner 'classif.cv_glmnet' on task 'candi_gene' (iter 2/5)
INFO  [11:56:11.694] [mlr3] Applying learner 'classif.cv_glmnet' on task 'candi_gene' (iter 3/5)
INFO  [11:56:11.881] [mlr3] Applying learner 'classif.cv_glmnet' on task 'candi_gene' (iter 4/5)
INFO  [11:56:12.057] [mlr3] Applying learner 'classif.cv_glmnet' on task 'candi_gene' (iter 5/5)
INFO  [11:56:12.239] [mlr3] Finished benchmark
INFO  [11:56:12.266] [bbotk] Result of batch 15:
INFO  [11:56:12.268] [bbotk]  alpha classif.auc warnings errors runtime_learners
INFO  [11:56:12.268] [bbotk]   0.85   0.5600779        0      0            0.869
INFO  [11:56:12.268] [bbotk]                                 uhash
INFO  [11:56:12.268] [bbotk]  1b922906-695a-4011-bf8e-9a834e17d6f3
INFO  [11:56:12.269] [bbotk] Evaluating 1 configuration(s)
INFO  [11:56:12.293] [mlr3] Running benchmark with 5 resampling iterations
INFO  [11:56:12.298] [mlr3] Applying learner 'classif.cv_glmnet' on task 'candi_gene' (iter 1/5)
INFO  [11:56:12.500] [mlr3] Applying learner 'classif.cv_glmnet' on task 'candi_gene' (iter 2/5)
INFO  [11:56:12.684] [mlr3] Applying learner 'classif.cv_glmnet' on task 'candi_gene' (iter 3/5)
INFO  [11:56:12.875] [mlr3] Applying learner 'classif.cv_glmnet' on task 'candi_gene' (iter 4/5)
INFO  [11:56:13.061] [mlr3] Applying learner 'classif.cv_glmnet' on task 'candi_gene' (iter 5/5)
INFO  [11:56:13.250] [mlr3] Finished benchmark
INFO  [11:56:13.277] [bbotk] Result of batch 16:
INFO  [11:56:13.279] [bbotk]  alpha classif.auc warnings errors runtime_learners
INFO  [11:56:13.279] [bbotk]   0.65   0.4920565        0      0            0.904
INFO  [11:56:13.279] [bbotk]                                 uhash
INFO  [11:56:13.279] [bbotk]  bc53173c-b5ae-4434-a5ef-272c882a6736
INFO  [11:56:13.280] [bbotk] Evaluating 1 configuration(s)
INFO  [11:56:13.304] [mlr3] Running benchmark with 5 resampling iterations
INFO  [11:56:13.310] [mlr3] Applying learner 'classif.cv_glmnet' on task 'candi_gene' (iter 1/5)
INFO  [11:56:13.509] [mlr3] Applying learner 'classif.cv_glmnet' on task 'candi_gene' (iter 2/5)
INFO  [11:56:13.696] [mlr3] Applying learner 'classif.cv_glmnet' on task 'candi_gene' (iter 3/5)
INFO  [11:56:13.884] [mlr3] Applying learner 'classif.cv_glmnet' on task 'candi_gene' (iter 4/5)
INFO  [11:56:14.064] [mlr3] Applying learner 'classif.cv_glmnet' on task 'candi_gene' (iter 5/5)
INFO  [11:56:14.243] [mlr3] Finished benchmark
INFO  [11:56:14.271] [bbotk] Result of batch 17:
INFO  [11:56:14.273] [bbotk]  alpha classif.auc warnings errors runtime_learners
INFO  [11:56:14.273] [bbotk]   0.95   0.5659847        0      0            0.888
INFO  [11:56:14.273] [bbotk]                                 uhash
INFO  [11:56:14.273] [bbotk]  b95caf5f-0c7f-445a-a94c-e9f6c058cfe6
INFO  [11:56:14.275] [bbotk] Evaluating 1 configuration(s)
INFO  [11:56:14.299] [mlr3] Running benchmark with 5 resampling iterations
INFO  [11:56:14.304] [mlr3] Applying learner 'classif.cv_glmnet' on task 'candi_gene' (iter 1/5)
INFO  [11:56:14.506] [mlr3] Applying learner 'classif.cv_glmnet' on task 'candi_gene' (iter 2/5)
INFO  [11:56:14.691] [mlr3] Applying learner 'classif.cv_glmnet' on task 'candi_gene' (iter 3/5)
INFO  [11:56:14.885] [mlr3] Applying learner 'classif.cv_glmnet' on task 'candi_gene' (iter 4/5)
INFO  [11:56:15.073] [mlr3] Applying learner 'classif.cv_glmnet' on task 'candi_gene' (iter 5/5)
INFO  [11:56:15.258] [mlr3] Finished benchmark
INFO  [11:56:15.286] [bbotk] Result of batch 18:
INFO  [11:56:15.288] [bbotk]  alpha classif.auc warnings errors runtime_learners
INFO  [11:56:15.288] [bbotk]   0.75   0.5175842        0      0            0.905
INFO  [11:56:15.288] [bbotk]                                 uhash
INFO  [11:56:15.288] [bbotk]  85c3b8ec-8964-49ae-a7ec-0862a4fd6651
INFO  [11:56:15.289] [bbotk] Evaluating 1 configuration(s)
INFO  [11:56:15.314] [mlr3] Running benchmark with 5 resampling iterations
INFO  [11:56:15.319] [mlr3] Applying learner 'classif.cv_glmnet' on task 'candi_gene' (iter 1/5)
INFO  [11:56:15.526] [mlr3] Applying learner 'classif.cv_glmnet' on task 'candi_gene' (iter 2/5)
INFO  [11:56:15.717] [mlr3] Applying learner 'classif.cv_glmnet' on task 'candi_gene' (iter 3/5)
INFO  [11:56:15.910] [mlr3] Applying learner 'classif.cv_glmnet' on task 'candi_gene' (iter 4/5)
INFO  [11:56:16.106] [mlr3] Applying learner 'classif.cv_glmnet' on task 'candi_gene' (iter 5/5)
INFO  [11:56:16.304] [mlr3] Finished benchmark
INFO  [11:56:16.331] [bbotk] Result of batch 19:
INFO  [11:56:16.333] [bbotk]  alpha classif.auc warnings errors runtime_learners
INFO  [11:56:16.333] [bbotk]    0.5   0.5574599        0      0            0.938
INFO  [11:56:16.333] [bbotk]                                 uhash
INFO  [11:56:16.333] [bbotk]  3756abd2-eec2-42c9-b222-7955c0240e0f
INFO  [11:56:16.335] [bbotk] Evaluating 1 configuration(s)
INFO  [11:56:16.360] [mlr3] Running benchmark with 5 resampling iterations
INFO  [11:56:16.365] [mlr3] Applying learner 'classif.cv_glmnet' on task 'candi_gene' (iter 1/5)
INFO  [11:56:17.087] [mlr3] Applying learner 'classif.cv_glmnet' on task 'candi_gene' (iter 2/5)
INFO  [11:56:17.356] [mlr3] Applying learner 'classif.cv_glmnet' on task 'candi_gene' (iter 3/5)
INFO  [11:56:17.624] [mlr3] Applying learner 'classif.cv_glmnet' on task 'candi_gene' (iter 4/5)
INFO  [11:56:17.889] [mlr3] Applying learner 'classif.cv_glmnet' on task 'candi_gene' (iter 5/5)
INFO  [11:56:18.162] [mlr3] Finished benchmark
INFO  [11:56:18.190] [bbotk] Result of batch 20:
INFO  [11:56:18.192] [bbotk]  alpha classif.auc warnings errors runtime_learners
INFO  [11:56:18.192] [bbotk]   0.05   0.6473552        0      0            1.751
INFO  [11:56:18.192] [bbotk]                                 uhash
INFO  [11:56:18.192] [bbotk]  41f6a429-4964-45cb-ba58-53ac9aff6b54
INFO  [11:56:18.194] [bbotk] Evaluating 1 configuration(s)
INFO  [11:56:18.219] [mlr3] Running benchmark with 5 resampling iterations
INFO  [11:56:18.224] [mlr3] Applying learner 'classif.cv_glmnet' on task 'candi_gene' (iter 1/5)
INFO  [11:56:18.469] [mlr3] Applying learner 'classif.cv_glmnet' on task 'candi_gene' (iter 2/5)
INFO  [11:56:18.709] [mlr3] Applying learner 'classif.cv_glmnet' on task 'candi_gene' (iter 3/5)
INFO  [11:56:18.950] [mlr3] Applying learner 'classif.cv_glmnet' on task 'candi_gene' (iter 4/5)
INFO  [11:56:19.181] [mlr3] Applying learner 'classif.cv_glmnet' on task 'candi_gene' (iter 5/5)
INFO  [11:56:19.415] [mlr3] Finished benchmark
INFO  [11:56:19.441] [bbotk] Result of batch 21:
INFO  [11:56:19.443] [bbotk]  alpha classif.auc warnings errors runtime_learners
INFO  [11:56:19.443] [bbotk]   0.15   0.4921715        0      0            1.139
INFO  [11:56:19.443] [bbotk]                                 uhash
INFO  [11:56:19.443] [bbotk]  4f4f443c-f488-45fa-82ac-a40365209cae
INFO  [11:56:19.448] [bbotk] Finished optimizing after 21 evaluation(s)
INFO  [11:56:19.449] [bbotk] Result:
INFO  [11:56:19.451] [bbotk]   alpha learner_param_vals x_domain classif.auc
INFO  [11:56:19.451] [bbotk]  <char>             <list>   <list>       <num>
INFO  [11:56:19.451] [bbotk]       0       c(7.8947....        0   0.6514787
