Conda environment: *
R version 4.3.1 (2023-06-16)
Platform: x86_64-conda-linux-gnu (64-bit)
Running under: Red Hat Enterprise Linux 8.3 (Ootpa)

Matrix products: default
BLAS/LAPACK: /ess/home/home1/beiw/miniconda3/envs/5hmc_os_env/lib/libopenblasp-r0.3.27.so;  LAPACK version 3.12.0

locale:
[1] C

time zone: America/Chicago
tzcode source: system (glibc)

attached base packages:
[1] stats4    stats     graphics  grDevices utils     datasets  methods  
[8] base     

other attached packages:
 [1] conflicted_1.2.0            DESeq2_1.40.2              
 [3] SummarizedExperiment_1.30.2 Biobase_2.60.0             
 [5] MatrixGenerics_1.12.2       matrixStats_1.2.0          
 [7] GenomicRanges_1.52.0        GenomeInfoDb_1.36.1        
 [9] IRanges_2.34.1              S4Vectors_0.38.1           
[11] BiocGenerics_0.46.0         glmnet_4.1-8               
[13] Matrix_1.6-5                mlr3learners_0.5.8         
[15] mlr3tuning_0.19.0           paradox_0.11.1             
[17] mlr3_0.19.0                 lubridate_1.9.3            
[19] forcats_1.0.0               stringr_1.5.1              
[21] purrr_1.0.2                 readr_2.1.5                
[23] tidyr_1.3.1                 tibble_3.2.1               
[25] ggplot2_3.4.4               tidyverse_2.0.0            
[27] dplyr_1.1.4                

loaded via a namespace (and not attached):
 [1] gtable_0.3.4            shape_1.4.6             lattice_0.21-9         
 [4] tzdb_0.4.0              bitops_1.0-7            vctrs_0.6.4            
 [7] tools_4.3.1             generics_0.1.3          parallel_4.3.1         
[10] fansi_1.0.5             pkgconfig_2.0.3         data.table_1.15.2      
[13] checkmate_2.3.1         uuid_1.1-1              GenomeInfoDbData_1.2.11
[16] lifecycle_1.0.3         compiler_4.3.1          munsell_0.5.0          
[19] RhpcBLASctl_0.23-42     codetools_0.2-20        bbotk_0.7.2            
[22] RCurl_1.98-1.12         pillar_1.9.0            crayon_1.5.2           
[25] BiocParallel_1.34.2     cachem_1.0.8            DelayedArray_0.26.6    
[28] iterators_1.0.14        foreach_1.5.2           parallelly_1.37.1      
[31] locfit_1.5-9.8          tidyselect_1.2.0        digest_0.6.35          
[34] stringi_1.7.12          future_1.33.2           listenv_0.9.1          
[37] splines_4.3.1           fastmap_1.1.1           grid_4.3.1             
[40] colorspace_2.1-0        cli_3.6.1               magrittr_2.0.3         
[43] S4Arrays_1.0.4          survival_3.5-7          utf8_1.2.4             
[46] withr_2.5.1             scales_1.2.1            backports_1.4.1        
[49] timechange_0.2.0        XVector_0.40.0          globals_0.16.3         
[52] hms_1.1.3               memoise_2.0.1           mlr3misc_0.15.0        
[55] rlang_1.1.1             Rcpp_1.0.11             glue_1.6.2             
[58] palmerpenguins_0.1.1    lgr_0.4.4               R6_2.5.1               
[61] zlibbioc_1.46.0        
INFO  [11:57:12.882] [bbotk] Starting to optimize 1 parameter(s) with '<TunerGridSearch>' and '<TerminatorNone>'
INFO  [11:57:12.906] [bbotk] Evaluating 1 configuration(s)
INFO  [11:57:12.937] [mlr3] Running benchmark with 5 resampling iterations
INFO  [11:57:12.970] [mlr3] Applying learner 'classif.cv_glmnet' on task 'candi_gene' (iter 1/5)
INFO  [11:57:13.574] [mlr3] Applying learner 'classif.cv_glmnet' on task 'candi_gene' (iter 2/5)
INFO  [11:57:13.764] [mlr3] Applying learner 'classif.cv_glmnet' on task 'candi_gene' (iter 3/5)
INFO  [11:57:13.956] [mlr3] Applying learner 'classif.cv_glmnet' on task 'candi_gene' (iter 4/5)
INFO  [11:57:14.145] [mlr3] Applying learner 'classif.cv_glmnet' on task 'candi_gene' (iter 5/5)
INFO  [11:57:14.336] [mlr3] Finished benchmark
INFO  [11:57:14.362] [bbotk] Result of batch 1:
INFO  [11:57:14.366] [bbotk]  alpha classif.auc warnings errors runtime_learners
INFO  [11:57:14.366] [bbotk]    0.4   0.5663798        0      0             1.32
INFO  [11:57:14.366] [bbotk]                                 uhash
INFO  [11:57:14.366] [bbotk]  d0c9fac4-630d-435d-a477-837114c91072
INFO  [11:57:14.368] [bbotk] Evaluating 1 configuration(s)
INFO  [11:57:14.390] [mlr3] Running benchmark with 5 resampling iterations
INFO  [11:57:14.395] [mlr3] Applying learner 'classif.cv_glmnet' on task 'candi_gene' (iter 1/5)
INFO  [11:57:14.581] [mlr3] Applying learner 'classif.cv_glmnet' on task 'candi_gene' (iter 2/5)
INFO  [11:57:14.762] [mlr3] Applying learner 'classif.cv_glmnet' on task 'candi_gene' (iter 3/5)
INFO  [11:57:14.939] [mlr3] Applying learner 'classif.cv_glmnet' on task 'candi_gene' (iter 4/5)
INFO  [11:57:15.113] [mlr3] Applying learner 'classif.cv_glmnet' on task 'candi_gene' (iter 5/5)
INFO  [11:57:15.289] [mlr3] Finished benchmark
INFO  [11:57:15.313] [bbotk] Result of batch 2:
INFO  [11:57:15.315] [bbotk]  alpha classif.auc warnings errors runtime_learners
INFO  [11:57:15.315] [bbotk]   0.75   0.5145833        0      0            0.853
INFO  [11:57:15.315] [bbotk]                                 uhash
INFO  [11:57:15.315] [bbotk]  c0cfab3e-8309-4497-8536-a54d2da75375
INFO  [11:57:15.316] [bbotk] Evaluating 1 configuration(s)
INFO  [11:57:15.338] [mlr3] Running benchmark with 5 resampling iterations
INFO  [11:57:15.343] [mlr3] Applying learner 'classif.cv_glmnet' on task 'candi_gene' (iter 1/5)
INFO  [11:57:15.535] [mlr3] Applying learner 'classif.cv_glmnet' on task 'candi_gene' (iter 2/5)
INFO  [11:57:15.723] [mlr3] Applying learner 'classif.cv_glmnet' on task 'candi_gene' (iter 3/5)
INFO  [11:57:15.910] [mlr3] Applying learner 'classif.cv_glmnet' on task 'candi_gene' (iter 4/5)
INFO  [11:57:16.093] [mlr3] Applying learner 'classif.cv_glmnet' on task 'candi_gene' (iter 5/5)
INFO  [11:57:16.280] [mlr3] Finished benchmark
INFO  [11:57:16.304] [bbotk] Result of batch 3:
INFO  [11:57:16.306] [bbotk]  alpha classif.auc warnings errors runtime_learners
INFO  [11:57:16.306] [bbotk]    0.5   0.5908585        0      0            0.897
INFO  [11:57:16.306] [bbotk]                                 uhash
INFO  [11:57:16.306] [bbotk]  ab0c28c8-0077-4e60-a692-1c14e3cd0912
INFO  [11:57:16.307] [bbotk] Evaluating 1 configuration(s)
INFO  [11:57:16.329] [mlr3] Running benchmark with 5 resampling iterations
INFO  [11:57:16.333] [mlr3] Applying learner 'classif.cv_glmnet' on task 'candi_gene' (iter 1/5)
INFO  [11:57:16.524] [mlr3] Applying learner 'classif.cv_glmnet' on task 'candi_gene' (iter 2/5)
INFO  [11:57:16.705] [mlr3] Applying learner 'classif.cv_glmnet' on task 'candi_gene' (iter 3/5)
INFO  [11:57:16.878] [mlr3] Applying learner 'classif.cv_glmnet' on task 'candi_gene' (iter 4/5)
INFO  [11:57:17.400] [mlr3] Applying learner 'classif.cv_glmnet' on task 'candi_gene' (iter 5/5)
INFO  [11:57:17.585] [mlr3] Finished benchmark
INFO  [11:57:17.609] [bbotk] Result of batch 4:
INFO  [11:57:17.611] [bbotk]  alpha classif.auc warnings errors runtime_learners
INFO  [11:57:17.611] [bbotk]    0.7   0.5565714        0      0             1.21
INFO  [11:57:17.611] [bbotk]                                 uhash
INFO  [11:57:17.611] [bbotk]  0f3b7619-3548-4197-9f59-18ebdd269d7f
INFO  [11:57:17.612] [bbotk] Evaluating 1 configuration(s)
INFO  [11:57:17.634] [mlr3] Running benchmark with 5 resampling iterations
INFO  [11:57:17.638] [mlr3] Applying learner 'classif.cv_glmnet' on task 'candi_gene' (iter 1/5)
INFO  [11:57:17.823] [mlr3] Applying learner 'classif.cv_glmnet' on task 'candi_gene' (iter 2/5)
INFO  [11:57:18.014] [mlr3] Applying learner 'classif.cv_glmnet' on task 'candi_gene' (iter 3/5)
INFO  [11:57:18.202] [mlr3] Applying learner 'classif.cv_glmnet' on task 'candi_gene' (iter 4/5)
INFO  [11:57:18.392] [mlr3] Applying learner 'classif.cv_glmnet' on task 'candi_gene' (iter 5/5)
INFO  [11:57:18.586] [mlr3] Finished benchmark
INFO  [11:57:18.609] [bbotk] Result of batch 5:
INFO  [11:57:18.611] [bbotk]  alpha classif.auc warnings errors runtime_learners
INFO  [11:57:18.611] [bbotk]   0.35   0.6209821        0      0            0.907
INFO  [11:57:18.611] [bbotk]                                 uhash
INFO  [11:57:18.611] [bbotk]  41144381-5e66-4a29-ad7d-171a0060c97e
INFO  [11:57:18.613] [bbotk] Evaluating 1 configuration(s)
INFO  [11:57:18.635] [mlr3] Running benchmark with 5 resampling iterations
INFO  [11:57:18.639] [mlr3] Applying learner 'classif.cv_glmnet' on task 'candi_gene' (iter 1/5)
INFO  [11:57:18.822] [mlr3] Applying learner 'classif.cv_glmnet' on task 'candi_gene' (iter 2/5)
INFO  [11:57:19.000] [mlr3] Applying learner 'classif.cv_glmnet' on task 'candi_gene' (iter 3/5)
INFO  [11:57:19.171] [mlr3] Applying learner 'classif.cv_glmnet' on task 'candi_gene' (iter 4/5)
INFO  [11:57:19.350] [mlr3] Applying learner 'classif.cv_glmnet' on task 'candi_gene' (iter 5/5)
INFO  [11:57:19.523] [mlr3] Finished benchmark
INFO  [11:57:19.548] [bbotk] Result of batch 6:
INFO  [11:57:19.550] [bbotk]  alpha classif.auc warnings errors runtime_learners
INFO  [11:57:19.550] [bbotk]      1   0.5104167        0      0            0.842
INFO  [11:57:19.550] [bbotk]                                 uhash
INFO  [11:57:19.550] [bbotk]  2b0194e0-2495-4a17-9761-66fe0f76b201
INFO  [11:57:19.551] [bbotk] Evaluating 1 configuration(s)
INFO  [11:57:19.573] [mlr3] Running benchmark with 5 resampling iterations
INFO  [11:57:19.577] [mlr3] Applying learner 'classif.cv_glmnet' on task 'candi_gene' (iter 1/5)
INFO  [11:57:19.769] [mlr3] Applying learner 'classif.cv_glmnet' on task 'candi_gene' (iter 2/5)
INFO  [11:57:19.942] [mlr3] Applying learner 'classif.cv_glmnet' on task 'candi_gene' (iter 3/5)
INFO  [11:57:20.115] [mlr3] Applying learner 'classif.cv_glmnet' on task 'candi_gene' (iter 4/5)
INFO  [11:57:20.287] [mlr3] Applying learner 'classif.cv_glmnet' on task 'candi_gene' (iter 5/5)
INFO  [11:57:20.462] [mlr3] Finished benchmark
INFO  [11:57:20.486] [bbotk] Result of batch 7:
INFO  [11:57:20.488] [bbotk]  alpha classif.auc warnings errors runtime_learners
INFO  [11:57:20.488] [bbotk]   0.95   0.5174405        0      0            0.844
INFO  [11:57:20.488] [bbotk]                                 uhash
INFO  [11:57:20.488] [bbotk]  1de23ec7-08a3-43c0-801a-aa5e7a9f94c4
INFO  [11:57:20.489] [bbotk] Evaluating 1 configuration(s)
INFO  [11:57:20.511] [mlr3] Running benchmark with 5 resampling iterations
INFO  [11:57:20.516] [mlr3] Applying learner 'classif.cv_glmnet' on task 'candi_gene' (iter 1/5)
INFO  [11:57:20.721] [mlr3] Applying learner 'classif.cv_glmnet' on task 'candi_gene' (iter 2/5)
INFO  [11:57:20.932] [mlr3] Applying learner 'classif.cv_glmnet' on task 'candi_gene' (iter 3/5)
INFO  [11:57:21.137] [mlr3] Applying learner 'classif.cv_glmnet' on task 'candi_gene' (iter 4/5)
INFO  [11:57:21.347] [mlr3] Applying learner 'classif.cv_glmnet' on task 'candi_gene' (iter 5/5)
INFO  [11:57:21.557] [mlr3] Finished benchmark
INFO  [11:57:21.581] [bbotk] Result of batch 8:
INFO  [11:57:21.583] [bbotk]  alpha classif.auc warnings errors runtime_learners
INFO  [11:57:21.583] [bbotk]    0.2   0.6392919        0      0            1.001
INFO  [11:57:21.583] [bbotk]                                 uhash
INFO  [11:57:21.583] [bbotk]  dcf91ab9-826d-40e5-8c05-ae70a58bc02d
INFO  [11:57:21.585] [bbotk] Evaluating 1 configuration(s)
INFO  [11:57:21.607] [mlr3] Running benchmark with 5 resampling iterations
INFO  [11:57:21.611] [mlr3] Applying learner 'classif.cv_glmnet' on task 'candi_gene' (iter 1/5)
INFO  [11:57:21.792] [mlr3] Applying learner 'classif.cv_glmnet' on task 'candi_gene' (iter 2/5)
INFO  [11:57:21.970] [mlr3] Applying learner 'classif.cv_glmnet' on task 'candi_gene' (iter 3/5)
INFO  [11:57:22.146] [mlr3] Applying learner 'classif.cv_glmnet' on task 'candi_gene' (iter 4/5)
INFO  [11:57:22.331] [mlr3] Applying learner 'classif.cv_glmnet' on task 'candi_gene' (iter 5/5)
INFO  [11:57:22.506] [mlr3] Finished benchmark
INFO  [11:57:22.530] [bbotk] Result of batch 9:
INFO  [11:57:22.532] [bbotk]  alpha classif.auc warnings errors runtime_learners
INFO  [11:57:22.532] [bbotk]   0.65   0.6171683        0      0            0.854
INFO  [11:57:22.532] [bbotk]                                 uhash
INFO  [11:57:22.532] [bbotk]  195dccd3-67c7-4054-9671-2ea9db3fd456
INFO  [11:57:22.533] [bbotk] Evaluating 1 configuration(s)
INFO  [11:57:22.555] [mlr3] Running benchmark with 5 resampling iterations
INFO  [11:57:22.560] [mlr3] Applying learner 'classif.cv_glmnet' on task 'candi_gene' (iter 1/5)
INFO  [11:57:22.743] [mlr3] Applying learner 'classif.cv_glmnet' on task 'candi_gene' (iter 2/5)
INFO  [11:57:22.925] [mlr3] Applying learner 'classif.cv_glmnet' on task 'candi_gene' (iter 3/5)
INFO  [11:57:23.094] [mlr3] Applying learner 'classif.cv_glmnet' on task 'candi_gene' (iter 4/5)
INFO  [11:57:23.273] [mlr3] Applying learner 'classif.cv_glmnet' on task 'candi_gene' (iter 5/5)
INFO  [11:57:23.458] [mlr3] Finished benchmark
INFO  [11:57:23.482] [bbotk] Result of batch 10:
INFO  [11:57:23.484] [bbotk]  alpha classif.auc warnings errors runtime_learners
INFO  [11:57:23.484] [bbotk]    0.6     0.51875        0      0            0.856
INFO  [11:57:23.484] [bbotk]                                 uhash
INFO  [11:57:23.484] [bbotk]  b54cb5e5-d1ec-4482-a2e7-9f6555adfa57
INFO  [11:57:23.485] [bbotk] Evaluating 1 configuration(s)
INFO  [11:57:23.507] [mlr3] Running benchmark with 5 resampling iterations
INFO  [11:57:23.512] [mlr3] Applying learner 'classif.cv_glmnet' on task 'candi_gene' (iter 1/5)
INFO  [11:57:23.699] [mlr3] Applying learner 'classif.cv_glmnet' on task 'candi_gene' (iter 2/5)
INFO  [11:57:23.881] [mlr3] Applying learner 'classif.cv_glmnet' on task 'candi_gene' (iter 3/5)
INFO  [11:57:24.057] [mlr3] Applying learner 'classif.cv_glmnet' on task 'candi_gene' (iter 4/5)
INFO  [11:57:24.237] [mlr3] Applying learner 'classif.cv_glmnet' on task 'candi_gene' (iter 5/5)
INFO  [11:57:24.423] [mlr3] Finished benchmark
INFO  [11:57:24.447] [bbotk] Result of batch 11:
INFO  [11:57:24.449] [bbotk]  alpha classif.auc warnings errors runtime_learners
INFO  [11:57:24.449] [bbotk]   0.55   0.5698241        0      0            0.872
INFO  [11:57:24.449] [bbotk]                                 uhash
INFO  [11:57:24.449] [bbotk]  0f9f309f-1749-48a6-9927-005676504876
INFO  [11:57:24.451] [bbotk] Evaluating 1 configuration(s)
INFO  [11:57:24.473] [mlr3] Running benchmark with 5 resampling iterations
INFO  [11:57:24.477] [mlr3] Applying learner 'classif.cv_glmnet' on task 'candi_gene' (iter 1/5)
INFO  [11:57:24.664] [mlr3] Applying learner 'classif.cv_glmnet' on task 'candi_gene' (iter 2/5)
INFO  [11:57:24.848] [mlr3] Applying learner 'classif.cv_glmnet' on task 'candi_gene' (iter 3/5)
INFO  [11:57:25.016] [mlr3] Applying learner 'classif.cv_glmnet' on task 'candi_gene' (iter 4/5)
INFO  [11:57:25.187] [mlr3] Applying learner 'classif.cv_glmnet' on task 'candi_gene' (iter 5/5)
INFO  [11:57:25.369] [mlr3] Finished benchmark
INFO  [11:57:25.393] [bbotk] Result of batch 12:
INFO  [11:57:25.395] [bbotk]  alpha classif.auc warnings errors runtime_learners
INFO  [11:57:25.395] [bbotk]    0.9   0.5199107        0      0            0.851
INFO  [11:57:25.395] [bbotk]                                 uhash
INFO  [11:57:25.395] [bbotk]  6d7f2b83-03fc-4458-9399-4add368ebc8e
INFO  [11:57:25.396] [bbotk] Evaluating 1 configuration(s)
INFO  [11:57:25.418] [mlr3] Running benchmark with 5 resampling iterations
INFO  [11:57:25.423] [mlr3] Applying learner 'classif.cv_glmnet' on task 'candi_gene' (iter 1/5)
INFO  [11:57:25.602] [mlr3] Applying learner 'classif.cv_glmnet' on task 'candi_gene' (iter 2/5)
INFO  [11:57:25.779] [mlr3] Applying learner 'classif.cv_glmnet' on task 'candi_gene' (iter 3/5)
INFO  [11:57:25.957] [mlr3] Applying learner 'classif.cv_glmnet' on task 'candi_gene' (iter 4/5)
INFO  [11:57:26.123] [mlr3] Applying learner 'classif.cv_glmnet' on task 'candi_gene' (iter 5/5)
INFO  [11:57:26.307] [mlr3] Finished benchmark
INFO  [11:57:26.331] [bbotk] Result of batch 13:
INFO  [11:57:26.333] [bbotk]  alpha classif.auc warnings errors runtime_learners
INFO  [11:57:26.333] [bbotk]   0.85         0.5        0      0            0.841
INFO  [11:57:26.333] [bbotk]                                 uhash
INFO  [11:57:26.333] [bbotk]  7514249b-7b20-4405-942d-5e8104990fd5
INFO  [11:57:26.334] [bbotk] Evaluating 1 configuration(s)
INFO  [11:57:26.357] [mlr3] Running benchmark with 5 resampling iterations
INFO  [11:57:26.361] [mlr3] Applying learner 'classif.cv_glmnet' on task 'candi_gene' (iter 1/5)
INFO  [11:57:26.550] [mlr3] Applying learner 'classif.cv_glmnet' on task 'candi_gene' (iter 2/5)
INFO  [11:57:26.736] [mlr3] Applying learner 'classif.cv_glmnet' on task 'candi_gene' (iter 3/5)
INFO  [11:57:26.923] [mlr3] Applying learner 'classif.cv_glmnet' on task 'candi_gene' (iter 4/5)
INFO  [11:57:27.105] [mlr3] Applying learner 'classif.cv_glmnet' on task 'candi_gene' (iter 5/5)
INFO  [11:57:27.298] [mlr3] Finished benchmark
INFO  [11:57:27.322] [bbotk] Result of batch 14:
INFO  [11:57:27.324] [bbotk]  alpha classif.auc warnings errors runtime_learners
INFO  [11:57:27.324] [bbotk]   0.45   0.5834023        0      0            0.895
INFO  [11:57:27.324] [bbotk]                                 uhash
INFO  [11:57:27.324] [bbotk]  5ab0cf6b-8bf9-44ce-8742-0a4fecafc716
INFO  [11:57:27.325] [bbotk] Evaluating 1 configuration(s)
INFO  [11:57:27.348] [mlr3] Running benchmark with 5 resampling iterations
INFO  [11:57:27.352] [mlr3] Applying learner 'classif.cv_glmnet' on task 'candi_gene' (iter 1/5)
INFO  [11:57:27.597] [mlr3] Applying learner 'classif.cv_glmnet' on task 'candi_gene' (iter 2/5)
INFO  [11:57:27.835] [mlr3] Applying learner 'classif.cv_glmnet' on task 'candi_gene' (iter 3/5)
INFO  [11:57:28.066] [mlr3] Applying learner 'classif.cv_glmnet' on task 'candi_gene' (iter 4/5)
INFO  [11:57:28.314] [mlr3] Applying learner 'classif.cv_glmnet' on task 'candi_gene' (iter 5/5)
INFO  [11:57:28.555] [mlr3] Finished benchmark
INFO  [11:57:28.579] [bbotk] Result of batch 15:
INFO  [11:57:28.581] [bbotk]  alpha classif.auc warnings errors runtime_learners
INFO  [11:57:28.581] [bbotk]    0.1   0.6779689        0      0            1.164
INFO  [11:57:28.581] [bbotk]                                 uhash
INFO  [11:57:28.581] [bbotk]  8ca9b047-f267-426c-a115-a40ea1388ba1
INFO  [11:57:28.583] [bbotk] Evaluating 1 configuration(s)
INFO  [11:57:28.605] [mlr3] Running benchmark with 5 resampling iterations
INFO  [11:57:28.610] [mlr3] Applying learner 'classif.cv_glmnet' on task 'candi_gene' (iter 1/5)
INFO  [11:57:29.042] [mlr3] Applying learner 'classif.cv_glmnet' on task 'candi_gene' (iter 2/5)
INFO  [11:57:29.463] [mlr3] Applying learner 'classif.cv_glmnet' on task 'candi_gene' (iter 3/5)
INFO  [11:57:29.887] [mlr3] Applying learner 'classif.cv_glmnet' on task 'candi_gene' (iter 4/5)
INFO  [11:57:30.293] [mlr3] Applying learner 'classif.cv_glmnet' on task 'candi_gene' (iter 5/5)
INFO  [11:57:30.714] [mlr3] Finished benchmark
INFO  [11:57:30.738] [bbotk] Result of batch 16:
INFO  [11:57:30.740] [bbotk]  alpha classif.auc warnings errors runtime_learners
INFO  [11:57:30.740] [bbotk]      0   0.6233763        0      0            2.061
INFO  [11:57:30.740] [bbotk]                                 uhash
INFO  [11:57:30.740] [bbotk]  0461e501-6cf2-4aa7-9bd0-ce53ec1a9873
INFO  [11:57:30.741] [bbotk] Evaluating 1 configuration(s)
INFO  [11:57:30.764] [mlr3] Running benchmark with 5 resampling iterations
INFO  [11:57:30.768] [mlr3] Applying learner 'classif.cv_glmnet' on task 'candi_gene' (iter 1/5)
INFO  [11:57:30.992] [mlr3] Applying learner 'classif.cv_glmnet' on task 'candi_gene' (iter 2/5)
INFO  [11:57:31.563] [mlr3] Applying learner 'classif.cv_glmnet' on task 'candi_gene' (iter 3/5)
INFO  [11:57:31.782] [mlr3] Applying learner 'classif.cv_glmnet' on task 'candi_gene' (iter 4/5)
INFO  [11:57:32.003] [mlr3] Applying learner 'classif.cv_glmnet' on task 'candi_gene' (iter 5/5)
INFO  [11:57:32.222] [mlr3] Finished benchmark
INFO  [11:57:32.246] [bbotk] Result of batch 17:
INFO  [11:57:32.248] [bbotk]  alpha classif.auc warnings errors runtime_learners
INFO  [11:57:32.248] [bbotk]   0.15   0.6971994        0      0            1.413
INFO  [11:57:32.248] [bbotk]                                 uhash
INFO  [11:57:32.248] [bbotk]  88344014-d27c-4457-b6f6-a5e36f6fac8b
INFO  [11:57:32.249] [bbotk] Evaluating 1 configuration(s)
INFO  [11:57:32.271] [mlr3] Running benchmark with 5 resampling iterations
INFO  [11:57:32.276] [mlr3] Applying learner 'classif.cv_glmnet' on task 'candi_gene' (iter 1/5)
INFO  [11:57:32.468] [mlr3] Applying learner 'classif.cv_glmnet' on task 'candi_gene' (iter 2/5)
INFO  [11:57:32.663] [mlr3] Applying learner 'classif.cv_glmnet' on task 'candi_gene' (iter 3/5)
INFO  [11:57:32.855] [mlr3] Applying learner 'classif.cv_glmnet' on task 'candi_gene' (iter 4/5)
INFO  [11:57:33.047] [mlr3] Applying learner 'classif.cv_glmnet' on task 'candi_gene' (iter 5/5)
INFO  [11:57:33.244] [mlr3] Finished benchmark
INFO  [11:57:33.268] [bbotk] Result of batch 18:
INFO  [11:57:33.269] [bbotk]  alpha classif.auc warnings errors runtime_learners
INFO  [11:57:33.269] [bbotk]    0.3   0.5713829        0      0            0.928
INFO  [11:57:33.269] [bbotk]                                 uhash
INFO  [11:57:33.269] [bbotk]  7503642c-b860-4cda-9934-f6d95f84a991
INFO  [11:57:33.271] [bbotk] Evaluating 1 configuration(s)
INFO  [11:57:33.293] [mlr3] Running benchmark with 5 resampling iterations
INFO  [11:57:33.297] [mlr3] Applying learner 'classif.cv_glmnet' on task 'candi_gene' (iter 1/5)
INFO  [11:57:33.479] [mlr3] Applying learner 'classif.cv_glmnet' on task 'candi_gene' (iter 2/5)
INFO  [11:57:33.653] [mlr3] Applying learner 'classif.cv_glmnet' on task 'candi_gene' (iter 3/5)
INFO  [11:57:33.826] [mlr3] Applying learner 'classif.cv_glmnet' on task 'candi_gene' (iter 4/5)
INFO  [11:57:33.998] [mlr3] Applying learner 'classif.cv_glmnet' on task 'candi_gene' (iter 5/5)
INFO  [11:57:34.174] [mlr3] Finished benchmark
INFO  [11:57:34.198] [bbotk] Result of batch 19:
INFO  [11:57:34.200] [bbotk]  alpha classif.auc warnings errors runtime_learners
INFO  [11:57:34.200] [bbotk]    0.8   0.5458312        0      0            0.836
INFO  [11:57:34.200] [bbotk]                                 uhash
INFO  [11:57:34.200] [bbotk]  d048b1fb-be69-4ee6-a65e-5d91deb3551b
INFO  [11:57:34.201] [bbotk] Evaluating 1 configuration(s)
INFO  [11:57:34.223] [mlr3] Running benchmark with 5 resampling iterations
INFO  [11:57:34.228] [mlr3] Applying learner 'classif.cv_glmnet' on task 'candi_gene' (iter 1/5)
INFO  [11:57:34.490] [mlr3] Applying learner 'classif.cv_glmnet' on task 'candi_gene' (iter 2/5)
INFO  [11:57:34.745] [mlr3] Applying learner 'classif.cv_glmnet' on task 'candi_gene' (iter 3/5)
INFO  [11:57:35.003] [mlr3] Applying learner 'classif.cv_glmnet' on task 'candi_gene' (iter 4/5)
INFO  [11:57:35.263] [mlr3] Applying learner 'classif.cv_glmnet' on task 'candi_gene' (iter 5/5)
INFO  [11:57:35.519] [mlr3] Finished benchmark
INFO  [11:57:35.544] [bbotk] Result of batch 20:
INFO  [11:57:35.546] [bbotk]  alpha classif.auc warnings errors runtime_learners
INFO  [11:57:35.546] [bbotk]   0.05   0.6931934        0      0            1.251
INFO  [11:57:35.546] [bbotk]                                 uhash
INFO  [11:57:35.546] [bbotk]  a53dfd1a-421b-44e2-8fa5-1b91d608b141
INFO  [11:57:35.547] [bbotk] Evaluating 1 configuration(s)
INFO  [11:57:35.569] [mlr3] Running benchmark with 5 resampling iterations
INFO  [11:57:35.573] [mlr3] Applying learner 'classif.cv_glmnet' on task 'candi_gene' (iter 1/5)
INFO  [11:57:35.774] [mlr3] Applying learner 'classif.cv_glmnet' on task 'candi_gene' (iter 2/5)
INFO  [11:57:35.978] [mlr3] Applying learner 'classif.cv_glmnet' on task 'candi_gene' (iter 3/5)
INFO  [11:57:36.178] [mlr3] Applying learner 'classif.cv_glmnet' on task 'candi_gene' (iter 4/5)
INFO  [11:57:36.380] [mlr3] Applying learner 'classif.cv_glmnet' on task 'candi_gene' (iter 5/5)
INFO  [11:57:36.584] [mlr3] Finished benchmark
INFO  [11:57:36.608] [bbotk] Result of batch 21:
INFO  [11:57:36.610] [bbotk]  alpha classif.auc warnings errors runtime_learners
INFO  [11:57:36.610] [bbotk]   0.25    0.595256        0      0            0.969
INFO  [11:57:36.610] [bbotk]                                 uhash
INFO  [11:57:36.610] [bbotk]  3e808a26-a11e-42dc-951e-6a0a2d4ec845
INFO  [11:57:36.615] [bbotk] Finished optimizing after 21 evaluation(s)
INFO  [11:57:36.615] [bbotk] Result:
INFO  [11:57:36.617] [bbotk]   alpha learner_param_vals x_domain classif.auc
INFO  [11:57:36.617] [bbotk]  <char>             <list>   <list>       <num>
INFO  [11:57:36.617] [bbotk]    0.15       c(7.8947....     0.15   0.6971994
