Conda environment: *
R version 4.3.1 (2023-06-16)
Platform: x86_64-conda-linux-gnu (64-bit)
Running under: Red Hat Enterprise Linux 8.3 (Ootpa)

Matrix products: default
BLAS/LAPACK: /ess/home/home1/beiw/miniconda3/envs/5hmc_os_env/lib/libopenblasp-r0.3.27.so;  LAPACK version 3.12.0

locale:
[1] C

time zone: America/Chicago
tzcode source: system (glibc)

attached base packages:
[1] stats4    stats     graphics  grDevices utils     datasets  methods  
[8] base     

other attached packages:
 [1] conflicted_1.2.0            DESeq2_1.40.2              
 [3] SummarizedExperiment_1.30.2 Biobase_2.60.0             
 [5] MatrixGenerics_1.12.2       matrixStats_1.2.0          
 [7] GenomicRanges_1.52.0        GenomeInfoDb_1.36.1        
 [9] IRanges_2.34.1              S4Vectors_0.38.1           
[11] BiocGenerics_0.46.0         glmnet_4.1-8               
[13] Matrix_1.6-5                mlr3learners_0.5.8         
[15] mlr3tuning_0.19.0           paradox_0.11.1             
[17] mlr3_0.19.0                 lubridate_1.9.3            
[19] forcats_1.0.0               stringr_1.5.1              
[21] purrr_1.0.2                 readr_2.1.5                
[23] tidyr_1.3.1                 tibble_3.2.1               
[25] ggplot2_3.4.4               tidyverse_2.0.0            
[27] dplyr_1.1.4                

loaded via a namespace (and not attached):
 [1] gtable_0.3.4            shape_1.4.6             lattice_0.21-9         
 [4] tzdb_0.4.0              bitops_1.0-7            vctrs_0.6.4            
 [7] tools_4.3.1             generics_0.1.3          parallel_4.3.1         
[10] fansi_1.0.5             pkgconfig_2.0.3         data.table_1.15.2      
[13] checkmate_2.3.1         uuid_1.1-1              GenomeInfoDbData_1.2.11
[16] lifecycle_1.0.3         compiler_4.3.1          munsell_0.5.0          
[19] RhpcBLASctl_0.23-42     codetools_0.2-20        bbotk_0.7.2            
[22] RCurl_1.98-1.12         pillar_1.9.0            crayon_1.5.2           
[25] BiocParallel_1.34.2     cachem_1.0.8            DelayedArray_0.26.6    
[28] iterators_1.0.14        foreach_1.5.2           parallelly_1.37.1      
[31] locfit_1.5-9.8          tidyselect_1.2.0        digest_0.6.35          
[34] stringi_1.7.12          future_1.33.2           listenv_0.9.1          
[37] splines_4.3.1           fastmap_1.1.1           grid_4.3.1             
[40] colorspace_2.1-0        cli_3.6.1               magrittr_2.0.3         
[43] S4Arrays_1.0.4          survival_3.5-7          utf8_1.2.4             
[46] withr_2.5.1             scales_1.2.1            backports_1.4.1        
[49] timechange_0.2.0        XVector_0.40.0          globals_0.16.3         
[52] hms_1.1.3               memoise_2.0.1           mlr3misc_0.15.0        
[55] rlang_1.1.1             Rcpp_1.0.11             glue_1.6.2             
[58] palmerpenguins_0.1.1    lgr_0.4.4               R6_2.5.1               
[61] zlibbioc_1.46.0        
INFO  [11:56:37.281] [bbotk] Starting to optimize 1 parameter(s) with '<TunerGridSearch>' and '<TerminatorNone>'
INFO  [11:56:37.306] [bbotk] Evaluating 1 configuration(s)
INFO  [11:56:37.339] [mlr3] Running benchmark with 5 resampling iterations
INFO  [11:56:37.372] [mlr3] Applying learner 'classif.cv_glmnet' on task 'candi_gene' (iter 1/5)
INFO  [11:56:38.053] [mlr3] Applying learner 'classif.cv_glmnet' on task 'candi_gene' (iter 2/5)
INFO  [11:56:38.237] [mlr3] Applying learner 'classif.cv_glmnet' on task 'candi_gene' (iter 3/5)
INFO  [11:56:38.414] [mlr3] Applying learner 'classif.cv_glmnet' on task 'candi_gene' (iter 4/5)
INFO  [11:56:38.598] [mlr3] Applying learner 'classif.cv_glmnet' on task 'candi_gene' (iter 5/5)
INFO  [11:56:38.784] [mlr3] Finished benchmark
INFO  [11:56:38.812] [bbotk] Result of batch 1:
INFO  [11:56:38.816] [bbotk]  alpha classif.auc warnings errors runtime_learners
INFO  [11:56:38.816] [bbotk]    0.7    0.501449        0      0            1.359
INFO  [11:56:38.816] [bbotk]                                 uhash
INFO  [11:56:38.816] [bbotk]  765bdb82-232c-4ccd-958f-216510f6fbcc
INFO  [11:56:38.818] [bbotk] Evaluating 1 configuration(s)
INFO  [11:56:38.842] [mlr3] Running benchmark with 5 resampling iterations
INFO  [11:56:38.847] [mlr3] Applying learner 'classif.cv_glmnet' on task 'candi_gene' (iter 1/5)
INFO  [11:56:39.047] [mlr3] Applying learner 'classif.cv_glmnet' on task 'candi_gene' (iter 2/5)
INFO  [11:56:39.242] [mlr3] Applying learner 'classif.cv_glmnet' on task 'candi_gene' (iter 3/5)
INFO  [11:56:39.422] [mlr3] Applying learner 'classif.cv_glmnet' on task 'candi_gene' (iter 4/5)
INFO  [11:56:39.615] [mlr3] Applying learner 'classif.cv_glmnet' on task 'candi_gene' (iter 5/5)
INFO  [11:56:39.793] [mlr3] Finished benchmark
INFO  [11:56:39.817] [bbotk] Result of batch 2:
INFO  [11:56:39.819] [bbotk]  alpha classif.auc warnings errors runtime_learners
INFO  [11:56:39.819] [bbotk]   0.95   0.5121523        0      0            0.903
INFO  [11:56:39.819] [bbotk]                                 uhash
INFO  [11:56:39.819] [bbotk]  9058378d-af53-499a-bc97-feb6713c4df4
INFO  [11:56:39.820] [bbotk] Evaluating 1 configuration(s)
INFO  [11:56:39.844] [mlr3] Running benchmark with 5 resampling iterations
INFO  [11:56:39.849] [mlr3] Applying learner 'classif.cv_glmnet' on task 'candi_gene' (iter 1/5)
INFO  [11:56:40.058] [mlr3] Applying learner 'classif.cv_glmnet' on task 'candi_gene' (iter 2/5)
INFO  [11:56:40.256] [mlr3] Applying learner 'classif.cv_glmnet' on task 'candi_gene' (iter 3/5)
INFO  [11:56:40.456] [mlr3] Applying learner 'classif.cv_glmnet' on task 'candi_gene' (iter 4/5)
INFO  [11:56:40.663] [mlr3] Applying learner 'classif.cv_glmnet' on task 'candi_gene' (iter 5/5)
INFO  [11:56:40.861] [mlr3] Finished benchmark
INFO  [11:56:40.885] [bbotk] Result of batch 3:
INFO  [11:56:40.887] [bbotk]  alpha classif.auc warnings errors runtime_learners
INFO  [11:56:40.887] [bbotk]   0.35   0.5051429        0      0            0.965
INFO  [11:56:40.887] [bbotk]                                 uhash
INFO  [11:56:40.887] [bbotk]  074e165b-c472-4deb-bb21-a3278c5d383b
INFO  [11:56:40.888] [bbotk] Evaluating 1 configuration(s)
INFO  [11:56:40.911] [mlr3] Running benchmark with 5 resampling iterations
INFO  [11:56:40.916] [mlr3] Applying learner 'classif.cv_glmnet' on task 'candi_gene' (iter 1/5)
INFO  [11:56:41.105] [mlr3] Applying learner 'classif.cv_glmnet' on task 'candi_gene' (iter 2/5)
INFO  [11:56:41.288] [mlr3] Applying learner 'classif.cv_glmnet' on task 'candi_gene' (iter 3/5)
INFO  [11:56:41.474] [mlr3] Applying learner 'classif.cv_glmnet' on task 'candi_gene' (iter 4/5)
INFO  [11:56:41.660] [mlr3] Applying learner 'classif.cv_glmnet' on task 'candi_gene' (iter 5/5)
INFO  [11:56:42.207] [mlr3] Finished benchmark
INFO  [11:56:42.232] [bbotk] Result of batch 4:
INFO  [11:56:42.234] [bbotk]  alpha classif.auc warnings errors runtime_learners
INFO  [11:56:42.234] [bbotk]   0.85   0.5045699        0      0            1.248
INFO  [11:56:42.234] [bbotk]                                 uhash
INFO  [11:56:42.234] [bbotk]  9f0c1ec2-363d-4593-9807-6edbd4b5660f
INFO  [11:56:42.235] [bbotk] Evaluating 1 configuration(s)
INFO  [11:56:42.258] [mlr3] Running benchmark with 5 resampling iterations
INFO  [11:56:42.262] [mlr3] Applying learner 'classif.cv_glmnet' on task 'candi_gene' (iter 1/5)
INFO  [11:56:42.460] [mlr3] Applying learner 'classif.cv_glmnet' on task 'candi_gene' (iter 2/5)
INFO  [11:56:42.643] [mlr3] Applying learner 'classif.cv_glmnet' on task 'candi_gene' (iter 3/5)
INFO  [11:56:42.830] [mlr3] Applying learner 'classif.cv_glmnet' on task 'candi_gene' (iter 4/5)
INFO  [11:56:43.020] [mlr3] Applying learner 'classif.cv_glmnet' on task 'candi_gene' (iter 5/5)
INFO  [11:56:43.197] [mlr3] Finished benchmark
INFO  [11:56:43.221] [bbotk] Result of batch 5:
INFO  [11:56:43.223] [bbotk]  alpha classif.auc warnings errors runtime_learners
INFO  [11:56:43.223] [bbotk]    0.5   0.5325614        0      0            0.891
INFO  [11:56:43.223] [bbotk]                                 uhash
INFO  [11:56:43.223] [bbotk]  d5ef6862-d523-45da-a2fc-9629932110d4
INFO  [11:56:43.224] [bbotk] Evaluating 1 configuration(s)
INFO  [11:56:43.247] [mlr3] Running benchmark with 5 resampling iterations
INFO  [11:56:43.252] [mlr3] Applying learner 'classif.cv_glmnet' on task 'candi_gene' (iter 1/5)
INFO  [11:56:43.446] [mlr3] Applying learner 'classif.cv_glmnet' on task 'candi_gene' (iter 2/5)
INFO  [11:56:43.633] [mlr3] Applying learner 'classif.cv_glmnet' on task 'candi_gene' (iter 3/5)
INFO  [11:56:43.821] [mlr3] Applying learner 'classif.cv_glmnet' on task 'candi_gene' (iter 4/5)
INFO  [11:56:44.015] [mlr3] Applying learner 'classif.cv_glmnet' on task 'candi_gene' (iter 5/5)
INFO  [11:56:44.195] [mlr3] Finished benchmark
INFO  [11:56:44.220] [bbotk] Result of batch 6:
INFO  [11:56:44.222] [bbotk]  alpha classif.auc warnings errors runtime_learners
INFO  [11:56:44.222] [bbotk]   0.45   0.5002784        0      0              0.9
INFO  [11:56:44.222] [bbotk]                                 uhash
INFO  [11:56:44.222] [bbotk]  8e2518fb-f547-4062-9ae5-9d545c870d40
INFO  [11:56:44.223] [bbotk] Evaluating 1 configuration(s)
INFO  [11:56:44.246] [mlr3] Running benchmark with 5 resampling iterations
INFO  [11:56:44.250] [mlr3] Applying learner 'classif.cv_glmnet' on task 'candi_gene' (iter 1/5)
INFO  [11:56:44.457] [mlr3] Applying learner 'classif.cv_glmnet' on task 'candi_gene' (iter 2/5)
INFO  [11:56:44.657] [mlr3] Applying learner 'classif.cv_glmnet' on task 'candi_gene' (iter 3/5)
INFO  [11:56:44.855] [mlr3] Applying learner 'classif.cv_glmnet' on task 'candi_gene' (iter 4/5)
INFO  [11:56:45.054] [mlr3] Applying learner 'classif.cv_glmnet' on task 'candi_gene' (iter 5/5)
INFO  [11:56:45.246] [mlr3] Finished benchmark
INFO  [11:56:45.271] [bbotk] Result of batch 7:
INFO  [11:56:45.273] [bbotk]  alpha classif.auc warnings errors runtime_learners
INFO  [11:56:45.273] [bbotk]    0.3   0.5157866        0      0            0.953
INFO  [11:56:45.273] [bbotk]                                 uhash
INFO  [11:56:45.273] [bbotk]  27debc0d-f1f1-4273-a2fe-2a273d9fa1c2
INFO  [11:56:45.274] [bbotk] Evaluating 1 configuration(s)
INFO  [11:56:45.297] [mlr3] Running benchmark with 5 resampling iterations
INFO  [11:56:45.301] [mlr3] Applying learner 'classif.cv_glmnet' on task 'candi_gene' (iter 1/5)
INFO  [11:56:45.485] [mlr3] Applying learner 'classif.cv_glmnet' on task 'candi_gene' (iter 2/5)
INFO  [11:56:45.667] [mlr3] Applying learner 'classif.cv_glmnet' on task 'candi_gene' (iter 3/5)
INFO  [11:56:45.837] [mlr3] Applying learner 'classif.cv_glmnet' on task 'candi_gene' (iter 4/5)
INFO  [11:56:46.019] [mlr3] Applying learner 'classif.cv_glmnet' on task 'candi_gene' (iter 5/5)
INFO  [11:56:46.199] [mlr3] Finished benchmark
INFO  [11:56:46.224] [bbotk] Result of batch 8:
INFO  [11:56:46.226] [bbotk]  alpha classif.auc warnings errors runtime_learners
INFO  [11:56:46.226] [bbotk]   0.75   0.5225348        0      0            0.853
INFO  [11:56:46.226] [bbotk]                                 uhash
INFO  [11:56:46.226] [bbotk]  90385c45-235c-47c9-8a9c-71e18efa9586
INFO  [11:56:46.227] [bbotk] Evaluating 1 configuration(s)
INFO  [11:56:46.250] [mlr3] Running benchmark with 5 resampling iterations
INFO  [11:56:46.255] [mlr3] Applying learner 'classif.cv_glmnet' on task 'candi_gene' (iter 1/5)
INFO  [11:56:46.669] [mlr3] Applying learner 'classif.cv_glmnet' on task 'candi_gene' (iter 2/5)
INFO  [11:56:47.106] [mlr3] Applying learner 'classif.cv_glmnet' on task 'candi_gene' (iter 3/5)
INFO  [11:56:47.511] [mlr3] Applying learner 'classif.cv_glmnet' on task 'candi_gene' (iter 4/5)
INFO  [11:56:47.898] [mlr3] Applying learner 'classif.cv_glmnet' on task 'candi_gene' (iter 5/5)
INFO  [11:56:48.333] [mlr3] Finished benchmark
INFO  [11:56:48.358] [bbotk] Result of batch 9:
INFO  [11:56:48.360] [bbotk]  alpha classif.auc warnings errors runtime_learners
INFO  [11:56:48.360] [bbotk]      0   0.6086002        0      0            2.031
INFO  [11:56:48.360] [bbotk]                                 uhash
INFO  [11:56:48.360] [bbotk]  39af451f-a7fd-4be9-acef-8855d6d2ff0c
INFO  [11:56:48.361] [bbotk] Evaluating 1 configuration(s)
INFO  [11:56:48.384] [mlr3] Running benchmark with 5 resampling iterations
INFO  [11:56:48.389] [mlr3] Applying learner 'classif.cv_glmnet' on task 'candi_gene' (iter 1/5)
INFO  [11:56:48.610] [mlr3] Applying learner 'classif.cv_glmnet' on task 'candi_gene' (iter 2/5)
INFO  [11:56:48.828] [mlr3] Applying learner 'classif.cv_glmnet' on task 'candi_gene' (iter 3/5)
INFO  [11:56:49.044] [mlr3] Applying learner 'classif.cv_glmnet' on task 'candi_gene' (iter 4/5)
INFO  [11:56:49.266] [mlr3] Applying learner 'classif.cv_glmnet' on task 'candi_gene' (iter 5/5)
INFO  [11:56:49.473] [mlr3] Finished benchmark
INFO  [11:56:49.497] [bbotk] Result of batch 10:
INFO  [11:56:49.499] [bbotk]  alpha classif.auc warnings errors runtime_learners
INFO  [11:56:49.499] [bbotk]    0.2   0.5914792        0      0            1.042
INFO  [11:56:49.499] [bbotk]                                 uhash
INFO  [11:56:49.499] [bbotk]  e8ec12e3-524e-4e10-839b-e35d08c676c6
INFO  [11:56:49.501] [bbotk] Evaluating 1 configuration(s)
INFO  [11:56:49.523] [mlr3] Running benchmark with 5 resampling iterations
INFO  [11:56:49.528] [mlr3] Applying learner 'classif.cv_glmnet' on task 'candi_gene' (iter 1/5)
INFO  [11:56:49.725] [mlr3] Applying learner 'classif.cv_glmnet' on task 'candi_gene' (iter 2/5)
INFO  [11:56:49.915] [mlr3] Applying learner 'classif.cv_glmnet' on task 'candi_gene' (iter 3/5)
INFO  [11:56:50.098] [mlr3] Applying learner 'classif.cv_glmnet' on task 'candi_gene' (iter 4/5)
INFO  [11:56:50.284] [mlr3] Applying learner 'classif.cv_glmnet' on task 'candi_gene' (iter 5/5)
INFO  [11:56:50.464] [mlr3] Finished benchmark
INFO  [11:56:50.489] [bbotk] Result of batch 11:
INFO  [11:56:50.491] [bbotk]  alpha classif.auc warnings errors runtime_learners
INFO  [11:56:50.491] [bbotk]    0.6   0.5424493        0      0            0.894
INFO  [11:56:50.491] [bbotk]                                 uhash
INFO  [11:56:50.491] [bbotk]  98a09a1f-0b34-47c8-b54e-cc92d17767db
INFO  [11:56:50.492] [bbotk] Evaluating 1 configuration(s)
INFO  [11:56:50.521] [mlr3] Running benchmark with 5 resampling iterations
INFO  [11:56:50.527] [mlr3] Applying learner 'classif.cv_glmnet' on task 'candi_gene' (iter 1/5)
INFO  [11:56:50.788] [mlr3] Applying learner 'classif.cv_glmnet' on task 'candi_gene' (iter 2/5)
INFO  [11:56:51.059] [mlr3] Applying learner 'classif.cv_glmnet' on task 'candi_gene' (iter 3/5)
INFO  [11:56:51.327] [mlr3] Applying learner 'classif.cv_glmnet' on task 'candi_gene' (iter 4/5)
INFO  [11:56:51.596] [mlr3] Applying learner 'classif.cv_glmnet' on task 'candi_gene' (iter 5/5)
INFO  [11:56:51.859] [mlr3] Finished benchmark
INFO  [11:56:51.884] [bbotk] Result of batch 12:
INFO  [11:56:51.886] [bbotk]  alpha classif.auc warnings errors runtime_learners
INFO  [11:56:51.886] [bbotk]   0.05   0.6203711        0      0            1.286
INFO  [11:56:51.886] [bbotk]                                 uhash
INFO  [11:56:51.886] [bbotk]  55a97303-75b7-4f2c-9d1a-b4e4f0aff3b6
INFO  [11:56:51.887] [bbotk] Evaluating 1 configuration(s)
INFO  [11:56:51.910] [mlr3] Running benchmark with 5 resampling iterations
INFO  [11:56:51.914] [mlr3] Applying learner 'classif.cv_glmnet' on task 'candi_gene' (iter 1/5)
INFO  [11:56:52.143] [mlr3] Applying learner 'classif.cv_glmnet' on task 'candi_gene' (iter 2/5)
INFO  [11:56:52.378] [mlr3] Applying learner 'classif.cv_glmnet' on task 'candi_gene' (iter 3/5)
INFO  [11:56:52.977] [mlr3] Applying learner 'classif.cv_glmnet' on task 'candi_gene' (iter 4/5)
INFO  [11:56:53.208] [mlr3] Applying learner 'classif.cv_glmnet' on task 'candi_gene' (iter 5/5)
INFO  [11:56:53.423] [mlr3] Finished benchmark
INFO  [11:56:53.449] [bbotk] Result of batch 13:
INFO  [11:56:53.451] [bbotk]  alpha classif.auc warnings errors runtime_learners
INFO  [11:56:53.451] [bbotk]   0.15   0.6103135        0      0            1.467
INFO  [11:56:53.451] [bbotk]                                 uhash
INFO  [11:56:53.451] [bbotk]  5c0b4817-99e1-4115-b1dc-30cdde5bdb74
INFO  [11:56:53.452] [bbotk] Evaluating 1 configuration(s)
INFO  [11:56:53.475] [mlr3] Running benchmark with 5 resampling iterations
INFO  [11:56:53.480] [mlr3] Applying learner 'classif.cv_glmnet' on task 'candi_gene' (iter 1/5)
INFO  [11:56:53.660] [mlr3] Applying learner 'classif.cv_glmnet' on task 'candi_gene' (iter 2/5)
INFO  [11:56:53.846] [mlr3] Applying learner 'classif.cv_glmnet' on task 'candi_gene' (iter 3/5)
INFO  [11:56:54.022] [mlr3] Applying learner 'classif.cv_glmnet' on task 'candi_gene' (iter 4/5)
INFO  [11:56:54.203] [mlr3] Applying learner 'classif.cv_glmnet' on task 'candi_gene' (iter 5/5)
INFO  [11:56:54.381] [mlr3] Finished benchmark
INFO  [11:56:54.406] [bbotk] Result of batch 14:
INFO  [11:56:54.408] [bbotk]  alpha classif.auc warnings errors runtime_learners
INFO  [11:56:54.408] [bbotk]    0.8   0.5235385        0      0            0.859
INFO  [11:56:54.408] [bbotk]                                 uhash
INFO  [11:56:54.408] [bbotk]  c1c09501-eb55-4126-9b6a-7111dc8c1324
INFO  [11:56:54.409] [bbotk] Evaluating 1 configuration(s)
INFO  [11:56:54.432] [mlr3] Running benchmark with 5 resampling iterations
INFO  [11:56:54.437] [mlr3] Applying learner 'classif.cv_glmnet' on task 'candi_gene' (iter 1/5)
INFO  [11:56:54.636] [mlr3] Applying learner 'classif.cv_glmnet' on task 'candi_gene' (iter 2/5)
INFO  [11:56:54.820] [mlr3] Applying learner 'classif.cv_glmnet' on task 'candi_gene' (iter 3/5)
INFO  [11:56:55.011] [mlr3] Applying learner 'classif.cv_glmnet' on task 'candi_gene' (iter 4/5)
INFO  [11:56:55.207] [mlr3] Applying learner 'classif.cv_glmnet' on task 'candi_gene' (iter 5/5)
INFO  [11:56:55.397] [mlr3] Finished benchmark
INFO  [11:56:55.424] [bbotk] Result of batch 15:
INFO  [11:56:55.426] [bbotk]  alpha classif.auc warnings errors runtime_learners
INFO  [11:56:55.426] [bbotk]    0.4   0.4950094        0      0            0.917
INFO  [11:56:55.426] [bbotk]                                 uhash
INFO  [11:56:55.426] [bbotk]  68c7fb83-4d4a-4165-9dbc-c563f21cc658
INFO  [11:56:55.427] [bbotk] Evaluating 1 configuration(s)
INFO  [11:56:55.451] [mlr3] Running benchmark with 5 resampling iterations
INFO  [11:56:55.456] [mlr3] Applying learner 'classif.cv_glmnet' on task 'candi_gene' (iter 1/5)
INFO  [11:56:55.672] [mlr3] Applying learner 'classif.cv_glmnet' on task 'candi_gene' (iter 2/5)
INFO  [11:56:55.883] [mlr3] Applying learner 'classif.cv_glmnet' on task 'candi_gene' (iter 3/5)
INFO  [11:56:56.081] [mlr3] Applying learner 'classif.cv_glmnet' on task 'candi_gene' (iter 4/5)
INFO  [11:56:56.296] [mlr3] Applying learner 'classif.cv_glmnet' on task 'candi_gene' (iter 5/5)
INFO  [11:56:56.494] [mlr3] Finished benchmark
INFO  [11:56:56.519] [bbotk] Result of batch 16:
INFO  [11:56:56.521] [bbotk]  alpha classif.auc warnings errors runtime_learners
INFO  [11:56:56.521] [bbotk]   0.25   0.5006013        0      0            0.994
INFO  [11:56:56.521] [bbotk]                                 uhash
INFO  [11:56:56.521] [bbotk]  1b25f6de-3eb1-4435-a8db-a3f9cd831029
INFO  [11:56:56.522] [bbotk] Evaluating 1 configuration(s)
INFO  [11:56:56.545] [mlr3] Running benchmark with 5 resampling iterations
INFO  [11:56:56.550] [mlr3] Applying learner 'classif.cv_glmnet' on task 'candi_gene' (iter 1/5)
INFO  [11:56:56.739] [mlr3] Applying learner 'classif.cv_glmnet' on task 'candi_gene' (iter 2/5)
INFO  [11:56:56.916] [mlr3] Applying learner 'classif.cv_glmnet' on task 'candi_gene' (iter 3/5)
INFO  [11:56:57.098] [mlr3] Applying learner 'classif.cv_glmnet' on task 'candi_gene' (iter 4/5)
INFO  [11:56:57.284] [mlr3] Applying learner 'classif.cv_glmnet' on task 'candi_gene' (iter 5/5)
INFO  [11:56:57.461] [mlr3] Finished benchmark
INFO  [11:56:57.486] [bbotk] Result of batch 17:
INFO  [11:56:57.488] [bbotk]  alpha classif.auc warnings errors runtime_learners
INFO  [11:56:57.488] [bbotk]   0.65   0.5629115        0      0            0.867
INFO  [11:56:57.488] [bbotk]                                 uhash
INFO  [11:56:57.488] [bbotk]  e63952fa-e687-4231-a2ab-d55233f2c799
INFO  [11:56:57.490] [bbotk] Evaluating 1 configuration(s)
INFO  [11:56:57.513] [mlr3] Running benchmark with 5 resampling iterations
INFO  [11:56:57.518] [mlr3] Applying learner 'classif.cv_glmnet' on task 'candi_gene' (iter 1/5)
INFO  [11:56:57.709] [mlr3] Applying learner 'classif.cv_glmnet' on task 'candi_gene' (iter 2/5)
INFO  [11:56:57.890] [mlr3] Applying learner 'classif.cv_glmnet' on task 'candi_gene' (iter 3/5)
INFO  [11:56:58.069] [mlr3] Applying learner 'classif.cv_glmnet' on task 'candi_gene' (iter 4/5)
INFO  [11:56:58.257] [mlr3] Applying learner 'classif.cv_glmnet' on task 'candi_gene' (iter 5/5)
INFO  [11:56:58.437] [mlr3] Finished benchmark
INFO  [11:56:58.462] [bbotk] Result of batch 18:
INFO  [11:56:58.464] [bbotk]  alpha classif.auc warnings errors runtime_learners
INFO  [11:56:58.464] [bbotk]      1   0.5255458        0      0            0.878
INFO  [11:56:58.464] [bbotk]                                 uhash
INFO  [11:56:58.464] [bbotk]  18b202fd-bb5d-4da0-a0a2-87733d892237
INFO  [11:56:58.466] [bbotk] Evaluating 1 configuration(s)
INFO  [11:56:58.489] [mlr3] Running benchmark with 5 resampling iterations
INFO  [11:56:58.494] [mlr3] Applying learner 'classif.cv_glmnet' on task 'candi_gene' (iter 1/5)
INFO  [11:56:58.725] [mlr3] Applying learner 'classif.cv_glmnet' on task 'candi_gene' (iter 2/5)
INFO  [11:56:58.971] [mlr3] Applying learner 'classif.cv_glmnet' on task 'candi_gene' (iter 3/5)
INFO  [11:56:59.208] [mlr3] Applying learner 'classif.cv_glmnet' on task 'candi_gene' (iter 4/5)
INFO  [11:56:59.451] [mlr3] Applying learner 'classif.cv_glmnet' on task 'candi_gene' (iter 5/5)
INFO  [11:56:59.681] [mlr3] Finished benchmark
INFO  [11:56:59.705] [bbotk] Result of batch 19:
INFO  [11:56:59.707] [bbotk]  alpha classif.auc warnings errors runtime_learners
INFO  [11:56:59.707] [bbotk]    0.1   0.5640336        0      0            1.147
INFO  [11:56:59.707] [bbotk]                                 uhash
INFO  [11:56:59.707] [bbotk]  b6bc21f8-7a66-48e8-9ccb-c7fbeb3d752a
INFO  [11:56:59.709] [bbotk] Evaluating 1 configuration(s)
INFO  [11:56:59.732] [mlr3] Running benchmark with 5 resampling iterations
INFO  [11:56:59.736] [mlr3] Applying learner 'classif.cv_glmnet' on task 'candi_gene' (iter 1/5)
INFO  [11:56:59.936] [mlr3] Applying learner 'classif.cv_glmnet' on task 'candi_gene' (iter 2/5)
INFO  [11:57:00.119] [mlr3] Applying learner 'classif.cv_glmnet' on task 'candi_gene' (iter 3/5)
INFO  [11:57:00.292] [mlr3] Applying learner 'classif.cv_glmnet' on task 'candi_gene' (iter 4/5)
INFO  [11:57:00.484] [mlr3] Applying learner 'classif.cv_glmnet' on task 'candi_gene' (iter 5/5)
INFO  [11:57:00.666] [mlr3] Finished benchmark
INFO  [11:57:00.692] [bbotk] Result of batch 20:
INFO  [11:57:00.694] [bbotk]  alpha classif.auc warnings errors runtime_learners
INFO  [11:57:00.694] [bbotk]    0.9   0.5000278        0      0            0.888
INFO  [11:57:00.694] [bbotk]                                 uhash
INFO  [11:57:00.694] [bbotk]  4e94a16b-9394-4c82-a1d8-36ba3a90db69
INFO  [11:57:00.695] [bbotk] Evaluating 1 configuration(s)
INFO  [11:57:00.718] [mlr3] Running benchmark with 5 resampling iterations
INFO  [11:57:00.723] [mlr3] Applying learner 'classif.cv_glmnet' on task 'candi_gene' (iter 1/5)
INFO  [11:57:00.909] [mlr3] Applying learner 'classif.cv_glmnet' on task 'candi_gene' (iter 2/5)
INFO  [11:57:01.097] [mlr3] Applying learner 'classif.cv_glmnet' on task 'candi_gene' (iter 3/5)
INFO  [11:57:01.283] [mlr3] Applying learner 'classif.cv_glmnet' on task 'candi_gene' (iter 4/5)
INFO  [11:57:01.472] [mlr3] Applying learner 'classif.cv_glmnet' on task 'candi_gene' (iter 5/5)
INFO  [11:57:01.646] [mlr3] Finished benchmark
INFO  [11:57:01.671] [bbotk] Result of batch 21:
INFO  [11:57:01.673] [bbotk]  alpha classif.auc warnings errors runtime_learners
INFO  [11:57:01.673] [bbotk]   0.55   0.4941725        0      0            0.881
INFO  [11:57:01.673] [bbotk]                                 uhash
INFO  [11:57:01.673] [bbotk]  302ceafa-69a4-42b6-9d5f-8262af623950
INFO  [11:57:01.678] [bbotk] Finished optimizing after 21 evaluation(s)
INFO  [11:57:01.678] [bbotk] Result:
INFO  [11:57:01.681] [bbotk]   alpha learner_param_vals x_domain classif.auc
INFO  [11:57:01.681] [bbotk]  <char>             <list>   <list>       <num>
INFO  [11:57:01.681] [bbotk]    0.05       c(7.8947....     0.05   0.6203711
