Conda environment: *
R version 4.3.1 (2023-06-16)
Platform: x86_64-conda-linux-gnu (64-bit)
Running under: Red Hat Enterprise Linux 8.3 (Ootpa)

Matrix products: default
BLAS/LAPACK: /ess/home/home1/beiw/miniconda3/envs/5hmc_os_env/lib/libopenblasp-r0.3.27.so;  LAPACK version 3.12.0

locale:
[1] C

time zone: America/Chicago
tzcode source: system (glibc)

attached base packages:
[1] stats4    stats     graphics  grDevices utils     datasets  methods  
[8] base     

other attached packages:
 [1] conflicted_1.2.0            DESeq2_1.40.2              
 [3] SummarizedExperiment_1.30.2 Biobase_2.60.0             
 [5] MatrixGenerics_1.12.2       matrixStats_1.2.0          
 [7] GenomicRanges_1.52.0        GenomeInfoDb_1.36.1        
 [9] IRanges_2.34.1              S4Vectors_0.38.1           
[11] BiocGenerics_0.46.0         glmnet_4.1-8               
[13] Matrix_1.6-5                mlr3learners_0.5.8         
[15] mlr3tuning_0.19.0           paradox_0.11.1             
[17] mlr3_0.19.0                 lubridate_1.9.3            
[19] forcats_1.0.0               stringr_1.5.1              
[21] purrr_1.0.2                 readr_2.1.5                
[23] tidyr_1.3.1                 tibble_3.2.1               
[25] ggplot2_3.4.4               tidyverse_2.0.0            
[27] dplyr_1.1.4                

loaded via a namespace (and not attached):
 [1] gtable_0.3.4            shape_1.4.6             lattice_0.21-9         
 [4] tzdb_0.4.0              bitops_1.0-7            vctrs_0.6.4            
 [7] tools_4.3.1             generics_0.1.3          parallel_4.3.1         
[10] fansi_1.0.5             pkgconfig_2.0.3         data.table_1.15.2      
[13] checkmate_2.3.1         uuid_1.1-1              GenomeInfoDbData_1.2.11
[16] lifecycle_1.0.3         compiler_4.3.1          munsell_0.5.0          
[19] RhpcBLASctl_0.23-42     codetools_0.2-20        bbotk_0.7.2            
[22] RCurl_1.98-1.12         pillar_1.9.0            crayon_1.5.2           
[25] BiocParallel_1.34.2     cachem_1.0.8            DelayedArray_0.26.6    
[28] iterators_1.0.14        foreach_1.5.2           parallelly_1.37.1      
[31] locfit_1.5-9.8          tidyselect_1.2.0        digest_0.6.35          
[34] stringi_1.7.12          future_1.33.2           listenv_0.9.1          
[37] splines_4.3.1           fastmap_1.1.1           grid_4.3.1             
[40] colorspace_2.1-0        cli_3.6.1               magrittr_2.0.3         
[43] S4Arrays_1.0.4          survival_3.5-7          utf8_1.2.4             
[46] withr_2.5.1             scales_1.2.1            backports_1.4.1        
[49] timechange_0.2.0        XVector_0.40.0          globals_0.16.3         
[52] hms_1.1.3               memoise_2.0.1           mlr3misc_0.15.0        
[55] rlang_1.1.1             Rcpp_1.0.11             glue_1.6.2             
[58] palmerpenguins_0.1.1    lgr_0.4.4               R6_2.5.1               
[61] zlibbioc_1.46.0        
INFO  [11:56:37.411] [bbotk] Starting to optimize 1 parameter(s) with '<TunerGridSearch>' and '<TerminatorNone>'
INFO  [11:56:37.436] [bbotk] Evaluating 1 configuration(s)
INFO  [11:56:37.468] [mlr3] Running benchmark with 5 resampling iterations
INFO  [11:56:37.502] [mlr3] Applying learner 'classif.cv_glmnet' on task 'candi_gene' (iter 1/5)
INFO  [11:56:38.233] [mlr3] Applying learner 'classif.cv_glmnet' on task 'candi_gene' (iter 2/5)
INFO  [11:56:38.488] [mlr3] Applying learner 'classif.cv_glmnet' on task 'candi_gene' (iter 3/5)
INFO  [11:56:38.737] [mlr3] Applying learner 'classif.cv_glmnet' on task 'candi_gene' (iter 4/5)
INFO  [11:56:38.994] [mlr3] Applying learner 'classif.cv_glmnet' on task 'candi_gene' (iter 5/5)
INFO  [11:56:39.247] [mlr3] Finished benchmark
INFO  [11:56:39.275] [bbotk] Result of batch 1:
INFO  [11:56:39.278] [bbotk]  alpha classif.auc warnings errors runtime_learners
INFO  [11:56:39.278] [bbotk]    0.1   0.6329647        0      0            1.691
INFO  [11:56:39.278] [bbotk]                                 uhash
INFO  [11:56:39.278] [bbotk]  7a2b00fe-38c3-4f4e-88b5-096d3263daf4
INFO  [11:56:39.280] [bbotk] Evaluating 1 configuration(s)
INFO  [11:56:39.303] [mlr3] Running benchmark with 5 resampling iterations
INFO  [11:56:39.308] [mlr3] Applying learner 'classif.cv_glmnet' on task 'candi_gene' (iter 1/5)
INFO  [11:56:39.507] [mlr3] Applying learner 'classif.cv_glmnet' on task 'candi_gene' (iter 2/5)
INFO  [11:56:39.713] [mlr3] Applying learner 'classif.cv_glmnet' on task 'candi_gene' (iter 3/5)
INFO  [11:56:39.927] [mlr3] Applying learner 'classif.cv_glmnet' on task 'candi_gene' (iter 4/5)
INFO  [11:56:40.143] [mlr3] Applying learner 'classif.cv_glmnet' on task 'candi_gene' (iter 5/5)
INFO  [11:56:40.349] [mlr3] Finished benchmark
INFO  [11:56:40.374] [bbotk] Result of batch 2:
INFO  [11:56:40.376] [bbotk]  alpha classif.auc warnings errors runtime_learners
INFO  [11:56:40.376] [bbotk]    0.3   0.5669712        0      0                1
INFO  [11:56:40.376] [bbotk]                                 uhash
INFO  [11:56:40.376] [bbotk]  4c5c6e58-44c1-4284-a22a-0e23bd7000d5
INFO  [11:56:40.377] [bbotk] Evaluating 1 configuration(s)
INFO  [11:56:40.401] [mlr3] Running benchmark with 5 resampling iterations
INFO  [11:56:40.405] [mlr3] Applying learner 'classif.cv_glmnet' on task 'candi_gene' (iter 1/5)
INFO  [11:56:40.595] [mlr3] Applying learner 'classif.cv_glmnet' on task 'candi_gene' (iter 2/5)
INFO  [11:56:40.786] [mlr3] Applying learner 'classif.cv_glmnet' on task 'candi_gene' (iter 3/5)
INFO  [11:56:41.349] [mlr3] Applying learner 'classif.cv_glmnet' on task 'candi_gene' (iter 4/5)
INFO  [11:56:41.532] [mlr3] Applying learner 'classif.cv_glmnet' on task 'candi_gene' (iter 5/5)
INFO  [11:56:41.724] [mlr3] Finished benchmark
INFO  [11:56:41.749] [bbotk] Result of batch 3:
INFO  [11:56:41.751] [bbotk]  alpha classif.auc warnings errors runtime_learners
INFO  [11:56:41.751] [bbotk]    0.6   0.5642147        0      0            1.275
INFO  [11:56:41.751] [bbotk]                                 uhash
INFO  [11:56:41.751] [bbotk]  6f6ed47d-0147-4dae-94be-e24fa63bb618
INFO  [11:56:41.752] [bbotk] Evaluating 1 configuration(s)
INFO  [11:56:41.775] [mlr3] Running benchmark with 5 resampling iterations
INFO  [11:56:41.780] [mlr3] Applying learner 'classif.cv_glmnet' on task 'candi_gene' (iter 1/5)
INFO  [11:56:41.971] [mlr3] Applying learner 'classif.cv_glmnet' on task 'candi_gene' (iter 2/5)
INFO  [11:56:42.168] [mlr3] Applying learner 'classif.cv_glmnet' on task 'candi_gene' (iter 3/5)
INFO  [11:56:42.367] [mlr3] Applying learner 'classif.cv_glmnet' on task 'candi_gene' (iter 4/5)
INFO  [11:56:42.567] [mlr3] Applying learner 'classif.cv_glmnet' on task 'candi_gene' (iter 5/5)
INFO  [11:56:42.768] [mlr3] Finished benchmark
INFO  [11:56:42.793] [bbotk] Result of batch 4:
INFO  [11:56:42.795] [bbotk]  alpha classif.auc warnings errors runtime_learners
INFO  [11:56:42.795] [bbotk]    0.4   0.5657692        0      0            0.946
INFO  [11:56:42.795] [bbotk]                                 uhash
INFO  [11:56:42.795] [bbotk]  18feee2e-460b-451e-a7b5-00c014c77767
INFO  [11:56:42.797] [bbotk] Evaluating 1 configuration(s)
INFO  [11:56:42.820] [mlr3] Running benchmark with 5 resampling iterations
INFO  [11:56:42.825] [mlr3] Applying learner 'classif.cv_glmnet' on task 'candi_gene' (iter 1/5)
INFO  [11:56:43.046] [mlr3] Applying learner 'classif.cv_glmnet' on task 'candi_gene' (iter 2/5)
INFO  [11:56:43.277] [mlr3] Applying learner 'classif.cv_glmnet' on task 'candi_gene' (iter 3/5)
INFO  [11:56:43.507] [mlr3] Applying learner 'classif.cv_glmnet' on task 'candi_gene' (iter 4/5)
INFO  [11:56:43.733] [mlr3] Applying learner 'classif.cv_glmnet' on task 'candi_gene' (iter 5/5)
INFO  [11:56:43.970] [mlr3] Finished benchmark
INFO  [11:56:43.995] [bbotk] Result of batch 5:
INFO  [11:56:43.997] [bbotk]  alpha classif.auc warnings errors runtime_learners
INFO  [11:56:43.997] [bbotk]   0.15   0.6320833        0      0            1.099
INFO  [11:56:43.997] [bbotk]                                 uhash
INFO  [11:56:43.997] [bbotk]  2422a423-7af5-47fc-8102-07705662a92e
INFO  [11:56:43.998] [bbotk] Evaluating 1 configuration(s)
INFO  [11:56:44.021] [mlr3] Running benchmark with 5 resampling iterations
INFO  [11:56:44.026] [mlr3] Applying learner 'classif.cv_glmnet' on task 'candi_gene' (iter 1/5)
INFO  [11:56:44.207] [mlr3] Applying learner 'classif.cv_glmnet' on task 'candi_gene' (iter 2/5)
INFO  [11:56:44.393] [mlr3] Applying learner 'classif.cv_glmnet' on task 'candi_gene' (iter 3/5)
INFO  [11:56:44.587] [mlr3] Applying learner 'classif.cv_glmnet' on task 'candi_gene' (iter 4/5)
INFO  [11:56:44.774] [mlr3] Applying learner 'classif.cv_glmnet' on task 'candi_gene' (iter 5/5)
INFO  [11:56:44.952] [mlr3] Finished benchmark
INFO  [11:56:44.977] [bbotk] Result of batch 6:
INFO  [11:56:44.979] [bbotk]  alpha classif.auc warnings errors runtime_learners
INFO  [11:56:44.979] [bbotk]   0.65   0.5479487        0      0            0.887
INFO  [11:56:44.979] [bbotk]                                 uhash
INFO  [11:56:44.979] [bbotk]  4594ecf8-6e4f-41c5-b4be-06b2ac6f8eba
INFO  [11:56:44.980] [bbotk] Evaluating 1 configuration(s)
INFO  [11:56:45.003] [mlr3] Running benchmark with 5 resampling iterations
INFO  [11:56:45.008] [mlr3] Applying learner 'classif.cv_glmnet' on task 'candi_gene' (iter 1/5)
INFO  [11:56:45.187] [mlr3] Applying learner 'classif.cv_glmnet' on task 'candi_gene' (iter 2/5)
INFO  [11:56:45.380] [mlr3] Applying learner 'classif.cv_glmnet' on task 'candi_gene' (iter 3/5)
INFO  [11:56:45.568] [mlr3] Applying learner 'classif.cv_glmnet' on task 'candi_gene' (iter 4/5)
INFO  [11:56:45.749] [mlr3] Applying learner 'classif.cv_glmnet' on task 'candi_gene' (iter 5/5)
INFO  [11:56:45.934] [mlr3] Finished benchmark
INFO  [11:56:45.959] [bbotk] Result of batch 7:
INFO  [11:56:45.961] [bbotk]  alpha classif.auc warnings errors runtime_learners
INFO  [11:56:45.961] [bbotk]   0.85   0.5253846        0      0            0.882
INFO  [11:56:45.961] [bbotk]                                 uhash
INFO  [11:56:45.961] [bbotk]  3d04cb8a-7c9a-4f51-9d79-4ceb4adff146
INFO  [11:56:45.963] [bbotk] Evaluating 1 configuration(s)
INFO  [11:56:45.986] [mlr3] Running benchmark with 5 resampling iterations
INFO  [11:56:45.991] [mlr3] Applying learner 'classif.cv_glmnet' on task 'candi_gene' (iter 1/5)
INFO  [11:56:46.166] [mlr3] Applying learner 'classif.cv_glmnet' on task 'candi_gene' (iter 2/5)
INFO  [11:56:46.360] [mlr3] Applying learner 'classif.cv_glmnet' on task 'candi_gene' (iter 3/5)
INFO  [11:56:46.555] [mlr3] Applying learner 'classif.cv_glmnet' on task 'candi_gene' (iter 4/5)
INFO  [11:56:46.738] [mlr3] Applying learner 'classif.cv_glmnet' on task 'candi_gene' (iter 5/5)
INFO  [11:56:46.914] [mlr3] Finished benchmark
INFO  [11:56:46.939] [bbotk] Result of batch 8:
INFO  [11:56:46.941] [bbotk]  alpha classif.auc warnings errors runtime_learners
INFO  [11:56:46.941] [bbotk]   0.75   0.5389744        0      0            0.879
INFO  [11:56:46.941] [bbotk]                                 uhash
INFO  [11:56:46.941] [bbotk]  f1bba352-e2af-44ba-b20d-faa94fcec8a5
INFO  [11:56:46.942] [bbotk] Evaluating 1 configuration(s)
INFO  [11:56:46.972] [mlr3] Running benchmark with 5 resampling iterations
INFO  [11:56:46.976] [mlr3] Applying learner 'classif.cv_glmnet' on task 'candi_gene' (iter 1/5)
INFO  [11:56:47.396] [mlr3] Applying learner 'classif.cv_glmnet' on task 'candi_gene' (iter 2/5)
INFO  [11:56:47.845] [mlr3] Applying learner 'classif.cv_glmnet' on task 'candi_gene' (iter 3/5)
INFO  [11:56:48.213] [mlr3] Applying learner 'classif.cv_glmnet' on task 'candi_gene' (iter 4/5)
INFO  [11:56:48.640] [mlr3] Applying learner 'classif.cv_glmnet' on task 'candi_gene' (iter 5/5)
INFO  [11:56:49.042] [mlr3] Finished benchmark
INFO  [11:56:49.067] [bbotk] Result of batch 9:
INFO  [11:56:49.069] [bbotk]  alpha classif.auc warnings errors runtime_learners
INFO  [11:56:49.069] [bbotk]      0   0.5353576        0      0            2.022
INFO  [11:56:49.069] [bbotk]                                 uhash
INFO  [11:56:49.069] [bbotk]  9ed8eb5b-b9a8-4bb1-9ac1-0392399213ce
INFO  [11:56:49.071] [bbotk] Evaluating 1 configuration(s)
INFO  [11:56:49.094] [mlr3] Running benchmark with 5 resampling iterations
INFO  [11:56:49.098] [mlr3] Applying learner 'classif.cv_glmnet' on task 'candi_gene' (iter 1/5)
INFO  [11:56:49.279] [mlr3] Applying learner 'classif.cv_glmnet' on task 'candi_gene' (iter 2/5)
INFO  [11:56:49.474] [mlr3] Applying learner 'classif.cv_glmnet' on task 'candi_gene' (iter 3/5)
INFO  [11:56:50.036] [mlr3] Applying learner 'classif.cv_glmnet' on task 'candi_gene' (iter 4/5)
INFO  [11:56:50.226] [mlr3] Applying learner 'classif.cv_glmnet' on task 'candi_gene' (iter 5/5)
INFO  [11:56:50.411] [mlr3] Finished benchmark
INFO  [11:56:50.435] [bbotk] Result of batch 10:
INFO  [11:56:50.437] [bbotk]  alpha classif.auc warnings errors runtime_learners
INFO  [11:56:50.437] [bbotk]    0.5   0.5628526        0      0            1.269
INFO  [11:56:50.437] [bbotk]                                 uhash
INFO  [11:56:50.437] [bbotk]  1421a16a-87a0-4ed4-93bf-e01474e3eb77
INFO  [11:56:50.439] [bbotk] Evaluating 1 configuration(s)
INFO  [11:56:50.462] [mlr3] Running benchmark with 5 resampling iterations
INFO  [11:56:50.466] [mlr3] Applying learner 'classif.cv_glmnet' on task 'candi_gene' (iter 1/5)
INFO  [11:56:50.642] [mlr3] Applying learner 'classif.cv_glmnet' on task 'candi_gene' (iter 2/5)
INFO  [11:56:50.830] [mlr3] Applying learner 'classif.cv_glmnet' on task 'candi_gene' (iter 3/5)
INFO  [11:56:51.021] [mlr3] Applying learner 'classif.cv_glmnet' on task 'candi_gene' (iter 4/5)
INFO  [11:56:51.202] [mlr3] Applying learner 'classif.cv_glmnet' on task 'candi_gene' (iter 5/5)
INFO  [11:56:51.384] [mlr3] Finished benchmark
INFO  [11:56:51.409] [bbotk] Result of batch 11:
INFO  [11:56:51.411] [bbotk]  alpha classif.auc warnings errors runtime_learners
INFO  [11:56:51.411] [bbotk]   0.95   0.5261538        0      0            0.878
INFO  [11:56:51.411] [bbotk]                                 uhash
INFO  [11:56:51.411] [bbotk]  5780af26-9aed-45ab-a6fc-812bd896446c
INFO  [11:56:51.412] [bbotk] Evaluating 1 configuration(s)
INFO  [11:56:51.435] [mlr3] Running benchmark with 5 resampling iterations
INFO  [11:56:51.440] [mlr3] Applying learner 'classif.cv_glmnet' on task 'candi_gene' (iter 1/5)
INFO  [11:56:51.637] [mlr3] Applying learner 'classif.cv_glmnet' on task 'candi_gene' (iter 2/5)
INFO  [11:56:51.851] [mlr3] Applying learner 'classif.cv_glmnet' on task 'candi_gene' (iter 3/5)
INFO  [11:56:52.063] [mlr3] Applying learner 'classif.cv_glmnet' on task 'candi_gene' (iter 4/5)
INFO  [11:56:52.271] [mlr3] Applying learner 'classif.cv_glmnet' on task 'candi_gene' (iter 5/5)
INFO  [11:56:52.483] [mlr3] Finished benchmark
INFO  [11:56:52.508] [bbotk] Result of batch 12:
INFO  [11:56:52.510] [bbotk]  alpha classif.auc warnings errors runtime_learners
INFO  [11:56:52.510] [bbotk]   0.25   0.6140224        0      0            1.001
INFO  [11:56:52.510] [bbotk]                                 uhash
INFO  [11:56:52.510] [bbotk]  579ada84-3b01-4b2d-bf54-3e5165804e7b
INFO  [11:56:52.511] [bbotk] Evaluating 1 configuration(s)
INFO  [11:56:52.535] [mlr3] Running benchmark with 5 resampling iterations
INFO  [11:56:52.539] [mlr3] Applying learner 'classif.cv_glmnet' on task 'candi_gene' (iter 1/5)
INFO  [11:56:52.712] [mlr3] Applying learner 'classif.cv_glmnet' on task 'candi_gene' (iter 2/5)
INFO  [11:56:52.904] [mlr3] Applying learner 'classif.cv_glmnet' on task 'candi_gene' (iter 3/5)
INFO  [11:56:53.097] [mlr3] Applying learner 'classif.cv_glmnet' on task 'candi_gene' (iter 4/5)
INFO  [11:56:53.280] [mlr3] Applying learner 'classif.cv_glmnet' on task 'candi_gene' (iter 5/5)
INFO  [11:56:53.455] [mlr3] Finished benchmark
INFO  [11:56:53.480] [bbotk] Result of batch 13:
INFO  [11:56:53.482] [bbotk]  alpha classif.auc warnings errors runtime_learners
INFO  [11:56:53.482] [bbotk]    0.8   0.5210256        0      0            0.868
INFO  [11:56:53.482] [bbotk]                                 uhash
INFO  [11:56:53.482] [bbotk]  1610cdd5-7384-4b92-b41d-e4de815d64ac
INFO  [11:56:53.484] [bbotk] Evaluating 1 configuration(s)
INFO  [11:56:53.507] [mlr3] Running benchmark with 5 resampling iterations
INFO  [11:56:53.511] [mlr3] Applying learner 'classif.cv_glmnet' on task 'candi_gene' (iter 1/5)
INFO  [11:56:53.689] [mlr3] Applying learner 'classif.cv_glmnet' on task 'candi_gene' (iter 2/5)
INFO  [11:56:53.878] [mlr3] Applying learner 'classif.cv_glmnet' on task 'candi_gene' (iter 3/5)
INFO  [11:56:54.074] [mlr3] Applying learner 'classif.cv_glmnet' on task 'candi_gene' (iter 4/5)
INFO  [11:56:54.248] [mlr3] Applying learner 'classif.cv_glmnet' on task 'candi_gene' (iter 5/5)
INFO  [11:56:54.426] [mlr3] Finished benchmark
INFO  [11:56:54.450] [bbotk] Result of batch 14:
INFO  [11:56:54.452] [bbotk]  alpha classif.auc warnings errors runtime_learners
INFO  [11:56:54.452] [bbotk]    0.9   0.5379487        0      0            0.865
INFO  [11:56:54.452] [bbotk]                                 uhash
INFO  [11:56:54.452] [bbotk]  1e67cced-010b-4b8f-9801-7a4caa40aeb8
INFO  [11:56:54.454] [bbotk] Evaluating 1 configuration(s)
INFO  [11:56:54.476] [mlr3] Running benchmark with 5 resampling iterations
INFO  [11:56:54.481] [mlr3] Applying learner 'classif.cv_glmnet' on task 'candi_gene' (iter 1/5)
INFO  [11:56:54.667] [mlr3] Applying learner 'classif.cv_glmnet' on task 'candi_gene' (iter 2/5)
INFO  [11:56:54.861] [mlr3] Applying learner 'classif.cv_glmnet' on task 'candi_gene' (iter 3/5)
INFO  [11:56:55.057] [mlr3] Applying learner 'classif.cv_glmnet' on task 'candi_gene' (iter 4/5)
INFO  [11:56:55.245] [mlr3] Applying learner 'classif.cv_glmnet' on task 'candi_gene' (iter 5/5)
INFO  [11:56:55.448] [mlr3] Finished benchmark
INFO  [11:56:55.475] [bbotk] Result of batch 15:
INFO  [11:56:55.477] [bbotk]  alpha classif.auc warnings errors runtime_learners
INFO  [11:56:55.477] [bbotk]   0.55   0.6016026        0      0            0.922
INFO  [11:56:55.477] [bbotk]                                 uhash
INFO  [11:56:55.477] [bbotk]  4e1af75a-5347-4e6c-84e7-4dd263280fc9
INFO  [11:56:55.479] [bbotk] Evaluating 1 configuration(s)
INFO  [11:56:55.503] [mlr3] Running benchmark with 5 resampling iterations
INFO  [11:56:55.507] [mlr3] Applying learner 'classif.cv_glmnet' on task 'candi_gene' (iter 1/5)
INFO  [11:56:55.693] [mlr3] Applying learner 'classif.cv_glmnet' on task 'candi_gene' (iter 2/5)
INFO  [11:56:55.900] [mlr3] Applying learner 'classif.cv_glmnet' on task 'candi_gene' (iter 3/5)
INFO  [11:56:56.104] [mlr3] Applying learner 'classif.cv_glmnet' on task 'candi_gene' (iter 4/5)
INFO  [11:56:56.309] [mlr3] Applying learner 'classif.cv_glmnet' on task 'candi_gene' (iter 5/5)
INFO  [11:56:56.505] [mlr3] Finished benchmark
INFO  [11:56:56.530] [bbotk] Result of batch 16:
INFO  [11:56:56.532] [bbotk]  alpha classif.auc warnings errors runtime_learners
INFO  [11:56:56.532] [bbotk]   0.35   0.5651282        0      0            0.954
INFO  [11:56:56.532] [bbotk]                                 uhash
INFO  [11:56:56.532] [bbotk]  f2c10ad6-3b04-48c0-935b-6882e18cf0be
INFO  [11:56:56.533] [bbotk] Evaluating 1 configuration(s)
INFO  [11:56:56.556] [mlr3] Running benchmark with 5 resampling iterations
INFO  [11:56:56.561] [mlr3] Applying learner 'classif.cv_glmnet' on task 'candi_gene' (iter 1/5)
INFO  [11:56:56.823] [mlr3] Applying learner 'classif.cv_glmnet' on task 'candi_gene' (iter 2/5)
INFO  [11:56:57.099] [mlr3] Applying learner 'classif.cv_glmnet' on task 'candi_gene' (iter 3/5)
INFO  [11:56:57.368] [mlr3] Applying learner 'classif.cv_glmnet' on task 'candi_gene' (iter 4/5)
INFO  [11:56:57.639] [mlr3] Applying learner 'classif.cv_glmnet' on task 'candi_gene' (iter 5/5)
INFO  [11:56:57.912] [mlr3] Finished benchmark
INFO  [11:56:57.937] [bbotk] Result of batch 17:
INFO  [11:56:57.939] [bbotk]  alpha classif.auc warnings errors runtime_learners
INFO  [11:56:57.939] [bbotk]   0.05   0.6967139        0      0            1.309
INFO  [11:56:57.939] [bbotk]                                 uhash
INFO  [11:56:57.939] [bbotk]  7cd35cf4-ca60-4160-a6b7-151b387eeb78
INFO  [11:56:57.940] [bbotk] Evaluating 1 configuration(s)
INFO  [11:56:57.964] [mlr3] Running benchmark with 5 resampling iterations
INFO  [11:56:57.969] [mlr3] Applying learner 'classif.cv_glmnet' on task 'candi_gene' (iter 1/5)
INFO  [11:56:58.158] [mlr3] Applying learner 'classif.cv_glmnet' on task 'candi_gene' (iter 2/5)
INFO  [11:56:58.355] [mlr3] Applying learner 'classif.cv_glmnet' on task 'candi_gene' (iter 3/5)
INFO  [11:56:58.555] [mlr3] Applying learner 'classif.cv_glmnet' on task 'candi_gene' (iter 4/5)
INFO  [11:56:58.758] [mlr3] Applying learner 'classif.cv_glmnet' on task 'candi_gene' (iter 5/5)
INFO  [11:56:58.955] [mlr3] Finished benchmark
INFO  [11:56:58.981] [bbotk] Result of batch 18:
INFO  [11:56:58.983] [bbotk]  alpha classif.auc warnings errors runtime_learners
INFO  [11:56:58.983] [bbotk]   0.45    0.545641        0      0            0.942
INFO  [11:56:58.983] [bbotk]                                 uhash
INFO  [11:56:58.983] [bbotk]  383f44af-ec20-4b30-816e-1ddc302b78c1
INFO  [11:56:58.984] [bbotk] Evaluating 1 configuration(s)
INFO  [11:56:59.007] [mlr3] Running benchmark with 5 resampling iterations
INFO  [11:56:59.012] [mlr3] Applying learner 'classif.cv_glmnet' on task 'candi_gene' (iter 1/5)
INFO  [11:56:59.231] [mlr3] Applying learner 'classif.cv_glmnet' on task 'candi_gene' (iter 2/5)
INFO  [11:56:59.456] [mlr3] Applying learner 'classif.cv_glmnet' on task 'candi_gene' (iter 3/5)
INFO  [11:56:59.680] [mlr3] Applying learner 'classif.cv_glmnet' on task 'candi_gene' (iter 4/5)
INFO  [11:56:59.903] [mlr3] Applying learner 'classif.cv_glmnet' on task 'candi_gene' (iter 5/5)
INFO  [11:57:00.128] [mlr3] Finished benchmark
INFO  [11:57:00.154] [bbotk] Result of batch 19:
INFO  [11:57:00.156] [bbotk]  alpha classif.auc warnings errors runtime_learners
INFO  [11:57:00.156] [bbotk]    0.2   0.6444712        0      0            1.071
INFO  [11:57:00.156] [bbotk]                                 uhash
INFO  [11:57:00.156] [bbotk]  5b155c89-63af-45b0-85c2-e0d531a26fd7
INFO  [11:57:00.158] [bbotk] Evaluating 1 configuration(s)
INFO  [11:57:00.181] [mlr3] Running benchmark with 5 resampling iterations
INFO  [11:57:00.186] [mlr3] Applying learner 'classif.cv_glmnet' on task 'candi_gene' (iter 1/5)
INFO  [11:57:00.374] [mlr3] Applying learner 'classif.cv_glmnet' on task 'candi_gene' (iter 2/5)
INFO  [11:57:00.563] [mlr3] Applying learner 'classif.cv_glmnet' on task 'candi_gene' (iter 3/5)
INFO  [11:57:00.763] [mlr3] Applying learner 'classif.cv_glmnet' on task 'candi_gene' (iter 4/5)
INFO  [11:57:00.939] [mlr3] Applying learner 'classif.cv_glmnet' on task 'candi_gene' (iter 5/5)
INFO  [11:57:01.122] [mlr3] Finished benchmark
INFO  [11:57:01.147] [bbotk] Result of batch 20:
INFO  [11:57:01.149] [bbotk]  alpha classif.auc warnings errors runtime_learners
INFO  [11:57:01.149] [bbotk]      1   0.5494872        0      0             0.89
INFO  [11:57:01.149] [bbotk]                                 uhash
INFO  [11:57:01.149] [bbotk]  dbc7f5f4-cf3e-475d-9518-1444507d78bf
INFO  [11:57:01.150] [bbotk] Evaluating 1 configuration(s)
INFO  [11:57:01.174] [mlr3] Running benchmark with 5 resampling iterations
INFO  [11:57:01.179] [mlr3] Applying learner 'classif.cv_glmnet' on task 'candi_gene' (iter 1/5)
INFO  [11:57:01.362] [mlr3] Applying learner 'classif.cv_glmnet' on task 'candi_gene' (iter 2/5)
INFO  [11:57:01.547] [mlr3] Applying learner 'classif.cv_glmnet' on task 'candi_gene' (iter 3/5)
INFO  [11:57:01.739] [mlr3] Applying learner 'classif.cv_glmnet' on task 'candi_gene' (iter 4/5)
INFO  [11:57:01.926] [mlr3] Applying learner 'classif.cv_glmnet' on task 'candi_gene' (iter 5/5)
INFO  [11:57:02.115] [mlr3] Finished benchmark
INFO  [11:57:02.141] [bbotk] Result of batch 21:
INFO  [11:57:02.143] [bbotk]  alpha classif.auc warnings errors runtime_learners
INFO  [11:57:02.143] [bbotk]    0.7   0.5846314        0      0            0.891
INFO  [11:57:02.143] [bbotk]                                 uhash
INFO  [11:57:02.143] [bbotk]  509b7d0f-884a-46fe-b2ce-3c49d7cce67f
INFO  [11:57:02.148] [bbotk] Finished optimizing after 21 evaluation(s)
INFO  [11:57:02.149] [bbotk] Result:
INFO  [11:57:02.151] [bbotk]   alpha learner_param_vals x_domain classif.auc
INFO  [11:57:02.151] [bbotk]  <char>             <list>   <list>       <num>
INFO  [11:57:02.151] [bbotk]    0.05       c(7.8947....     0.05   0.6967139
