Conda environment: *
R version 4.3.1 (2023-06-16)
Platform: x86_64-conda-linux-gnu (64-bit)
Running under: Red Hat Enterprise Linux 8.3 (Ootpa)

Matrix products: default
BLAS/LAPACK: /ess/home/home1/beiw/miniconda3/envs/5hmc_os_env/lib/libopenblasp-r0.3.27.so;  LAPACK version 3.12.0

locale:
[1] C

time zone: America/Chicago
tzcode source: system (glibc)

attached base packages:
[1] stats4    stats     graphics  grDevices utils     datasets  methods  
[8] base     

other attached packages:
 [1] conflicted_1.2.0            DESeq2_1.40.2              
 [3] SummarizedExperiment_1.30.2 Biobase_2.60.0             
 [5] MatrixGenerics_1.12.2       matrixStats_1.2.0          
 [7] GenomicRanges_1.52.0        GenomeInfoDb_1.36.1        
 [9] IRanges_2.34.1              S4Vectors_0.38.1           
[11] BiocGenerics_0.46.0         glmnet_4.1-8               
[13] Matrix_1.6-5                mlr3learners_0.5.8         
[15] mlr3tuning_0.19.0           paradox_0.11.1             
[17] mlr3_0.19.0                 lubridate_1.9.3            
[19] forcats_1.0.0               stringr_1.5.1              
[21] purrr_1.0.2                 readr_2.1.5                
[23] tidyr_1.3.1                 tibble_3.2.1               
[25] ggplot2_3.4.4               tidyverse_2.0.0            
[27] dplyr_1.1.4                

loaded via a namespace (and not attached):
 [1] gtable_0.3.4            shape_1.4.6             lattice_0.21-9         
 [4] tzdb_0.4.0              bitops_1.0-7            vctrs_0.6.4            
 [7] tools_4.3.1             generics_0.1.3          parallel_4.3.1         
[10] fansi_1.0.5             pkgconfig_2.0.3         data.table_1.15.2      
[13] checkmate_2.3.1         uuid_1.1-1              GenomeInfoDbData_1.2.11
[16] lifecycle_1.0.3         compiler_4.3.1          munsell_0.5.0          
[19] RhpcBLASctl_0.23-42     codetools_0.2-20        bbotk_0.7.2            
[22] RCurl_1.98-1.12         pillar_1.9.0            crayon_1.5.2           
[25] BiocParallel_1.34.2     cachem_1.0.8            DelayedArray_0.26.6    
[28] iterators_1.0.14        foreach_1.5.2           parallelly_1.37.1      
[31] locfit_1.5-9.8          tidyselect_1.2.0        digest_0.6.35          
[34] stringi_1.7.12          future_1.33.2           listenv_0.9.1          
[37] splines_4.3.1           fastmap_1.1.1           grid_4.3.1             
[40] colorspace_2.1-0        cli_3.6.1               magrittr_2.0.3         
[43] S4Arrays_1.0.4          survival_3.5-7          utf8_1.2.4             
[46] withr_2.5.1             scales_1.2.1            backports_1.4.1        
[49] timechange_0.2.0        XVector_0.40.0          globals_0.16.3         
[52] hms_1.1.3               memoise_2.0.1           mlr3misc_0.15.0        
[55] rlang_1.1.1             Rcpp_1.0.11             glue_1.6.2             
[58] palmerpenguins_0.1.1    lgr_0.4.4               R6_2.5.1               
[61] zlibbioc_1.46.0        
INFO  [11:56:37.704] [bbotk] Starting to optimize 1 parameter(s) with '<TunerGridSearch>' and '<TerminatorNone>'
INFO  [11:56:37.729] [bbotk] Evaluating 1 configuration(s)
INFO  [11:56:37.763] [mlr3] Running benchmark with 5 resampling iterations
INFO  [11:56:37.800] [mlr3] Applying learner 'classif.cv_glmnet' on task 'candi_gene' (iter 1/5)
INFO  [11:56:38.529] [mlr3] Applying learner 'classif.cv_glmnet' on task 'candi_gene' (iter 2/5)
INFO  [11:56:38.721] [mlr3] Applying learner 'classif.cv_glmnet' on task 'candi_gene' (iter 3/5)
INFO  [11:56:38.917] [mlr3] Applying learner 'classif.cv_glmnet' on task 'candi_gene' (iter 4/5)
INFO  [11:56:39.125] [mlr3] Applying learner 'classif.cv_glmnet' on task 'candi_gene' (iter 5/5)
INFO  [11:56:39.317] [mlr3] Finished benchmark
INFO  [11:56:39.348] [bbotk] Result of batch 1:
INFO  [11:56:39.352] [bbotk]  alpha classif.auc warnings errors runtime_learners
INFO  [11:56:39.352] [bbotk]    0.8   0.5083333        0      0            1.464
INFO  [11:56:39.352] [bbotk]                                 uhash
INFO  [11:56:39.352] [bbotk]  94eb6baa-516e-491e-acaa-231978ab644a
INFO  [11:56:39.355] [bbotk] Evaluating 1 configuration(s)
INFO  [11:56:39.379] [mlr3] Running benchmark with 5 resampling iterations
INFO  [11:56:39.384] [mlr3] Applying learner 'classif.cv_glmnet' on task 'candi_gene' (iter 1/5)
INFO  [11:56:39.590] [mlr3] Applying learner 'classif.cv_glmnet' on task 'candi_gene' (iter 2/5)
INFO  [11:56:39.786] [mlr3] Applying learner 'classif.cv_glmnet' on task 'candi_gene' (iter 3/5)
INFO  [11:56:39.997] [mlr3] Applying learner 'classif.cv_glmnet' on task 'candi_gene' (iter 4/5)
INFO  [11:56:40.207] [mlr3] Applying learner 'classif.cv_glmnet' on task 'candi_gene' (iter 5/5)
INFO  [11:56:40.412] [mlr3] Finished benchmark
INFO  [11:56:40.439] [bbotk] Result of batch 2:
INFO  [11:56:40.441] [bbotk]  alpha classif.auc warnings errors runtime_learners
INFO  [11:56:40.441] [bbotk]    0.5   0.5388528        0      0             0.98
INFO  [11:56:40.441] [bbotk]                                 uhash
INFO  [11:56:40.441] [bbotk]  b1bceed3-b392-432f-b07f-16919e210ac2
INFO  [11:56:40.443] [bbotk] Evaluating 1 configuration(s)
INFO  [11:56:40.468] [mlr3] Running benchmark with 5 resampling iterations
INFO  [11:56:40.474] [mlr3] Applying learner 'classif.cv_glmnet' on task 'candi_gene' (iter 1/5)
INFO  [11:56:40.695] [mlr3] Applying learner 'classif.cv_glmnet' on task 'candi_gene' (iter 2/5)
INFO  [11:56:40.906] [mlr3] Applying learner 'classif.cv_glmnet' on task 'candi_gene' (iter 3/5)
INFO  [11:56:41.128] [mlr3] Applying learner 'classif.cv_glmnet' on task 'candi_gene' (iter 4/5)
INFO  [11:56:41.355] [mlr3] Applying learner 'classif.cv_glmnet' on task 'candi_gene' (iter 5/5)
INFO  [11:56:41.585] [mlr3] Finished benchmark
INFO  [11:56:41.614] [bbotk] Result of batch 3:
INFO  [11:56:41.616] [bbotk]  alpha classif.auc warnings errors runtime_learners
INFO  [11:56:41.616] [bbotk]    0.3   0.6019697        0      0            1.064
INFO  [11:56:41.616] [bbotk]                                 uhash
INFO  [11:56:41.616] [bbotk]  74dfbcee-4d6d-40ca-9fde-ea13415595c6
INFO  [11:56:41.618] [bbotk] Evaluating 1 configuration(s)
INFO  [11:56:41.643] [mlr3] Running benchmark with 5 resampling iterations
INFO  [11:56:41.648] [mlr3] Applying learner 'classif.cv_glmnet' on task 'candi_gene' (iter 1/5)
INFO  [11:56:42.502] [mlr3] Applying learner 'classif.cv_glmnet' on task 'candi_gene' (iter 2/5)
INFO  [11:56:42.949] [mlr3] Applying learner 'classif.cv_glmnet' on task 'candi_gene' (iter 3/5)
INFO  [11:56:43.350] [mlr3] Applying learner 'classif.cv_glmnet' on task 'candi_gene' (iter 4/5)
INFO  [11:56:43.775] [mlr3] Applying learner 'classif.cv_glmnet' on task 'candi_gene' (iter 5/5)
INFO  [11:56:44.651] [mlr3] Finished benchmark
INFO  [11:56:44.678] [bbotk] Result of batch 4:
INFO  [11:56:44.680] [bbotk]  alpha classif.auc warnings errors runtime_learners
INFO  [11:56:44.680] [bbotk]      0   0.5433036        0      0            2.955
INFO  [11:56:44.680] [bbotk]                                 uhash
INFO  [11:56:44.680] [bbotk]  d2ef94a0-20c3-4066-aa04-263b1acc3fb3
INFO  [11:56:44.682] [bbotk] Evaluating 1 configuration(s)
INFO  [11:56:44.705] [mlr3] Running benchmark with 5 resampling iterations
INFO  [11:56:44.710] [mlr3] Applying learner 'classif.cv_glmnet' on task 'candi_gene' (iter 1/5)
INFO  [11:56:44.912] [mlr3] Applying learner 'classif.cv_glmnet' on task 'candi_gene' (iter 2/5)
INFO  [11:56:45.103] [mlr3] Applying learner 'classif.cv_glmnet' on task 'candi_gene' (iter 3/5)
INFO  [11:56:45.303] [mlr3] Applying learner 'classif.cv_glmnet' on task 'candi_gene' (iter 4/5)
INFO  [11:56:45.511] [mlr3] Applying learner 'classif.cv_glmnet' on task 'candi_gene' (iter 5/5)
INFO  [11:56:45.699] [mlr3] Finished benchmark
INFO  [11:56:45.725] [bbotk] Result of batch 5:
INFO  [11:56:45.727] [bbotk]  alpha classif.auc warnings errors runtime_learners
INFO  [11:56:45.727] [bbotk]   0.55   0.6157332        0      0            0.941
INFO  [11:56:45.727] [bbotk]                                 uhash
INFO  [11:56:45.727] [bbotk]  58ec18ef-9176-45ce-9ac2-ac37a1a47365
INFO  [11:56:45.729] [bbotk] Evaluating 1 configuration(s)
INFO  [11:56:45.753] [mlr3] Running benchmark with 5 resampling iterations
INFO  [11:56:45.758] [mlr3] Applying learner 'classif.cv_glmnet' on task 'candi_gene' (iter 1/5)
INFO  [11:56:45.954] [mlr3] Applying learner 'classif.cv_glmnet' on task 'candi_gene' (iter 2/5)
INFO  [11:56:46.144] [mlr3] Applying learner 'classif.cv_glmnet' on task 'candi_gene' (iter 3/5)
INFO  [11:56:46.335] [mlr3] Applying learner 'classif.cv_glmnet' on task 'candi_gene' (iter 4/5)
INFO  [11:56:46.540] [mlr3] Applying learner 'classif.cv_glmnet' on task 'candi_gene' (iter 5/5)
INFO  [11:56:46.727] [mlr3] Finished benchmark
INFO  [11:56:46.754] [bbotk] Result of batch 6:
INFO  [11:56:46.756] [bbotk]  alpha classif.auc warnings errors runtime_learners
INFO  [11:56:46.756] [bbotk]    0.9   0.5035714        0      0            0.921
INFO  [11:56:46.756] [bbotk]                                 uhash
INFO  [11:56:46.756] [bbotk]  1880f991-685f-40e5-8693-910dab775e9c
INFO  [11:56:46.757] [bbotk] Evaluating 1 configuration(s)
INFO  [11:56:46.782] [mlr3] Running benchmark with 5 resampling iterations
INFO  [11:56:46.787] [mlr3] Applying learner 'classif.cv_glmnet' on task 'candi_gene' (iter 1/5)
INFO  [11:56:46.984] [mlr3] Applying learner 'classif.cv_glmnet' on task 'candi_gene' (iter 2/5)
INFO  [11:56:47.171] [mlr3] Applying learner 'classif.cv_glmnet' on task 'candi_gene' (iter 3/5)
INFO  [11:56:47.369] [mlr3] Applying learner 'classif.cv_glmnet' on task 'candi_gene' (iter 4/5)
INFO  [11:56:47.584] [mlr3] Applying learner 'classif.cv_glmnet' on task 'candi_gene' (iter 5/5)
INFO  [11:56:47.776] [mlr3] Finished benchmark
INFO  [11:56:47.803] [bbotk] Result of batch 7:
INFO  [11:56:47.805] [bbotk]  alpha classif.auc warnings errors runtime_learners
INFO  [11:56:47.805] [bbotk]      1   0.5372294        0      0            0.941
INFO  [11:56:47.805] [bbotk]                                 uhash
INFO  [11:56:47.805] [bbotk]  589de9e8-afec-4e6b-82f9-895e7ae3be51
INFO  [11:56:47.806] [bbotk] Evaluating 1 configuration(s)
INFO  [11:56:47.831] [mlr3] Running benchmark with 5 resampling iterations
INFO  [11:56:47.836] [mlr3] Applying learner 'classif.cv_glmnet' on task 'candi_gene' (iter 1/5)
INFO  [11:56:48.046] [mlr3] Applying learner 'classif.cv_glmnet' on task 'candi_gene' (iter 2/5)
INFO  [11:56:48.251] [mlr3] Applying learner 'classif.cv_glmnet' on task 'candi_gene' (iter 3/5)
INFO  [11:56:48.459] [mlr3] Applying learner 'classif.cv_glmnet' on task 'candi_gene' (iter 4/5)
INFO  [11:56:48.680] [mlr3] Applying learner 'classif.cv_glmnet' on task 'candi_gene' (iter 5/5)
INFO  [11:56:48.893] [mlr3] Finished benchmark
INFO  [11:56:48.921] [bbotk] Result of batch 8:
INFO  [11:56:48.923] [bbotk]  alpha classif.auc warnings errors runtime_learners
INFO  [11:56:48.923] [bbotk]   0.35   0.5911255        0      0             1.01
INFO  [11:56:48.923] [bbotk]                                 uhash
INFO  [11:56:48.923] [bbotk]  30358649-5da5-49c1-af4f-90a12215803e
INFO  [11:56:48.924] [bbotk] Evaluating 1 configuration(s)
INFO  [11:56:48.949] [mlr3] Running benchmark with 5 resampling iterations
INFO  [11:56:48.954] [mlr3] Applying learner 'classif.cv_glmnet' on task 'candi_gene' (iter 1/5)
INFO  [11:56:49.202] [mlr3] Applying learner 'classif.cv_glmnet' on task 'candi_gene' (iter 2/5)
INFO  [11:56:49.417] [mlr3] Applying learner 'classif.cv_glmnet' on task 'candi_gene' (iter 3/5)
INFO  [11:56:49.645] [mlr3] Applying learner 'classif.cv_glmnet' on task 'candi_gene' (iter 4/5)
INFO  [11:56:49.888] [mlr3] Applying learner 'classif.cv_glmnet' on task 'candi_gene' (iter 5/5)
INFO  [11:56:50.121] [mlr3] Finished benchmark
INFO  [11:56:50.147] [bbotk] Result of batch 9:
INFO  [11:56:50.149] [bbotk]  alpha classif.auc warnings errors runtime_learners
INFO  [11:56:50.149] [bbotk]    0.2   0.5629464        0      0            1.118
INFO  [11:56:50.149] [bbotk]                                 uhash
INFO  [11:56:50.149] [bbotk]  aac17131-c5c8-4bab-a147-516e4671c776
INFO  [11:56:50.151] [bbotk] Evaluating 1 configuration(s)
INFO  [11:56:50.175] [mlr3] Running benchmark with 5 resampling iterations
INFO  [11:56:50.180] [mlr3] Applying learner 'classif.cv_glmnet' on task 'candi_gene' (iter 1/5)
INFO  [11:56:50.384] [mlr3] Applying learner 'classif.cv_glmnet' on task 'candi_gene' (iter 2/5)
INFO  [11:56:50.567] [mlr3] Applying learner 'classif.cv_glmnet' on task 'candi_gene' (iter 3/5)
INFO  [11:56:50.769] [mlr3] Applying learner 'classif.cv_glmnet' on task 'candi_gene' (iter 4/5)
INFO  [11:56:50.988] [mlr3] Applying learner 'classif.cv_glmnet' on task 'candi_gene' (iter 5/5)
INFO  [11:56:51.177] [mlr3] Finished benchmark
INFO  [11:56:51.204] [bbotk] Result of batch 10:
INFO  [11:56:51.206] [bbotk]  alpha classif.auc warnings errors runtime_learners
INFO  [11:56:51.206] [bbotk]   0.95   0.5958333        0      0            0.948
INFO  [11:56:51.206] [bbotk]                                 uhash
INFO  [11:56:51.206] [bbotk]  4c838326-40bd-4594-ac93-c72463047b4e
INFO  [11:56:51.207] [bbotk] Evaluating 1 configuration(s)
INFO  [11:56:51.231] [mlr3] Running benchmark with 5 resampling iterations
INFO  [11:56:51.236] [mlr3] Applying learner 'classif.cv_glmnet' on task 'candi_gene' (iter 1/5)
INFO  [11:56:51.431] [mlr3] Applying learner 'classif.cv_glmnet' on task 'candi_gene' (iter 2/5)
INFO  [11:56:51.626] [mlr3] Applying learner 'classif.cv_glmnet' on task 'candi_gene' (iter 3/5)
INFO  [11:56:51.818] [mlr3] Applying learner 'classif.cv_glmnet' on task 'candi_gene' (iter 4/5)
INFO  [11:56:52.025] [mlr3] Applying learner 'classif.cv_glmnet' on task 'candi_gene' (iter 5/5)
INFO  [11:56:52.222] [mlr3] Finished benchmark
INFO  [11:56:52.250] [bbotk] Result of batch 11:
INFO  [11:56:52.252] [bbotk]  alpha classif.auc warnings errors runtime_learners
INFO  [11:56:52.252] [bbotk]   0.85   0.6253517        0      0            0.939
INFO  [11:56:52.252] [bbotk]                                 uhash
INFO  [11:56:52.252] [bbotk]  466cf9a2-fc2a-411c-abc5-2c7afbc9378c
INFO  [11:56:52.254] [bbotk] Evaluating 1 configuration(s)
INFO  [11:56:52.279] [mlr3] Running benchmark with 5 resampling iterations
INFO  [11:56:52.284] [mlr3] Applying learner 'classif.cv_glmnet' on task 'candi_gene' (iter 1/5)
INFO  [11:56:52.491] [mlr3] Applying learner 'classif.cv_glmnet' on task 'candi_gene' (iter 2/5)
INFO  [11:56:52.686] [mlr3] Applying learner 'classif.cv_glmnet' on task 'candi_gene' (iter 3/5)
INFO  [11:56:52.893] [mlr3] Applying learner 'classif.cv_glmnet' on task 'candi_gene' (iter 4/5)
INFO  [11:56:53.110] [mlr3] Applying learner 'classif.cv_glmnet' on task 'candi_gene' (iter 5/5)
INFO  [11:56:53.317] [mlr3] Finished benchmark
INFO  [11:56:53.346] [bbotk] Result of batch 12:
INFO  [11:56:53.348] [bbotk]  alpha classif.auc warnings errors runtime_learners
INFO  [11:56:53.348] [bbotk]   0.45   0.5998106        0      0            0.987
INFO  [11:56:53.348] [bbotk]                                 uhash
INFO  [11:56:53.348] [bbotk]  c43e5943-56ae-4d6c-aa03-f487d15d391b
INFO  [11:56:53.350] [bbotk] Evaluating 1 configuration(s)
INFO  [11:56:53.376] [mlr3] Running benchmark with 5 resampling iterations
INFO  [11:56:53.382] [mlr3] Applying learner 'classif.cv_glmnet' on task 'candi_gene' (iter 1/5)
INFO  [11:56:53.613] [mlr3] Applying learner 'classif.cv_glmnet' on task 'candi_gene' (iter 2/5)
INFO  [11:56:53.833] [mlr3] Applying learner 'classif.cv_glmnet' on task 'candi_gene' (iter 3/5)
INFO  [11:56:54.060] [mlr3] Applying learner 'classif.cv_glmnet' on task 'candi_gene' (iter 4/5)
INFO  [11:56:54.291] [mlr3] Applying learner 'classif.cv_glmnet' on task 'candi_gene' (iter 5/5)
INFO  [11:56:54.517] [mlr3] Finished benchmark
INFO  [11:56:54.545] [bbotk] Result of batch 13:
INFO  [11:56:54.547] [bbotk]  alpha classif.auc warnings errors runtime_learners
INFO  [11:56:54.547] [bbotk]   0.25   0.6269832        0      0            1.089
INFO  [11:56:54.547] [bbotk]                                 uhash
INFO  [11:56:54.547] [bbotk]  3fb9c1b3-e20b-43a3-8e62-4ef5d5eeb5f8
INFO  [11:56:54.549] [bbotk] Evaluating 1 configuration(s)
INFO  [11:56:54.573] [mlr3] Running benchmark with 5 resampling iterations
INFO  [11:56:54.578] [mlr3] Applying learner 'classif.cv_glmnet' on task 'candi_gene' (iter 1/5)
INFO  [11:56:54.858] [mlr3] Applying learner 'classif.cv_glmnet' on task 'candi_gene' (iter 2/5)
INFO  [11:56:55.115] [mlr3] Applying learner 'classif.cv_glmnet' on task 'candi_gene' (iter 3/5)
INFO  [11:56:55.373] [mlr3] Applying learner 'classif.cv_glmnet' on task 'candi_gene' (iter 4/5)
INFO  [11:56:55.636] [mlr3] Applying learner 'classif.cv_glmnet' on task 'candi_gene' (iter 5/5)
INFO  [11:56:55.901] [mlr3] Finished benchmark
INFO  [11:56:55.931] [bbotk] Result of batch 14:
INFO  [11:56:55.933] [bbotk]  alpha classif.auc warnings errors runtime_learners
INFO  [11:56:55.933] [bbotk]    0.1   0.6442235        0      0            1.275
INFO  [11:56:55.933] [bbotk]                                 uhash
INFO  [11:56:55.933] [bbotk]  db73e7bc-56e4-45fd-95d3-c9f1bc381e23
INFO  [11:56:55.934] [bbotk] Evaluating 1 configuration(s)
INFO  [11:56:55.959] [mlr3] Running benchmark with 5 resampling iterations
INFO  [11:56:55.964] [mlr3] Applying learner 'classif.cv_glmnet' on task 'candi_gene' (iter 1/5)
INFO  [11:56:56.252] [mlr3] Applying learner 'classif.cv_glmnet' on task 'candi_gene' (iter 2/5)
INFO  [11:56:56.530] [mlr3] Applying learner 'classif.cv_glmnet' on task 'candi_gene' (iter 3/5)
INFO  [11:56:56.814] [mlr3] Applying learner 'classif.cv_glmnet' on task 'candi_gene' (iter 4/5)
INFO  [11:56:57.112] [mlr3] Applying learner 'classif.cv_glmnet' on task 'candi_gene' (iter 5/5)
INFO  [11:56:57.397] [mlr3] Finished benchmark
INFO  [11:56:57.424] [bbotk] Result of batch 15:
INFO  [11:56:57.426] [bbotk]  alpha classif.auc warnings errors runtime_learners
INFO  [11:56:57.426] [bbotk]   0.05   0.7268155        0      0            1.384
INFO  [11:56:57.426] [bbotk]                                 uhash
INFO  [11:56:57.426] [bbotk]  31b62777-7a19-46a3-a21b-97664ca64a8b
INFO  [11:56:57.428] [bbotk] Evaluating 1 configuration(s)
INFO  [11:56:57.452] [mlr3] Running benchmark with 5 resampling iterations
INFO  [11:56:57.457] [mlr3] Applying learner 'classif.cv_glmnet' on task 'candi_gene' (iter 1/5)
INFO  [11:56:57.658] [mlr3] Applying learner 'classif.cv_glmnet' on task 'candi_gene' (iter 2/5)
INFO  [11:56:57.860] [mlr3] Applying learner 'classif.cv_glmnet' on task 'candi_gene' (iter 3/5)
INFO  [11:56:58.510] [mlr3] Applying learner 'classif.cv_glmnet' on task 'candi_gene' (iter 4/5)
INFO  [11:56:58.712] [mlr3] Applying learner 'classif.cv_glmnet' on task 'candi_gene' (iter 5/5)
INFO  [11:56:58.904] [mlr3] Finished benchmark
INFO  [11:56:58.931] [bbotk] Result of batch 16:
INFO  [11:56:58.934] [bbotk]  alpha classif.auc warnings errors runtime_learners
INFO  [11:56:58.934] [bbotk]    0.6   0.5808442        0      0              1.4
INFO  [11:56:58.934] [bbotk]                                 uhash
INFO  [11:56:58.934] [bbotk]  6587a112-b282-4d1c-9f70-c303eb6c4f20
INFO  [11:56:58.935] [bbotk] Evaluating 1 configuration(s)
INFO  [11:56:58.960] [mlr3] Running benchmark with 5 resampling iterations
INFO  [11:56:58.966] [mlr3] Applying learner 'classif.cv_glmnet' on task 'candi_gene' (iter 1/5)
INFO  [11:56:59.163] [mlr3] Applying learner 'classif.cv_glmnet' on task 'candi_gene' (iter 2/5)
INFO  [11:56:59.352] [mlr3] Applying learner 'classif.cv_glmnet' on task 'candi_gene' (iter 3/5)
INFO  [11:56:59.550] [mlr3] Applying learner 'classif.cv_glmnet' on task 'candi_gene' (iter 4/5)
INFO  [11:56:59.754] [mlr3] Applying learner 'classif.cv_glmnet' on task 'candi_gene' (iter 5/5)
INFO  [11:56:59.943] [mlr3] Finished benchmark
INFO  [11:56:59.969] [bbotk] Result of batch 17:
INFO  [11:56:59.971] [bbotk]  alpha classif.auc warnings errors runtime_learners
INFO  [11:56:59.971] [bbotk]    0.7   0.5427083        0      0            0.929
INFO  [11:56:59.971] [bbotk]                                 uhash
INFO  [11:56:59.971] [bbotk]  c8afe38b-1ad8-4e1d-9077-6613f7f84387
INFO  [11:56:59.972] [bbotk] Evaluating 1 configuration(s)
INFO  [11:56:59.996] [mlr3] Running benchmark with 5 resampling iterations
INFO  [11:57:00.001] [mlr3] Applying learner 'classif.cv_glmnet' on task 'candi_gene' (iter 1/5)
INFO  [11:57:00.239] [mlr3] Applying learner 'classif.cv_glmnet' on task 'candi_gene' (iter 2/5)
INFO  [11:57:00.476] [mlr3] Applying learner 'classif.cv_glmnet' on task 'candi_gene' (iter 3/5)
INFO  [11:57:00.721] [mlr3] Applying learner 'classif.cv_glmnet' on task 'candi_gene' (iter 4/5)
INFO  [11:57:00.969] [mlr3] Applying learner 'classif.cv_glmnet' on task 'candi_gene' (iter 5/5)
INFO  [11:57:01.203] [mlr3] Finished benchmark
INFO  [11:57:01.229] [bbotk] Result of batch 18:
INFO  [11:57:01.231] [bbotk]  alpha classif.auc warnings errors runtime_learners
INFO  [11:57:01.231] [bbotk]   0.15   0.5708333        0      0            1.155
INFO  [11:57:01.231] [bbotk]                                 uhash
INFO  [11:57:01.231] [bbotk]  454067a3-b6c3-4576-a074-14c7a353e687
INFO  [11:57:01.233] [bbotk] Evaluating 1 configuration(s)
INFO  [11:57:01.256] [mlr3] Running benchmark with 5 resampling iterations
INFO  [11:57:01.261] [mlr3] Applying learner 'classif.cv_glmnet' on task 'candi_gene' (iter 1/5)
INFO  [11:57:01.456] [mlr3] Applying learner 'classif.cv_glmnet' on task 'candi_gene' (iter 2/5)
INFO  [11:57:01.648] [mlr3] Applying learner 'classif.cv_glmnet' on task 'candi_gene' (iter 3/5)
INFO  [11:57:01.848] [mlr3] Applying learner 'classif.cv_glmnet' on task 'candi_gene' (iter 4/5)
INFO  [11:57:02.060] [mlr3] Applying learner 'classif.cv_glmnet' on task 'candi_gene' (iter 5/5)
INFO  [11:57:02.247] [mlr3] Finished benchmark
INFO  [11:57:02.274] [bbotk] Result of batch 19:
INFO  [11:57:02.276] [bbotk]  alpha classif.auc warnings errors runtime_learners
INFO  [11:57:02.276] [bbotk]   0.75   0.5632035        0      0            0.939
INFO  [11:57:02.276] [bbotk]                                 uhash
INFO  [11:57:02.276] [bbotk]  837a6ee2-21de-4318-855e-216593a4f1a4
INFO  [11:57:02.278] [bbotk] Evaluating 1 configuration(s)
INFO  [11:57:02.302] [mlr3] Running benchmark with 5 resampling iterations
INFO  [11:57:02.307] [mlr3] Applying learner 'classif.cv_glmnet' on task 'candi_gene' (iter 1/5)
INFO  [11:57:02.506] [mlr3] Applying learner 'classif.cv_glmnet' on task 'candi_gene' (iter 2/5)
INFO  [11:57:02.714] [mlr3] Applying learner 'classif.cv_glmnet' on task 'candi_gene' (iter 3/5)
INFO  [11:57:02.929] [mlr3] Applying learner 'classif.cv_glmnet' on task 'candi_gene' (iter 4/5)
INFO  [11:57:03.143] [mlr3] Applying learner 'classif.cv_glmnet' on task 'candi_gene' (iter 5/5)
INFO  [11:57:03.349] [mlr3] Finished benchmark
INFO  [11:57:03.376] [bbotk] Result of batch 20:
INFO  [11:57:03.378] [bbotk]  alpha classif.auc warnings errors runtime_learners
INFO  [11:57:03.378] [bbotk]    0.4   0.5238095        0      0            0.996
INFO  [11:57:03.378] [bbotk]                                 uhash
INFO  [11:57:03.378] [bbotk]  4dbfa44f-b353-4f75-b34b-49d7d65aca7f
INFO  [11:57:03.379] [bbotk] Evaluating 1 configuration(s)
INFO  [11:57:03.403] [mlr3] Running benchmark with 5 resampling iterations
INFO  [11:57:03.408] [mlr3] Applying learner 'classif.cv_glmnet' on task 'candi_gene' (iter 1/5)
INFO  [11:57:03.605] [mlr3] Applying learner 'classif.cv_glmnet' on task 'candi_gene' (iter 2/5)
INFO  [11:57:03.799] [mlr3] Applying learner 'classif.cv_glmnet' on task 'candi_gene' (iter 3/5)
INFO  [11:57:03.991] [mlr3] Applying learner 'classif.cv_glmnet' on task 'candi_gene' (iter 4/5)
INFO  [11:57:04.198] [mlr3] Applying learner 'classif.cv_glmnet' on task 'candi_gene' (iter 5/5)
INFO  [11:57:04.392] [mlr3] Finished benchmark
INFO  [11:57:04.419] [bbotk] Result of batch 21:
INFO  [11:57:04.421] [bbotk]  alpha classif.auc warnings errors runtime_learners
INFO  [11:57:04.421] [bbotk]   0.65    0.559375        0      0            0.936
INFO  [11:57:04.421] [bbotk]                                 uhash
INFO  [11:57:04.421] [bbotk]  cee94e8e-5ddb-46e9-a11a-2b63693e5d9a
INFO  [11:57:04.426] [bbotk] Finished optimizing after 21 evaluation(s)
INFO  [11:57:04.427] [bbotk] Result:
INFO  [11:57:04.430] [bbotk]   alpha learner_param_vals x_domain classif.auc
INFO  [11:57:04.430] [bbotk]  <char>             <list>   <list>       <num>
INFO  [11:57:04.430] [bbotk]    0.05       c(7.8947....     0.05   0.7268155
