Conda environment: *
R version 4.3.1 (2023-06-16)
Platform: x86_64-conda-linux-gnu (64-bit)
Running under: Red Hat Enterprise Linux 8.3 (Ootpa)

Matrix products: default
BLAS/LAPACK: /ess/home/home1/beiw/miniconda3/envs/5hmc_os_env/lib/libopenblasp-r0.3.27.so;  LAPACK version 3.12.0

locale:
[1] C

time zone: America/Chicago
tzcode source: system (glibc)

attached base packages:
[1] stats4    stats     graphics  grDevices utils     datasets  methods  
[8] base     

other attached packages:
 [1] conflicted_1.2.0            DESeq2_1.40.2              
 [3] SummarizedExperiment_1.30.2 Biobase_2.60.0             
 [5] MatrixGenerics_1.12.2       matrixStats_1.2.0          
 [7] GenomicRanges_1.52.0        GenomeInfoDb_1.36.1        
 [9] IRanges_2.34.1              S4Vectors_0.38.1           
[11] BiocGenerics_0.46.0         glmnet_4.1-8               
[13] Matrix_1.6-5                mlr3learners_0.5.8         
[15] mlr3tuning_0.19.0           paradox_0.11.1             
[17] mlr3_0.19.0                 lubridate_1.9.3            
[19] forcats_1.0.0               stringr_1.5.1              
[21] purrr_1.0.2                 readr_2.1.5                
[23] tidyr_1.3.1                 tibble_3.2.1               
[25] ggplot2_3.4.4               tidyverse_2.0.0            
[27] dplyr_1.1.4                

loaded via a namespace (and not attached):
 [1] gtable_0.3.4            shape_1.4.6             lattice_0.21-9         
 [4] tzdb_0.4.0              bitops_1.0-7            vctrs_0.6.4            
 [7] tools_4.3.1             generics_0.1.3          parallel_4.3.1         
[10] fansi_1.0.5             pkgconfig_2.0.3         data.table_1.15.2      
[13] checkmate_2.3.1         uuid_1.1-1              GenomeInfoDbData_1.2.11
[16] lifecycle_1.0.3         compiler_4.3.1          munsell_0.5.0          
[19] RhpcBLASctl_0.23-42     codetools_0.2-20        bbotk_0.7.2            
[22] RCurl_1.98-1.12         pillar_1.9.0            crayon_1.5.2           
[25] BiocParallel_1.34.2     cachem_1.0.8            DelayedArray_0.26.6    
[28] iterators_1.0.14        foreach_1.5.2           parallelly_1.37.1      
[31] locfit_1.5-9.8          tidyselect_1.2.0        digest_0.6.35          
[34] stringi_1.7.12          future_1.33.2           listenv_0.9.1          
[37] splines_4.3.1           fastmap_1.1.1           grid_4.3.1             
[40] colorspace_2.1-0        cli_3.6.1               magrittr_2.0.3         
[43] S4Arrays_1.0.4          survival_3.5-7          utf8_1.2.4             
[46] withr_2.5.1             scales_1.2.1            backports_1.4.1        
[49] timechange_0.2.0        XVector_0.40.0          globals_0.16.3         
[52] hms_1.1.3               memoise_2.0.1           mlr3misc_0.15.0        
[55] rlang_1.1.1             Rcpp_1.0.11             glue_1.6.2             
[58] palmerpenguins_0.1.1    lgr_0.4.4               R6_2.5.1               
[61] zlibbioc_1.46.0        
INFO  [11:55:57.801] [bbotk] Starting to optimize 1 parameter(s) with '<TunerGridSearch>' and '<TerminatorNone>'
INFO  [11:55:57.828] [bbotk] Evaluating 1 configuration(s)
INFO  [11:55:57.863] [mlr3] Running benchmark with 5 resampling iterations
INFO  [11:55:57.900] [mlr3] Applying learner 'classif.cv_glmnet' on task 'candi_gene' (iter 1/5)
INFO  [11:55:58.634] [mlr3] Applying learner 'classif.cv_glmnet' on task 'candi_gene' (iter 2/5)
INFO  [11:55:58.860] [mlr3] Applying learner 'classif.cv_glmnet' on task 'candi_gene' (iter 3/5)
INFO  [11:55:59.084] [mlr3] Applying learner 'classif.cv_glmnet' on task 'candi_gene' (iter 4/5)
INFO  [11:55:59.305] [mlr3] Applying learner 'classif.cv_glmnet' on task 'candi_gene' (iter 5/5)
INFO  [11:55:59.529] [mlr3] Finished benchmark
INFO  [11:55:59.559] [bbotk] Result of batch 1:
INFO  [11:55:59.563] [bbotk]  alpha classif.auc warnings errors runtime_learners
INFO  [11:55:59.563] [bbotk]   0.25   0.5676329        0      0            1.577
INFO  [11:55:59.563] [bbotk]                                 uhash
INFO  [11:55:59.563] [bbotk]  004dff48-9dd1-4e17-ac85-af52fed08aab
INFO  [11:55:59.565] [bbotk] Evaluating 1 configuration(s)
INFO  [11:55:59.589] [mlr3] Running benchmark with 5 resampling iterations
INFO  [11:55:59.594] [mlr3] Applying learner 'classif.cv_glmnet' on task 'candi_gene' (iter 1/5)
INFO  [11:55:59.848] [mlr3] Applying learner 'classif.cv_glmnet' on task 'candi_gene' (iter 2/5)
INFO  [11:56:00.082] [mlr3] Applying learner 'classif.cv_glmnet' on task 'candi_gene' (iter 3/5)
INFO  [11:56:00.310] [mlr3] Applying learner 'classif.cv_glmnet' on task 'candi_gene' (iter 4/5)
INFO  [11:56:00.548] [mlr3] Applying learner 'classif.cv_glmnet' on task 'candi_gene' (iter 5/5)
INFO  [11:56:00.775] [mlr3] Finished benchmark
INFO  [11:56:00.801] [bbotk] Result of batch 2:
INFO  [11:56:00.803] [bbotk]  alpha classif.auc warnings errors runtime_learners
INFO  [11:56:00.803] [bbotk]    0.2   0.6334902        0      0            1.134
INFO  [11:56:00.803] [bbotk]                                 uhash
INFO  [11:56:00.803] [bbotk]  4a826627-5191-4876-8af3-a8cf7a63dfd3
INFO  [11:56:00.804] [bbotk] Evaluating 1 configuration(s)
INFO  [11:56:00.828] [mlr3] Running benchmark with 5 resampling iterations
INFO  [11:56:00.832] [mlr3] Applying learner 'classif.cv_glmnet' on task 'candi_gene' (iter 1/5)
INFO  [11:56:01.065] [mlr3] Applying learner 'classif.cv_glmnet' on task 'candi_gene' (iter 2/5)
INFO  [11:56:01.281] [mlr3] Applying learner 'classif.cv_glmnet' on task 'candi_gene' (iter 3/5)
INFO  [11:56:01.499] [mlr3] Applying learner 'classif.cv_glmnet' on task 'candi_gene' (iter 4/5)
INFO  [11:56:01.714] [mlr3] Applying learner 'classif.cv_glmnet' on task 'candi_gene' (iter 5/5)
INFO  [11:56:02.335] [mlr3] Finished benchmark
INFO  [11:56:02.362] [bbotk] Result of batch 3:
INFO  [11:56:02.364] [bbotk]  alpha classif.auc warnings errors runtime_learners
INFO  [11:56:02.364] [bbotk]    0.3   0.5427905        0      0            1.455
INFO  [11:56:02.364] [bbotk]                                 uhash
INFO  [11:56:02.364] [bbotk]  e4d9fda6-9353-4c6d-8f3c-0c19557502e4
INFO  [11:56:02.365] [bbotk] Evaluating 1 configuration(s)
INFO  [11:56:02.390] [mlr3] Running benchmark with 5 resampling iterations
INFO  [11:56:02.395] [mlr3] Applying learner 'classif.cv_glmnet' on task 'candi_gene' (iter 1/5)
INFO  [11:56:02.602] [mlr3] Applying learner 'classif.cv_glmnet' on task 'candi_gene' (iter 2/5)
INFO  [11:56:02.801] [mlr3] Applying learner 'classif.cv_glmnet' on task 'candi_gene' (iter 3/5)
INFO  [11:56:02.996] [mlr3] Applying learner 'classif.cv_glmnet' on task 'candi_gene' (iter 4/5)
INFO  [11:56:03.184] [mlr3] Applying learner 'classif.cv_glmnet' on task 'candi_gene' (iter 5/5)
INFO  [11:56:03.380] [mlr3] Finished benchmark
INFO  [11:56:03.406] [bbotk] Result of batch 4:
INFO  [11:56:03.408] [bbotk]  alpha classif.auc warnings errors runtime_learners
INFO  [11:56:03.408] [bbotk]   0.55   0.5094946        0      0            0.938
INFO  [11:56:03.408] [bbotk]                                 uhash
INFO  [11:56:03.408] [bbotk]  82c593dd-84c4-4b43-9c9b-ea45d15a650b
INFO  [11:56:03.410] [bbotk] Evaluating 1 configuration(s)
INFO  [11:56:03.434] [mlr3] Running benchmark with 5 resampling iterations
INFO  [11:56:03.439] [mlr3] Applying learner 'classif.cv_glmnet' on task 'candi_gene' (iter 1/5)
INFO  [11:56:03.648] [mlr3] Applying learner 'classif.cv_glmnet' on task 'candi_gene' (iter 2/5)
INFO  [11:56:03.845] [mlr3] Applying learner 'classif.cv_glmnet' on task 'candi_gene' (iter 3/5)
INFO  [11:56:04.029] [mlr3] Applying learner 'classif.cv_glmnet' on task 'candi_gene' (iter 4/5)
INFO  [11:56:04.220] [mlr3] Applying learner 'classif.cv_glmnet' on task 'candi_gene' (iter 5/5)
INFO  [11:56:04.414] [mlr3] Finished benchmark
INFO  [11:56:04.441] [bbotk] Result of batch 5:
INFO  [11:56:04.443] [bbotk]  alpha classif.auc warnings errors runtime_learners
INFO  [11:56:04.443] [bbotk]    0.6   0.5627706        0      0            0.928
INFO  [11:56:04.443] [bbotk]                                 uhash
INFO  [11:56:04.443] [bbotk]  d6e803cc-9d98-4320-9fcc-4b4b90bcc10e
INFO  [11:56:04.444] [bbotk] Evaluating 1 configuration(s)
INFO  [11:56:04.469] [mlr3] Running benchmark with 5 resampling iterations
INFO  [11:56:04.474] [mlr3] Applying learner 'classif.cv_glmnet' on task 'candi_gene' (iter 1/5)
INFO  [11:56:04.879] [mlr3] Applying learner 'classif.cv_glmnet' on task 'candi_gene' (iter 2/5)
INFO  [11:56:05.320] [mlr3] Applying learner 'classif.cv_glmnet' on task 'candi_gene' (iter 3/5)
INFO  [11:56:05.753] [mlr3] Applying learner 'classif.cv_glmnet' on task 'candi_gene' (iter 4/5)
INFO  [11:56:06.190] [mlr3] Applying learner 'classif.cv_glmnet' on task 'candi_gene' (iter 5/5)
INFO  [11:56:06.619] [mlr3] Finished benchmark
INFO  [11:56:06.645] [bbotk] Result of batch 6:
INFO  [11:56:06.647] [bbotk]  alpha classif.auc warnings errors runtime_learners
INFO  [11:56:06.647] [bbotk]      0   0.6626579        0      0            2.098
INFO  [11:56:06.647] [bbotk]                                 uhash
INFO  [11:56:06.647] [bbotk]  185d202d-c29e-4233-8c26-f0242cc6a47c
INFO  [11:56:06.649] [bbotk] Evaluating 1 configuration(s)
INFO  [11:56:06.672] [mlr3] Running benchmark with 5 resampling iterations
INFO  [11:56:06.677] [mlr3] Applying learner 'classif.cv_glmnet' on task 'candi_gene' (iter 1/5)
INFO  [11:56:06.887] [mlr3] Applying learner 'classif.cv_glmnet' on task 'candi_gene' (iter 2/5)
INFO  [11:56:07.078] [mlr3] Applying learner 'classif.cv_glmnet' on task 'candi_gene' (iter 3/5)
INFO  [11:56:07.270] [mlr3] Applying learner 'classif.cv_glmnet' on task 'candi_gene' (iter 4/5)
INFO  [11:56:07.466] [mlr3] Applying learner 'classif.cv_glmnet' on task 'candi_gene' (iter 5/5)
INFO  [11:56:07.656] [mlr3] Finished benchmark
INFO  [11:56:07.683] [bbotk] Result of batch 7:
INFO  [11:56:07.685] [bbotk]  alpha classif.auc warnings errors runtime_learners
INFO  [11:56:07.685] [bbotk]   0.95   0.5986267        0      0            0.933
INFO  [11:56:07.685] [bbotk]                                 uhash
INFO  [11:56:07.685] [bbotk]  795fb69f-037f-4243-8065-181aa084401e
INFO  [11:56:07.686] [bbotk] Evaluating 1 configuration(s)
INFO  [11:56:07.711] [mlr3] Running benchmark with 5 resampling iterations
INFO  [11:56:07.716] [mlr3] Applying learner 'classif.cv_glmnet' on task 'candi_gene' (iter 1/5)
INFO  [11:56:07.934] [mlr3] Applying learner 'classif.cv_glmnet' on task 'candi_gene' (iter 2/5)
INFO  [11:56:08.137] [mlr3] Applying learner 'classif.cv_glmnet' on task 'candi_gene' (iter 3/5)
INFO  [11:56:08.341] [mlr3] Applying learner 'classif.cv_glmnet' on task 'candi_gene' (iter 4/5)
INFO  [11:56:08.552] [mlr3] Applying learner 'classif.cv_glmnet' on task 'candi_gene' (iter 5/5)
INFO  [11:56:08.761] [mlr3] Finished benchmark
INFO  [11:56:08.788] [bbotk] Result of batch 8:
INFO  [11:56:08.790] [bbotk]  alpha classif.auc warnings errors runtime_learners
INFO  [11:56:08.790] [bbotk]   0.35   0.6044238        0      0            0.999
INFO  [11:56:08.790] [bbotk]                                 uhash
INFO  [11:56:08.790] [bbotk]  5c732807-27be-4c4e-8885-9af493b8ae60
INFO  [11:56:08.791] [bbotk] Evaluating 1 configuration(s)
INFO  [11:56:08.816] [mlr3] Running benchmark with 5 resampling iterations
INFO  [11:56:08.821] [mlr3] Applying learner 'classif.cv_glmnet' on task 'candi_gene' (iter 1/5)
INFO  [11:56:09.035] [mlr3] Applying learner 'classif.cv_glmnet' on task 'candi_gene' (iter 2/5)
INFO  [11:56:09.238] [mlr3] Applying learner 'classif.cv_glmnet' on task 'candi_gene' (iter 3/5)
INFO  [11:56:09.444] [mlr3] Applying learner 'classif.cv_glmnet' on task 'candi_gene' (iter 4/5)
INFO  [11:56:09.658] [mlr3] Applying learner 'classif.cv_glmnet' on task 'candi_gene' (iter 5/5)
INFO  [11:56:09.864] [mlr3] Finished benchmark
INFO  [11:56:09.903] [bbotk] Result of batch 9:
INFO  [11:56:09.906] [bbotk]  alpha classif.auc warnings errors runtime_learners
INFO  [11:56:09.906] [bbotk]    0.4   0.5256039        0      0            0.996
INFO  [11:56:09.906] [bbotk]                                 uhash
INFO  [11:56:09.906] [bbotk]  f6e7205d-93fd-4b12-a8f9-cb0955288aff
INFO  [11:56:09.907] [bbotk] Evaluating 1 configuration(s)
INFO  [11:56:09.932] [mlr3] Running benchmark with 5 resampling iterations
INFO  [11:56:09.937] [mlr3] Applying learner 'classif.cv_glmnet' on task 'candi_gene' (iter 1/5)
INFO  [11:56:10.134] [mlr3] Applying learner 'classif.cv_glmnet' on task 'candi_gene' (iter 2/5)
INFO  [11:56:10.331] [mlr3] Applying learner 'classif.cv_glmnet' on task 'candi_gene' (iter 3/5)
INFO  [11:56:10.522] [mlr3] Applying learner 'classif.cv_glmnet' on task 'candi_gene' (iter 4/5)
INFO  [11:56:10.709] [mlr3] Applying learner 'classif.cv_glmnet' on task 'candi_gene' (iter 5/5)
INFO  [11:56:10.914] [mlr3] Finished benchmark
INFO  [11:56:10.941] [bbotk] Result of batch 10:
INFO  [11:56:10.943] [bbotk]  alpha classif.auc warnings errors runtime_learners
INFO  [11:56:10.943] [bbotk]   0.75   0.5102564        0      0            0.927
INFO  [11:56:10.943] [bbotk]                                 uhash
INFO  [11:56:10.943] [bbotk]  c292c654-72a4-4158-b42d-30902339398a
INFO  [11:56:10.945] [bbotk] Evaluating 1 configuration(s)
INFO  [11:56:10.969] [mlr3] Running benchmark with 5 resampling iterations
INFO  [11:56:10.974] [mlr3] Applying learner 'classif.cv_glmnet' on task 'candi_gene' (iter 1/5)
INFO  [11:56:11.179] [mlr3] Applying learner 'classif.cv_glmnet' on task 'candi_gene' (iter 2/5)
INFO  [11:56:11.372] [mlr3] Applying learner 'classif.cv_glmnet' on task 'candi_gene' (iter 3/5)
INFO  [11:56:11.565] [mlr3] Applying learner 'classif.cv_glmnet' on task 'candi_gene' (iter 4/5)
INFO  [11:56:11.750] [mlr3] Applying learner 'classif.cv_glmnet' on task 'candi_gene' (iter 5/5)
INFO  [11:56:11.952] [mlr3] Finished benchmark
INFO  [11:56:11.981] [bbotk] Result of batch 11:
INFO  [11:56:11.983] [bbotk]  alpha classif.auc warnings errors runtime_learners
INFO  [11:56:11.983] [bbotk]   0.65   0.5169082        0      0             0.93
INFO  [11:56:11.983] [bbotk]                                 uhash
INFO  [11:56:11.983] [bbotk]  fb1d46ff-7f46-4b66-804f-26debd972445
INFO  [11:56:11.985] [bbotk] Evaluating 1 configuration(s)
INFO  [11:56:12.011] [mlr3] Running benchmark with 5 resampling iterations
INFO  [11:56:12.016] [mlr3] Applying learner 'classif.cv_glmnet' on task 'candi_gene' (iter 1/5)
INFO  [11:56:12.224] [mlr3] Applying learner 'classif.cv_glmnet' on task 'candi_gene' (iter 2/5)
INFO  [11:56:12.419] [mlr3] Applying learner 'classif.cv_glmnet' on task 'candi_gene' (iter 3/5)
INFO  [11:56:12.613] [mlr3] Applying learner 'classif.cv_glmnet' on task 'candi_gene' (iter 4/5)
INFO  [11:56:12.802] [mlr3] Applying learner 'classif.cv_glmnet' on task 'candi_gene' (iter 5/5)
INFO  [11:56:12.995] [mlr3] Finished benchmark
INFO  [11:56:13.022] [bbotk] Result of batch 12:
INFO  [11:56:13.024] [bbotk]  alpha classif.auc warnings errors runtime_learners
INFO  [11:56:13.024] [bbotk]   0.85   0.5229654        0      0            0.931
INFO  [11:56:13.024] [bbotk]                                 uhash
INFO  [11:56:13.024] [bbotk]  3be8b7c4-5f84-4c83-8a08-6a226a28fb89
INFO  [11:56:13.026] [bbotk] Evaluating 1 configuration(s)
INFO  [11:56:13.052] [mlr3] Running benchmark with 5 resampling iterations
INFO  [11:56:13.057] [mlr3] Applying learner 'classif.cv_glmnet' on task 'candi_gene' (iter 1/5)
INFO  [11:56:13.273] [mlr3] Applying learner 'classif.cv_glmnet' on task 'candi_gene' (iter 2/5)
INFO  [11:56:13.469] [mlr3] Applying learner 'classif.cv_glmnet' on task 'candi_gene' (iter 3/5)
INFO  [11:56:13.660] [mlr3] Applying learner 'classif.cv_glmnet' on task 'candi_gene' (iter 4/5)
INFO  [11:56:14.268] [mlr3] Applying learner 'classif.cv_glmnet' on task 'candi_gene' (iter 5/5)
INFO  [11:56:14.456] [mlr3] Finished benchmark
INFO  [11:56:14.484] [bbotk] Result of batch 13:
INFO  [11:56:14.486] [bbotk]  alpha classif.auc warnings errors runtime_learners
INFO  [11:56:14.486] [bbotk]    0.8   0.5395493        0      0             1.35
INFO  [11:56:14.486] [bbotk]                                 uhash
INFO  [11:56:14.486] [bbotk]  0f2fd226-c9cd-4f33-b682-3d2657aa2a5d
INFO  [11:56:14.488] [bbotk] Evaluating 1 configuration(s)
INFO  [11:56:14.519] [mlr3] Running benchmark with 5 resampling iterations
INFO  [11:56:14.525] [mlr3] Applying learner 'classif.cv_glmnet' on task 'candi_gene' (iter 1/5)
INFO  [11:56:14.721] [mlr3] Applying learner 'classif.cv_glmnet' on task 'candi_gene' (iter 2/5)
INFO  [11:56:14.915] [mlr3] Applying learner 'classif.cv_glmnet' on task 'candi_gene' (iter 3/5)
INFO  [11:56:15.094] [mlr3] Applying learner 'classif.cv_glmnet' on task 'candi_gene' (iter 4/5)
INFO  [11:56:15.283] [mlr3] Applying learner 'classif.cv_glmnet' on task 'candi_gene' (iter 5/5)
INFO  [11:56:15.479] [mlr3] Finished benchmark
INFO  [11:56:15.507] [bbotk] Result of batch 14:
INFO  [11:56:15.509] [bbotk]  alpha classif.auc warnings errors runtime_learners
INFO  [11:56:15.509] [bbotk]    0.9   0.5511165        0      0            0.907
INFO  [11:56:15.509] [bbotk]                                 uhash
INFO  [11:56:15.509] [bbotk]  ade0a080-2dcb-44cc-92b4-84dcc0589106
INFO  [11:56:15.510] [bbotk] Evaluating 1 configuration(s)
INFO  [11:56:15.536] [mlr3] Running benchmark with 5 resampling iterations
INFO  [11:56:15.541] [mlr3] Applying learner 'classif.cv_glmnet' on task 'candi_gene' (iter 1/5)
INFO  [11:56:15.796] [mlr3] Applying learner 'classif.cv_glmnet' on task 'candi_gene' (iter 2/5)
INFO  [11:56:16.022] [mlr3] Applying learner 'classif.cv_glmnet' on task 'candi_gene' (iter 3/5)
INFO  [11:56:16.255] [mlr3] Applying learner 'classif.cv_glmnet' on task 'candi_gene' (iter 4/5)
INFO  [11:56:16.490] [mlr3] Applying learner 'classif.cv_glmnet' on task 'candi_gene' (iter 5/5)
INFO  [11:56:16.728] [mlr3] Finished benchmark
INFO  [11:56:16.755] [bbotk] Result of batch 15:
INFO  [11:56:16.757] [bbotk]  alpha classif.auc warnings errors runtime_learners
INFO  [11:56:16.757] [bbotk]   0.15   0.6481084        0      0            1.138
INFO  [11:56:16.757] [bbotk]                                 uhash
INFO  [11:56:16.757] [bbotk]  aae7f11d-94a0-438a-918e-c9f673e2293a
INFO  [11:56:16.759] [bbotk] Evaluating 1 configuration(s)
INFO  [11:56:16.784] [mlr3] Running benchmark with 5 resampling iterations
INFO  [11:56:16.789] [mlr3] Applying learner 'classif.cv_glmnet' on task 'candi_gene' (iter 1/5)
INFO  [11:56:17.055] [mlr3] Applying learner 'classif.cv_glmnet' on task 'candi_gene' (iter 2/5)
INFO  [11:56:17.302] [mlr3] Applying learner 'classif.cv_glmnet' on task 'candi_gene' (iter 3/5)
INFO  [11:56:17.552] [mlr3] Applying learner 'classif.cv_glmnet' on task 'candi_gene' (iter 4/5)
INFO  [11:56:17.816] [mlr3] Applying learner 'classif.cv_glmnet' on task 'candi_gene' (iter 5/5)
INFO  [11:56:18.071] [mlr3] Finished benchmark
INFO  [11:56:18.098] [bbotk] Result of batch 16:
INFO  [11:56:18.100] [bbotk]  alpha classif.auc warnings errors runtime_learners
INFO  [11:56:18.100] [bbotk]    0.1   0.6740197        0      0            1.232
INFO  [11:56:18.100] [bbotk]                                 uhash
INFO  [11:56:18.100] [bbotk]  b7f72a05-0144-4495-ab78-3b309f360010
INFO  [11:56:18.102] [bbotk] Evaluating 1 configuration(s)
INFO  [11:56:18.126] [mlr3] Running benchmark with 5 resampling iterations
INFO  [11:56:18.132] [mlr3] Applying learner 'classif.cv_glmnet' on task 'candi_gene' (iter 1/5)
INFO  [11:56:18.338] [mlr3] Applying learner 'classif.cv_glmnet' on task 'candi_gene' (iter 2/5)
INFO  [11:56:18.532] [mlr3] Applying learner 'classif.cv_glmnet' on task 'candi_gene' (iter 3/5)
INFO  [11:56:18.719] [mlr3] Applying learner 'classif.cv_glmnet' on task 'candi_gene' (iter 4/5)
INFO  [11:56:18.910] [mlr3] Applying learner 'classif.cv_glmnet' on task 'candi_gene' (iter 5/5)
INFO  [11:56:19.110] [mlr3] Finished benchmark
INFO  [11:56:19.137] [bbotk] Result of batch 17:
INFO  [11:56:19.139] [bbotk]  alpha classif.auc warnings errors runtime_learners
INFO  [11:56:19.139] [bbotk]      1    0.552733        0      0            0.932
INFO  [11:56:19.139] [bbotk]                                 uhash
INFO  [11:56:19.139] [bbotk]  a6ca7484-f098-4948-85de-b27784fa9a3a
INFO  [11:56:19.141] [bbotk] Evaluating 1 configuration(s)
INFO  [11:56:19.165] [mlr3] Running benchmark with 5 resampling iterations
INFO  [11:56:19.170] [mlr3] Applying learner 'classif.cv_glmnet' on task 'candi_gene' (iter 1/5)
INFO  [11:56:19.377] [mlr3] Applying learner 'classif.cv_glmnet' on task 'candi_gene' (iter 2/5)
INFO  [11:56:19.579] [mlr3] Applying learner 'classif.cv_glmnet' on task 'candi_gene' (iter 3/5)
INFO  [11:56:19.769] [mlr3] Applying learner 'classif.cv_glmnet' on task 'candi_gene' (iter 4/5)
INFO  [11:56:19.948] [mlr3] Applying learner 'classif.cv_glmnet' on task 'candi_gene' (iter 5/5)
INFO  [11:56:20.145] [mlr3] Finished benchmark
INFO  [11:56:20.172] [bbotk] Result of batch 18:
INFO  [11:56:20.174] [bbotk]  alpha classif.auc warnings errors runtime_learners
INFO  [11:56:20.174] [bbotk]    0.7   0.5964866        0      0            0.928
INFO  [11:56:20.174] [bbotk]                                 uhash
INFO  [11:56:20.174] [bbotk]  385cfa2f-51a0-4e78-9dd1-109b98270a26
INFO  [11:56:20.176] [bbotk] Evaluating 1 configuration(s)
INFO  [11:56:20.200] [mlr3] Running benchmark with 5 resampling iterations
INFO  [11:56:20.205] [mlr3] Applying learner 'classif.cv_glmnet' on task 'candi_gene' (iter 1/5)
INFO  [11:56:20.419] [mlr3] Applying learner 'classif.cv_glmnet' on task 'candi_gene' (iter 2/5)
INFO  [11:56:20.618] [mlr3] Applying learner 'classif.cv_glmnet' on task 'candi_gene' (iter 3/5)
INFO  [11:56:20.805] [mlr3] Applying learner 'classif.cv_glmnet' on task 'candi_gene' (iter 4/5)
INFO  [11:56:21.004] [mlr3] Applying learner 'classif.cv_glmnet' on task 'candi_gene' (iter 5/5)
INFO  [11:56:21.214] [mlr3] Finished benchmark
INFO  [11:56:21.241] [bbotk] Result of batch 19:
INFO  [11:56:21.244] [bbotk]  alpha classif.auc warnings errors runtime_learners
INFO  [11:56:21.244] [bbotk]    0.5   0.5926658        0      0            0.962
INFO  [11:56:21.244] [bbotk]                                 uhash
INFO  [11:56:21.244] [bbotk]  9ea73c6e-8dd4-43d8-830e-d6c6ea648ad1
INFO  [11:56:21.245] [bbotk] Evaluating 1 configuration(s)
INFO  [11:56:21.269] [mlr3] Running benchmark with 5 resampling iterations
INFO  [11:56:21.275] [mlr3] Applying learner 'classif.cv_glmnet' on task 'candi_gene' (iter 1/5)
INFO  [11:56:21.570] [mlr3] Applying learner 'classif.cv_glmnet' on task 'candi_gene' (iter 2/5)
INFO  [11:56:21.843] [mlr3] Applying learner 'classif.cv_glmnet' on task 'candi_gene' (iter 3/5)
INFO  [11:56:22.120] [mlr3] Applying learner 'classif.cv_glmnet' on task 'candi_gene' (iter 4/5)
INFO  [11:56:22.400] [mlr3] Applying learner 'classif.cv_glmnet' on task 'candi_gene' (iter 5/5)
INFO  [11:56:22.690] [mlr3] Finished benchmark
INFO  [11:56:22.718] [bbotk] Result of batch 20:
INFO  [11:56:22.721] [bbotk]  alpha classif.auc warnings errors runtime_learners
INFO  [11:56:22.721] [bbotk]   0.05   0.7589292        0      0            1.367
INFO  [11:56:22.721] [bbotk]                                 uhash
INFO  [11:56:22.721] [bbotk]  1b6391cc-14e8-43eb-9430-e5587255fa6a
INFO  [11:56:22.722] [bbotk] Evaluating 1 configuration(s)
INFO  [11:56:22.746] [mlr3] Running benchmark with 5 resampling iterations
INFO  [11:56:22.751] [mlr3] Applying learner 'classif.cv_glmnet' on task 'candi_gene' (iter 1/5)
INFO  [11:56:22.965] [mlr3] Applying learner 'classif.cv_glmnet' on task 'candi_gene' (iter 2/5)
INFO  [11:56:23.167] [mlr3] Applying learner 'classif.cv_glmnet' on task 'candi_gene' (iter 3/5)
INFO  [11:56:23.368] [mlr3] Applying learner 'classif.cv_glmnet' on task 'candi_gene' (iter 4/5)
INFO  [11:56:23.574] [mlr3] Applying learner 'classif.cv_glmnet' on task 'candi_gene' (iter 5/5)
INFO  [11:56:23.785] [mlr3] Finished benchmark
INFO  [11:56:23.814] [bbotk] Result of batch 21:
INFO  [11:56:23.817] [bbotk]  alpha classif.auc warnings errors runtime_learners
INFO  [11:56:23.817] [bbotk]   0.45   0.5343874        0      0            0.988
INFO  [11:56:23.817] [bbotk]                                 uhash
INFO  [11:56:23.817] [bbotk]  2ba43333-f1ae-46f4-b956-2ea49bce4653
INFO  [11:56:23.823] [bbotk] Finished optimizing after 21 evaluation(s)
INFO  [11:56:23.823] [bbotk] Result:
INFO  [11:56:23.826] [bbotk]   alpha learner_param_vals x_domain classif.auc
INFO  [11:56:23.826] [bbotk]  <char>             <list>   <list>       <num>
INFO  [11:56:23.826] [bbotk]    0.05       c(7.8947....     0.05   0.7589292
