Conda environment: *
R version 4.3.1 (2023-06-16)
Platform: x86_64-conda-linux-gnu (64-bit)
Running under: Red Hat Enterprise Linux 8.3 (Ootpa)

Matrix products: default
BLAS/LAPACK: /ess/home/home1/beiw/miniconda3/envs/5hmc_os_env/lib/libopenblasp-r0.3.27.so;  LAPACK version 3.12.0

locale:
[1] C

time zone: America/Chicago
tzcode source: system (glibc)

attached base packages:
[1] stats4    stats     graphics  grDevices utils     datasets  methods  
[8] base     

other attached packages:
 [1] conflicted_1.2.0            DESeq2_1.40.2              
 [3] SummarizedExperiment_1.30.2 Biobase_2.60.0             
 [5] MatrixGenerics_1.12.2       matrixStats_1.2.0          
 [7] GenomicRanges_1.52.0        GenomeInfoDb_1.36.1        
 [9] IRanges_2.34.1              S4Vectors_0.38.1           
[11] BiocGenerics_0.46.0         glmnet_4.1-8               
[13] Matrix_1.6-5                mlr3learners_0.5.8         
[15] mlr3tuning_0.19.0           paradox_0.11.1             
[17] mlr3_0.19.0                 lubridate_1.9.3            
[19] forcats_1.0.0               stringr_1.5.1              
[21] purrr_1.0.2                 readr_2.1.5                
[23] tidyr_1.3.1                 tibble_3.2.1               
[25] ggplot2_3.4.4               tidyverse_2.0.0            
[27] dplyr_1.1.4                

loaded via a namespace (and not attached):
 [1] gtable_0.3.4            shape_1.4.6             lattice_0.21-9         
 [4] tzdb_0.4.0              bitops_1.0-7            vctrs_0.6.4            
 [7] tools_4.3.1             generics_0.1.3          parallel_4.3.1         
[10] fansi_1.0.5             pkgconfig_2.0.3         data.table_1.15.2      
[13] checkmate_2.3.1         uuid_1.1-1              GenomeInfoDbData_1.2.11
[16] lifecycle_1.0.3         compiler_4.3.1          munsell_0.5.0          
[19] RhpcBLASctl_0.23-42     codetools_0.2-20        bbotk_0.7.2            
[22] RCurl_1.98-1.12         pillar_1.9.0            crayon_1.5.2           
[25] BiocParallel_1.34.2     cachem_1.0.8            DelayedArray_0.26.6    
[28] iterators_1.0.14        foreach_1.5.2           parallelly_1.37.1      
[31] locfit_1.5-9.8          tidyselect_1.2.0        digest_0.6.35          
[34] stringi_1.7.12          future_1.33.2           listenv_0.9.1          
[37] splines_4.3.1           fastmap_1.1.1           grid_4.3.1             
[40] colorspace_2.1-0        cli_3.6.1               magrittr_2.0.3         
[43] S4Arrays_1.0.4          survival_3.5-7          utf8_1.2.4             
[46] withr_2.5.1             scales_1.2.1            backports_1.4.1        
[49] timechange_0.2.0        XVector_0.40.0          globals_0.16.3         
[52] hms_1.1.3               memoise_2.0.1           mlr3misc_0.15.0        
[55] rlang_1.1.1             Rcpp_1.0.11             glue_1.6.2             
[58] palmerpenguins_0.1.1    lgr_0.4.4               R6_2.5.1               
[61] zlibbioc_1.46.0        
INFO  [11:56:30.967] [bbotk] Starting to optimize 1 parameter(s) with '<TunerGridSearch>' and '<TerminatorNone>'
INFO  [11:56:30.991] [bbotk] Evaluating 1 configuration(s)
INFO  [11:56:31.023] [mlr3] Running benchmark with 5 resampling iterations
INFO  [11:56:31.056] [mlr3] Applying learner 'classif.cv_glmnet' on task 'candi_gene' (iter 1/5)
INFO  [11:56:31.693] [mlr3] Applying learner 'classif.cv_glmnet' on task 'candi_gene' (iter 2/5)
INFO  [11:56:31.904] [mlr3] Applying learner 'classif.cv_glmnet' on task 'candi_gene' (iter 3/5)
INFO  [11:56:32.113] [mlr3] Applying learner 'classif.cv_glmnet' on task 'candi_gene' (iter 4/5)
INFO  [11:56:32.297] [mlr3] Applying learner 'classif.cv_glmnet' on task 'candi_gene' (iter 5/5)
INFO  [11:56:32.511] [mlr3] Finished benchmark
INFO  [11:56:32.538] [bbotk] Result of batch 1:
INFO  [11:56:32.542] [bbotk]  alpha classif.auc warnings errors runtime_learners
INFO  [11:56:32.542] [bbotk]   0.35   0.6290196        0      0            1.408
INFO  [11:56:32.542] [bbotk]                                 uhash
INFO  [11:56:32.542] [bbotk]  5f88e10f-ca38-476f-90ef-7623f5a20b67
INFO  [11:56:32.544] [bbotk] Evaluating 1 configuration(s)
INFO  [11:56:32.567] [mlr3] Running benchmark with 5 resampling iterations
INFO  [11:56:32.572] [mlr3] Applying learner 'classif.cv_glmnet' on task 'candi_gene' (iter 1/5)
INFO  [11:56:32.774] [mlr3] Applying learner 'classif.cv_glmnet' on task 'candi_gene' (iter 2/5)
INFO  [11:56:32.991] [mlr3] Applying learner 'classif.cv_glmnet' on task 'candi_gene' (iter 3/5)
INFO  [11:56:33.198] [mlr3] Applying learner 'classif.cv_glmnet' on task 'candi_gene' (iter 4/5)
INFO  [11:56:33.388] [mlr3] Applying learner 'classif.cv_glmnet' on task 'candi_gene' (iter 5/5)
INFO  [11:56:33.605] [mlr3] Finished benchmark
INFO  [11:56:33.629] [bbotk] Result of batch 2:
INFO  [11:56:33.631] [bbotk]  alpha classif.auc warnings errors runtime_learners
INFO  [11:56:33.631] [bbotk]    0.3   0.5012987        0      0            0.992
INFO  [11:56:33.631] [bbotk]                                 uhash
INFO  [11:56:33.631] [bbotk]  5926475a-c544-40e3-8771-ccd4692dd7f5
INFO  [11:56:33.633] [bbotk] Evaluating 1 configuration(s)
INFO  [11:56:33.655] [mlr3] Running benchmark with 5 resampling iterations
INFO  [11:56:33.660] [mlr3] Applying learner 'classif.cv_glmnet' on task 'candi_gene' (iter 1/5)
INFO  [11:56:33.848] [mlr3] Applying learner 'classif.cv_glmnet' on task 'candi_gene' (iter 2/5)
INFO  [11:56:34.046] [mlr3] Applying learner 'classif.cv_glmnet' on task 'candi_gene' (iter 3/5)
INFO  [11:56:34.237] [mlr3] Applying learner 'classif.cv_glmnet' on task 'candi_gene' (iter 4/5)
INFO  [11:56:34.414] [mlr3] Applying learner 'classif.cv_glmnet' on task 'candi_gene' (iter 5/5)
INFO  [11:56:34.617] [mlr3] Finished benchmark
INFO  [11:56:34.641] [bbotk] Result of batch 3:
INFO  [11:56:34.643] [bbotk]  alpha classif.auc warnings errors runtime_learners
INFO  [11:56:34.643] [bbotk]   0.65   0.6452254        0      0            0.914
INFO  [11:56:34.643] [bbotk]                                 uhash
INFO  [11:56:34.643] [bbotk]  c70485e5-538d-47ae-b3b9-7759b7a75047
INFO  [11:56:34.644] [bbotk] Evaluating 1 configuration(s)
INFO  [11:56:34.667] [mlr3] Running benchmark with 5 resampling iterations
INFO  [11:56:34.672] [mlr3] Applying learner 'classif.cv_glmnet' on task 'candi_gene' (iter 1/5)
INFO  [11:56:35.243] [mlr3] Applying learner 'classif.cv_glmnet' on task 'candi_gene' (iter 2/5)
INFO  [11:56:35.453] [mlr3] Applying learner 'classif.cv_glmnet' on task 'candi_gene' (iter 3/5)
INFO  [11:56:35.671] [mlr3] Applying learner 'classif.cv_glmnet' on task 'candi_gene' (iter 4/5)
INFO  [11:56:35.868] [mlr3] Applying learner 'classif.cv_glmnet' on task 'candi_gene' (iter 5/5)
INFO  [11:56:36.084] [mlr3] Finished benchmark
INFO  [11:56:36.108] [bbotk] Result of batch 4:
INFO  [11:56:36.110] [bbotk]  alpha classif.auc warnings errors runtime_learners
INFO  [11:56:36.110] [bbotk]   0.25   0.5374892        0      0             1.37
INFO  [11:56:36.110] [bbotk]                                 uhash
INFO  [11:56:36.110] [bbotk]  2150a9ec-9cfd-49e7-83e4-bfe36192c59c
INFO  [11:56:36.111] [bbotk] Evaluating 1 configuration(s)
INFO  [11:56:36.134] [mlr3] Running benchmark with 5 resampling iterations
INFO  [11:56:36.139] [mlr3] Applying learner 'classif.cv_glmnet' on task 'candi_gene' (iter 1/5)
INFO  [11:56:36.307] [mlr3] Applying learner 'classif.cv_glmnet' on task 'candi_gene' (iter 2/5)
INFO  [11:56:36.506] [mlr3] Applying learner 'classif.cv_glmnet' on task 'candi_gene' (iter 3/5)
INFO  [11:56:36.689] [mlr3] Applying learner 'classif.cv_glmnet' on task 'candi_gene' (iter 4/5)
INFO  [11:56:36.852] [mlr3] Applying learner 'classif.cv_glmnet' on task 'candi_gene' (iter 5/5)
INFO  [11:56:37.047] [mlr3] Finished benchmark
INFO  [11:56:37.071] [bbotk] Result of batch 5:
INFO  [11:56:37.073] [bbotk]  alpha classif.auc warnings errors runtime_learners
INFO  [11:56:37.073] [bbotk]    0.9   0.5716617        0      0            0.866
INFO  [11:56:37.073] [bbotk]                                 uhash
INFO  [11:56:37.073] [bbotk]  42d93b04-5424-4d23-a228-4413725e3b66
INFO  [11:56:37.075] [bbotk] Evaluating 1 configuration(s)
INFO  [11:56:37.097] [mlr3] Running benchmark with 5 resampling iterations
INFO  [11:56:37.102] [mlr3] Applying learner 'classif.cv_glmnet' on task 'candi_gene' (iter 1/5)
INFO  [11:56:37.275] [mlr3] Applying learner 'classif.cv_glmnet' on task 'candi_gene' (iter 2/5)
INFO  [11:56:37.483] [mlr3] Applying learner 'classif.cv_glmnet' on task 'candi_gene' (iter 3/5)
INFO  [11:56:37.670] [mlr3] Applying learner 'classif.cv_glmnet' on task 'candi_gene' (iter 4/5)
INFO  [11:56:37.848] [mlr3] Applying learner 'classif.cv_glmnet' on task 'candi_gene' (iter 5/5)
INFO  [11:56:38.037] [mlr3] Finished benchmark
INFO  [11:56:38.061] [bbotk] Result of batch 6:
INFO  [11:56:38.063] [bbotk]  alpha classif.auc warnings errors runtime_learners
INFO  [11:56:38.063] [bbotk]   0.95   0.5249151        0      0            0.894
INFO  [11:56:38.063] [bbotk]                                 uhash
INFO  [11:56:38.063] [bbotk]  5975ecaa-de1c-498d-ba84-97db64f8bcab
INFO  [11:56:38.064] [bbotk] Evaluating 1 configuration(s)
INFO  [11:56:38.087] [mlr3] Running benchmark with 5 resampling iterations
INFO  [11:56:38.092] [mlr3] Applying learner 'classif.cv_glmnet' on task 'candi_gene' (iter 1/5)
INFO  [11:56:38.264] [mlr3] Applying learner 'classif.cv_glmnet' on task 'candi_gene' (iter 2/5)
INFO  [11:56:38.460] [mlr3] Applying learner 'classif.cv_glmnet' on task 'candi_gene' (iter 3/5)
INFO  [11:56:38.640] [mlr3] Applying learner 'classif.cv_glmnet' on task 'candi_gene' (iter 4/5)
INFO  [11:56:38.810] [mlr3] Applying learner 'classif.cv_glmnet' on task 'candi_gene' (iter 5/5)
INFO  [11:56:39.000] [mlr3] Finished benchmark
INFO  [11:56:39.024] [bbotk] Result of batch 7:
INFO  [11:56:39.026] [bbotk]  alpha classif.auc warnings errors runtime_learners
INFO  [11:56:39.026] [bbotk]   0.75   0.5476523        0      0            0.867
INFO  [11:56:39.026] [bbotk]                                 uhash
INFO  [11:56:39.026] [bbotk]  4f4a8587-2336-4bdf-995e-a5ac4f54805a
INFO  [11:56:39.027] [bbotk] Evaluating 1 configuration(s)
INFO  [11:56:39.050] [mlr3] Running benchmark with 5 resampling iterations
INFO  [11:56:39.054] [mlr3] Applying learner 'classif.cv_glmnet' on task 'candi_gene' (iter 1/5)
INFO  [11:56:39.227] [mlr3] Applying learner 'classif.cv_glmnet' on task 'candi_gene' (iter 2/5)
INFO  [11:56:39.423] [mlr3] Applying learner 'classif.cv_glmnet' on task 'candi_gene' (iter 3/5)
INFO  [11:56:39.615] [mlr3] Applying learner 'classif.cv_glmnet' on task 'candi_gene' (iter 4/5)
INFO  [11:56:39.789] [mlr3] Applying learner 'classif.cv_glmnet' on task 'candi_gene' (iter 5/5)
INFO  [11:56:39.983] [mlr3] Finished benchmark
INFO  [11:56:40.008] [bbotk] Result of batch 8:
INFO  [11:56:40.010] [bbotk]  alpha classif.auc warnings errors runtime_learners
INFO  [11:56:40.010] [bbotk]    0.6   0.6335684        0      0            0.889
INFO  [11:56:40.010] [bbotk]                                 uhash
INFO  [11:56:40.010] [bbotk]  0fc930f2-ed16-435e-bbc6-17ad37d24b17
INFO  [11:56:40.011] [bbotk] Evaluating 1 configuration(s)
INFO  [11:56:40.033] [mlr3] Running benchmark with 5 resampling iterations
INFO  [11:56:40.038] [mlr3] Applying learner 'classif.cv_glmnet' on task 'candi_gene' (iter 1/5)
INFO  [11:56:40.224] [mlr3] Applying learner 'classif.cv_glmnet' on task 'candi_gene' (iter 2/5)
INFO  [11:56:40.416] [mlr3] Applying learner 'classif.cv_glmnet' on task 'candi_gene' (iter 3/5)
INFO  [11:56:40.607] [mlr3] Applying learner 'classif.cv_glmnet' on task 'candi_gene' (iter 4/5)
INFO  [11:56:40.783] [mlr3] Applying learner 'classif.cv_glmnet' on task 'candi_gene' (iter 5/5)
INFO  [11:56:40.981] [mlr3] Finished benchmark
INFO  [11:56:41.006] [bbotk] Result of batch 9:
INFO  [11:56:41.008] [bbotk]  alpha classif.auc warnings errors runtime_learners
INFO  [11:56:41.008] [bbotk]    0.5   0.5142857        0      0              0.9
INFO  [11:56:41.008] [bbotk]                                 uhash
INFO  [11:56:41.008] [bbotk]  7ac5f715-718d-46b7-a516-23074eada29a
INFO  [11:56:41.009] [bbotk] Evaluating 1 configuration(s)
INFO  [11:56:41.031] [mlr3] Running benchmark with 5 resampling iterations
INFO  [11:56:41.036] [mlr3] Applying learner 'classif.cv_glmnet' on task 'candi_gene' (iter 1/5)
INFO  [11:56:41.217] [mlr3] Applying learner 'classif.cv_glmnet' on task 'candi_gene' (iter 2/5)
INFO  [11:56:41.410] [mlr3] Applying learner 'classif.cv_glmnet' on task 'candi_gene' (iter 3/5)
INFO  [11:56:41.602] [mlr3] Applying learner 'classif.cv_glmnet' on task 'candi_gene' (iter 4/5)
INFO  [11:56:41.779] [mlr3] Applying learner 'classif.cv_glmnet' on task 'candi_gene' (iter 5/5)
INFO  [11:56:41.974] [mlr3] Finished benchmark
INFO  [11:56:41.998] [bbotk] Result of batch 10:
INFO  [11:56:42.000] [bbotk]  alpha classif.auc warnings errors runtime_learners
INFO  [11:56:42.000] [bbotk]   0.55   0.5628771        0      0            0.896
INFO  [11:56:42.000] [bbotk]                                 uhash
INFO  [11:56:42.000] [bbotk]  92aaf3a6-b19f-4077-836c-194f90d267df
INFO  [11:56:42.001] [bbotk] Evaluating 1 configuration(s)
INFO  [11:56:42.024] [mlr3] Running benchmark with 5 resampling iterations
INFO  [11:56:42.028] [mlr3] Applying learner 'classif.cv_glmnet' on task 'candi_gene' (iter 1/5)
INFO  [11:56:42.283] [mlr3] Applying learner 'classif.cv_glmnet' on task 'candi_gene' (iter 2/5)
INFO  [11:56:42.521] [mlr3] Applying learner 'classif.cv_glmnet' on task 'candi_gene' (iter 3/5)
INFO  [11:56:42.765] [mlr3] Applying learner 'classif.cv_glmnet' on task 'candi_gene' (iter 4/5)
INFO  [11:56:42.997] [mlr3] Applying learner 'classif.cv_glmnet' on task 'candi_gene' (iter 5/5)
INFO  [11:56:43.249] [mlr3] Finished benchmark
INFO  [11:56:43.274] [bbotk] Result of batch 11:
INFO  [11:56:43.276] [bbotk]  alpha classif.auc warnings errors runtime_learners
INFO  [11:56:43.276] [bbotk]    0.1   0.6352128        0      0            1.178
INFO  [11:56:43.276] [bbotk]                                 uhash
INFO  [11:56:43.276] [bbotk]  8066028e-64d5-4e82-906f-0068f07ae84e
INFO  [11:56:43.277] [bbotk] Evaluating 1 configuration(s)
INFO  [11:56:43.300] [mlr3] Running benchmark with 5 resampling iterations
INFO  [11:56:43.305] [mlr3] Applying learner 'classif.cv_glmnet' on task 'candi_gene' (iter 1/5)
INFO  [11:56:43.495] [mlr3] Applying learner 'classif.cv_glmnet' on task 'candi_gene' (iter 2/5)
INFO  [11:56:43.698] [mlr3] Applying learner 'classif.cv_glmnet' on task 'candi_gene' (iter 3/5)
INFO  [11:56:43.897] [mlr3] Applying learner 'classif.cv_glmnet' on task 'candi_gene' (iter 4/5)
INFO  [11:56:44.079] [mlr3] Applying learner 'classif.cv_glmnet' on task 'candi_gene' (iter 5/5)
INFO  [11:56:44.275] [mlr3] Finished benchmark
INFO  [11:56:44.300] [bbotk] Result of batch 12:
INFO  [11:56:44.302] [bbotk]  alpha classif.auc warnings errors runtime_learners
INFO  [11:56:44.302] [bbotk]   0.45   0.5359474        0      0            0.929
INFO  [11:56:44.302] [bbotk]                                 uhash
INFO  [11:56:44.302] [bbotk]  67980d70-aabe-47b3-bb6e-e683bce733e4
INFO  [11:56:44.303] [bbotk] Evaluating 1 configuration(s)
INFO  [11:56:44.326] [mlr3] Running benchmark with 5 resampling iterations
INFO  [11:56:44.330] [mlr3] Applying learner 'classif.cv_glmnet' on task 'candi_gene' (iter 1/5)
INFO  [11:56:44.555] [mlr3] Applying learner 'classif.cv_glmnet' on task 'candi_gene' (iter 2/5)
INFO  [11:56:44.780] [mlr3] Applying learner 'classif.cv_glmnet' on task 'candi_gene' (iter 3/5)
INFO  [11:56:45.000] [mlr3] Applying learner 'classif.cv_glmnet' on task 'candi_gene' (iter 4/5)
INFO  [11:56:45.209] [mlr3] Applying learner 'classif.cv_glmnet' on task 'candi_gene' (iter 5/5)
INFO  [11:56:45.436] [mlr3] Finished benchmark
INFO  [11:56:45.461] [bbotk] Result of batch 13:
INFO  [11:56:45.463] [bbotk]  alpha classif.auc warnings errors runtime_learners
INFO  [11:56:45.463] [bbotk]    0.2   0.6872781        0      0            1.063
INFO  [11:56:45.463] [bbotk]                                 uhash
INFO  [11:56:45.463] [bbotk]  37075160-b424-4bc8-9087-e0b291b84a2d
INFO  [11:56:45.464] [bbotk] Evaluating 1 configuration(s)
INFO  [11:56:45.487] [mlr3] Running benchmark with 5 resampling iterations
INFO  [11:56:45.492] [mlr3] Applying learner 'classif.cv_glmnet' on task 'candi_gene' (iter 1/5)
INFO  [11:56:45.723] [mlr3] Applying learner 'classif.cv_glmnet' on task 'candi_gene' (iter 2/5)
INFO  [11:56:45.957] [mlr3] Applying learner 'classif.cv_glmnet' on task 'candi_gene' (iter 3/5)
INFO  [11:56:46.187] [mlr3] Applying learner 'classif.cv_glmnet' on task 'candi_gene' (iter 4/5)
INFO  [11:56:46.407] [mlr3] Applying learner 'classif.cv_glmnet' on task 'candi_gene' (iter 5/5)
INFO  [11:56:46.646] [mlr3] Finished benchmark
INFO  [11:56:46.670] [bbotk] Result of batch 14:
INFO  [11:56:46.672] [bbotk]  alpha classif.auc warnings errors runtime_learners
INFO  [11:56:46.672] [bbotk]   0.15   0.5329437        0      0            1.113
INFO  [11:56:46.672] [bbotk]                                 uhash
INFO  [11:56:46.672] [bbotk]  c1a690b0-3a4c-40e1-bed6-b91ec3c6c265
INFO  [11:56:46.673] [bbotk] Evaluating 1 configuration(s)
INFO  [11:56:46.697] [mlr3] Running benchmark with 5 resampling iterations
INFO  [11:56:46.701] [mlr3] Applying learner 'classif.cv_glmnet' on task 'candi_gene' (iter 1/5)
INFO  [11:56:46.872] [mlr3] Applying learner 'classif.cv_glmnet' on task 'candi_gene' (iter 2/5)
INFO  [11:56:47.073] [mlr3] Applying learner 'classif.cv_glmnet' on task 'candi_gene' (iter 3/5)
INFO  [11:56:47.642] [mlr3] Applying learner 'classif.cv_glmnet' on task 'candi_gene' (iter 4/5)
INFO  [11:56:47.801] [mlr3] Applying learner 'classif.cv_glmnet' on task 'candi_gene' (iter 5/5)
INFO  [11:56:47.993] [mlr3] Finished benchmark
INFO  [11:56:48.017] [bbotk] Result of batch 15:
INFO  [11:56:48.019] [bbotk]  alpha classif.auc warnings errors runtime_learners
INFO  [11:56:48.019] [bbotk]    0.7    0.531685        0      0            1.248
INFO  [11:56:48.019] [bbotk]                                 uhash
INFO  [11:56:48.019] [bbotk]  15e1905b-dc43-4a0e-bba6-c5751540359b
INFO  [11:56:48.020] [bbotk] Evaluating 1 configuration(s)
INFO  [11:56:48.043] [mlr3] Running benchmark with 5 resampling iterations
INFO  [11:56:48.047] [mlr3] Applying learner 'classif.cv_glmnet' on task 'candi_gene' (iter 1/5)
INFO  [11:56:48.220] [mlr3] Applying learner 'classif.cv_glmnet' on task 'candi_gene' (iter 2/5)
INFO  [11:56:48.407] [mlr3] Applying learner 'classif.cv_glmnet' on task 'candi_gene' (iter 3/5)
INFO  [11:56:48.591] [mlr3] Applying learner 'classif.cv_glmnet' on task 'candi_gene' (iter 4/5)
INFO  [11:56:48.759] [mlr3] Applying learner 'classif.cv_glmnet' on task 'candi_gene' (iter 5/5)
INFO  [11:56:48.946] [mlr3] Finished benchmark
INFO  [11:56:48.976] [bbotk] Result of batch 16:
INFO  [11:56:48.978] [bbotk]  alpha classif.auc warnings errors runtime_learners
INFO  [11:56:48.978] [bbotk]   0.85   0.5476856        0      0            0.858
INFO  [11:56:48.978] [bbotk]                                 uhash
INFO  [11:56:48.978] [bbotk]  d5c06bb9-f594-49c9-8c7d-8da889b016c8
INFO  [11:56:48.979] [bbotk] Evaluating 1 configuration(s)
INFO  [11:56:49.001] [mlr3] Running benchmark with 5 resampling iterations
INFO  [11:56:49.006] [mlr3] Applying learner 'classif.cv_glmnet' on task 'candi_gene' (iter 1/5)
INFO  [11:56:49.177] [mlr3] Applying learner 'classif.cv_glmnet' on task 'candi_gene' (iter 2/5)
INFO  [11:56:49.378] [mlr3] Applying learner 'classif.cv_glmnet' on task 'candi_gene' (iter 3/5)
INFO  [11:56:49.561] [mlr3] Applying learner 'classif.cv_glmnet' on task 'candi_gene' (iter 4/5)
INFO  [11:56:49.722] [mlr3] Applying learner 'classif.cv_glmnet' on task 'candi_gene' (iter 5/5)
INFO  [11:56:49.915] [mlr3] Finished benchmark
INFO  [11:56:49.940] [bbotk] Result of batch 17:
INFO  [11:56:49.941] [bbotk]  alpha classif.auc warnings errors runtime_learners
INFO  [11:56:49.941] [bbotk]    0.8   0.5468198        0      0            0.866
INFO  [11:56:49.941] [bbotk]                                 uhash
INFO  [11:56:49.941] [bbotk]  d71a2296-1fcf-446a-9dbc-75882f6977e9
INFO  [11:56:49.943] [bbotk] Evaluating 1 configuration(s)
INFO  [11:56:49.965] [mlr3] Running benchmark with 5 resampling iterations
INFO  [11:56:49.970] [mlr3] Applying learner 'classif.cv_glmnet' on task 'candi_gene' (iter 1/5)
INFO  [11:56:50.234] [mlr3] Applying learner 'classif.cv_glmnet' on task 'candi_gene' (iter 2/5)
INFO  [11:56:50.498] [mlr3] Applying learner 'classif.cv_glmnet' on task 'candi_gene' (iter 3/5)
INFO  [11:56:50.762] [mlr3] Applying learner 'classif.cv_glmnet' on task 'candi_gene' (iter 4/5)
INFO  [11:56:51.014] [mlr3] Applying learner 'classif.cv_glmnet' on task 'candi_gene' (iter 5/5)
INFO  [11:56:51.288] [mlr3] Finished benchmark
INFO  [11:56:51.312] [bbotk] Result of batch 18:
INFO  [11:56:51.314] [bbotk]  alpha classif.auc warnings errors runtime_learners
INFO  [11:56:51.314] [bbotk]   0.05   0.6595298        0      0            1.276
INFO  [11:56:51.314] [bbotk]                                 uhash
INFO  [11:56:51.314] [bbotk]  417b3498-70fa-4aed-b49d-713f88eaf434
INFO  [11:56:51.316] [bbotk] Evaluating 1 configuration(s)
INFO  [11:56:51.338] [mlr3] Running benchmark with 5 resampling iterations
INFO  [11:56:51.343] [mlr3] Applying learner 'classif.cv_glmnet' on task 'candi_gene' (iter 1/5)
INFO  [11:56:51.519] [mlr3] Applying learner 'classif.cv_glmnet' on task 'candi_gene' (iter 2/5)
INFO  [11:56:51.721] [mlr3] Applying learner 'classif.cv_glmnet' on task 'candi_gene' (iter 3/5)
INFO  [11:56:51.908] [mlr3] Applying learner 'classif.cv_glmnet' on task 'candi_gene' (iter 4/5)
INFO  [11:56:52.079] [mlr3] Applying learner 'classif.cv_glmnet' on task 'candi_gene' (iter 5/5)
INFO  [11:56:52.271] [mlr3] Finished benchmark
INFO  [11:56:52.296] [bbotk] Result of batch 19:
INFO  [11:56:52.298] [bbotk]  alpha classif.auc warnings errors runtime_learners
INFO  [11:56:52.298] [bbotk]      1   0.5347619        0      0            0.887
INFO  [11:56:52.298] [bbotk]                                 uhash
INFO  [11:56:52.298] [bbotk]  d0c27be4-361a-4e27-900a-953a0f0e82e8
INFO  [11:56:52.299] [bbotk] Evaluating 1 configuration(s)
INFO  [11:56:52.322] [mlr3] Running benchmark with 5 resampling iterations
INFO  [11:56:52.326] [mlr3] Applying learner 'classif.cv_glmnet' on task 'candi_gene' (iter 1/5)
INFO  [11:56:52.517] [mlr3] Applying learner 'classif.cv_glmnet' on task 'candi_gene' (iter 2/5)
INFO  [11:56:52.718] [mlr3] Applying learner 'classif.cv_glmnet' on task 'candi_gene' (iter 3/5)
INFO  [11:56:52.929] [mlr3] Applying learner 'classif.cv_glmnet' on task 'candi_gene' (iter 4/5)
INFO  [11:56:53.102] [mlr3] Applying learner 'classif.cv_glmnet' on task 'candi_gene' (iter 5/5)
INFO  [11:56:53.306] [mlr3] Finished benchmark
INFO  [11:56:53.331] [bbotk] Result of batch 20:
INFO  [11:56:53.333] [bbotk]  alpha classif.auc warnings errors runtime_learners
INFO  [11:56:53.333] [bbotk]    0.4   0.5450549        0      0             0.94
INFO  [11:56:53.333] [bbotk]                                 uhash
INFO  [11:56:53.333] [bbotk]  4dddd73c-da3f-4eac-b442-20f61e3d404b
INFO  [11:56:53.335] [bbotk] Evaluating 1 configuration(s)
INFO  [11:56:53.357] [mlr3] Running benchmark with 5 resampling iterations
INFO  [11:56:53.362] [mlr3] Applying learner 'classif.cv_glmnet' on task 'candi_gene' (iter 1/5)
INFO  [11:56:53.783] [mlr3] Applying learner 'classif.cv_glmnet' on task 'candi_gene' (iter 2/5)
INFO  [11:56:54.202] [mlr3] Applying learner 'classif.cv_glmnet' on task 'candi_gene' (iter 3/5)
INFO  [11:56:54.613] [mlr3] Applying learner 'classif.cv_glmnet' on task 'candi_gene' (iter 4/5)
INFO  [11:56:55.053] [mlr3] Applying learner 'classif.cv_glmnet' on task 'candi_gene' (iter 5/5)
INFO  [11:56:55.419] [mlr3] Finished benchmark
INFO  [11:56:55.444] [bbotk] Result of batch 21:
INFO  [11:56:55.446] [bbotk]  alpha classif.auc warnings errors runtime_learners
INFO  [11:56:55.446] [bbotk]      0   0.6147013        0      0            2.014
INFO  [11:56:55.446] [bbotk]                                 uhash
INFO  [11:56:55.446] [bbotk]  642f8ef6-21b2-4bc1-8ff5-149a51d5ce25
INFO  [11:56:55.451] [bbotk] Finished optimizing after 21 evaluation(s)
INFO  [11:56:55.451] [bbotk] Result:
INFO  [11:56:55.454] [bbotk]   alpha learner_param_vals x_domain classif.auc
INFO  [11:56:55.454] [bbotk]  <char>             <list>   <list>       <num>
INFO  [11:56:55.454] [bbotk]     0.2       c(7.8947....      0.2   0.6872781
