Conda environment: *
R version 4.3.1 (2023-06-16)
Platform: x86_64-conda-linux-gnu (64-bit)
Running under: Red Hat Enterprise Linux 8.3 (Ootpa)

Matrix products: default
BLAS/LAPACK: /ess/home/home1/beiw/miniconda3/envs/5hmc_os_env/lib/libopenblasp-r0.3.27.so;  LAPACK version 3.12.0

locale:
[1] C

time zone: America/Chicago
tzcode source: system (glibc)

attached base packages:
[1] stats4    stats     graphics  grDevices utils     datasets  methods  
[8] base     

other attached packages:
 [1] conflicted_1.2.0            DESeq2_1.40.2              
 [3] SummarizedExperiment_1.30.2 Biobase_2.60.0             
 [5] MatrixGenerics_1.12.2       matrixStats_1.2.0          
 [7] GenomicRanges_1.52.0        GenomeInfoDb_1.36.1        
 [9] IRanges_2.34.1              S4Vectors_0.38.1           
[11] BiocGenerics_0.46.0         glmnet_4.1-8               
[13] Matrix_1.6-5                mlr3learners_0.5.8         
[15] mlr3tuning_0.19.0           paradox_0.11.1             
[17] mlr3_0.19.0                 lubridate_1.9.3            
[19] forcats_1.0.0               stringr_1.5.1              
[21] purrr_1.0.2                 readr_2.1.5                
[23] tidyr_1.3.1                 tibble_3.2.1               
[25] ggplot2_3.4.4               tidyverse_2.0.0            
[27] dplyr_1.1.4                

loaded via a namespace (and not attached):
 [1] gtable_0.3.4            shape_1.4.6             lattice_0.21-9         
 [4] tzdb_0.4.0              bitops_1.0-7            vctrs_0.6.4            
 [7] tools_4.3.1             generics_0.1.3          parallel_4.3.1         
[10] fansi_1.0.5             pkgconfig_2.0.3         data.table_1.15.2      
[13] checkmate_2.3.1         uuid_1.1-1              GenomeInfoDbData_1.2.11
[16] lifecycle_1.0.3         compiler_4.3.1          munsell_0.5.0          
[19] RhpcBLASctl_0.23-42     codetools_0.2-20        bbotk_0.7.2            
[22] RCurl_1.98-1.12         pillar_1.9.0            crayon_1.5.2           
[25] BiocParallel_1.34.2     cachem_1.0.8            DelayedArray_0.26.6    
[28] iterators_1.0.14        foreach_1.5.2           parallelly_1.37.1      
[31] locfit_1.5-9.8          tidyselect_1.2.0        digest_0.6.35          
[34] stringi_1.7.12          future_1.33.2           listenv_0.9.1          
[37] splines_4.3.1           fastmap_1.1.1           grid_4.3.1             
[40] colorspace_2.1-0        cli_3.6.1               magrittr_2.0.3         
[43] S4Arrays_1.0.4          survival_3.5-7          utf8_1.2.4             
[46] withr_2.5.1             scales_1.2.1            backports_1.4.1        
[49] timechange_0.2.0        XVector_0.40.0          globals_0.16.3         
[52] hms_1.1.3               memoise_2.0.1           mlr3misc_0.15.0        
[55] rlang_1.1.1             Rcpp_1.0.11             glue_1.6.2             
[58] palmerpenguins_0.1.1    lgr_0.4.4               R6_2.5.1               
[61] zlibbioc_1.46.0        
INFO  [11:56:36.542] [bbotk] Starting to optimize 1 parameter(s) with '<TunerGridSearch>' and '<TerminatorNone>'
INFO  [11:56:36.567] [bbotk] Evaluating 1 configuration(s)
INFO  [11:56:36.600] [mlr3] Running benchmark with 5 resampling iterations
INFO  [11:56:36.634] [mlr3] Applying learner 'classif.cv_glmnet' on task 'candi_gene' (iter 1/5)
INFO  [11:56:37.298] [mlr3] Applying learner 'classif.cv_glmnet' on task 'candi_gene' (iter 2/5)
INFO  [11:56:37.497] [mlr3] Applying learner 'classif.cv_glmnet' on task 'candi_gene' (iter 3/5)
INFO  [11:56:37.693] [mlr3] Applying learner 'classif.cv_glmnet' on task 'candi_gene' (iter 4/5)
INFO  [11:56:37.874] [mlr3] Applying learner 'classif.cv_glmnet' on task 'candi_gene' (iter 5/5)
INFO  [11:56:38.060] [mlr3] Finished benchmark
INFO  [11:56:38.087] [bbotk] Result of batch 1:
INFO  [11:56:38.091] [bbotk]  alpha classif.auc warnings errors runtime_learners
INFO  [11:56:38.091] [bbotk]   0.95   0.5471861        0      0            1.379
INFO  [11:56:38.091] [bbotk]                                 uhash
INFO  [11:56:38.091] [bbotk]  25cbe965-55f0-4748-a0a7-58554c8021a2
INFO  [11:56:38.093] [bbotk] Evaluating 1 configuration(s)
INFO  [11:56:38.116] [mlr3] Running benchmark with 5 resampling iterations
INFO  [11:56:38.121] [mlr3] Applying learner 'classif.cv_glmnet' on task 'candi_gene' (iter 1/5)
INFO  [11:56:38.297] [mlr3] Applying learner 'classif.cv_glmnet' on task 'candi_gene' (iter 2/5)
INFO  [11:56:38.488] [mlr3] Applying learner 'classif.cv_glmnet' on task 'candi_gene' (iter 3/5)
INFO  [11:56:38.681] [mlr3] Applying learner 'classif.cv_glmnet' on task 'candi_gene' (iter 4/5)
INFO  [11:56:38.864] [mlr3] Applying learner 'classif.cv_glmnet' on task 'candi_gene' (iter 5/5)
INFO  [11:56:39.051] [mlr3] Finished benchmark
INFO  [11:56:39.081] [bbotk] Result of batch 2:
INFO  [11:56:39.083] [bbotk]  alpha classif.auc warnings errors runtime_learners
INFO  [11:56:39.083] [bbotk]    0.8   0.5402597        0      0             0.89
INFO  [11:56:39.083] [bbotk]                                 uhash
INFO  [11:56:39.083] [bbotk]  781e850b-e24b-4c25-95e8-78acd7c3d1a9
INFO  [11:56:39.085] [bbotk] Evaluating 1 configuration(s)
INFO  [11:56:39.108] [mlr3] Running benchmark with 5 resampling iterations
INFO  [11:56:39.112] [mlr3] Applying learner 'classif.cv_glmnet' on task 'candi_gene' (iter 1/5)
INFO  [11:56:39.529] [mlr3] Applying learner 'classif.cv_glmnet' on task 'candi_gene' (iter 2/5)
INFO  [11:56:40.313] [mlr3] Applying learner 'classif.cv_glmnet' on task 'candi_gene' (iter 3/5)
INFO  [11:56:40.706] [mlr3] Applying learner 'classif.cv_glmnet' on task 'candi_gene' (iter 4/5)
INFO  [11:56:41.130] [mlr3] Applying learner 'classif.cv_glmnet' on task 'candi_gene' (iter 5/5)
INFO  [11:56:41.548] [mlr3] Finished benchmark
INFO  [11:56:41.573] [bbotk] Result of batch 3:
INFO  [11:56:41.575] [bbotk]  alpha classif.auc warnings errors runtime_learners
INFO  [11:56:41.575] [bbotk]      0   0.5454106        0      0            2.394
INFO  [11:56:41.575] [bbotk]                                 uhash
INFO  [11:56:41.575] [bbotk]  2c0d40fe-3b6b-4503-8016-a4ed439cedc3
INFO  [11:56:41.576] [bbotk] Evaluating 1 configuration(s)
INFO  [11:56:41.599] [mlr3] Running benchmark with 5 resampling iterations
INFO  [11:56:41.603] [mlr3] Applying learner 'classif.cv_glmnet' on task 'candi_gene' (iter 1/5)
INFO  [11:56:41.789] [mlr3] Applying learner 'classif.cv_glmnet' on task 'candi_gene' (iter 2/5)
INFO  [11:56:41.989] [mlr3] Applying learner 'classif.cv_glmnet' on task 'candi_gene' (iter 3/5)
INFO  [11:56:42.221] [mlr3] Applying learner 'classif.cv_glmnet' on task 'candi_gene' (iter 4/5)
INFO  [11:56:42.419] [mlr3] Applying learner 'classif.cv_glmnet' on task 'candi_gene' (iter 5/5)
INFO  [11:56:42.614] [mlr3] Finished benchmark
INFO  [11:56:42.647] [bbotk] Result of batch 4:
INFO  [11:56:42.649] [bbotk]  alpha classif.auc warnings errors runtime_learners
INFO  [11:56:42.649] [bbotk]    0.4   0.5811829        0      0            0.952
INFO  [11:56:42.649] [bbotk]                                 uhash
INFO  [11:56:42.649] [bbotk]  9217642a-9e6a-4242-82b4-e984410e544d
INFO  [11:56:42.650] [bbotk] Evaluating 1 configuration(s)
INFO  [11:56:42.673] [mlr3] Running benchmark with 5 resampling iterations
INFO  [11:56:42.678] [mlr3] Applying learner 'classif.cv_glmnet' on task 'candi_gene' (iter 1/5)
INFO  [11:56:42.854] [mlr3] Applying learner 'classif.cv_glmnet' on task 'candi_gene' (iter 2/5)
INFO  [11:56:43.048] [mlr3] Applying learner 'classif.cv_glmnet' on task 'candi_gene' (iter 3/5)
INFO  [11:56:43.253] [mlr3] Applying learner 'classif.cv_glmnet' on task 'candi_gene' (iter 4/5)
INFO  [11:56:43.438] [mlr3] Applying learner 'classif.cv_glmnet' on task 'candi_gene' (iter 5/5)
INFO  [11:56:43.630] [mlr3] Finished benchmark
INFO  [11:56:43.655] [bbotk] Result of batch 5:
INFO  [11:56:43.657] [bbotk]  alpha classif.auc warnings errors runtime_learners
INFO  [11:56:43.657] [bbotk]    0.5   0.5685018        0      0             0.91
INFO  [11:56:43.657] [bbotk]                                 uhash
INFO  [11:56:43.657] [bbotk]  eef0e0e4-e823-45cf-a4ed-4ea6bfa6ff2b
INFO  [11:56:43.658] [bbotk] Evaluating 1 configuration(s)
INFO  [11:56:43.681] [mlr3] Running benchmark with 5 resampling iterations
INFO  [11:56:43.685] [mlr3] Applying learner 'classif.cv_glmnet' on task 'candi_gene' (iter 1/5)
INFO  [11:56:43.919] [mlr3] Applying learner 'classif.cv_glmnet' on task 'candi_gene' (iter 2/5)
INFO  [11:56:44.154] [mlr3] Applying learner 'classif.cv_glmnet' on task 'candi_gene' (iter 3/5)
INFO  [11:56:44.415] [mlr3] Applying learner 'classif.cv_glmnet' on task 'candi_gene' (iter 4/5)
INFO  [11:56:44.663] [mlr3] Applying learner 'classif.cv_glmnet' on task 'candi_gene' (iter 5/5)
INFO  [11:56:44.906] [mlr3] Finished benchmark
INFO  [11:56:44.930] [bbotk] Result of batch 6:
INFO  [11:56:44.932] [bbotk]  alpha classif.auc warnings errors runtime_learners
INFO  [11:56:44.932] [bbotk]    0.1   0.6431765        0      0            1.179
INFO  [11:56:44.932] [bbotk]                                 uhash
INFO  [11:56:44.932] [bbotk]  c050dd6f-db92-4504-abc4-e8d7e8919f82
INFO  [11:56:44.933] [bbotk] Evaluating 1 configuration(s)
INFO  [11:56:44.956] [mlr3] Running benchmark with 5 resampling iterations
INFO  [11:56:44.961] [mlr3] Applying learner 'classif.cv_glmnet' on task 'candi_gene' (iter 1/5)
INFO  [11:56:45.137] [mlr3] Applying learner 'classif.cv_glmnet' on task 'candi_gene' (iter 2/5)
INFO  [11:56:45.330] [mlr3] Applying learner 'classif.cv_glmnet' on task 'candi_gene' (iter 3/5)
INFO  [11:56:45.529] [mlr3] Applying learner 'classif.cv_glmnet' on task 'candi_gene' (iter 4/5)
INFO  [11:56:45.715] [mlr3] Applying learner 'classif.cv_glmnet' on task 'candi_gene' (iter 5/5)
INFO  [11:56:45.907] [mlr3] Finished benchmark
INFO  [11:56:45.931] [bbotk] Result of batch 7:
INFO  [11:56:45.933] [bbotk]  alpha classif.auc warnings errors runtime_learners
INFO  [11:56:45.933] [bbotk]   0.65   0.5904417        0      0            0.905
INFO  [11:56:45.933] [bbotk]                                 uhash
INFO  [11:56:45.933] [bbotk]  e8886fd0-365d-4e47-9fbe-65e47ffe57a9
INFO  [11:56:45.934] [bbotk] Evaluating 1 configuration(s)
INFO  [11:56:45.957] [mlr3] Running benchmark with 5 resampling iterations
INFO  [11:56:45.962] [mlr3] Applying learner 'classif.cv_glmnet' on task 'candi_gene' (iter 1/5)
INFO  [11:56:46.133] [mlr3] Applying learner 'classif.cv_glmnet' on task 'candi_gene' (iter 2/5)
INFO  [11:56:46.328] [mlr3] Applying learner 'classif.cv_glmnet' on task 'candi_gene' (iter 3/5)
INFO  [11:56:46.529] [mlr3] Applying learner 'classif.cv_glmnet' on task 'candi_gene' (iter 4/5)
INFO  [11:56:46.719] [mlr3] Applying learner 'classif.cv_glmnet' on task 'candi_gene' (iter 5/5)
INFO  [11:56:46.911] [mlr3] Finished benchmark
INFO  [11:56:46.936] [bbotk] Result of batch 8:
INFO  [11:56:46.938] [bbotk]  alpha classif.auc warnings errors runtime_learners
INFO  [11:56:46.938] [bbotk]      1   0.5367965        0      0            0.903
INFO  [11:56:46.938] [bbotk]                                 uhash
INFO  [11:56:46.938] [bbotk]  77a4aa23-3351-4588-8bd9-1bab26c5cc77
INFO  [11:56:46.939] [bbotk] Evaluating 1 configuration(s)
INFO  [11:56:46.962] [mlr3] Running benchmark with 5 resampling iterations
INFO  [11:56:46.967] [mlr3] Applying learner 'classif.cv_glmnet' on task 'candi_gene' (iter 1/5)
INFO  [11:56:47.130] [mlr3] Applying learner 'classif.cv_glmnet' on task 'candi_gene' (iter 2/5)
INFO  [11:56:47.322] [mlr3] Applying learner 'classif.cv_glmnet' on task 'candi_gene' (iter 3/5)
INFO  [11:56:47.517] [mlr3] Applying learner 'classif.cv_glmnet' on task 'candi_gene' (iter 4/5)
INFO  [11:56:47.698] [mlr3] Applying learner 'classif.cv_glmnet' on task 'candi_gene' (iter 5/5)
INFO  [11:56:47.882] [mlr3] Finished benchmark
INFO  [11:56:47.907] [bbotk] Result of batch 9:
INFO  [11:56:47.909] [bbotk]  alpha classif.auc warnings errors runtime_learners
INFO  [11:56:47.909] [bbotk]   0.75   0.5539479        0      0            0.871
INFO  [11:56:47.909] [bbotk]                                 uhash
INFO  [11:56:47.909] [bbotk]  c8a7f20f-d8ae-4ee0-88f0-970bbf6b6aad
INFO  [11:56:47.910] [bbotk] Evaluating 1 configuration(s)
INFO  [11:56:47.932] [mlr3] Running benchmark with 5 resampling iterations
INFO  [11:56:47.937] [mlr3] Applying learner 'classif.cv_glmnet' on task 'candi_gene' (iter 1/5)
INFO  [11:56:48.110] [mlr3] Applying learner 'classif.cv_glmnet' on task 'candi_gene' (iter 2/5)
INFO  [11:56:48.303] [mlr3] Applying learner 'classif.cv_glmnet' on task 'candi_gene' (iter 3/5)
INFO  [11:56:48.502] [mlr3] Applying learner 'classif.cv_glmnet' on task 'candi_gene' (iter 4/5)
INFO  [11:56:48.682] [mlr3] Applying learner 'classif.cv_glmnet' on task 'candi_gene' (iter 5/5)
INFO  [11:56:48.876] [mlr3] Finished benchmark
INFO  [11:56:48.902] [bbotk] Result of batch 10:
INFO  [11:56:48.904] [bbotk]  alpha classif.auc warnings errors runtime_learners
INFO  [11:56:48.904] [bbotk]    0.9   0.5454545        0      0            0.899
INFO  [11:56:48.904] [bbotk]                                 uhash
INFO  [11:56:48.904] [bbotk]  17858eff-1176-4e55-8c73-135d6b0feb19
INFO  [11:56:48.905] [bbotk] Evaluating 1 configuration(s)
INFO  [11:56:48.928] [mlr3] Running benchmark with 5 resampling iterations
INFO  [11:56:48.933] [mlr3] Applying learner 'classif.cv_glmnet' on task 'candi_gene' (iter 1/5)
INFO  [11:56:49.113] [mlr3] Applying learner 'classif.cv_glmnet' on task 'candi_gene' (iter 2/5)
INFO  [11:56:49.303] [mlr3] Applying learner 'classif.cv_glmnet' on task 'candi_gene' (iter 3/5)
INFO  [11:56:49.496] [mlr3] Applying learner 'classif.cv_glmnet' on task 'candi_gene' (iter 4/5)
INFO  [11:56:49.681] [mlr3] Applying learner 'classif.cv_glmnet' on task 'candi_gene' (iter 5/5)
INFO  [11:56:49.872] [mlr3] Finished benchmark
INFO  [11:56:49.897] [bbotk] Result of batch 11:
INFO  [11:56:49.899] [bbotk]  alpha classif.auc warnings errors runtime_learners
INFO  [11:56:49.899] [bbotk]    0.6   0.5437229        0      0            0.894
INFO  [11:56:49.899] [bbotk]                                 uhash
INFO  [11:56:49.899] [bbotk]  cde4912b-19c1-4895-a485-d8f5ba6b87d9
INFO  [11:56:49.900] [bbotk] Evaluating 1 configuration(s)
INFO  [11:56:49.923] [mlr3] Running benchmark with 5 resampling iterations
INFO  [11:56:49.928] [mlr3] Applying learner 'classif.cv_glmnet' on task 'candi_gene' (iter 1/5)
INFO  [11:56:50.102] [mlr3] Applying learner 'classif.cv_glmnet' on task 'candi_gene' (iter 2/5)
INFO  [11:56:50.662] [mlr3] Applying learner 'classif.cv_glmnet' on task 'candi_gene' (iter 3/5)
INFO  [11:56:50.847] [mlr3] Applying learner 'classif.cv_glmnet' on task 'candi_gene' (iter 4/5)
INFO  [11:56:51.032] [mlr3] Applying learner 'classif.cv_glmnet' on task 'candi_gene' (iter 5/5)
INFO  [11:56:51.215] [mlr3] Finished benchmark
INFO  [11:56:51.240] [bbotk] Result of batch 12:
INFO  [11:56:51.242] [bbotk]  alpha classif.auc warnings errors runtime_learners
INFO  [11:56:51.242] [bbotk]   0.85   0.5445887        0      0            1.244
INFO  [11:56:51.242] [bbotk]                                 uhash
INFO  [11:56:51.242] [bbotk]  e41a490a-eeeb-4e08-993f-ced5022893a9
INFO  [11:56:51.244] [bbotk] Evaluating 1 configuration(s)
INFO  [11:56:51.267] [mlr3] Running benchmark with 5 resampling iterations
INFO  [11:56:51.271] [mlr3] Applying learner 'classif.cv_glmnet' on task 'candi_gene' (iter 1/5)
INFO  [11:56:51.531] [mlr3] Applying learner 'classif.cv_glmnet' on task 'candi_gene' (iter 2/5)
INFO  [11:56:51.787] [mlr3] Applying learner 'classif.cv_glmnet' on task 'candi_gene' (iter 3/5)
INFO  [11:56:52.074] [mlr3] Applying learner 'classif.cv_glmnet' on task 'candi_gene' (iter 4/5)
INFO  [11:56:52.348] [mlr3] Applying learner 'classif.cv_glmnet' on task 'candi_gene' (iter 5/5)
INFO  [11:56:52.615] [mlr3] Finished benchmark
INFO  [11:56:52.640] [bbotk] Result of batch 13:
INFO  [11:56:52.642] [bbotk]  alpha classif.auc warnings errors runtime_learners
INFO  [11:56:52.642] [bbotk]   0.05   0.7045506        0      0            1.301
INFO  [11:56:52.642] [bbotk]                                 uhash
INFO  [11:56:52.642] [bbotk]  9c796372-3526-46f9-a20a-7ab5c43fb82e
INFO  [11:56:52.643] [bbotk] Evaluating 1 configuration(s)
INFO  [11:56:52.666] [mlr3] Running benchmark with 5 resampling iterations
INFO  [11:56:52.671] [mlr3] Applying learner 'classif.cv_glmnet' on task 'candi_gene' (iter 1/5)
INFO  [11:56:52.862] [mlr3] Applying learner 'classif.cv_glmnet' on task 'candi_gene' (iter 2/5)
INFO  [11:56:53.063] [mlr3] Applying learner 'classif.cv_glmnet' on task 'candi_gene' (iter 3/5)
INFO  [11:56:53.278] [mlr3] Applying learner 'classif.cv_glmnet' on task 'candi_gene' (iter 4/5)
INFO  [11:56:53.482] [mlr3] Applying learner 'classif.cv_glmnet' on task 'candi_gene' (iter 5/5)
INFO  [11:56:53.683] [mlr3] Finished benchmark
INFO  [11:56:53.708] [bbotk] Result of batch 14:
INFO  [11:56:53.710] [bbotk]  alpha classif.auc warnings errors runtime_learners
INFO  [11:56:53.710] [bbotk]   0.35   0.5454545        0      0            0.972
INFO  [11:56:53.710] [bbotk]                                 uhash
INFO  [11:56:53.710] [bbotk]  7bce988c-9313-40ad-8d66-737c86a06a47
INFO  [11:56:53.711] [bbotk] Evaluating 1 configuration(s)
INFO  [11:56:53.734] [mlr3] Running benchmark with 5 resampling iterations
INFO  [11:56:53.739] [mlr3] Applying learner 'classif.cv_glmnet' on task 'candi_gene' (iter 1/5)
INFO  [11:56:53.917] [mlr3] Applying learner 'classif.cv_glmnet' on task 'candi_gene' (iter 2/5)
INFO  [11:56:54.102] [mlr3] Applying learner 'classif.cv_glmnet' on task 'candi_gene' (iter 3/5)
INFO  [11:56:54.303] [mlr3] Applying learner 'classif.cv_glmnet' on task 'candi_gene' (iter 4/5)
INFO  [11:56:54.490] [mlr3] Applying learner 'classif.cv_glmnet' on task 'candi_gene' (iter 5/5)
INFO  [11:56:54.674] [mlr3] Finished benchmark
INFO  [11:56:54.699] [bbotk] Result of batch 15:
INFO  [11:56:54.701] [bbotk]  alpha classif.auc warnings errors runtime_learners
INFO  [11:56:54.701] [bbotk]    0.7    0.567636        0      0            0.892
INFO  [11:56:54.701] [bbotk]                                 uhash
INFO  [11:56:54.701] [bbotk]  121c3b41-ee72-488a-bbe8-56e98fa6415a
INFO  [11:56:54.702] [bbotk] Evaluating 1 configuration(s)
INFO  [11:56:54.725] [mlr3] Running benchmark with 5 resampling iterations
INFO  [11:56:54.729] [mlr3] Applying learner 'classif.cv_glmnet' on task 'candi_gene' (iter 1/5)
INFO  [11:56:54.910] [mlr3] Applying learner 'classif.cv_glmnet' on task 'candi_gene' (iter 2/5)
INFO  [11:56:55.103] [mlr3] Applying learner 'classif.cv_glmnet' on task 'candi_gene' (iter 3/5)
INFO  [11:56:55.309] [mlr3] Applying learner 'classif.cv_glmnet' on task 'candi_gene' (iter 4/5)
INFO  [11:56:55.500] [mlr3] Applying learner 'classif.cv_glmnet' on task 'candi_gene' (iter 5/5)
INFO  [11:56:55.686] [mlr3] Finished benchmark
INFO  [11:56:55.711] [bbotk] Result of batch 16:
INFO  [11:56:55.713] [bbotk]  alpha classif.auc warnings errors runtime_learners
INFO  [11:56:55.713] [bbotk]   0.55   0.5419913        0      0            0.915
INFO  [11:56:55.713] [bbotk]                                 uhash
INFO  [11:56:55.713] [bbotk]  b2a821e7-9840-4462-bbed-3fa6a1ec444e
INFO  [11:56:55.714] [bbotk] Evaluating 1 configuration(s)
INFO  [11:56:55.737] [mlr3] Running benchmark with 5 resampling iterations
INFO  [11:56:55.742] [mlr3] Applying learner 'classif.cv_glmnet' on task 'candi_gene' (iter 1/5)
INFO  [11:56:55.952] [mlr3] Applying learner 'classif.cv_glmnet' on task 'candi_gene' (iter 2/5)
INFO  [11:56:56.174] [mlr3] Applying learner 'classif.cv_glmnet' on task 'candi_gene' (iter 3/5)
INFO  [11:56:56.410] [mlr3] Applying learner 'classif.cv_glmnet' on task 'candi_gene' (iter 4/5)
INFO  [11:56:56.635] [mlr3] Applying learner 'classif.cv_glmnet' on task 'candi_gene' (iter 5/5)
INFO  [11:56:56.853] [mlr3] Finished benchmark
INFO  [11:56:56.878] [bbotk] Result of batch 17:
INFO  [11:56:56.880] [bbotk]  alpha classif.auc warnings errors runtime_learners
INFO  [11:56:56.880] [bbotk]    0.2   0.5887932        0      0            1.072
INFO  [11:56:56.880] [bbotk]                                 uhash
INFO  [11:56:56.880] [bbotk]  f07ab6a3-e7e7-48d1-b223-cbef33f30be5
INFO  [11:56:56.882] [bbotk] Evaluating 1 configuration(s)
INFO  [11:56:56.905] [mlr3] Running benchmark with 5 resampling iterations
INFO  [11:56:56.909] [mlr3] Applying learner 'classif.cv_glmnet' on task 'candi_gene' (iter 1/5)
INFO  [11:56:57.132] [mlr3] Applying learner 'classif.cv_glmnet' on task 'candi_gene' (iter 2/5)
INFO  [11:56:57.360] [mlr3] Applying learner 'classif.cv_glmnet' on task 'candi_gene' (iter 3/5)
INFO  [11:56:57.609] [mlr3] Applying learner 'classif.cv_glmnet' on task 'candi_gene' (iter 4/5)
INFO  [11:56:57.842] [mlr3] Applying learner 'classif.cv_glmnet' on task 'candi_gene' (iter 5/5)
INFO  [11:56:58.070] [mlr3] Finished benchmark
INFO  [11:56:58.095] [bbotk] Result of batch 18:
INFO  [11:56:58.097] [bbotk]  alpha classif.auc warnings errors runtime_learners
INFO  [11:56:58.097] [bbotk]   0.15   0.6123546        0      0            1.117
INFO  [11:56:58.097] [bbotk]                                 uhash
INFO  [11:56:58.097] [bbotk]  839ce13a-4213-4c02-be21-3f9c73ea451b
INFO  [11:56:58.098] [bbotk] Evaluating 1 configuration(s)
INFO  [11:56:58.121] [mlr3] Running benchmark with 5 resampling iterations
INFO  [11:56:58.126] [mlr3] Applying learner 'classif.cv_glmnet' on task 'candi_gene' (iter 1/5)
INFO  [11:56:58.322] [mlr3] Applying learner 'classif.cv_glmnet' on task 'candi_gene' (iter 2/5)
INFO  [11:56:58.528] [mlr3] Applying learner 'classif.cv_glmnet' on task 'candi_gene' (iter 3/5)
INFO  [11:56:58.758] [mlr3] Applying learner 'classif.cv_glmnet' on task 'candi_gene' (iter 4/5)
INFO  [11:56:58.968] [mlr3] Applying learner 'classif.cv_glmnet' on task 'candi_gene' (iter 5/5)
INFO  [11:56:59.179] [mlr3] Finished benchmark
INFO  [11:56:59.204] [bbotk] Result of batch 19:
INFO  [11:56:59.206] [bbotk]  alpha classif.auc warnings errors runtime_learners
INFO  [11:56:59.206] [bbotk]    0.3   0.5689253        0      0            1.009
INFO  [11:56:59.206] [bbotk]                                 uhash
INFO  [11:56:59.206] [bbotk]  3a53f1d9-2532-48a7-a546-9b0ffdcffc58
INFO  [11:56:59.207] [bbotk] Evaluating 1 configuration(s)
INFO  [11:56:59.230] [mlr3] Running benchmark with 5 resampling iterations
INFO  [11:56:59.235] [mlr3] Applying learner 'classif.cv_glmnet' on task 'candi_gene' (iter 1/5)
INFO  [11:56:59.439] [mlr3] Applying learner 'classif.cv_glmnet' on task 'candi_gene' (iter 2/5)
INFO  [11:56:59.651] [mlr3] Applying learner 'classif.cv_glmnet' on task 'candi_gene' (iter 3/5)
INFO  [11:56:59.885] [mlr3] Applying learner 'classif.cv_glmnet' on task 'candi_gene' (iter 4/5)
INFO  [11:57:00.098] [mlr3] Applying learner 'classif.cv_glmnet' on task 'candi_gene' (iter 5/5)
INFO  [11:57:00.310] [mlr3] Finished benchmark
INFO  [11:57:00.336] [bbotk] Result of batch 20:
INFO  [11:57:00.338] [bbotk]  alpha classif.auc warnings errors runtime_learners
INFO  [11:57:00.338] [bbotk]   0.25   0.5914094        0      0            1.034
INFO  [11:57:00.338] [bbotk]                                 uhash
INFO  [11:57:00.338] [bbotk]  58d0c5d7-8d44-469a-9045-9f251bae1c50
INFO  [11:57:00.339] [bbotk] Evaluating 1 configuration(s)
INFO  [11:57:00.362] [mlr3] Running benchmark with 5 resampling iterations
INFO  [11:57:00.367] [mlr3] Applying learner 'classif.cv_glmnet' on task 'candi_gene' (iter 1/5)
INFO  [11:57:00.555] [mlr3] Applying learner 'classif.cv_glmnet' on task 'candi_gene' (iter 2/5)
INFO  [11:57:00.757] [mlr3] Applying learner 'classif.cv_glmnet' on task 'candi_gene' (iter 3/5)
INFO  [11:57:00.969] [mlr3] Applying learner 'classif.cv_glmnet' on task 'candi_gene' (iter 4/5)
INFO  [11:57:01.160] [mlr3] Applying learner 'classif.cv_glmnet' on task 'candi_gene' (iter 5/5)
INFO  [11:57:01.362] [mlr3] Finished benchmark
INFO  [11:57:01.387] [bbotk] Result of batch 21:
INFO  [11:57:01.389] [bbotk]  alpha classif.auc warnings errors runtime_learners
INFO  [11:57:01.389] [bbotk]   0.45   0.5619612        0      0            0.948
INFO  [11:57:01.389] [bbotk]                                 uhash
INFO  [11:57:01.389] [bbotk]  741fc02b-bcec-4ff7-b8f6-75d0a9babab2
INFO  [11:57:01.394] [bbotk] Finished optimizing after 21 evaluation(s)
INFO  [11:57:01.395] [bbotk] Result:
INFO  [11:57:01.397] [bbotk]   alpha learner_param_vals x_domain classif.auc
INFO  [11:57:01.397] [bbotk]  <char>             <list>   <list>       <num>
INFO  [11:57:01.397] [bbotk]    0.05       c(7.8947....     0.05   0.7045506
