Conda environment: *
R version 4.3.1 (2023-06-16)
Platform: x86_64-conda-linux-gnu (64-bit)
Running under: Red Hat Enterprise Linux 8.3 (Ootpa)

Matrix products: default
BLAS/LAPACK: /ess/home/home1/beiw/miniconda3/envs/5hmc_os_env/lib/libopenblasp-r0.3.27.so;  LAPACK version 3.12.0

locale:
[1] C

time zone: America/Chicago
tzcode source: system (glibc)

attached base packages:
[1] stats4    stats     graphics  grDevices utils     datasets  methods  
[8] base     

other attached packages:
 [1] conflicted_1.2.0            DESeq2_1.40.2              
 [3] SummarizedExperiment_1.30.2 Biobase_2.60.0             
 [5] MatrixGenerics_1.12.2       matrixStats_1.2.0          
 [7] GenomicRanges_1.52.0        GenomeInfoDb_1.36.1        
 [9] IRanges_2.34.1              S4Vectors_0.38.1           
[11] BiocGenerics_0.46.0         glmnet_4.1-8               
[13] Matrix_1.6-5                mlr3learners_0.5.8         
[15] mlr3tuning_0.19.0           paradox_0.11.1             
[17] mlr3_0.19.0                 lubridate_1.9.3            
[19] forcats_1.0.0               stringr_1.5.1              
[21] purrr_1.0.2                 readr_2.1.5                
[23] tidyr_1.3.1                 tibble_3.2.1               
[25] ggplot2_3.4.4               tidyverse_2.0.0            
[27] dplyr_1.1.4                

loaded via a namespace (and not attached):
 [1] gtable_0.3.4            shape_1.4.6             lattice_0.21-9         
 [4] tzdb_0.4.0              bitops_1.0-7            vctrs_0.6.4            
 [7] tools_4.3.1             generics_0.1.3          parallel_4.3.1         
[10] fansi_1.0.5             pkgconfig_2.0.3         data.table_1.15.2      
[13] checkmate_2.3.1         uuid_1.1-1              GenomeInfoDbData_1.2.11
[16] lifecycle_1.0.3         compiler_4.3.1          munsell_0.5.0          
[19] RhpcBLASctl_0.23-42     codetools_0.2-20        bbotk_0.7.2            
[22] RCurl_1.98-1.12         pillar_1.9.0            crayon_1.5.2           
[25] BiocParallel_1.34.2     cachem_1.0.8            DelayedArray_0.26.6    
[28] iterators_1.0.14        foreach_1.5.2           parallelly_1.37.1      
[31] locfit_1.5-9.8          tidyselect_1.2.0        digest_0.6.35          
[34] stringi_1.7.12          future_1.33.2           listenv_0.9.1          
[37] splines_4.3.1           fastmap_1.1.1           grid_4.3.1             
[40] colorspace_2.1-0        cli_3.6.1               magrittr_2.0.3         
[43] S4Arrays_1.0.4          survival_3.5-7          utf8_1.2.4             
[46] withr_2.5.1             scales_1.2.1            backports_1.4.1        
[49] timechange_0.2.0        XVector_0.40.0          globals_0.16.3         
[52] hms_1.1.3               memoise_2.0.1           mlr3misc_0.15.0        
[55] rlang_1.1.1             Rcpp_1.0.11             glue_1.6.2             
[58] palmerpenguins_0.1.1    lgr_0.4.4               R6_2.5.1               
[61] zlibbioc_1.46.0        
INFO  [11:57:14.429] [bbotk] Starting to optimize 1 parameter(s) with '<TunerGridSearch>' and '<TerminatorNone>'
INFO  [11:57:14.453] [bbotk] Evaluating 1 configuration(s)
INFO  [11:57:14.486] [mlr3] Running benchmark with 5 resampling iterations
INFO  [11:57:14.519] [mlr3] Applying learner 'classif.cv_glmnet' on task 'candi_gene' (iter 1/5)
INFO  [11:57:15.151] [mlr3] Applying learner 'classif.cv_glmnet' on task 'candi_gene' (iter 2/5)
INFO  [11:57:15.335] [mlr3] Applying learner 'classif.cv_glmnet' on task 'candi_gene' (iter 3/5)
INFO  [11:57:15.514] [mlr3] Applying learner 'classif.cv_glmnet' on task 'candi_gene' (iter 4/5)
INFO  [11:57:15.681] [mlr3] Applying learner 'classif.cv_glmnet' on task 'candi_gene' (iter 5/5)
INFO  [11:57:15.875] [mlr3] Finished benchmark
INFO  [11:57:15.903] [bbotk] Result of batch 1:
INFO  [11:57:15.907] [bbotk]  alpha classif.auc warnings errors runtime_learners
INFO  [11:57:15.907] [bbotk]   0.75   0.5864103        0      0             1.31
INFO  [11:57:15.907] [bbotk]                                 uhash
INFO  [11:57:15.907] [bbotk]  21f81f0c-55dd-413b-b10f-cf193654f3b1
INFO  [11:57:15.909] [bbotk] Evaluating 1 configuration(s)
INFO  [11:57:15.932] [mlr3] Running benchmark with 5 resampling iterations
INFO  [11:57:15.936] [mlr3] Applying learner 'classif.cv_glmnet' on task 'candi_gene' (iter 1/5)
INFO  [11:57:16.139] [mlr3] Applying learner 'classif.cv_glmnet' on task 'candi_gene' (iter 2/5)
INFO  [11:57:16.327] [mlr3] Applying learner 'classif.cv_glmnet' on task 'candi_gene' (iter 3/5)
INFO  [11:57:16.509] [mlr3] Applying learner 'classif.cv_glmnet' on task 'candi_gene' (iter 4/5)
INFO  [11:57:16.675] [mlr3] Applying learner 'classif.cv_glmnet' on task 'candi_gene' (iter 5/5)
INFO  [11:57:16.869] [mlr3] Finished benchmark
INFO  [11:57:16.898] [bbotk] Result of batch 2:
INFO  [11:57:16.900] [bbotk]  alpha classif.auc warnings errors runtime_learners
INFO  [11:57:16.900] [bbotk]    0.6   0.5615385        0      0            0.889
INFO  [11:57:16.900] [bbotk]                                 uhash
INFO  [11:57:16.900] [bbotk]  90b0f261-074f-4739-8dc3-086755a40629
INFO  [11:57:16.901] [bbotk] Evaluating 1 configuration(s)
INFO  [11:57:16.924] [mlr3] Running benchmark with 5 resampling iterations
INFO  [11:57:16.928] [mlr3] Applying learner 'classif.cv_glmnet' on task 'candi_gene' (iter 1/5)
INFO  [11:57:17.134] [mlr3] Applying learner 'classif.cv_glmnet' on task 'candi_gene' (iter 2/5)
INFO  [11:57:17.325] [mlr3] Applying learner 'classif.cv_glmnet' on task 'candi_gene' (iter 3/5)
INFO  [11:57:17.518] [mlr3] Applying learner 'classif.cv_glmnet' on task 'candi_gene' (iter 4/5)
INFO  [11:57:17.689] [mlr3] Applying learner 'classif.cv_glmnet' on task 'candi_gene' (iter 5/5)
INFO  [11:57:18.247] [mlr3] Finished benchmark
INFO  [11:57:18.272] [bbotk] Result of batch 3:
INFO  [11:57:18.274] [bbotk]  alpha classif.auc warnings errors runtime_learners
INFO  [11:57:18.274] [bbotk]    0.5    0.546801        0      0            1.276
INFO  [11:57:18.274] [bbotk]                                 uhash
INFO  [11:57:18.274] [bbotk]  625363c6-6743-476b-b3e4-dd3b6307aae0
INFO  [11:57:18.275] [bbotk] Evaluating 1 configuration(s)
INFO  [11:57:18.297] [mlr3] Running benchmark with 5 resampling iterations
INFO  [11:57:18.302] [mlr3] Applying learner 'classif.cv_glmnet' on task 'candi_gene' (iter 1/5)
INFO  [11:57:18.506] [mlr3] Applying learner 'classif.cv_glmnet' on task 'candi_gene' (iter 2/5)
INFO  [11:57:18.690] [mlr3] Applying learner 'classif.cv_glmnet' on task 'candi_gene' (iter 3/5)
INFO  [11:57:18.876] [mlr3] Applying learner 'classif.cv_glmnet' on task 'candi_gene' (iter 4/5)
INFO  [11:57:19.050] [mlr3] Applying learner 'classif.cv_glmnet' on task 'candi_gene' (iter 5/5)
INFO  [11:57:19.242] [mlr3] Finished benchmark
INFO  [11:57:19.272] [bbotk] Result of batch 4:
INFO  [11:57:19.274] [bbotk]  alpha classif.auc warnings errors runtime_learners
INFO  [11:57:19.274] [bbotk]   0.55   0.5230769        0      0            0.896
INFO  [11:57:19.274] [bbotk]                                 uhash
INFO  [11:57:19.274] [bbotk]  cf6aefb9-4f82-4d5d-9173-8284a31a22f1
INFO  [11:57:19.275] [bbotk] Evaluating 1 configuration(s)
INFO  [11:57:19.298] [mlr3] Running benchmark with 5 resampling iterations
INFO  [11:57:19.302] [mlr3] Applying learner 'classif.cv_glmnet' on task 'candi_gene' (iter 1/5)
INFO  [11:57:19.549] [mlr3] Applying learner 'classif.cv_glmnet' on task 'candi_gene' (iter 2/5)
INFO  [11:57:19.770] [mlr3] Applying learner 'classif.cv_glmnet' on task 'candi_gene' (iter 3/5)
INFO  [11:57:19.994] [mlr3] Applying learner 'classif.cv_glmnet' on task 'candi_gene' (iter 4/5)
INFO  [11:57:20.207] [mlr3] Applying learner 'classif.cv_glmnet' on task 'candi_gene' (iter 5/5)
INFO  [11:57:20.432] [mlr3] Finished benchmark
INFO  [11:57:20.457] [bbotk] Result of batch 5:
INFO  [11:57:20.459] [bbotk]  alpha classif.auc warnings errors runtime_learners
INFO  [11:57:20.459] [bbotk]   0.15   0.6220391        0      0            1.086
INFO  [11:57:20.459] [bbotk]                                 uhash
INFO  [11:57:20.459] [bbotk]  b3bba279-16bb-4e33-b137-20d0d35e3a3b
INFO  [11:57:20.460] [bbotk] Evaluating 1 configuration(s)
INFO  [11:57:20.482] [mlr3] Running benchmark with 5 resampling iterations
INFO  [11:57:20.487] [mlr3] Applying learner 'classif.cv_glmnet' on task 'candi_gene' (iter 1/5)
INFO  [11:57:20.671] [mlr3] Applying learner 'classif.cv_glmnet' on task 'candi_gene' (iter 2/5)
INFO  [11:57:20.864] [mlr3] Applying learner 'classif.cv_glmnet' on task 'candi_gene' (iter 3/5)
INFO  [11:57:21.046] [mlr3] Applying learner 'classif.cv_glmnet' on task 'candi_gene' (iter 4/5)
INFO  [11:57:21.205] [mlr3] Applying learner 'classif.cv_glmnet' on task 'candi_gene' (iter 5/5)
INFO  [11:57:21.402] [mlr3] Finished benchmark
INFO  [11:57:21.426] [bbotk] Result of batch 6:
INFO  [11:57:21.428] [bbotk]  alpha classif.auc warnings errors runtime_learners
INFO  [11:57:21.428] [bbotk]      1    0.620232        0      0            0.876
INFO  [11:57:21.428] [bbotk]                                 uhash
INFO  [11:57:21.428] [bbotk]  ca7a439c-f5d8-4bd4-b97e-9126c71e1932
INFO  [11:57:21.430] [bbotk] Evaluating 1 configuration(s)
INFO  [11:57:21.452] [mlr3] Running benchmark with 5 resampling iterations
INFO  [11:57:21.456] [mlr3] Applying learner 'classif.cv_glmnet' on task 'candi_gene' (iter 1/5)
INFO  [11:57:21.747] [mlr3] Applying learner 'classif.cv_glmnet' on task 'candi_gene' (iter 2/5)
INFO  [11:57:22.013] [mlr3] Applying learner 'classif.cv_glmnet' on task 'candi_gene' (iter 3/5)
INFO  [11:57:22.280] [mlr3] Applying learner 'classif.cv_glmnet' on task 'candi_gene' (iter 4/5)
INFO  [11:57:22.530] [mlr3] Applying learner 'classif.cv_glmnet' on task 'candi_gene' (iter 5/5)
INFO  [11:57:22.790] [mlr3] Finished benchmark
INFO  [11:57:22.814] [bbotk] Result of batch 7:
INFO  [11:57:22.816] [bbotk]  alpha classif.auc warnings errors runtime_learners
INFO  [11:57:22.816] [bbotk]   0.05   0.7313731        0      0            1.292
INFO  [11:57:22.816] [bbotk]                                 uhash
INFO  [11:57:22.816] [bbotk]  be37723b-440c-448f-a9ec-f0af2245c5e6
INFO  [11:57:22.817] [bbotk] Evaluating 1 configuration(s)
INFO  [11:57:22.840] [mlr3] Running benchmark with 5 resampling iterations
INFO  [11:57:22.844] [mlr3] Applying learner 'classif.cv_glmnet' on task 'candi_gene' (iter 1/5)
INFO  [11:57:23.034] [mlr3] Applying learner 'classif.cv_glmnet' on task 'candi_gene' (iter 2/5)
INFO  [11:57:23.224] [mlr3] Applying learner 'classif.cv_glmnet' on task 'candi_gene' (iter 3/5)
INFO  [11:57:23.408] [mlr3] Applying learner 'classif.cv_glmnet' on task 'candi_gene' (iter 4/5)
INFO  [11:57:23.567] [mlr3] Applying learner 'classif.cv_glmnet' on task 'candi_gene' (iter 5/5)
INFO  [11:57:23.762] [mlr3] Finished benchmark
INFO  [11:57:23.786] [bbotk] Result of batch 8:
INFO  [11:57:23.788] [bbotk]  alpha classif.auc warnings errors runtime_learners
INFO  [11:57:23.788] [bbotk]   0.85   0.5971795        0      0            0.874
INFO  [11:57:23.788] [bbotk]                                 uhash
INFO  [11:57:23.788] [bbotk]  1f79c694-acf3-470c-bcfd-a92f9df4fbba
INFO  [11:57:23.790] [bbotk] Evaluating 1 configuration(s)
INFO  [11:57:23.812] [mlr3] Running benchmark with 5 resampling iterations
INFO  [11:57:23.817] [mlr3] Applying learner 'classif.cv_glmnet' on task 'candi_gene' (iter 1/5)
INFO  [11:57:24.044] [mlr3] Applying learner 'classif.cv_glmnet' on task 'candi_gene' (iter 2/5)
INFO  [11:57:24.251] [mlr3] Applying learner 'classif.cv_glmnet' on task 'candi_gene' (iter 3/5)
INFO  [11:57:24.454] [mlr3] Applying learner 'classif.cv_glmnet' on task 'candi_gene' (iter 4/5)
INFO  [11:57:24.645] [mlr3] Applying learner 'classif.cv_glmnet' on task 'candi_gene' (iter 5/5)
INFO  [11:57:24.860] [mlr3] Finished benchmark
INFO  [11:57:24.885] [bbotk] Result of batch 9:
INFO  [11:57:24.887] [bbotk]  alpha classif.auc warnings errors runtime_learners
INFO  [11:57:24.887] [bbotk]    0.3   0.6011355        0      0                1
INFO  [11:57:24.887] [bbotk]                                 uhash
INFO  [11:57:24.887] [bbotk]  97d149b4-cf73-45fe-aff9-c6bdfbc4e1bd
INFO  [11:57:24.888] [bbotk] Evaluating 1 configuration(s)
INFO  [11:57:24.911] [mlr3] Running benchmark with 5 resampling iterations
INFO  [11:57:24.916] [mlr3] Applying learner 'classif.cv_glmnet' on task 'candi_gene' (iter 1/5)
INFO  [11:57:25.115] [mlr3] Applying learner 'classif.cv_glmnet' on task 'candi_gene' (iter 2/5)
INFO  [11:57:25.299] [mlr3] Applying learner 'classif.cv_glmnet' on task 'candi_gene' (iter 3/5)
INFO  [11:57:25.485] [mlr3] Applying learner 'classif.cv_glmnet' on task 'candi_gene' (iter 4/5)
INFO  [11:57:25.655] [mlr3] Applying learner 'classif.cv_glmnet' on task 'candi_gene' (iter 5/5)
INFO  [11:57:25.842] [mlr3] Finished benchmark
INFO  [11:57:25.872] [bbotk] Result of batch 10:
INFO  [11:57:25.875] [bbotk]  alpha classif.auc warnings errors runtime_learners
INFO  [11:57:25.875] [bbotk]   0.65   0.5674672        0      0            0.885
INFO  [11:57:25.875] [bbotk]                                 uhash
INFO  [11:57:25.875] [bbotk]  8f329979-8c77-4ca6-a5b4-72ac267151fb
INFO  [11:57:25.876] [bbotk] Evaluating 1 configuration(s)
INFO  [11:57:25.901] [mlr3] Running benchmark with 5 resampling iterations
INFO  [11:57:25.905] [mlr3] Applying learner 'classif.cv_glmnet' on task 'candi_gene' (iter 1/5)
INFO  [11:57:26.103] [mlr3] Applying learner 'classif.cv_glmnet' on task 'candi_gene' (iter 2/5)
INFO  [11:57:26.298] [mlr3] Applying learner 'classif.cv_glmnet' on task 'candi_gene' (iter 3/5)
INFO  [11:57:26.493] [mlr3] Applying learner 'classif.cv_glmnet' on task 'candi_gene' (iter 4/5)
INFO  [11:57:26.674] [mlr3] Applying learner 'classif.cv_glmnet' on task 'candi_gene' (iter 5/5)
INFO  [11:57:26.865] [mlr3] Finished benchmark
INFO  [11:57:26.890] [bbotk] Result of batch 11:
INFO  [11:57:26.892] [bbotk]  alpha classif.auc warnings errors runtime_learners
INFO  [11:57:26.892] [bbotk]   0.45   0.6200122        0      0            0.919
INFO  [11:57:26.892] [bbotk]                                 uhash
INFO  [11:57:26.892] [bbotk]  ef4e3770-99e9-4b5b-9285-c0ff6d9401ac
INFO  [11:57:26.893] [bbotk] Evaluating 1 configuration(s)
INFO  [11:57:26.915] [mlr3] Running benchmark with 5 resampling iterations
INFO  [11:57:26.920] [mlr3] Applying learner 'classif.cv_glmnet' on task 'candi_gene' (iter 1/5)
INFO  [11:57:27.155] [mlr3] Applying learner 'classif.cv_glmnet' on task 'candi_gene' (iter 2/5)
INFO  [11:57:27.373] [mlr3] Applying learner 'classif.cv_glmnet' on task 'candi_gene' (iter 3/5)
INFO  [11:57:27.587] [mlr3] Applying learner 'classif.cv_glmnet' on task 'candi_gene' (iter 4/5)
INFO  [11:57:27.792] [mlr3] Applying learner 'classif.cv_glmnet' on task 'candi_gene' (iter 5/5)
INFO  [11:57:28.013] [mlr3] Finished benchmark
INFO  [11:57:28.038] [bbotk] Result of batch 12:
INFO  [11:57:28.040] [bbotk]  alpha classif.auc warnings errors runtime_learners
INFO  [11:57:28.040] [bbotk]    0.2   0.6222344        0      0             1.05
INFO  [11:57:28.040] [bbotk]                                 uhash
INFO  [11:57:28.040] [bbotk]  e6669dc5-d2da-49d3-b63d-1fc35a542d68
INFO  [11:57:28.041] [bbotk] Evaluating 1 configuration(s)
INFO  [11:57:28.063] [mlr3] Running benchmark with 5 resampling iterations
INFO  [11:57:28.068] [mlr3] Applying learner 'classif.cv_glmnet' on task 'candi_gene' (iter 1/5)
INFO  [11:57:28.258] [mlr3] Applying learner 'classif.cv_glmnet' on task 'candi_gene' (iter 2/5)
INFO  [11:57:28.448] [mlr3] Applying learner 'classif.cv_glmnet' on task 'candi_gene' (iter 3/5)
INFO  [11:57:28.632] [mlr3] Applying learner 'classif.cv_glmnet' on task 'candi_gene' (iter 4/5)
INFO  [11:57:28.792] [mlr3] Applying learner 'classif.cv_glmnet' on task 'candi_gene' (iter 5/5)
INFO  [11:57:28.983] [mlr3] Finished benchmark
INFO  [11:57:29.008] [bbotk] Result of batch 13:
INFO  [11:57:29.010] [bbotk]  alpha classif.auc warnings errors runtime_learners
INFO  [11:57:29.010] [bbotk]    0.9        0.59        0      0            0.875
INFO  [11:57:29.010] [bbotk]                                 uhash
INFO  [11:57:29.010] [bbotk]  31a61ada-f325-4179-8475-ad812fb4f154
INFO  [11:57:29.011] [bbotk] Evaluating 1 configuration(s)
INFO  [11:57:29.033] [mlr3] Running benchmark with 5 resampling iterations
INFO  [11:57:29.038] [mlr3] Applying learner 'classif.cv_glmnet' on task 'candi_gene' (iter 1/5)
INFO  [11:57:29.302] [mlr3] Applying learner 'classif.cv_glmnet' on task 'candi_gene' (iter 2/5)
INFO  [11:57:29.541] [mlr3] Applying learner 'classif.cv_glmnet' on task 'candi_gene' (iter 3/5)
INFO  [11:57:29.791] [mlr3] Applying learner 'classif.cv_glmnet' on task 'candi_gene' (iter 4/5)
INFO  [11:57:30.039] [mlr3] Applying learner 'classif.cv_glmnet' on task 'candi_gene' (iter 5/5)
INFO  [11:57:30.285] [mlr3] Finished benchmark
INFO  [11:57:30.310] [bbotk] Result of batch 14:
INFO  [11:57:30.312] [bbotk]  alpha classif.auc warnings errors runtime_learners
INFO  [11:57:30.312] [bbotk]    0.1   0.6099023        0      0            1.206
INFO  [11:57:30.312] [bbotk]                                 uhash
INFO  [11:57:30.312] [bbotk]  0481bb90-4743-4b0a-af04-ad0190d7edfb
INFO  [11:57:30.314] [bbotk] Evaluating 1 configuration(s)
INFO  [11:57:30.337] [mlr3] Running benchmark with 5 resampling iterations
INFO  [11:57:30.341] [mlr3] Applying learner 'classif.cv_glmnet' on task 'candi_gene' (iter 1/5)
INFO  [11:57:30.525] [mlr3] Applying learner 'classif.cv_glmnet' on task 'candi_gene' (iter 2/5)
INFO  [11:57:30.721] [mlr3] Applying learner 'classif.cv_glmnet' on task 'candi_gene' (iter 3/5)
INFO  [11:57:30.908] [mlr3] Applying learner 'classif.cv_glmnet' on task 'candi_gene' (iter 4/5)
INFO  [11:57:31.069] [mlr3] Applying learner 'classif.cv_glmnet' on task 'candi_gene' (iter 5/5)
INFO  [11:57:31.264] [mlr3] Finished benchmark
INFO  [11:57:31.289] [bbotk] Result of batch 15:
INFO  [11:57:31.291] [bbotk]  alpha classif.auc warnings errors runtime_learners
INFO  [11:57:31.291] [bbotk]   0.95   0.5476923        0      0            0.881
INFO  [11:57:31.291] [bbotk]                                 uhash
INFO  [11:57:31.291] [bbotk]  fe028633-9b90-41c2-aa95-74f89af32eef
INFO  [11:57:31.293] [bbotk] Evaluating 1 configuration(s)
INFO  [11:57:31.315] [mlr3] Running benchmark with 5 resampling iterations
INFO  [11:57:31.320] [mlr3] Applying learner 'classif.cv_glmnet' on task 'candi_gene' (iter 1/5)
INFO  [11:57:31.514] [mlr3] Applying learner 'classif.cv_glmnet' on task 'candi_gene' (iter 2/5)
INFO  [11:57:31.708] [mlr3] Applying learner 'classif.cv_glmnet' on task 'candi_gene' (iter 3/5)
INFO  [11:57:31.894] [mlr3] Applying learner 'classif.cv_glmnet' on task 'candi_gene' (iter 4/5)
INFO  [11:57:32.058] [mlr3] Applying learner 'classif.cv_glmnet' on task 'candi_gene' (iter 5/5)
INFO  [11:57:32.258] [mlr3] Finished benchmark
INFO  [11:57:32.283] [bbotk] Result of batch 16:
INFO  [11:57:32.285] [bbotk]  alpha classif.auc warnings errors runtime_learners
INFO  [11:57:32.285] [bbotk]    0.7   0.5557753        0      0            0.891
INFO  [11:57:32.285] [bbotk]                                 uhash
INFO  [11:57:32.285] [bbotk]  a4ce0f55-a560-4d30-a221-8dcfad1da92a
INFO  [11:57:32.287] [bbotk] Evaluating 1 configuration(s)
INFO  [11:57:32.310] [mlr3] Running benchmark with 5 resampling iterations
INFO  [11:57:32.314] [mlr3] Applying learner 'classif.cv_glmnet' on task 'candi_gene' (iter 1/5)
INFO  [11:57:32.526] [mlr3] Applying learner 'classif.cv_glmnet' on task 'candi_gene' (iter 2/5)
INFO  [11:57:32.727] [mlr3] Applying learner 'classif.cv_glmnet' on task 'candi_gene' (iter 3/5)
INFO  [11:57:32.916] [mlr3] Applying learner 'classif.cv_glmnet' on task 'candi_gene' (iter 4/5)
INFO  [11:57:33.463] [mlr3] Applying learner 'classif.cv_glmnet' on task 'candi_gene' (iter 5/5)
INFO  [11:57:33.661] [mlr3] Finished benchmark
INFO  [11:57:33.685] [bbotk] Result of batch 17:
INFO  [11:57:33.687] [bbotk]  alpha classif.auc warnings errors runtime_learners
INFO  [11:57:33.687] [bbotk]    0.4   0.5920513        0      0            1.305
INFO  [11:57:33.687] [bbotk]                                 uhash
INFO  [11:57:33.687] [bbotk]  49758de8-8954-4b08-98cc-7af4926c8841
INFO  [11:57:33.688] [bbotk] Evaluating 1 configuration(s)
INFO  [11:57:33.710] [mlr3] Running benchmark with 5 resampling iterations
INFO  [11:57:33.715] [mlr3] Applying learner 'classif.cv_glmnet' on task 'candi_gene' (iter 1/5)
INFO  [11:57:33.928] [mlr3] Applying learner 'classif.cv_glmnet' on task 'candi_gene' (iter 2/5)
INFO  [11:57:34.117] [mlr3] Applying learner 'classif.cv_glmnet' on task 'candi_gene' (iter 3/5)
INFO  [11:57:34.312] [mlr3] Applying learner 'classif.cv_glmnet' on task 'candi_gene' (iter 4/5)
INFO  [11:57:34.495] [mlr3] Applying learner 'classif.cv_glmnet' on task 'candi_gene' (iter 5/5)
INFO  [11:57:34.699] [mlr3] Finished benchmark
INFO  [11:57:34.724] [bbotk] Result of batch 18:
INFO  [11:57:34.726] [bbotk]  alpha classif.auc warnings errors runtime_learners
INFO  [11:57:34.726] [bbotk]   0.35   0.5450549        0      0            0.943
INFO  [11:57:34.726] [bbotk]                                 uhash
INFO  [11:57:34.726] [bbotk]  7781b6a0-98d9-40b2-95ac-cbdc6dad28d9
INFO  [11:57:34.727] [bbotk] Evaluating 1 configuration(s)
INFO  [11:57:34.750] [mlr3] Running benchmark with 5 resampling iterations
INFO  [11:57:34.754] [mlr3] Applying learner 'classif.cv_glmnet' on task 'candi_gene' (iter 1/5)
INFO  [11:57:34.977] [mlr3] Applying learner 'classif.cv_glmnet' on task 'candi_gene' (iter 2/5)
INFO  [11:57:35.188] [mlr3] Applying learner 'classif.cv_glmnet' on task 'candi_gene' (iter 3/5)
INFO  [11:57:35.396] [mlr3] Applying learner 'classif.cv_glmnet' on task 'candi_gene' (iter 4/5)
INFO  [11:57:35.590] [mlr3] Applying learner 'classif.cv_glmnet' on task 'candi_gene' (iter 5/5)
INFO  [11:57:35.801] [mlr3] Finished benchmark
INFO  [11:57:35.826] [bbotk] Result of batch 19:
INFO  [11:57:35.828] [bbotk]  alpha classif.auc warnings errors runtime_learners
INFO  [11:57:35.828] [bbotk]   0.25   0.5862882        0      0            1.007
INFO  [11:57:35.828] [bbotk]                                 uhash
INFO  [11:57:35.828] [bbotk]  7e06976a-0a77-4150-8c99-b3f6e36b6c59
INFO  [11:57:35.829] [bbotk] Evaluating 1 configuration(s)
INFO  [11:57:35.852] [mlr3] Running benchmark with 5 resampling iterations
INFO  [11:57:35.857] [mlr3] Applying learner 'classif.cv_glmnet' on task 'candi_gene' (iter 1/5)
INFO  [11:57:36.224] [mlr3] Applying learner 'classif.cv_glmnet' on task 'candi_gene' (iter 2/5)
INFO  [11:57:36.656] [mlr3] Applying learner 'classif.cv_glmnet' on task 'candi_gene' (iter 3/5)
INFO  [11:57:37.073] [mlr3] Applying learner 'classif.cv_glmnet' on task 'candi_gene' (iter 4/5)
INFO  [11:57:37.494] [mlr3] Applying learner 'classif.cv_glmnet' on task 'candi_gene' (iter 5/5)
INFO  [11:57:37.903] [mlr3] Finished benchmark
INFO  [11:57:37.928] [bbotk] Result of batch 20:
INFO  [11:57:37.930] [bbotk]  alpha classif.auc warnings errors runtime_learners
INFO  [11:57:37.930] [bbotk]      0   0.5917094        0      0            2.002
INFO  [11:57:37.930] [bbotk]                                 uhash
INFO  [11:57:37.930] [bbotk]  f0dc1359-4ddb-4da0-a976-4636a0c8b69c
INFO  [11:57:37.931] [bbotk] Evaluating 1 configuration(s)
INFO  [11:57:37.954] [mlr3] Running benchmark with 5 resampling iterations
INFO  [11:57:37.959] [mlr3] Applying learner 'classif.cv_glmnet' on task 'candi_gene' (iter 1/5)
INFO  [11:57:38.150] [mlr3] Applying learner 'classif.cv_glmnet' on task 'candi_gene' (iter 2/5)
INFO  [11:57:38.337] [mlr3] Applying learner 'classif.cv_glmnet' on task 'candi_gene' (iter 3/5)
INFO  [11:57:38.516] [mlr3] Applying learner 'classif.cv_glmnet' on task 'candi_gene' (iter 4/5)
INFO  [11:57:38.683] [mlr3] Applying learner 'classif.cv_glmnet' on task 'candi_gene' (iter 5/5)
INFO  [11:57:38.870] [mlr3] Finished benchmark
INFO  [11:57:38.894] [bbotk] Result of batch 21:
INFO  [11:57:38.896] [bbotk]  alpha classif.auc warnings errors runtime_learners
INFO  [11:57:38.896] [bbotk]    0.8   0.5582684        0      0            0.869
INFO  [11:57:38.896] [bbotk]                                 uhash
INFO  [11:57:38.896] [bbotk]  9b7c9404-6cae-46eb-b568-b412673a0f68
INFO  [11:57:38.901] [bbotk] Finished optimizing after 21 evaluation(s)
INFO  [11:57:38.901] [bbotk] Result:
INFO  [11:57:38.904] [bbotk]   alpha learner_param_vals x_domain classif.auc
INFO  [11:57:38.904] [bbotk]  <char>             <list>   <list>       <num>
INFO  [11:57:38.904] [bbotk]    0.05       c(7.8947....     0.05   0.7313731
