Conda environment: *
R version 4.3.1 (2023-06-16)
Platform: x86_64-conda-linux-gnu (64-bit)
Running under: Red Hat Enterprise Linux 8.3 (Ootpa)

Matrix products: default
BLAS/LAPACK: /ess/home/home1/beiw/miniconda3/envs/5hmc_os_env/lib/libopenblasp-r0.3.27.so;  LAPACK version 3.12.0

locale:
[1] C

time zone: America/Chicago
tzcode source: system (glibc)

attached base packages:
[1] stats4    stats     graphics  grDevices utils     datasets  methods  
[8] base     

other attached packages:
 [1] conflicted_1.2.0            DESeq2_1.40.2              
 [3] SummarizedExperiment_1.30.2 Biobase_2.60.0             
 [5] MatrixGenerics_1.12.2       matrixStats_1.2.0          
 [7] GenomicRanges_1.52.0        GenomeInfoDb_1.36.1        
 [9] IRanges_2.34.1              S4Vectors_0.38.1           
[11] BiocGenerics_0.46.0         glmnet_4.1-8               
[13] Matrix_1.6-5                mlr3learners_0.5.8         
[15] mlr3tuning_0.19.0           paradox_0.11.1             
[17] mlr3_0.19.0                 lubridate_1.9.3            
[19] forcats_1.0.0               stringr_1.5.1              
[21] purrr_1.0.2                 readr_2.1.5                
[23] tidyr_1.3.1                 tibble_3.2.1               
[25] ggplot2_3.4.4               tidyverse_2.0.0            
[27] dplyr_1.1.4                

loaded via a namespace (and not attached):
 [1] gtable_0.3.4            shape_1.4.6             lattice_0.21-9         
 [4] tzdb_0.4.0              bitops_1.0-7            vctrs_0.6.4            
 [7] tools_4.3.1             generics_0.1.3          parallel_4.3.1         
[10] fansi_1.0.5             pkgconfig_2.0.3         data.table_1.15.2      
[13] checkmate_2.3.1         uuid_1.1-1              GenomeInfoDbData_1.2.11
[16] lifecycle_1.0.3         compiler_4.3.1          munsell_0.5.0          
[19] RhpcBLASctl_0.23-42     codetools_0.2-20        bbotk_0.7.2            
[22] RCurl_1.98-1.12         pillar_1.9.0            crayon_1.5.2           
[25] BiocParallel_1.34.2     cachem_1.0.8            DelayedArray_0.26.6    
[28] iterators_1.0.14        foreach_1.5.2           parallelly_1.37.1      
[31] locfit_1.5-9.8          tidyselect_1.2.0        digest_0.6.35          
[34] stringi_1.7.12          future_1.33.2           listenv_0.9.1          
[37] splines_4.3.1           fastmap_1.1.1           grid_4.3.1             
[40] colorspace_2.1-0        cli_3.6.1               magrittr_2.0.3         
[43] S4Arrays_1.0.4          survival_3.5-7          utf8_1.2.4             
[46] withr_2.5.1             scales_1.2.1            backports_1.4.1        
[49] timechange_0.2.0        XVector_0.40.0          globals_0.16.3         
[52] hms_1.1.3               memoise_2.0.1           mlr3misc_0.15.0        
[55] rlang_1.1.1             Rcpp_1.0.11             glue_1.6.2             
[58] palmerpenguins_0.1.1    lgr_0.4.4               R6_2.5.1               
[61] zlibbioc_1.46.0        
INFO  [11:56:34.417] [bbotk] Starting to optimize 1 parameter(s) with '<TunerGridSearch>' and '<TerminatorNone>'
INFO  [11:56:34.441] [bbotk] Evaluating 1 configuration(s)
INFO  [11:56:34.473] [mlr3] Running benchmark with 5 resampling iterations
INFO  [11:56:34.507] [mlr3] Applying learner 'classif.cv_glmnet' on task 'candi_gene' (iter 1/5)
INFO  [11:56:35.126] [mlr3] Applying learner 'classif.cv_glmnet' on task 'candi_gene' (iter 2/5)
INFO  [11:56:35.334] [mlr3] Applying learner 'classif.cv_glmnet' on task 'candi_gene' (iter 3/5)
INFO  [11:56:35.557] [mlr3] Applying learner 'classif.cv_glmnet' on task 'candi_gene' (iter 4/5)
INFO  [11:56:35.761] [mlr3] Applying learner 'classif.cv_glmnet' on task 'candi_gene' (iter 5/5)
INFO  [11:56:35.965] [mlr3] Finished benchmark
INFO  [11:56:35.998] [bbotk] Result of batch 1:
INFO  [11:56:36.001] [bbotk]  alpha classif.auc warnings errors runtime_learners
INFO  [11:56:36.001] [bbotk]    0.3   0.6386406        0      0            1.412
INFO  [11:56:36.001] [bbotk]                                 uhash
INFO  [11:56:36.001] [bbotk]  c235a4fc-a82e-41f4-bd5a-81884aee61c1
INFO  [11:56:36.003] [bbotk] Evaluating 1 configuration(s)
INFO  [11:56:36.026] [mlr3] Running benchmark with 5 resampling iterations
INFO  [11:56:36.031] [mlr3] Applying learner 'classif.cv_glmnet' on task 'candi_gene' (iter 1/5)
INFO  [11:56:36.294] [mlr3] Applying learner 'classif.cv_glmnet' on task 'candi_gene' (iter 2/5)
INFO  [11:56:36.560] [mlr3] Applying learner 'classif.cv_glmnet' on task 'candi_gene' (iter 3/5)
INFO  [11:56:36.845] [mlr3] Applying learner 'classif.cv_glmnet' on task 'candi_gene' (iter 4/5)
INFO  [11:56:37.112] [mlr3] Applying learner 'classif.cv_glmnet' on task 'candi_gene' (iter 5/5)
INFO  [11:56:37.388] [mlr3] Finished benchmark
INFO  [11:56:37.412] [bbotk] Result of batch 2:
INFO  [11:56:37.414] [bbotk]  alpha classif.auc warnings errors runtime_learners
INFO  [11:56:37.414] [bbotk]   0.05   0.6368599        0      0            1.314
INFO  [11:56:37.414] [bbotk]                                 uhash
INFO  [11:56:37.414] [bbotk]  e3af805b-7639-4b3e-94ac-855dffc926b2
INFO  [11:56:37.415] [bbotk] Evaluating 1 configuration(s)
INFO  [11:56:37.438] [mlr3] Running benchmark with 5 resampling iterations
INFO  [11:56:37.443] [mlr3] Applying learner 'classif.cv_glmnet' on task 'candi_gene' (iter 1/5)
INFO  [11:56:37.651] [mlr3] Applying learner 'classif.cv_glmnet' on task 'candi_gene' (iter 2/5)
INFO  [11:56:37.874] [mlr3] Applying learner 'classif.cv_glmnet' on task 'candi_gene' (iter 3/5)
INFO  [11:56:38.470] [mlr3] Applying learner 'classif.cv_glmnet' on task 'candi_gene' (iter 4/5)
INFO  [11:56:38.683] [mlr3] Applying learner 'classif.cv_glmnet' on task 'candi_gene' (iter 5/5)
INFO  [11:56:38.902] [mlr3] Finished benchmark
INFO  [11:56:38.926] [bbotk] Result of batch 3:
INFO  [11:56:38.928] [bbotk]  alpha classif.auc warnings errors runtime_learners
INFO  [11:56:38.928] [bbotk]    0.2   0.6498737        0      0            1.413
INFO  [11:56:38.928] [bbotk]                                 uhash
INFO  [11:56:38.928] [bbotk]  f205bae2-ab8f-49f8-b58e-fc4ad80d722f
INFO  [11:56:38.929] [bbotk] Evaluating 1 configuration(s)
INFO  [11:56:38.951] [mlr3] Running benchmark with 5 resampling iterations
INFO  [11:56:38.956] [mlr3] Applying learner 'classif.cv_glmnet' on task 'candi_gene' (iter 1/5)
INFO  [11:56:39.148] [mlr3] Applying learner 'classif.cv_glmnet' on task 'candi_gene' (iter 2/5)
INFO  [11:56:39.360] [mlr3] Applying learner 'classif.cv_glmnet' on task 'candi_gene' (iter 3/5)
INFO  [11:56:39.577] [mlr3] Applying learner 'classif.cv_glmnet' on task 'candi_gene' (iter 4/5)
INFO  [11:56:39.781] [mlr3] Applying learner 'classif.cv_glmnet' on task 'candi_gene' (iter 5/5)
INFO  [11:56:39.987] [mlr3] Finished benchmark
INFO  [11:56:40.011] [bbotk] Result of batch 4:
INFO  [11:56:40.013] [bbotk]  alpha classif.auc warnings errors runtime_learners
INFO  [11:56:40.013] [bbotk]   0.25   0.5692774        0      0            0.989
INFO  [11:56:40.013] [bbotk]                                 uhash
INFO  [11:56:40.013] [bbotk]  bb4707c2-2f4a-4732-afc2-215a248b3824
INFO  [11:56:40.014] [bbotk] Evaluating 1 configuration(s)
INFO  [11:56:40.037] [mlr3] Running benchmark with 5 resampling iterations
INFO  [11:56:40.042] [mlr3] Applying learner 'classif.cv_glmnet' on task 'candi_gene' (iter 1/5)
INFO  [11:56:40.272] [mlr3] Applying learner 'classif.cv_glmnet' on task 'candi_gene' (iter 2/5)
INFO  [11:56:40.511] [mlr3] Applying learner 'classif.cv_glmnet' on task 'candi_gene' (iter 3/5)
INFO  [11:56:40.775] [mlr3] Applying learner 'classif.cv_glmnet' on task 'candi_gene' (iter 4/5)
INFO  [11:56:41.014] [mlr3] Applying learner 'classif.cv_glmnet' on task 'candi_gene' (iter 5/5)
INFO  [11:56:41.254] [mlr3] Finished benchmark
INFO  [11:56:41.278] [bbotk] Result of batch 5:
INFO  [11:56:41.280] [bbotk]  alpha classif.auc warnings errors runtime_learners
INFO  [11:56:41.280] [bbotk]    0.1   0.5970785        0      0            1.171
INFO  [11:56:41.280] [bbotk]                                 uhash
INFO  [11:56:41.280] [bbotk]  2561d19a-e6b8-4737-9ca5-2003b8eb137b
INFO  [11:56:41.282] [bbotk] Evaluating 1 configuration(s)
INFO  [11:56:41.304] [mlr3] Running benchmark with 5 resampling iterations
INFO  [11:56:41.309] [mlr3] Applying learner 'classif.cv_glmnet' on task 'candi_gene' (iter 1/5)
INFO  [11:56:41.486] [mlr3] Applying learner 'classif.cv_glmnet' on task 'candi_gene' (iter 2/5)
INFO  [11:56:41.683] [mlr3] Applying learner 'classif.cv_glmnet' on task 'candi_gene' (iter 3/5)
INFO  [11:56:41.892] [mlr3] Applying learner 'classif.cv_glmnet' on task 'candi_gene' (iter 4/5)
INFO  [11:56:42.087] [mlr3] Applying learner 'classif.cv_glmnet' on task 'candi_gene' (iter 5/5)
INFO  [11:56:42.283] [mlr3] Finished benchmark
INFO  [11:56:42.307] [bbotk] Result of batch 6:
INFO  [11:56:42.309] [bbotk]  alpha classif.auc warnings errors runtime_learners
INFO  [11:56:42.309] [bbotk]   0.35   0.5503263        0      0            0.932
INFO  [11:56:42.309] [bbotk]                                 uhash
INFO  [11:56:42.309] [bbotk]  e0fa3960-7935-4a17-8ec5-83437db0b456
INFO  [11:56:42.311] [bbotk] Evaluating 1 configuration(s)
INFO  [11:56:42.333] [mlr3] Running benchmark with 5 resampling iterations
INFO  [11:56:42.338] [mlr3] Applying learner 'classif.cv_glmnet' on task 'candi_gene' (iter 1/5)
INFO  [11:56:42.504] [mlr3] Applying learner 'classif.cv_glmnet' on task 'candi_gene' (iter 2/5)
INFO  [11:56:42.690] [mlr3] Applying learner 'classif.cv_glmnet' on task 'candi_gene' (iter 3/5)
INFO  [11:56:42.886] [mlr3] Applying learner 'classif.cv_glmnet' on task 'candi_gene' (iter 4/5)
INFO  [11:56:43.072] [mlr3] Applying learner 'classif.cv_glmnet' on task 'candi_gene' (iter 5/5)
INFO  [11:56:43.259] [mlr3] Finished benchmark
INFO  [11:56:43.284] [bbotk] Result of batch 7:
INFO  [11:56:43.286] [bbotk]  alpha classif.auc warnings errors runtime_learners
INFO  [11:56:43.286] [bbotk]    0.6   0.6094071        0      0            0.879
INFO  [11:56:43.286] [bbotk]                                 uhash
INFO  [11:56:43.286] [bbotk]  6221b388-3314-4be3-9b5f-0f52057e55f3
INFO  [11:56:43.287] [bbotk] Evaluating 1 configuration(s)
INFO  [11:56:43.310] [mlr3] Running benchmark with 5 resampling iterations
INFO  [11:56:43.315] [mlr3] Applying learner 'classif.cv_glmnet' on task 'candi_gene' (iter 1/5)
INFO  [11:56:43.477] [mlr3] Applying learner 'classif.cv_glmnet' on task 'candi_gene' (iter 2/5)
INFO  [11:56:43.660] [mlr3] Applying learner 'classif.cv_glmnet' on task 'candi_gene' (iter 3/5)
INFO  [11:56:43.853] [mlr3] Applying learner 'classif.cv_glmnet' on task 'candi_gene' (iter 4/5)
INFO  [11:56:44.040] [mlr3] Applying learner 'classif.cv_glmnet' on task 'candi_gene' (iter 5/5)
INFO  [11:56:44.225] [mlr3] Finished benchmark
INFO  [11:56:44.250] [bbotk] Result of batch 8:
INFO  [11:56:44.252] [bbotk]  alpha classif.auc warnings errors runtime_learners
INFO  [11:56:44.252] [bbotk]   0.75   0.5475136        0      0             0.87
INFO  [11:56:44.252] [bbotk]                                 uhash
INFO  [11:56:44.252] [bbotk]  7d942c86-b9da-400d-b6c9-2b35628d0184
INFO  [11:56:44.253] [bbotk] Evaluating 1 configuration(s)
INFO  [11:56:44.275] [mlr3] Running benchmark with 5 resampling iterations
INFO  [11:56:44.280] [mlr3] Applying learner 'classif.cv_glmnet' on task 'candi_gene' (iter 1/5)
INFO  [11:56:44.447] [mlr3] Applying learner 'classif.cv_glmnet' on task 'candi_gene' (iter 2/5)
INFO  [11:56:44.639] [mlr3] Applying learner 'classif.cv_glmnet' on task 'candi_gene' (iter 3/5)
INFO  [11:56:44.828] [mlr3] Applying learner 'classif.cv_glmnet' on task 'candi_gene' (iter 4/5)
INFO  [11:56:45.019] [mlr3] Applying learner 'classif.cv_glmnet' on task 'candi_gene' (iter 5/5)
INFO  [11:56:45.218] [mlr3] Finished benchmark
INFO  [11:56:45.243] [bbotk] Result of batch 9:
INFO  [11:56:45.245] [bbotk]  alpha classif.auc warnings errors runtime_learners
INFO  [11:56:45.245] [bbotk]      1   0.5758586        0      0            0.898
INFO  [11:56:45.245] [bbotk]                                 uhash
INFO  [11:56:45.245] [bbotk]  7824efbf-2f36-413b-98a2-2ababf69e5df
INFO  [11:56:45.246] [bbotk] Evaluating 1 configuration(s)
INFO  [11:56:45.269] [mlr3] Running benchmark with 5 resampling iterations
INFO  [11:56:45.274] [mlr3] Applying learner 'classif.cv_glmnet' on task 'candi_gene' (iter 1/5)
INFO  [11:56:45.436] [mlr3] Applying learner 'classif.cv_glmnet' on task 'candi_gene' (iter 2/5)
INFO  [11:56:45.618] [mlr3] Applying learner 'classif.cv_glmnet' on task 'candi_gene' (iter 3/5)
INFO  [11:56:45.802] [mlr3] Applying learner 'classif.cv_glmnet' on task 'candi_gene' (iter 4/5)
INFO  [11:56:45.990] [mlr3] Applying learner 'classif.cv_glmnet' on task 'candi_gene' (iter 5/5)
INFO  [11:56:46.181] [mlr3] Finished benchmark
INFO  [11:56:46.206] [bbotk] Result of batch 10:
INFO  [11:56:46.208] [bbotk]  alpha classif.auc warnings errors runtime_learners
INFO  [11:56:46.208] [bbotk]   0.95   0.5218026        0      0            0.865
INFO  [11:56:46.208] [bbotk]                                 uhash
INFO  [11:56:46.208] [bbotk]  ff5c947f-e09f-450b-b36d-2f30c460c643
INFO  [11:56:46.209] [bbotk] Evaluating 1 configuration(s)
INFO  [11:56:46.232] [mlr3] Running benchmark with 5 resampling iterations
INFO  [11:56:46.237] [mlr3] Applying learner 'classif.cv_glmnet' on task 'candi_gene' (iter 1/5)
INFO  [11:56:46.404] [mlr3] Applying learner 'classif.cv_glmnet' on task 'candi_gene' (iter 2/5)
INFO  [11:56:46.594] [mlr3] Applying learner 'classif.cv_glmnet' on task 'candi_gene' (iter 3/5)
INFO  [11:56:46.800] [mlr3] Applying learner 'classif.cv_glmnet' on task 'candi_gene' (iter 4/5)
INFO  [11:56:46.990] [mlr3] Applying learner 'classif.cv_glmnet' on task 'candi_gene' (iter 5/5)
INFO  [11:56:47.175] [mlr3] Finished benchmark
INFO  [11:56:47.200] [bbotk] Result of batch 11:
INFO  [11:56:47.202] [bbotk]  alpha classif.auc warnings errors runtime_learners
INFO  [11:56:47.202] [bbotk]    0.5   0.5646542        0      0            0.897
INFO  [11:56:47.202] [bbotk]                                 uhash
INFO  [11:56:47.202] [bbotk]  15b22844-3fff-4fba-8343-ca837813810a
INFO  [11:56:47.203] [bbotk] Evaluating 1 configuration(s)
INFO  [11:56:47.226] [mlr3] Running benchmark with 5 resampling iterations
INFO  [11:56:47.230] [mlr3] Applying learner 'classif.cv_glmnet' on task 'candi_gene' (iter 1/5)
INFO  [11:56:47.406] [mlr3] Applying learner 'classif.cv_glmnet' on task 'candi_gene' (iter 2/5)
INFO  [11:56:47.593] [mlr3] Applying learner 'classif.cv_glmnet' on task 'candi_gene' (iter 3/5)
INFO  [11:56:47.795] [mlr3] Applying learner 'classif.cv_glmnet' on task 'candi_gene' (iter 4/5)
INFO  [11:56:47.981] [mlr3] Applying learner 'classif.cv_glmnet' on task 'candi_gene' (iter 5/5)
INFO  [11:56:48.162] [mlr3] Finished benchmark
INFO  [11:56:48.186] [bbotk] Result of batch 12:
INFO  [11:56:48.188] [bbotk]  alpha classif.auc warnings errors runtime_learners
INFO  [11:56:48.188] [bbotk]   0.55   0.5883838        0      0            0.888
INFO  [11:56:48.188] [bbotk]                                 uhash
INFO  [11:56:48.188] [bbotk]  44f1c497-ff37-48e0-b540-050ef44ab6c5
INFO  [11:56:48.190] [bbotk] Evaluating 1 configuration(s)
INFO  [11:56:48.213] [mlr3] Running benchmark with 5 resampling iterations
INFO  [11:56:48.217] [mlr3] Applying learner 'classif.cv_glmnet' on task 'candi_gene' (iter 1/5)
INFO  [11:56:48.657] [mlr3] Applying learner 'classif.cv_glmnet' on task 'candi_gene' (iter 2/5)
INFO  [11:56:49.082] [mlr3] Applying learner 'classif.cv_glmnet' on task 'candi_gene' (iter 3/5)
INFO  [11:56:49.487] [mlr3] Applying learner 'classif.cv_glmnet' on task 'candi_gene' (iter 4/5)
INFO  [11:56:49.888] [mlr3] Applying learner 'classif.cv_glmnet' on task 'candi_gene' (iter 5/5)
INFO  [11:56:50.337] [mlr3] Finished benchmark
INFO  [11:56:50.362] [bbotk] Result of batch 13:
INFO  [11:56:50.364] [bbotk]  alpha classif.auc warnings errors runtime_learners
INFO  [11:56:50.364] [bbotk]      0   0.5853768        0      0            2.078
INFO  [11:56:50.364] [bbotk]                                 uhash
INFO  [11:56:50.364] [bbotk]  b57dcd81-5ffe-4736-bbf9-1eb253f6806e
INFO  [11:56:50.365] [bbotk] Evaluating 1 configuration(s)
INFO  [11:56:50.388] [mlr3] Running benchmark with 5 resampling iterations
INFO  [11:56:50.393] [mlr3] Applying learner 'classif.cv_glmnet' on task 'candi_gene' (iter 1/5)
INFO  [11:56:50.609] [mlr3] Applying learner 'classif.cv_glmnet' on task 'candi_gene' (iter 2/5)
INFO  [11:56:50.838] [mlr3] Applying learner 'classif.cv_glmnet' on task 'candi_gene' (iter 3/5)
INFO  [11:56:51.444] [mlr3] Applying learner 'classif.cv_glmnet' on task 'candi_gene' (iter 4/5)
INFO  [11:56:51.668] [mlr3] Applying learner 'classif.cv_glmnet' on task 'candi_gene' (iter 5/5)
INFO  [11:56:51.890] [mlr3] Finished benchmark
INFO  [11:56:51.915] [bbotk] Result of batch 14:
INFO  [11:56:51.917] [bbotk]  alpha classif.auc warnings errors runtime_learners
INFO  [11:56:51.917] [bbotk]   0.15   0.6028077        0      0            1.457
INFO  [11:56:51.917] [bbotk]                                 uhash
INFO  [11:56:51.917] [bbotk]  c4897b00-4288-44d2-9996-ae375bccd32f
INFO  [11:56:51.918] [bbotk] Evaluating 1 configuration(s)
INFO  [11:56:51.941] [mlr3] Running benchmark with 5 resampling iterations
INFO  [11:56:51.945] [mlr3] Applying learner 'classif.cv_glmnet' on task 'candi_gene' (iter 1/5)
INFO  [11:56:52.110] [mlr3] Applying learner 'classif.cv_glmnet' on task 'candi_gene' (iter 2/5)
INFO  [11:56:52.289] [mlr3] Applying learner 'classif.cv_glmnet' on task 'candi_gene' (iter 3/5)
INFO  [11:56:52.477] [mlr3] Applying learner 'classif.cv_glmnet' on task 'candi_gene' (iter 4/5)
INFO  [11:56:52.660] [mlr3] Applying learner 'classif.cv_glmnet' on task 'candi_gene' (iter 5/5)
INFO  [11:56:52.836] [mlr3] Finished benchmark
INFO  [11:56:52.860] [bbotk] Result of batch 15:
INFO  [11:56:52.862] [bbotk]  alpha classif.auc warnings errors runtime_learners
INFO  [11:56:52.862] [bbotk]    0.8   0.5711111        0      0            0.848
INFO  [11:56:52.862] [bbotk]                                 uhash
INFO  [11:56:52.862] [bbotk]  154d36d0-fbb6-4a47-a8fc-c27147e18a3a
INFO  [11:56:52.864] [bbotk] Evaluating 1 configuration(s)
INFO  [11:56:52.886] [mlr3] Running benchmark with 5 resampling iterations
INFO  [11:56:52.891] [mlr3] Applying learner 'classif.cv_glmnet' on task 'candi_gene' (iter 1/5)
INFO  [11:56:53.059] [mlr3] Applying learner 'classif.cv_glmnet' on task 'candi_gene' (iter 2/5)
INFO  [11:56:53.238] [mlr3] Applying learner 'classif.cv_glmnet' on task 'candi_gene' (iter 3/5)
INFO  [11:56:53.430] [mlr3] Applying learner 'classif.cv_glmnet' on task 'candi_gene' (iter 4/5)
INFO  [11:56:53.608] [mlr3] Applying learner 'classif.cv_glmnet' on task 'candi_gene' (iter 5/5)
INFO  [11:56:53.790] [mlr3] Finished benchmark
INFO  [11:56:53.814] [bbotk] Result of batch 16:
INFO  [11:56:53.816] [bbotk]  alpha classif.auc warnings errors runtime_learners
INFO  [11:56:53.816] [bbotk]   0.85   0.5596814        0      0            0.858
INFO  [11:56:53.816] [bbotk]                                 uhash
INFO  [11:56:53.816] [bbotk]  90725809-c8f8-44cf-93fd-b64f9958f924
INFO  [11:56:53.818] [bbotk] Evaluating 1 configuration(s)
INFO  [11:56:53.840] [mlr3] Running benchmark with 5 resampling iterations
INFO  [11:56:53.845] [mlr3] Applying learner 'classif.cv_glmnet' on task 'candi_gene' (iter 1/5)
INFO  [11:56:54.023] [mlr3] Applying learner 'classif.cv_glmnet' on task 'candi_gene' (iter 2/5)
INFO  [11:56:54.216] [mlr3] Applying learner 'classif.cv_glmnet' on task 'candi_gene' (iter 3/5)
INFO  [11:56:54.416] [mlr3] Applying learner 'classif.cv_glmnet' on task 'candi_gene' (iter 4/5)
INFO  [11:56:54.608] [mlr3] Applying learner 'classif.cv_glmnet' on task 'candi_gene' (iter 5/5)
INFO  [11:56:54.803] [mlr3] Finished benchmark
INFO  [11:56:54.827] [bbotk] Result of batch 17:
INFO  [11:56:54.829] [bbotk]  alpha classif.auc warnings errors runtime_learners
INFO  [11:56:54.829] [bbotk]   0.45   0.5580963        0      0            0.915
INFO  [11:56:54.829] [bbotk]                                 uhash
INFO  [11:56:54.829] [bbotk]  735df483-f853-4c22-9069-f9617a244819
INFO  [11:56:54.831] [bbotk] Evaluating 1 configuration(s)
INFO  [11:56:54.854] [mlr3] Running benchmark with 5 resampling iterations
INFO  [11:56:54.858] [mlr3] Applying learner 'classif.cv_glmnet' on task 'candi_gene' (iter 1/5)
INFO  [11:56:55.027] [mlr3] Applying learner 'classif.cv_glmnet' on task 'candi_gene' (iter 2/5)
INFO  [11:56:55.217] [mlr3] Applying learner 'classif.cv_glmnet' on task 'candi_gene' (iter 3/5)
INFO  [11:56:55.402] [mlr3] Applying learner 'classif.cv_glmnet' on task 'candi_gene' (iter 4/5)
INFO  [11:56:55.592] [mlr3] Applying learner 'classif.cv_glmnet' on task 'candi_gene' (iter 5/5)
INFO  [11:56:55.773] [mlr3] Finished benchmark
INFO  [11:56:55.798] [bbotk] Result of batch 18:
INFO  [11:56:55.800] [bbotk]  alpha classif.auc warnings errors runtime_learners
INFO  [11:56:55.800] [bbotk]    0.7   0.5005828        0      0            0.872
INFO  [11:56:55.800] [bbotk]                                 uhash
INFO  [11:56:55.800] [bbotk]  57d57506-7deb-44a0-b2e6-4b522be27acd
INFO  [11:56:55.801] [bbotk] Evaluating 1 configuration(s)
INFO  [11:56:55.824] [mlr3] Running benchmark with 5 resampling iterations
INFO  [11:56:55.828] [mlr3] Applying learner 'classif.cv_glmnet' on task 'candi_gene' (iter 1/5)
INFO  [11:56:55.991] [mlr3] Applying learner 'classif.cv_glmnet' on task 'candi_gene' (iter 2/5)
INFO  [11:56:56.173] [mlr3] Applying learner 'classif.cv_glmnet' on task 'candi_gene' (iter 3/5)
INFO  [11:56:56.368] [mlr3] Applying learner 'classif.cv_glmnet' on task 'candi_gene' (iter 4/5)
INFO  [11:56:56.559] [mlr3] Applying learner 'classif.cv_glmnet' on task 'candi_gene' (iter 5/5)
INFO  [11:56:56.738] [mlr3] Finished benchmark
INFO  [11:56:56.762] [bbotk] Result of batch 19:
INFO  [11:56:56.764] [bbotk]  alpha classif.auc warnings errors runtime_learners
INFO  [11:56:56.764] [bbotk]   0.65   0.5425486        0      0            0.868
INFO  [11:56:56.764] [bbotk]                                 uhash
INFO  [11:56:56.764] [bbotk]  da705529-ed5f-46e4-b267-f93a7746bb01
INFO  [11:56:56.765] [bbotk] Evaluating 1 configuration(s)
INFO  [11:56:56.788] [mlr3] Running benchmark with 5 resampling iterations
INFO  [11:56:56.793] [mlr3] Applying learner 'classif.cv_glmnet' on task 'candi_gene' (iter 1/5)
INFO  [11:56:56.965] [mlr3] Applying learner 'classif.cv_glmnet' on task 'candi_gene' (iter 2/5)
INFO  [11:56:57.141] [mlr3] Applying learner 'classif.cv_glmnet' on task 'candi_gene' (iter 3/5)
INFO  [11:56:57.334] [mlr3] Applying learner 'classif.cv_glmnet' on task 'candi_gene' (iter 4/5)
INFO  [11:56:57.522] [mlr3] Applying learner 'classif.cv_glmnet' on task 'candi_gene' (iter 5/5)
INFO  [11:56:57.696] [mlr3] Finished benchmark
INFO  [11:56:57.720] [bbotk] Result of batch 20:
INFO  [11:56:57.722] [bbotk]  alpha classif.auc warnings errors runtime_learners
INFO  [11:56:57.722] [bbotk]    0.9         0.5        0      0            0.854
INFO  [11:56:57.722] [bbotk]                                 uhash
INFO  [11:56:57.722] [bbotk]  6c234c26-ec98-4e1f-92aa-490f823587bd
INFO  [11:56:57.724] [bbotk] Evaluating 1 configuration(s)
INFO  [11:56:57.746] [mlr3] Running benchmark with 5 resampling iterations
INFO  [11:56:57.751] [mlr3] Applying learner 'classif.cv_glmnet' on task 'candi_gene' (iter 1/5)
INFO  [11:56:57.934] [mlr3] Applying learner 'classif.cv_glmnet' on task 'candi_gene' (iter 2/5)
INFO  [11:56:58.129] [mlr3] Applying learner 'classif.cv_glmnet' on task 'candi_gene' (iter 3/5)
INFO  [11:56:58.336] [mlr3] Applying learner 'classif.cv_glmnet' on task 'candi_gene' (iter 4/5)
INFO  [11:56:58.529] [mlr3] Applying learner 'classif.cv_glmnet' on task 'candi_gene' (iter 5/5)
INFO  [11:56:58.729] [mlr3] Finished benchmark
INFO  [11:56:58.754] [bbotk] Result of batch 21:
INFO  [11:56:58.756] [bbotk]  alpha classif.auc warnings errors runtime_learners
INFO  [11:56:58.756] [bbotk]    0.4   0.5523232        0      0            0.936
INFO  [11:56:58.756] [bbotk]                                 uhash
INFO  [11:56:58.756] [bbotk]  4f4cead6-7273-48cb-8d56-cefb984018ba
INFO  [11:56:58.761] [bbotk] Finished optimizing after 21 evaluation(s)
INFO  [11:56:58.761] [bbotk] Result:
INFO  [11:56:58.764] [bbotk]   alpha learner_param_vals x_domain classif.auc
INFO  [11:56:58.764] [bbotk]  <char>             <list>   <list>       <num>
INFO  [11:56:58.764] [bbotk]     0.2       c(7.8947....      0.2   0.6498737
