Conda environment: *
R version 4.3.1 (2023-06-16)
Platform: x86_64-conda-linux-gnu (64-bit)
Running under: Red Hat Enterprise Linux 8.3 (Ootpa)

Matrix products: default
BLAS/LAPACK: /ess/home/home1/beiw/miniconda3/envs/5hmc_os_env/lib/libopenblasp-r0.3.27.so;  LAPACK version 3.12.0

locale:
[1] C

time zone: America/Chicago
tzcode source: system (glibc)

attached base packages:
[1] stats4    stats     graphics  grDevices utils     datasets  methods  
[8] base     

other attached packages:
 [1] conflicted_1.2.0            DESeq2_1.40.2              
 [3] SummarizedExperiment_1.30.2 Biobase_2.60.0             
 [5] MatrixGenerics_1.12.2       matrixStats_1.2.0          
 [7] GenomicRanges_1.52.0        GenomeInfoDb_1.36.1        
 [9] IRanges_2.34.1              S4Vectors_0.38.1           
[11] BiocGenerics_0.46.0         glmnet_4.1-8               
[13] Matrix_1.6-5                mlr3learners_0.5.8         
[15] mlr3tuning_0.19.0           paradox_0.11.1             
[17] mlr3_0.19.0                 lubridate_1.9.3            
[19] forcats_1.0.0               stringr_1.5.1              
[21] purrr_1.0.2                 readr_2.1.5                
[23] tidyr_1.3.1                 tibble_3.2.1               
[25] ggplot2_3.4.4               tidyverse_2.0.0            
[27] dplyr_1.1.4                

loaded via a namespace (and not attached):
 [1] gtable_0.3.4            shape_1.4.6             lattice_0.21-9         
 [4] tzdb_0.4.0              bitops_1.0-7            vctrs_0.6.4            
 [7] tools_4.3.1             generics_0.1.3          parallel_4.3.1         
[10] fansi_1.0.5             pkgconfig_2.0.3         data.table_1.15.2      
[13] checkmate_2.3.1         uuid_1.1-1              GenomeInfoDbData_1.2.11
[16] lifecycle_1.0.3         compiler_4.3.1          munsell_0.5.0          
[19] RhpcBLASctl_0.23-42     codetools_0.2-20        bbotk_0.7.2            
[22] RCurl_1.98-1.12         pillar_1.9.0            crayon_1.5.2           
[25] BiocParallel_1.34.2     cachem_1.0.8            DelayedArray_0.26.6    
[28] iterators_1.0.14        foreach_1.5.2           parallelly_1.37.1      
[31] locfit_1.5-9.8          tidyselect_1.2.0        digest_0.6.35          
[34] stringi_1.7.12          future_1.33.2           listenv_0.9.1          
[37] splines_4.3.1           fastmap_1.1.1           grid_4.3.1             
[40] colorspace_2.1-0        cli_3.6.1               magrittr_2.0.3         
[43] S4Arrays_1.0.4          survival_3.5-7          utf8_1.2.4             
[46] withr_2.5.1             scales_1.2.1            backports_1.4.1        
[49] timechange_0.2.0        XVector_0.40.0          globals_0.16.3         
[52] hms_1.1.3               memoise_2.0.1           mlr3misc_0.15.0        
[55] rlang_1.1.1             Rcpp_1.0.11             glue_1.6.2             
[58] palmerpenguins_0.1.1    lgr_0.4.4               R6_2.5.1               
[61] zlibbioc_1.46.0        
INFO  [11:55:55.942] [bbotk] Starting to optimize 1 parameter(s) with '<TunerGridSearch>' and '<TerminatorNone>'
INFO  [11:55:55.966] [bbotk] Evaluating 1 configuration(s)
INFO  [11:55:55.997] [mlr3] Running benchmark with 5 resampling iterations
INFO  [11:55:56.030] [mlr3] Applying learner 'classif.cv_glmnet' on task 'candi_gene' (iter 1/5)
INFO  [11:55:56.641] [mlr3] Applying learner 'classif.cv_glmnet' on task 'candi_gene' (iter 2/5)
INFO  [11:55:56.831] [mlr3] Applying learner 'classif.cv_glmnet' on task 'candi_gene' (iter 3/5)
INFO  [11:55:57.010] [mlr3] Applying learner 'classif.cv_glmnet' on task 'candi_gene' (iter 4/5)
INFO  [11:55:57.185] [mlr3] Applying learner 'classif.cv_glmnet' on task 'candi_gene' (iter 5/5)
INFO  [11:55:57.371] [mlr3] Finished benchmark
INFO  [11:55:57.398] [bbotk] Result of batch 1:
INFO  [11:55:57.402] [bbotk]  alpha classif.auc warnings errors runtime_learners
INFO  [11:55:57.402] [bbotk]    0.7   0.5234671        0      0            1.297
INFO  [11:55:57.402] [bbotk]                                 uhash
INFO  [11:55:57.402] [bbotk]  55855136-51be-43b6-a955-64ea20880db9
INFO  [11:55:57.404] [bbotk] Evaluating 1 configuration(s)
INFO  [11:55:57.426] [mlr3] Running benchmark with 5 resampling iterations
INFO  [11:55:57.431] [mlr3] Applying learner 'classif.cv_glmnet' on task 'candi_gene' (iter 1/5)
INFO  [11:55:57.626] [mlr3] Applying learner 'classif.cv_glmnet' on task 'candi_gene' (iter 2/5)
INFO  [11:55:57.820] [mlr3] Applying learner 'classif.cv_glmnet' on task 'candi_gene' (iter 3/5)
INFO  [11:55:58.000] [mlr3] Applying learner 'classif.cv_glmnet' on task 'candi_gene' (iter 4/5)
INFO  [11:55:58.177] [mlr3] Applying learner 'classif.cv_glmnet' on task 'candi_gene' (iter 5/5)
INFO  [11:55:58.365] [mlr3] Finished benchmark
INFO  [11:55:58.394] [bbotk] Result of batch 2:
INFO  [11:55:58.396] [bbotk]  alpha classif.auc warnings errors runtime_learners
INFO  [11:55:58.396] [bbotk]   0.95   0.5375119        0      0            0.893
INFO  [11:55:58.396] [bbotk]                                 uhash
INFO  [11:55:58.396] [bbotk]  ed637872-e24a-48fb-a8a4-ba158dcab0b4
INFO  [11:55:58.397] [bbotk] Evaluating 1 configuration(s)
INFO  [11:55:58.419] [mlr3] Running benchmark with 5 resampling iterations
INFO  [11:55:58.424] [mlr3] Applying learner 'classif.cv_glmnet' on task 'candi_gene' (iter 1/5)
INFO  [11:55:58.604] [mlr3] Applying learner 'classif.cv_glmnet' on task 'candi_gene' (iter 2/5)
INFO  [11:55:58.789] [mlr3] Applying learner 'classif.cv_glmnet' on task 'candi_gene' (iter 3/5)
INFO  [11:55:58.965] [mlr3] Applying learner 'classif.cv_glmnet' on task 'candi_gene' (iter 4/5)
INFO  [11:55:59.150] [mlr3] Applying learner 'classif.cv_glmnet' on task 'candi_gene' (iter 5/5)
INFO  [11:55:59.332] [mlr3] Finished benchmark
INFO  [11:55:59.357] [bbotk] Result of batch 3:
INFO  [11:55:59.359] [bbotk]  alpha classif.auc warnings errors runtime_learners
INFO  [11:55:59.359] [bbotk]   0.75   0.5025455        0      0            0.866
INFO  [11:55:59.359] [bbotk]                                 uhash
INFO  [11:55:59.359] [bbotk]  a6fb522f-d4ec-4dbb-8f7a-b5396e318c40
INFO  [11:55:59.360] [bbotk] Evaluating 1 configuration(s)
INFO  [11:55:59.382] [mlr3] Running benchmark with 5 resampling iterations
INFO  [11:55:59.386] [mlr3] Applying learner 'classif.cv_glmnet' on task 'candi_gene' (iter 1/5)
INFO  [11:55:59.594] [mlr3] Applying learner 'classif.cv_glmnet' on task 'candi_gene' (iter 2/5)
INFO  [11:55:59.791] [mlr3] Applying learner 'classif.cv_glmnet' on task 'candi_gene' (iter 3/5)
INFO  [11:55:59.980] [mlr3] Applying learner 'classif.cv_glmnet' on task 'candi_gene' (iter 4/5)
INFO  [11:56:00.172] [mlr3] Applying learner 'classif.cv_glmnet' on task 'candi_gene' (iter 5/5)
INFO  [11:56:00.365] [mlr3] Finished benchmark
INFO  [11:56:00.390] [bbotk] Result of batch 4:
INFO  [11:56:00.392] [bbotk]  alpha classif.auc warnings errors runtime_learners
INFO  [11:56:00.392] [bbotk]    0.4   0.5015608        0      0            0.939
INFO  [11:56:00.392] [bbotk]                                 uhash
INFO  [11:56:00.392] [bbotk]  d9d4c6b2-ae79-423d-b871-60b12f6e08fd
INFO  [11:56:00.393] [bbotk] Evaluating 1 configuration(s)
INFO  [11:56:00.421] [mlr3] Running benchmark with 5 resampling iterations
INFO  [11:56:00.426] [mlr3] Applying learner 'classif.cv_glmnet' on task 'candi_gene' (iter 1/5)
INFO  [11:56:00.976] [mlr3] Applying learner 'classif.cv_glmnet' on task 'candi_gene' (iter 2/5)
INFO  [11:56:01.160] [mlr3] Applying learner 'classif.cv_glmnet' on task 'candi_gene' (iter 3/5)
INFO  [11:56:01.339] [mlr3] Applying learner 'classif.cv_glmnet' on task 'candi_gene' (iter 4/5)
INFO  [11:56:01.513] [mlr3] Applying learner 'classif.cv_glmnet' on task 'candi_gene' (iter 5/5)
INFO  [11:56:01.701] [mlr3] Finished benchmark
INFO  [11:56:01.725] [bbotk] Result of batch 5:
INFO  [11:56:01.727] [bbotk]  alpha classif.auc warnings errors runtime_learners
INFO  [11:56:01.727] [bbotk]      1   0.5263471        0      0            1.236
INFO  [11:56:01.727] [bbotk]                                 uhash
INFO  [11:56:01.727] [bbotk]  e0f4a3d3-c418-46a9-bf38-0fd69bf6ab54
INFO  [11:56:01.728] [bbotk] Evaluating 1 configuration(s)
INFO  [11:56:01.750] [mlr3] Running benchmark with 5 resampling iterations
INFO  [11:56:01.755] [mlr3] Applying learner 'classif.cv_glmnet' on task 'candi_gene' (iter 1/5)
INFO  [11:56:02.175] [mlr3] Applying learner 'classif.cv_glmnet' on task 'candi_gene' (iter 2/5)
INFO  [11:56:02.571] [mlr3] Applying learner 'classif.cv_glmnet' on task 'candi_gene' (iter 3/5)
INFO  [11:56:02.938] [mlr3] Applying learner 'classif.cv_glmnet' on task 'candi_gene' (iter 4/5)
INFO  [11:56:03.351] [mlr3] Applying learner 'classif.cv_glmnet' on task 'candi_gene' (iter 5/5)
INFO  [11:56:03.774] [mlr3] Finished benchmark
INFO  [11:56:03.798] [bbotk] Result of batch 6:
INFO  [11:56:03.800] [bbotk]  alpha classif.auc warnings errors runtime_learners
INFO  [11:56:03.800] [bbotk]      0   0.6250884        0      0            1.976
INFO  [11:56:03.800] [bbotk]                                 uhash
INFO  [11:56:03.800] [bbotk]  0c62f61f-5ab4-4e6b-8ee1-b942a2b5735f
INFO  [11:56:03.801] [bbotk] Evaluating 1 configuration(s)
INFO  [11:56:03.823] [mlr3] Running benchmark with 5 resampling iterations
INFO  [11:56:03.828] [mlr3] Applying learner 'classif.cv_glmnet' on task 'candi_gene' (iter 1/5)
INFO  [11:56:04.014] [mlr3] Applying learner 'classif.cv_glmnet' on task 'candi_gene' (iter 2/5)
INFO  [11:56:04.197] [mlr3] Applying learner 'classif.cv_glmnet' on task 'candi_gene' (iter 3/5)
INFO  [11:56:04.375] [mlr3] Applying learner 'classif.cv_glmnet' on task 'candi_gene' (iter 4/5)
INFO  [11:56:04.551] [mlr3] Applying learner 'classif.cv_glmnet' on task 'candi_gene' (iter 5/5)
INFO  [11:56:04.736] [mlr3] Finished benchmark
INFO  [11:56:04.760] [bbotk] Result of batch 7:
INFO  [11:56:04.762] [bbotk]  alpha classif.auc warnings errors runtime_learners
INFO  [11:56:04.762] [bbotk]    0.6   0.5637505        0      0            0.869
INFO  [11:56:04.762] [bbotk]                                 uhash
INFO  [11:56:04.762] [bbotk]  2f3a5b89-901a-491e-bf25-0515499aaa81
INFO  [11:56:04.764] [bbotk] Evaluating 1 configuration(s)
INFO  [11:56:04.786] [mlr3] Running benchmark with 5 resampling iterations
INFO  [11:56:04.790] [mlr3] Applying learner 'classif.cv_glmnet' on task 'candi_gene' (iter 1/5)
INFO  [11:56:04.994] [mlr3] Applying learner 'classif.cv_glmnet' on task 'candi_gene' (iter 2/5)
INFO  [11:56:05.194] [mlr3] Applying learner 'classif.cv_glmnet' on task 'candi_gene' (iter 3/5)
INFO  [11:56:05.390] [mlr3] Applying learner 'classif.cv_glmnet' on task 'candi_gene' (iter 4/5)
INFO  [11:56:05.581] [mlr3] Applying learner 'classif.cv_glmnet' on task 'candi_gene' (iter 5/5)
INFO  [11:56:05.780] [mlr3] Finished benchmark
INFO  [11:56:05.804] [bbotk] Result of batch 8:
INFO  [11:56:05.806] [bbotk]  alpha classif.auc warnings errors runtime_learners
INFO  [11:56:05.806] [bbotk]    0.3   0.5537178        0      0            0.948
INFO  [11:56:05.806] [bbotk]                                 uhash
INFO  [11:56:05.806] [bbotk]  efffce40-6b8d-4358-a072-d38c91a47d7a
INFO  [11:56:05.807] [bbotk] Evaluating 1 configuration(s)
INFO  [11:56:05.829] [mlr3] Running benchmark with 5 resampling iterations
INFO  [11:56:05.834] [mlr3] Applying learner 'classif.cv_glmnet' on task 'candi_gene' (iter 1/5)
INFO  [11:56:06.045] [mlr3] Applying learner 'classif.cv_glmnet' on task 'candi_gene' (iter 2/5)
INFO  [11:56:06.259] [mlr3] Applying learner 'classif.cv_glmnet' on task 'candi_gene' (iter 3/5)
INFO  [11:56:06.466] [mlr3] Applying learner 'classif.cv_glmnet' on task 'candi_gene' (iter 4/5)
INFO  [11:56:06.665] [mlr3] Applying learner 'classif.cv_glmnet' on task 'candi_gene' (iter 5/5)
INFO  [11:56:06.874] [mlr3] Finished benchmark
INFO  [11:56:06.898] [bbotk] Result of batch 9:
INFO  [11:56:06.900] [bbotk]  alpha classif.auc warnings errors runtime_learners
INFO  [11:56:06.900] [bbotk]   0.25   0.5433629        0      0            0.997
INFO  [11:56:06.900] [bbotk]                                 uhash
INFO  [11:56:06.900] [bbotk]  039d9be8-e600-43b4-9599-5bffe5958ab9
INFO  [11:56:06.901] [bbotk] Evaluating 1 configuration(s)
INFO  [11:56:06.923] [mlr3] Running benchmark with 5 resampling iterations
INFO  [11:56:06.928] [mlr3] Applying learner 'classif.cv_glmnet' on task 'candi_gene' (iter 1/5)
INFO  [11:56:07.145] [mlr3] Applying learner 'classif.cv_glmnet' on task 'candi_gene' (iter 2/5)
INFO  [11:56:07.362] [mlr3] Applying learner 'classif.cv_glmnet' on task 'candi_gene' (iter 3/5)
INFO  [11:56:07.574] [mlr3] Applying learner 'classif.cv_glmnet' on task 'candi_gene' (iter 4/5)
INFO  [11:56:07.782] [mlr3] Applying learner 'classif.cv_glmnet' on task 'candi_gene' (iter 5/5)
INFO  [11:56:07.995] [mlr3] Finished benchmark
INFO  [11:56:08.019] [bbotk] Result of batch 10:
INFO  [11:56:08.021] [bbotk]  alpha classif.auc warnings errors runtime_learners
INFO  [11:56:08.021] [bbotk]    0.2   0.5785719        0      0            1.027
INFO  [11:56:08.021] [bbotk]                                 uhash
INFO  [11:56:08.021] [bbotk]  cba8ca88-b5c0-47f3-9656-0f299709b002
INFO  [11:56:08.023] [bbotk] Evaluating 1 configuration(s)
INFO  [11:56:08.045] [mlr3] Running benchmark with 5 resampling iterations
INFO  [11:56:08.049] [mlr3] Applying learner 'classif.cv_glmnet' on task 'candi_gene' (iter 1/5)
INFO  [11:56:08.243] [mlr3] Applying learner 'classif.cv_glmnet' on task 'candi_gene' (iter 2/5)
INFO  [11:56:08.440] [mlr3] Applying learner 'classif.cv_glmnet' on task 'candi_gene' (iter 3/5)
INFO  [11:56:08.626] [mlr3] Applying learner 'classif.cv_glmnet' on task 'candi_gene' (iter 4/5)
INFO  [11:56:08.808] [mlr3] Applying learner 'classif.cv_glmnet' on task 'candi_gene' (iter 5/5)
INFO  [11:56:09.000] [mlr3] Finished benchmark
INFO  [11:56:09.024] [bbotk] Result of batch 11:
INFO  [11:56:09.026] [bbotk]  alpha classif.auc warnings errors runtime_learners
INFO  [11:56:09.026] [bbotk]   0.45   0.5018952        0      0            0.912
INFO  [11:56:09.026] [bbotk]                                 uhash
INFO  [11:56:09.026] [bbotk]  326223db-7ef3-4e91-9701-003ee52c24a3
INFO  [11:56:09.027] [bbotk] Evaluating 1 configuration(s)
INFO  [11:56:09.050] [mlr3] Running benchmark with 5 resampling iterations
INFO  [11:56:09.054] [mlr3] Applying learner 'classif.cv_glmnet' on task 'candi_gene' (iter 1/5)
INFO  [11:56:09.307] [mlr3] Applying learner 'classif.cv_glmnet' on task 'candi_gene' (iter 2/5)
INFO  [11:56:09.547] [mlr3] Applying learner 'classif.cv_glmnet' on task 'candi_gene' (iter 3/5)
INFO  [11:56:09.787] [mlr3] Applying learner 'classif.cv_glmnet' on task 'candi_gene' (iter 4/5)
INFO  [11:56:10.022] [mlr3] Applying learner 'classif.cv_glmnet' on task 'candi_gene' (iter 5/5)
INFO  [11:56:10.261] [mlr3] Finished benchmark
INFO  [11:56:10.285] [bbotk] Result of batch 12:
INFO  [11:56:10.287] [bbotk]  alpha classif.auc warnings errors runtime_learners
INFO  [11:56:10.287] [bbotk]    0.1   0.5966413        0      0            1.166
INFO  [11:56:10.287] [bbotk]                                 uhash
INFO  [11:56:10.287] [bbotk]  3470d9bb-06e7-4ea6-ad8f-c8b81ed06dae
INFO  [11:56:10.288] [bbotk] Evaluating 1 configuration(s)
INFO  [11:56:10.310] [mlr3] Running benchmark with 5 resampling iterations
INFO  [11:56:10.315] [mlr3] Applying learner 'classif.cv_glmnet' on task 'candi_gene' (iter 1/5)
INFO  [11:56:10.514] [mlr3] Applying learner 'classif.cv_glmnet' on task 'candi_gene' (iter 2/5)
INFO  [11:56:10.717] [mlr3] Applying learner 'classif.cv_glmnet' on task 'candi_gene' (iter 3/5)
INFO  [11:56:10.919] [mlr3] Applying learner 'classif.cv_glmnet' on task 'candi_gene' (iter 4/5)
INFO  [11:56:11.111] [mlr3] Applying learner 'classif.cv_glmnet' on task 'candi_gene' (iter 5/5)
INFO  [11:56:11.313] [mlr3] Finished benchmark
INFO  [11:56:11.338] [bbotk] Result of batch 13:
INFO  [11:56:11.340] [bbotk]  alpha classif.auc warnings errors runtime_learners
INFO  [11:56:11.340] [bbotk]   0.35    0.539814        0      0            0.955
INFO  [11:56:11.340] [bbotk]                                 uhash
INFO  [11:56:11.340] [bbotk]  df93d6fb-bd83-40c0-80f4-161511c56c40
INFO  [11:56:11.341] [bbotk] Evaluating 1 configuration(s)
INFO  [11:56:11.363] [mlr3] Running benchmark with 5 resampling iterations
INFO  [11:56:11.368] [mlr3] Applying learner 'classif.cv_glmnet' on task 'candi_gene' (iter 1/5)
INFO  [11:56:11.546] [mlr3] Applying learner 'classif.cv_glmnet' on task 'candi_gene' (iter 2/5)
INFO  [11:56:11.736] [mlr3] Applying learner 'classif.cv_glmnet' on task 'candi_gene' (iter 3/5)
INFO  [11:56:11.913] [mlr3] Applying learner 'classif.cv_glmnet' on task 'candi_gene' (iter 4/5)
INFO  [11:56:12.094] [mlr3] Applying learner 'classif.cv_glmnet' on task 'candi_gene' (iter 5/5)
INFO  [11:56:12.267] [mlr3] Finished benchmark
INFO  [11:56:12.291] [bbotk] Result of batch 14:
INFO  [11:56:12.293] [bbotk]  alpha classif.auc warnings errors runtime_learners
INFO  [11:56:12.293] [bbotk]    0.9   0.5154404        0      0            0.858
INFO  [11:56:12.293] [bbotk]                                 uhash
INFO  [11:56:12.293] [bbotk]  e6bb6e15-2a8b-40d4-9c48-ecd97c437e3b
INFO  [11:56:12.294] [bbotk] Evaluating 1 configuration(s)
INFO  [11:56:12.316] [mlr3] Running benchmark with 5 resampling iterations
INFO  [11:56:12.321] [mlr3] Applying learner 'classif.cv_glmnet' on task 'candi_gene' (iter 1/5)
INFO  [11:56:12.511] [mlr3] Applying learner 'classif.cv_glmnet' on task 'candi_gene' (iter 2/5)
INFO  [11:56:12.701] [mlr3] Applying learner 'classif.cv_glmnet' on task 'candi_gene' (iter 3/5)
INFO  [11:56:12.879] [mlr3] Applying learner 'classif.cv_glmnet' on task 'candi_gene' (iter 4/5)
INFO  [11:56:13.062] [mlr3] Applying learner 'classif.cv_glmnet' on task 'candi_gene' (iter 5/5)
INFO  [11:56:13.248] [mlr3] Finished benchmark
INFO  [11:56:13.273] [bbotk] Result of batch 15:
INFO  [11:56:13.275] [bbotk]  alpha classif.auc warnings errors runtime_learners
INFO  [11:56:13.275] [bbotk]    0.8   0.5744118        0      0            0.885
INFO  [11:56:13.275] [bbotk]                                 uhash
INFO  [11:56:13.275] [bbotk]  3477f211-38f8-4a75-94f0-79ee72b3be60
INFO  [11:56:13.276] [bbotk] Evaluating 1 configuration(s)
INFO  [11:56:13.298] [mlr3] Running benchmark with 5 resampling iterations
INFO  [11:56:13.303] [mlr3] Applying learner 'classif.cv_glmnet' on task 'candi_gene' (iter 1/5)
INFO  [11:56:13.566] [mlr3] Applying learner 'classif.cv_glmnet' on task 'candi_gene' (iter 2/5)
INFO  [11:56:13.835] [mlr3] Applying learner 'classif.cv_glmnet' on task 'candi_gene' (iter 3/5)
INFO  [11:56:14.114] [mlr3] Applying learner 'classif.cv_glmnet' on task 'candi_gene' (iter 4/5)
INFO  [11:56:14.732] [mlr3] Applying learner 'classif.cv_glmnet' on task 'candi_gene' (iter 5/5)
INFO  [11:56:14.989] [mlr3] Finished benchmark
INFO  [11:56:15.013] [bbotk] Result of batch 16:
INFO  [11:56:15.015] [bbotk]  alpha classif.auc warnings errors runtime_learners
INFO  [11:56:15.015] [bbotk]   0.05   0.6424721        0      0            1.645
INFO  [11:56:15.015] [bbotk]                                 uhash
INFO  [11:56:15.015] [bbotk]  ac9317ae-2b2d-4f43-ab62-0a83c4d3a9dc
INFO  [11:56:15.016] [bbotk] Evaluating 1 configuration(s)
INFO  [11:56:15.039] [mlr3] Running benchmark with 5 resampling iterations
INFO  [11:56:15.043] [mlr3] Applying learner 'classif.cv_glmnet' on task 'candi_gene' (iter 1/5)
INFO  [11:56:15.228] [mlr3] Applying learner 'classif.cv_glmnet' on task 'candi_gene' (iter 2/5)
INFO  [11:56:15.417] [mlr3] Applying learner 'classif.cv_glmnet' on task 'candi_gene' (iter 3/5)
INFO  [11:56:15.585] [mlr3] Applying learner 'classif.cv_glmnet' on task 'candi_gene' (iter 4/5)
INFO  [11:56:15.762] [mlr3] Applying learner 'classif.cv_glmnet' on task 'candi_gene' (iter 5/5)
INFO  [11:56:15.944] [mlr3] Finished benchmark
INFO  [11:56:15.969] [bbotk] Result of batch 17:
INFO  [11:56:15.971] [bbotk]  alpha classif.auc warnings errors runtime_learners
INFO  [11:56:15.971] [bbotk]   0.85   0.5228354        0      0            0.861
INFO  [11:56:15.971] [bbotk]                                 uhash
INFO  [11:56:15.971] [bbotk]  4f5ec3f4-323f-4d16-9d90-79546d086d1c
INFO  [11:56:15.972] [bbotk] Evaluating 1 configuration(s)
INFO  [11:56:15.994] [mlr3] Running benchmark with 5 resampling iterations
INFO  [11:56:15.999] [mlr3] Applying learner 'classif.cv_glmnet' on task 'candi_gene' (iter 1/5)
INFO  [11:56:16.188] [mlr3] Applying learner 'classif.cv_glmnet' on task 'candi_gene' (iter 2/5)
INFO  [11:56:16.379] [mlr3] Applying learner 'classif.cv_glmnet' on task 'candi_gene' (iter 3/5)
INFO  [11:56:16.555] [mlr3] Applying learner 'classif.cv_glmnet' on task 'candi_gene' (iter 4/5)
INFO  [11:56:16.740] [mlr3] Applying learner 'classif.cv_glmnet' on task 'candi_gene' (iter 5/5)
INFO  [11:56:16.925] [mlr3] Finished benchmark
INFO  [11:56:16.949] [bbotk] Result of batch 18:
INFO  [11:56:16.951] [bbotk]  alpha classif.auc warnings errors runtime_learners
INFO  [11:56:16.951] [bbotk]   0.55   0.5289845        0      0            0.883
INFO  [11:56:16.951] [bbotk]                                 uhash
INFO  [11:56:16.951] [bbotk]  7190b06a-10d0-41d6-846f-3ad59e7527e7
INFO  [11:56:16.952] [bbotk] Evaluating 1 configuration(s)
INFO  [11:56:16.975] [mlr3] Running benchmark with 5 resampling iterations
INFO  [11:56:16.979] [mlr3] Applying learner 'classif.cv_glmnet' on task 'candi_gene' (iter 1/5)
INFO  [11:56:17.204] [mlr3] Applying learner 'classif.cv_glmnet' on task 'candi_gene' (iter 2/5)
INFO  [11:56:17.428] [mlr3] Applying learner 'classif.cv_glmnet' on task 'candi_gene' (iter 3/5)
INFO  [11:56:17.652] [mlr3] Applying learner 'classif.cv_glmnet' on task 'candi_gene' (iter 4/5)
INFO  [11:56:17.867] [mlr3] Applying learner 'classif.cv_glmnet' on task 'candi_gene' (iter 5/5)
INFO  [11:56:18.090] [mlr3] Finished benchmark
INFO  [11:56:18.114] [bbotk] Result of batch 19:
INFO  [11:56:18.116] [bbotk]  alpha classif.auc warnings errors runtime_learners
INFO  [11:56:18.116] [bbotk]   0.15   0.5702701        0      0             1.07
INFO  [11:56:18.116] [bbotk]                                 uhash
INFO  [11:56:18.116] [bbotk]  e6956f13-0b48-4588-a342-1710332c58b7
INFO  [11:56:18.118] [bbotk] Evaluating 1 configuration(s)
INFO  [11:56:18.140] [mlr3] Running benchmark with 5 resampling iterations
INFO  [11:56:18.144] [mlr3] Applying learner 'classif.cv_glmnet' on task 'candi_gene' (iter 1/5)
INFO  [11:56:18.331] [mlr3] Applying learner 'classif.cv_glmnet' on task 'candi_gene' (iter 2/5)
INFO  [11:56:18.524] [mlr3] Applying learner 'classif.cv_glmnet' on task 'candi_gene' (iter 3/5)
INFO  [11:56:18.694] [mlr3] Applying learner 'classif.cv_glmnet' on task 'candi_gene' (iter 4/5)
INFO  [11:56:18.873] [mlr3] Applying learner 'classif.cv_glmnet' on task 'candi_gene' (iter 5/5)
INFO  [11:56:19.060] [mlr3] Finished benchmark
INFO  [11:56:19.084] [bbotk] Result of batch 20:
INFO  [11:56:19.086] [bbotk]  alpha classif.auc warnings errors runtime_learners
INFO  [11:56:19.086] [bbotk]   0.65   0.5138239        0      0            0.876
INFO  [11:56:19.086] [bbotk]                                 uhash
INFO  [11:56:19.086] [bbotk]  f0811187-5340-4e3f-8b8e-fc1afdae4be1
INFO  [11:56:19.087] [bbotk] Evaluating 1 configuration(s)
INFO  [11:56:19.110] [mlr3] Running benchmark with 5 resampling iterations
INFO  [11:56:19.114] [mlr3] Applying learner 'classif.cv_glmnet' on task 'candi_gene' (iter 1/5)
INFO  [11:56:19.304] [mlr3] Applying learner 'classif.cv_glmnet' on task 'candi_gene' (iter 2/5)
INFO  [11:56:19.491] [mlr3] Applying learner 'classif.cv_glmnet' on task 'candi_gene' (iter 3/5)
INFO  [11:56:19.677] [mlr3] Applying learner 'classif.cv_glmnet' on task 'candi_gene' (iter 4/5)
INFO  [11:56:19.859] [mlr3] Applying learner 'classif.cv_glmnet' on task 'candi_gene' (iter 5/5)
INFO  [11:56:20.040] [mlr3] Finished benchmark
INFO  [11:56:20.064] [bbotk] Result of batch 21:
INFO  [11:56:20.066] [bbotk]  alpha classif.auc warnings errors runtime_learners
INFO  [11:56:20.066] [bbotk]    0.5   0.5338428        0      0            0.885
INFO  [11:56:20.066] [bbotk]                                 uhash
INFO  [11:56:20.066] [bbotk]  d6c95e5d-a839-48d1-b53d-209cf722e1bf
INFO  [11:56:20.070] [bbotk] Finished optimizing after 21 evaluation(s)
INFO  [11:56:20.071] [bbotk] Result:
INFO  [11:56:20.073] [bbotk]   alpha learner_param_vals x_domain classif.auc
INFO  [11:56:20.073] [bbotk]  <char>             <list>   <list>       <num>
INFO  [11:56:20.073] [bbotk]    0.05       c(7.8947....     0.05   0.6424721
