Conda environment: *
R version 4.3.1 (2023-06-16)
Platform: x86_64-conda-linux-gnu (64-bit)
Running under: Red Hat Enterprise Linux 8.3 (Ootpa)

Matrix products: default
BLAS/LAPACK: /ess/home/home1/beiw/miniconda3/envs/5hmc_os_env/lib/libopenblasp-r0.3.27.so;  LAPACK version 3.12.0

locale:
[1] C

time zone: America/Chicago
tzcode source: system (glibc)

attached base packages:
[1] stats4    stats     graphics  grDevices utils     datasets  methods  
[8] base     

other attached packages:
 [1] conflicted_1.2.0            DESeq2_1.40.2              
 [3] SummarizedExperiment_1.30.2 Biobase_2.60.0             
 [5] MatrixGenerics_1.12.2       matrixStats_1.2.0          
 [7] GenomicRanges_1.52.0        GenomeInfoDb_1.36.1        
 [9] IRanges_2.34.1              S4Vectors_0.38.1           
[11] BiocGenerics_0.46.0         glmnet_4.1-8               
[13] Matrix_1.6-5                mlr3learners_0.5.8         
[15] mlr3tuning_0.19.0           paradox_0.11.1             
[17] mlr3_0.19.0                 lubridate_1.9.3            
[19] forcats_1.0.0               stringr_1.5.1              
[21] purrr_1.0.2                 readr_2.1.5                
[23] tidyr_1.3.1                 tibble_3.2.1               
[25] ggplot2_3.4.4               tidyverse_2.0.0            
[27] dplyr_1.1.4                

loaded via a namespace (and not attached):
 [1] gtable_0.3.4            shape_1.4.6             lattice_0.21-9         
 [4] tzdb_0.4.0              bitops_1.0-7            vctrs_0.6.4            
 [7] tools_4.3.1             generics_0.1.3          parallel_4.3.1         
[10] fansi_1.0.5             pkgconfig_2.0.3         data.table_1.15.2      
[13] checkmate_2.3.1         uuid_1.1-1              GenomeInfoDbData_1.2.11
[16] lifecycle_1.0.3         compiler_4.3.1          munsell_0.5.0          
[19] RhpcBLASctl_0.23-42     codetools_0.2-20        bbotk_0.7.2            
[22] RCurl_1.98-1.12         pillar_1.9.0            crayon_1.5.2           
[25] BiocParallel_1.34.2     cachem_1.0.8            DelayedArray_0.26.6    
[28] iterators_1.0.14        foreach_1.5.2           parallelly_1.37.1      
[31] locfit_1.5-9.8          tidyselect_1.2.0        digest_0.6.35          
[34] stringi_1.7.12          future_1.33.2           listenv_0.9.1          
[37] splines_4.3.1           fastmap_1.1.1           grid_4.3.1             
[40] colorspace_2.1-0        cli_3.6.1               magrittr_2.0.3         
[43] S4Arrays_1.0.4          survival_3.5-7          utf8_1.2.4             
[46] withr_2.5.1             scales_1.2.1            backports_1.4.1        
[49] timechange_0.2.0        XVector_0.40.0          globals_0.16.3         
[52] hms_1.1.3               memoise_2.0.1           mlr3misc_0.15.0        
[55] rlang_1.1.1             Rcpp_1.0.11             glue_1.6.2             
[58] palmerpenguins_0.1.1    lgr_0.4.4               R6_2.5.1               
[61] zlibbioc_1.46.0        
INFO  [11:56:38.480] [bbotk] Starting to optimize 1 parameter(s) with '<TunerGridSearch>' and '<TerminatorNone>'
INFO  [11:56:38.505] [bbotk] Evaluating 1 configuration(s)
INFO  [11:56:38.537] [mlr3] Running benchmark with 5 resampling iterations
INFO  [11:56:38.572] [mlr3] Applying learner 'classif.cv_glmnet' on task 'candi_gene' (iter 1/5)
INFO  [11:56:39.456] [mlr3] Applying learner 'classif.cv_glmnet' on task 'candi_gene' (iter 2/5)
INFO  [11:56:40.265] [mlr3] Applying learner 'classif.cv_glmnet' on task 'candi_gene' (iter 3/5)
INFO  [11:56:40.667] [mlr3] Applying learner 'classif.cv_glmnet' on task 'candi_gene' (iter 4/5)
INFO  [11:56:41.023] [mlr3] Applying learner 'classif.cv_glmnet' on task 'candi_gene' (iter 5/5)
INFO  [11:56:41.453] [mlr3] Finished benchmark
INFO  [11:56:41.480] [bbotk] Result of batch 1:
INFO  [11:56:41.484] [bbotk]  alpha classif.auc warnings errors runtime_learners
INFO  [11:56:41.484] [bbotk]      0   0.5098194        0      0            2.832
INFO  [11:56:41.484] [bbotk]                                 uhash
INFO  [11:56:41.484] [bbotk]  11b2b336-33ba-4fde-9ad0-23430fb732c4
INFO  [11:56:41.486] [bbotk] Evaluating 1 configuration(s)
INFO  [11:56:41.509] [mlr3] Running benchmark with 5 resampling iterations
INFO  [11:56:41.514] [mlr3] Applying learner 'classif.cv_glmnet' on task 'candi_gene' (iter 1/5)
INFO  [11:56:41.704] [mlr3] Applying learner 'classif.cv_glmnet' on task 'candi_gene' (iter 2/5)
INFO  [11:56:41.897] [mlr3] Applying learner 'classif.cv_glmnet' on task 'candi_gene' (iter 3/5)
INFO  [11:56:42.105] [mlr3] Applying learner 'classif.cv_glmnet' on task 'candi_gene' (iter 4/5)
INFO  [11:56:42.310] [mlr3] Applying learner 'classif.cv_glmnet' on task 'candi_gene' (iter 5/5)
INFO  [11:56:42.503] [mlr3] Finished benchmark
INFO  [11:56:42.528] [bbotk] Result of batch 2:
INFO  [11:56:42.530] [bbotk]  alpha classif.auc warnings errors runtime_learners
INFO  [11:56:42.530] [bbotk]   0.45   0.5694832        0      0            0.944
INFO  [11:56:42.530] [bbotk]                                 uhash
INFO  [11:56:42.530] [bbotk]  398b0836-4e84-4817-a437-fd0430cf48cf
INFO  [11:56:42.531] [bbotk] Evaluating 1 configuration(s)
INFO  [11:56:42.555] [mlr3] Running benchmark with 5 resampling iterations
INFO  [11:56:42.560] [mlr3] Applying learner 'classif.cv_glmnet' on task 'candi_gene' (iter 1/5)
INFO  [11:56:42.740] [mlr3] Applying learner 'classif.cv_glmnet' on task 'candi_gene' (iter 2/5)
INFO  [11:56:42.927] [mlr3] Applying learner 'classif.cv_glmnet' on task 'candi_gene' (iter 3/5)
INFO  [11:56:43.126] [mlr3] Applying learner 'classif.cv_glmnet' on task 'candi_gene' (iter 4/5)
INFO  [11:56:43.323] [mlr3] Applying learner 'classif.cv_glmnet' on task 'candi_gene' (iter 5/5)
INFO  [11:56:43.502] [mlr3] Finished benchmark
INFO  [11:56:43.527] [bbotk] Result of batch 3:
INFO  [11:56:43.529] [bbotk]  alpha classif.auc warnings errors runtime_learners
INFO  [11:56:43.529] [bbotk]   0.65   0.4827586        0      0              0.9
INFO  [11:56:43.529] [bbotk]                                 uhash
INFO  [11:56:43.529] [bbotk]  8ce85cec-d8ac-47f3-aebc-38b113d35aed
INFO  [11:56:43.530] [bbotk] Evaluating 1 configuration(s)
INFO  [11:56:43.559] [mlr3] Running benchmark with 5 resampling iterations
INFO  [11:56:43.564] [mlr3] Applying learner 'classif.cv_glmnet' on task 'candi_gene' (iter 1/5)
INFO  [11:56:43.738] [mlr3] Applying learner 'classif.cv_glmnet' on task 'candi_gene' (iter 2/5)
INFO  [11:56:43.925] [mlr3] Applying learner 'classif.cv_glmnet' on task 'candi_gene' (iter 3/5)
INFO  [11:56:44.130] [mlr3] Applying learner 'classif.cv_glmnet' on task 'candi_gene' (iter 4/5)
INFO  [11:56:44.333] [mlr3] Applying learner 'classif.cv_glmnet' on task 'candi_gene' (iter 5/5)
INFO  [11:56:44.523] [mlr3] Finished benchmark
INFO  [11:56:44.547] [bbotk] Result of batch 4:
INFO  [11:56:44.549] [bbotk]  alpha classif.auc warnings errors runtime_learners
INFO  [11:56:44.549] [bbotk]      1   0.5163798        0      0            0.919
INFO  [11:56:44.549] [bbotk]                                 uhash
INFO  [11:56:44.549] [bbotk]  a7705f7c-01b8-4df4-a730-999c11978b8d
INFO  [11:56:44.550] [bbotk] Evaluating 1 configuration(s)
INFO  [11:56:44.573] [mlr3] Running benchmark with 5 resampling iterations
INFO  [11:56:44.578] [mlr3] Applying learner 'classif.cv_glmnet' on task 'candi_gene' (iter 1/5)
INFO  [11:56:44.758] [mlr3] Applying learner 'classif.cv_glmnet' on task 'candi_gene' (iter 2/5)
INFO  [11:56:44.937] [mlr3] Applying learner 'classif.cv_glmnet' on task 'candi_gene' (iter 3/5)
INFO  [11:56:45.135] [mlr3] Applying learner 'classif.cv_glmnet' on task 'candi_gene' (iter 4/5)
INFO  [11:56:45.329] [mlr3] Applying learner 'classif.cv_glmnet' on task 'candi_gene' (iter 5/5)
INFO  [11:56:45.516] [mlr3] Finished benchmark
INFO  [11:56:45.540] [bbotk] Result of batch 5:
INFO  [11:56:45.542] [bbotk]  alpha classif.auc warnings errors runtime_learners
INFO  [11:56:45.542] [bbotk]    0.8   0.5719823        0      0            0.897
INFO  [11:56:45.542] [bbotk]                                 uhash
INFO  [11:56:45.542] [bbotk]  2dd563a5-abff-4bab-a593-025ed771f56d
INFO  [11:56:45.543] [bbotk] Evaluating 1 configuration(s)
INFO  [11:56:45.566] [mlr3] Running benchmark with 5 resampling iterations
INFO  [11:56:45.571] [mlr3] Applying learner 'classif.cv_glmnet' on task 'candi_gene' (iter 1/5)
INFO  [11:56:45.753] [mlr3] Applying learner 'classif.cv_glmnet' on task 'candi_gene' (iter 2/5)
INFO  [11:56:46.307] [mlr3] Applying learner 'classif.cv_glmnet' on task 'candi_gene' (iter 3/5)
INFO  [11:56:46.502] [mlr3] Applying learner 'classif.cv_glmnet' on task 'candi_gene' (iter 4/5)
INFO  [11:56:46.696] [mlr3] Applying learner 'classif.cv_glmnet' on task 'candi_gene' (iter 5/5)
INFO  [11:56:46.880] [mlr3] Finished benchmark
INFO  [11:56:46.905] [bbotk] Result of batch 6:
INFO  [11:56:46.907] [bbotk]  alpha classif.auc warnings errors runtime_learners
INFO  [11:56:46.907] [bbotk]   0.75   0.5967213        0      0            1.264
INFO  [11:56:46.907] [bbotk]                                 uhash
INFO  [11:56:46.907] [bbotk]  344199ad-62a4-4241-8cca-3e8f34b5eaab
INFO  [11:56:46.908] [bbotk] Evaluating 1 configuration(s)
INFO  [11:56:46.931] [mlr3] Running benchmark with 5 resampling iterations
INFO  [11:56:46.936] [mlr3] Applying learner 'classif.cv_glmnet' on task 'candi_gene' (iter 1/5)
INFO  [11:56:47.119] [mlr3] Applying learner 'classif.cv_glmnet' on task 'candi_gene' (iter 2/5)
INFO  [11:56:47.297] [mlr3] Applying learner 'classif.cv_glmnet' on task 'candi_gene' (iter 3/5)
INFO  [11:56:47.497] [mlr3] Applying learner 'classif.cv_glmnet' on task 'candi_gene' (iter 4/5)
INFO  [11:56:47.693] [mlr3] Applying learner 'classif.cv_glmnet' on task 'candi_gene' (iter 5/5)
INFO  [11:56:47.877] [mlr3] Finished benchmark
INFO  [11:56:47.902] [bbotk] Result of batch 7:
INFO  [11:56:47.904] [bbotk]  alpha classif.auc warnings errors runtime_learners
INFO  [11:56:47.904] [bbotk]    0.7   0.5784376        0      0            0.893
INFO  [11:56:47.904] [bbotk]                                 uhash
INFO  [11:56:47.904] [bbotk]  b6ca6090-7a5e-4df6-9845-55fdc19af907
INFO  [11:56:47.905] [bbotk] Evaluating 1 configuration(s)
INFO  [11:56:47.928] [mlr3] Running benchmark with 5 resampling iterations
INFO  [11:56:47.932] [mlr3] Applying learner 'classif.cv_glmnet' on task 'candi_gene' (iter 1/5)
INFO  [11:56:48.133] [mlr3] Applying learner 'classif.cv_glmnet' on task 'candi_gene' (iter 2/5)
INFO  [11:56:48.344] [mlr3] Applying learner 'classif.cv_glmnet' on task 'candi_gene' (iter 3/5)
INFO  [11:56:48.572] [mlr3] Applying learner 'classif.cv_glmnet' on task 'candi_gene' (iter 4/5)
INFO  [11:56:48.783] [mlr3] Applying learner 'classif.cv_glmnet' on task 'candi_gene' (iter 5/5)
INFO  [11:56:48.992] [mlr3] Finished benchmark
INFO  [11:56:49.017] [bbotk] Result of batch 8:
INFO  [11:56:49.019] [bbotk]  alpha classif.auc warnings errors runtime_learners
INFO  [11:56:49.019] [bbotk]   0.25   0.6220306        0      0            1.016
INFO  [11:56:49.019] [bbotk]                                 uhash
INFO  [11:56:49.019] [bbotk]  16f5a5a9-e203-48a9-a3e9-7c4ab553b666
INFO  [11:56:49.021] [bbotk] Evaluating 1 configuration(s)
INFO  [11:56:49.044] [mlr3] Running benchmark with 5 resampling iterations
INFO  [11:56:49.048] [mlr3] Applying learner 'classif.cv_glmnet' on task 'candi_gene' (iter 1/5)
INFO  [11:56:49.245] [mlr3] Applying learner 'classif.cv_glmnet' on task 'candi_gene' (iter 2/5)
INFO  [11:56:49.439] [mlr3] Applying learner 'classif.cv_glmnet' on task 'candi_gene' (iter 3/5)
INFO  [11:56:49.643] [mlr3] Applying learner 'classif.cv_glmnet' on task 'candi_gene' (iter 4/5)
INFO  [11:56:49.851] [mlr3] Applying learner 'classif.cv_glmnet' on task 'candi_gene' (iter 5/5)
INFO  [11:56:50.049] [mlr3] Finished benchmark
INFO  [11:56:50.074] [bbotk] Result of batch 9:
INFO  [11:56:50.076] [bbotk]  alpha classif.auc warnings errors runtime_learners
INFO  [11:56:50.076] [bbotk]    0.4   0.5244057        0      0            0.956
INFO  [11:56:50.076] [bbotk]                                 uhash
INFO  [11:56:50.076] [bbotk]  3509637d-2c1d-4e52-b263-748a0b40738e
INFO  [11:56:50.077] [bbotk] Evaluating 1 configuration(s)
INFO  [11:56:50.100] [mlr3] Running benchmark with 5 resampling iterations
INFO  [11:56:50.105] [mlr3] Applying learner 'classif.cv_glmnet' on task 'candi_gene' (iter 1/5)
INFO  [11:56:50.309] [mlr3] Applying learner 'classif.cv_glmnet' on task 'candi_gene' (iter 2/5)
INFO  [11:56:50.512] [mlr3] Applying learner 'classif.cv_glmnet' on task 'candi_gene' (iter 3/5)
INFO  [11:56:50.728] [mlr3] Applying learner 'classif.cv_glmnet' on task 'candi_gene' (iter 4/5)
INFO  [11:56:50.939] [mlr3] Applying learner 'classif.cv_glmnet' on task 'candi_gene' (iter 5/5)
INFO  [11:56:51.142] [mlr3] Finished benchmark
INFO  [11:56:51.166] [bbotk] Result of batch 10:
INFO  [11:56:51.168] [bbotk]  alpha classif.auc warnings errors runtime_learners
INFO  [11:56:51.168] [bbotk]    0.3   0.5771266        0      0            0.995
INFO  [11:56:51.168] [bbotk]                                 uhash
INFO  [11:56:51.168] [bbotk]  ebd24ed7-b2b4-4ecb-846c-176bf8fe74a2
INFO  [11:56:51.170] [bbotk] Evaluating 1 configuration(s)
INFO  [11:56:51.193] [mlr3] Running benchmark with 5 resampling iterations
INFO  [11:56:51.198] [mlr3] Applying learner 'classif.cv_glmnet' on task 'candi_gene' (iter 1/5)
INFO  [11:56:51.387] [mlr3] Applying learner 'classif.cv_glmnet' on task 'candi_gene' (iter 2/5)
INFO  [11:56:51.570] [mlr3] Applying learner 'classif.cv_glmnet' on task 'candi_gene' (iter 3/5)
INFO  [11:56:51.780] [mlr3] Applying learner 'classif.cv_glmnet' on task 'candi_gene' (iter 4/5)
INFO  [11:56:51.971] [mlr3] Applying learner 'classif.cv_glmnet' on task 'candi_gene' (iter 5/5)
INFO  [11:56:52.160] [mlr3] Finished benchmark
INFO  [11:56:52.185] [bbotk] Result of batch 11:
INFO  [11:56:52.187] [bbotk]  alpha classif.auc warnings errors runtime_learners
INFO  [11:56:52.187] [bbotk]    0.6   0.5176046        0      0            0.924
INFO  [11:56:52.187] [bbotk]                                 uhash
INFO  [11:56:52.187] [bbotk]  dc5c5166-d26c-49ad-8c80-3cec630243cc
INFO  [11:56:52.189] [bbotk] Evaluating 1 configuration(s)
INFO  [11:56:52.212] [mlr3] Running benchmark with 5 resampling iterations
INFO  [11:56:52.216] [mlr3] Applying learner 'classif.cv_glmnet' on task 'candi_gene' (iter 1/5)
INFO  [11:56:52.410] [mlr3] Applying learner 'classif.cv_glmnet' on task 'candi_gene' (iter 2/5)
INFO  [11:56:52.590] [mlr3] Applying learner 'classif.cv_glmnet' on task 'candi_gene' (iter 3/5)
INFO  [11:56:52.798] [mlr3] Applying learner 'classif.cv_glmnet' on task 'candi_gene' (iter 4/5)
INFO  [11:56:52.999] [mlr3] Applying learner 'classif.cv_glmnet' on task 'candi_gene' (iter 5/5)
INFO  [11:56:53.183] [mlr3] Finished benchmark
INFO  [11:56:53.208] [bbotk] Result of batch 12:
INFO  [11:56:53.210] [bbotk]  alpha classif.auc warnings errors runtime_learners
INFO  [11:56:53.210] [bbotk]    0.5   0.5507718        0      0            0.924
INFO  [11:56:53.210] [bbotk]                                 uhash
INFO  [11:56:53.210] [bbotk]  70f1034f-48a7-4954-9363-b752f85e1e70
INFO  [11:56:53.212] [bbotk] Evaluating 1 configuration(s)
INFO  [11:56:53.244] [mlr3] Running benchmark with 5 resampling iterations
INFO  [11:56:53.248] [mlr3] Applying learner 'classif.cv_glmnet' on task 'candi_gene' (iter 1/5)
INFO  [11:56:53.465] [mlr3] Applying learner 'classif.cv_glmnet' on task 'candi_gene' (iter 2/5)
INFO  [11:56:53.695] [mlr3] Applying learner 'classif.cv_glmnet' on task 'candi_gene' (iter 3/5)
INFO  [11:56:53.936] [mlr3] Applying learner 'classif.cv_glmnet' on task 'candi_gene' (iter 4/5)
INFO  [11:56:54.168] [mlr3] Applying learner 'classif.cv_glmnet' on task 'candi_gene' (iter 5/5)
INFO  [11:56:54.392] [mlr3] Finished benchmark
INFO  [11:56:54.424] [bbotk] Result of batch 13:
INFO  [11:56:54.426] [bbotk]  alpha classif.auc warnings errors runtime_learners
INFO  [11:56:54.426] [bbotk]   0.15   0.5748502        0      0            1.097
INFO  [11:56:54.426] [bbotk]                                 uhash
INFO  [11:56:54.426] [bbotk]  54ce9b75-ac9c-4770-b3d9-ba421c7b36ed
INFO  [11:56:54.428] [bbotk] Evaluating 1 configuration(s)
INFO  [11:56:54.451] [mlr3] Running benchmark with 5 resampling iterations
INFO  [11:56:54.455] [mlr3] Applying learner 'classif.cv_glmnet' on task 'candi_gene' (iter 1/5)
INFO  [11:56:54.627] [mlr3] Applying learner 'classif.cv_glmnet' on task 'candi_gene' (iter 2/5)
INFO  [11:56:54.817] [mlr3] Applying learner 'classif.cv_glmnet' on task 'candi_gene' (iter 3/5)
INFO  [11:56:55.017] [mlr3] Applying learner 'classif.cv_glmnet' on task 'candi_gene' (iter 4/5)
INFO  [11:56:55.219] [mlr3] Applying learner 'classif.cv_glmnet' on task 'candi_gene' (iter 5/5)
INFO  [11:56:55.414] [mlr3] Finished benchmark
INFO  [11:56:55.440] [bbotk] Result of batch 14:
INFO  [11:56:55.442] [bbotk]  alpha classif.auc warnings errors runtime_learners
INFO  [11:56:55.442] [bbotk]   0.95   0.5148112        0      0            0.916
INFO  [11:56:55.442] [bbotk]                                 uhash
INFO  [11:56:55.442] [bbotk]  5e81e670-d5d4-41f6-9cb8-8e7f37882666
INFO  [11:56:55.444] [bbotk] Evaluating 1 configuration(s)
INFO  [11:56:55.468] [mlr3] Running benchmark with 5 resampling iterations
INFO  [11:56:55.473] [mlr3] Applying learner 'classif.cv_glmnet' on task 'candi_gene' (iter 1/5)
INFO  [11:56:55.672] [mlr3] Applying learner 'classif.cv_glmnet' on task 'candi_gene' (iter 2/5)
INFO  [11:56:55.875] [mlr3] Applying learner 'classif.cv_glmnet' on task 'candi_gene' (iter 3/5)
INFO  [11:56:56.098] [mlr3] Applying learner 'classif.cv_glmnet' on task 'candi_gene' (iter 4/5)
INFO  [11:56:56.305] [mlr3] Applying learner 'classif.cv_glmnet' on task 'candi_gene' (iter 5/5)
INFO  [11:56:56.513] [mlr3] Finished benchmark
INFO  [11:56:56.539] [bbotk] Result of batch 15:
INFO  [11:56:56.541] [bbotk]  alpha classif.auc warnings errors runtime_learners
INFO  [11:56:56.541] [bbotk]   0.35   0.5727437        0      0            0.993
INFO  [11:56:56.541] [bbotk]                                 uhash
INFO  [11:56:56.541] [bbotk]  c8757735-4518-4457-a98c-380d1bd856a0
INFO  [11:56:56.542] [bbotk] Evaluating 1 configuration(s)
INFO  [11:56:56.565] [mlr3] Running benchmark with 5 resampling iterations
INFO  [11:56:56.570] [mlr3] Applying learner 'classif.cv_glmnet' on task 'candi_gene' (iter 1/5)
INFO  [11:56:56.792] [mlr3] Applying learner 'classif.cv_glmnet' on task 'candi_gene' (iter 2/5)
INFO  [11:56:57.014] [mlr3] Applying learner 'classif.cv_glmnet' on task 'candi_gene' (iter 3/5)
INFO  [11:56:57.253] [mlr3] Applying learner 'classif.cv_glmnet' on task 'candi_gene' (iter 4/5)
INFO  [11:56:57.469] [mlr3] Applying learner 'classif.cv_glmnet' on task 'candi_gene' (iter 5/5)
INFO  [11:56:57.688] [mlr3] Finished benchmark
INFO  [11:56:57.713] [bbotk] Result of batch 16:
INFO  [11:56:57.715] [bbotk]  alpha classif.auc warnings errors runtime_learners
INFO  [11:56:57.715] [bbotk]    0.2   0.5919482        0      0            1.074
INFO  [11:56:57.715] [bbotk]                                 uhash
INFO  [11:56:57.715] [bbotk]  3b7859da-0797-443e-8570-3c2e553fa7a9
INFO  [11:56:57.716] [bbotk] Evaluating 1 configuration(s)
INFO  [11:56:57.739] [mlr3] Running benchmark with 5 resampling iterations
INFO  [11:56:57.744] [mlr3] Applying learner 'classif.cv_glmnet' on task 'candi_gene' (iter 1/5)
INFO  [11:56:57.983] [mlr3] Applying learner 'classif.cv_glmnet' on task 'candi_gene' (iter 2/5)
INFO  [11:56:58.231] [mlr3] Applying learner 'classif.cv_glmnet' on task 'candi_gene' (iter 3/5)
INFO  [11:56:58.489] [mlr3] Applying learner 'classif.cv_glmnet' on task 'candi_gene' (iter 4/5)
INFO  [11:56:58.747] [mlr3] Applying learner 'classif.cv_glmnet' on task 'candi_gene' (iter 5/5)
INFO  [11:56:58.986] [mlr3] Finished benchmark
INFO  [11:56:59.012] [bbotk] Result of batch 17:
INFO  [11:56:59.014] [bbotk]  alpha classif.auc warnings errors runtime_learners
INFO  [11:56:59.014] [bbotk]    0.1   0.5583645        0      0            1.198
INFO  [11:56:59.014] [bbotk]                                 uhash
INFO  [11:56:59.014] [bbotk]  d4e48575-9195-4ed1-ac11-6711d5e0c977
INFO  [11:56:59.015] [bbotk] Evaluating 1 configuration(s)
INFO  [11:56:59.038] [mlr3] Running benchmark with 5 resampling iterations
INFO  [11:56:59.043] [mlr3] Applying learner 'classif.cv_glmnet' on task 'candi_gene' (iter 1/5)
INFO  [11:56:59.306] [mlr3] Applying learner 'classif.cv_glmnet' on task 'candi_gene' (iter 2/5)
INFO  [11:56:59.597] [mlr3] Applying learner 'classif.cv_glmnet' on task 'candi_gene' (iter 3/5)
INFO  [11:56:59.886] [mlr3] Applying learner 'classif.cv_glmnet' on task 'candi_gene' (iter 4/5)
INFO  [11:57:00.530] [mlr3] Applying learner 'classif.cv_glmnet' on task 'candi_gene' (iter 5/5)
INFO  [11:57:00.786] [mlr3] Finished benchmark
INFO  [11:57:00.811] [bbotk] Result of batch 18:
INFO  [11:57:00.813] [bbotk]  alpha classif.auc warnings errors runtime_learners
INFO  [11:57:00.813] [bbotk]   0.05   0.6895041        0      0            1.701
INFO  [11:57:00.813] [bbotk]                                 uhash
INFO  [11:57:00.813] [bbotk]  5b0e9848-9b5b-4f56-8585-842f4c40ff85
INFO  [11:57:00.814] [bbotk] Evaluating 1 configuration(s)
INFO  [11:57:00.837] [mlr3] Running benchmark with 5 resampling iterations
INFO  [11:57:00.842] [mlr3] Applying learner 'classif.cv_glmnet' on task 'candi_gene' (iter 1/5)
INFO  [11:57:01.014] [mlr3] Applying learner 'classif.cv_glmnet' on task 'candi_gene' (iter 2/5)
INFO  [11:57:01.194] [mlr3] Applying learner 'classif.cv_glmnet' on task 'candi_gene' (iter 3/5)
INFO  [11:57:01.396] [mlr3] Applying learner 'classif.cv_glmnet' on task 'candi_gene' (iter 4/5)
INFO  [11:57:01.589] [mlr3] Applying learner 'classif.cv_glmnet' on task 'candi_gene' (iter 5/5)
INFO  [11:57:01.771] [mlr3] Finished benchmark
INFO  [11:57:01.796] [bbotk] Result of batch 19:
INFO  [11:57:01.798] [bbotk]  alpha classif.auc warnings errors runtime_learners
INFO  [11:57:01.798] [bbotk]   0.85   0.5222555        0      0            0.886
INFO  [11:57:01.798] [bbotk]                                 uhash
INFO  [11:57:01.798] [bbotk]  c813adf8-4648-42b2-9ef2-85de861b657d
INFO  [11:57:01.799] [bbotk] Evaluating 1 configuration(s)
INFO  [11:57:01.822] [mlr3] Running benchmark with 5 resampling iterations
INFO  [11:57:01.827] [mlr3] Applying learner 'classif.cv_glmnet' on task 'candi_gene' (iter 1/5)
INFO  [11:57:02.012] [mlr3] Applying learner 'classif.cv_glmnet' on task 'candi_gene' (iter 2/5)
INFO  [11:57:02.197] [mlr3] Applying learner 'classif.cv_glmnet' on task 'candi_gene' (iter 3/5)
INFO  [11:57:02.404] [mlr3] Applying learner 'classif.cv_glmnet' on task 'candi_gene' (iter 4/5)
INFO  [11:57:02.597] [mlr3] Applying learner 'classif.cv_glmnet' on task 'candi_gene' (iter 5/5)
INFO  [11:57:02.789] [mlr3] Finished benchmark
INFO  [11:57:02.815] [bbotk] Result of batch 20:
INFO  [11:57:02.817] [bbotk]  alpha classif.auc warnings errors runtime_learners
INFO  [11:57:02.817] [bbotk]   0.55   0.5558248        0      0            0.919
INFO  [11:57:02.817] [bbotk]                                 uhash
INFO  [11:57:02.817] [bbotk]  a784e579-e2af-4de4-b737-fe1ffd89a0d3
INFO  [11:57:02.818] [bbotk] Evaluating 1 configuration(s)
INFO  [11:57:02.841] [mlr3] Running benchmark with 5 resampling iterations
INFO  [11:57:02.846] [mlr3] Applying learner 'classif.cv_glmnet' on task 'candi_gene' (iter 1/5)
INFO  [11:57:03.028] [mlr3] Applying learner 'classif.cv_glmnet' on task 'candi_gene' (iter 2/5)
INFO  [11:57:03.198] [mlr3] Applying learner 'classif.cv_glmnet' on task 'candi_gene' (iter 3/5)
INFO  [11:57:03.389] [mlr3] Applying learner 'classif.cv_glmnet' on task 'candi_gene' (iter 4/5)
INFO  [11:57:03.580] [mlr3] Applying learner 'classif.cv_glmnet' on task 'candi_gene' (iter 5/5)
INFO  [11:57:03.758] [mlr3] Finished benchmark
INFO  [11:57:03.789] [bbotk] Result of batch 21:
INFO  [11:57:03.791] [bbotk]  alpha classif.auc warnings errors runtime_learners
INFO  [11:57:03.791] [bbotk]    0.9    0.583123        0      0            0.872
INFO  [11:57:03.791] [bbotk]                                 uhash
INFO  [11:57:03.791] [bbotk]  441031e7-c56f-4857-8782-2d8b50e71964
INFO  [11:57:03.796] [bbotk] Finished optimizing after 21 evaluation(s)
INFO  [11:57:03.796] [bbotk] Result:
INFO  [11:57:03.798] [bbotk]   alpha learner_param_vals x_domain classif.auc
INFO  [11:57:03.798] [bbotk]  <char>             <list>   <list>       <num>
INFO  [11:57:03.798] [bbotk]    0.05       c(7.8947....     0.05   0.6895041
