Conda environment: *
R version 4.3.1 (2023-06-16)
Platform: x86_64-conda-linux-gnu (64-bit)
Running under: Red Hat Enterprise Linux 8.3 (Ootpa)

Matrix products: default
BLAS/LAPACK: /ess/home/home1/beiw/miniconda3/envs/5hmc_os_env/lib/libopenblasp-r0.3.27.so;  LAPACK version 3.12.0

locale:
[1] C

time zone: America/Chicago
tzcode source: system (glibc)

attached base packages:
[1] stats4    stats     graphics  grDevices utils     datasets  methods  
[8] base     

other attached packages:
 [1] conflicted_1.2.0            DESeq2_1.40.2              
 [3] SummarizedExperiment_1.30.2 Biobase_2.60.0             
 [5] MatrixGenerics_1.12.2       matrixStats_1.2.0          
 [7] GenomicRanges_1.52.0        GenomeInfoDb_1.36.1        
 [9] IRanges_2.34.1              S4Vectors_0.38.1           
[11] BiocGenerics_0.46.0         glmnet_4.1-8               
[13] Matrix_1.6-5                mlr3learners_0.5.8         
[15] mlr3tuning_0.19.0           paradox_0.11.1             
[17] mlr3_0.19.0                 lubridate_1.9.3            
[19] forcats_1.0.0               stringr_1.5.1              
[21] purrr_1.0.2                 readr_2.1.5                
[23] tidyr_1.3.1                 tibble_3.2.1               
[25] ggplot2_3.4.4               tidyverse_2.0.0            
[27] dplyr_1.1.4                

loaded via a namespace (and not attached):
 [1] gtable_0.3.4            shape_1.4.6             lattice_0.21-9         
 [4] tzdb_0.4.0              bitops_1.0-7            vctrs_0.6.4            
 [7] tools_4.3.1             generics_0.1.3          parallel_4.3.1         
[10] fansi_1.0.5             pkgconfig_2.0.3         data.table_1.15.2      
[13] checkmate_2.3.1         uuid_1.1-1              GenomeInfoDbData_1.2.11
[16] lifecycle_1.0.3         compiler_4.3.1          munsell_0.5.0          
[19] RhpcBLASctl_0.23-42     codetools_0.2-20        bbotk_0.7.2            
[22] RCurl_1.98-1.12         pillar_1.9.0            crayon_1.5.2           
[25] BiocParallel_1.34.2     cachem_1.0.8            DelayedArray_0.26.6    
[28] iterators_1.0.14        foreach_1.5.2           parallelly_1.37.1      
[31] locfit_1.5-9.8          tidyselect_1.2.0        digest_0.6.35          
[34] stringi_1.7.12          future_1.33.2           listenv_0.9.1          
[37] splines_4.3.1           fastmap_1.1.1           grid_4.3.1             
[40] colorspace_2.1-0        cli_3.6.1               magrittr_2.0.3         
[43] S4Arrays_1.0.4          survival_3.5-7          utf8_1.2.4             
[46] withr_2.5.1             scales_1.2.1            backports_1.4.1        
[49] timechange_0.2.0        XVector_0.40.0          globals_0.16.3         
[52] hms_1.1.3               memoise_2.0.1           mlr3misc_0.15.0        
[55] rlang_1.1.1             Rcpp_1.0.11             glue_1.6.2             
[58] palmerpenguins_0.1.1    lgr_0.4.4               R6_2.5.1               
[61] zlibbioc_1.46.0        
INFO  [11:57:13.730] [bbotk] Starting to optimize 1 parameter(s) with '<TunerGridSearch>' and '<TerminatorNone>'
INFO  [11:57:13.754] [bbotk] Evaluating 1 configuration(s)
INFO  [11:57:13.786] [mlr3] Running benchmark with 5 resampling iterations
INFO  [11:57:13.820] [mlr3] Applying learner 'classif.cv_glmnet' on task 'candi_gene' (iter 1/5)
INFO  [11:57:14.461] [mlr3] Applying learner 'classif.cv_glmnet' on task 'candi_gene' (iter 2/5)
INFO  [11:57:14.666] [mlr3] Applying learner 'classif.cv_glmnet' on task 'candi_gene' (iter 3/5)
INFO  [11:57:14.867] [mlr3] Applying learner 'classif.cv_glmnet' on task 'candi_gene' (iter 4/5)
INFO  [11:57:15.074] [mlr3] Applying learner 'classif.cv_glmnet' on task 'candi_gene' (iter 5/5)
INFO  [11:57:15.283] [mlr3] Finished benchmark
INFO  [11:57:15.310] [bbotk] Result of batch 1:
INFO  [11:57:15.314] [bbotk]  alpha classif.auc warnings errors runtime_learners
INFO  [11:57:15.314] [bbotk]    0.3   0.6191581        0      0            1.417
INFO  [11:57:15.314] [bbotk]                                 uhash
INFO  [11:57:15.314] [bbotk]  7c95d463-2e3c-4502-9329-3c37115524b8
INFO  [11:57:15.316] [bbotk] Evaluating 1 configuration(s)
INFO  [11:57:15.339] [mlr3] Running benchmark with 5 resampling iterations
INFO  [11:57:15.344] [mlr3] Applying learner 'classif.cv_glmnet' on task 'candi_gene' (iter 1/5)
INFO  [11:57:15.569] [mlr3] Applying learner 'classif.cv_glmnet' on task 'candi_gene' (iter 2/5)
INFO  [11:57:15.780] [mlr3] Applying learner 'classif.cv_glmnet' on task 'candi_gene' (iter 3/5)
INFO  [11:57:15.982] [mlr3] Applying learner 'classif.cv_glmnet' on task 'candi_gene' (iter 4/5)
INFO  [11:57:16.198] [mlr3] Applying learner 'classif.cv_glmnet' on task 'candi_gene' (iter 5/5)
INFO  [11:57:16.414] [mlr3] Finished benchmark
INFO  [11:57:16.439] [bbotk] Result of batch 2:
INFO  [11:57:16.441] [bbotk]  alpha classif.auc warnings errors runtime_learners
INFO  [11:57:16.441] [bbotk]   0.25   0.6332117        0      0            1.027
INFO  [11:57:16.441] [bbotk]                                 uhash
INFO  [11:57:16.441] [bbotk]  ad593194-e2cc-4800-bcc3-1e21ab2bef7b
INFO  [11:57:16.442] [bbotk] Evaluating 1 configuration(s)
INFO  [11:57:16.465] [mlr3] Running benchmark with 5 resampling iterations
INFO  [11:57:16.470] [mlr3] Applying learner 'classif.cv_glmnet' on task 'candi_gene' (iter 1/5)
INFO  [11:57:16.691] [mlr3] Applying learner 'classif.cv_glmnet' on task 'candi_gene' (iter 2/5)
INFO  [11:57:16.913] [mlr3] Applying learner 'classif.cv_glmnet' on task 'candi_gene' (iter 3/5)
INFO  [11:57:17.129] [mlr3] Applying learner 'classif.cv_glmnet' on task 'candi_gene' (iter 4/5)
INFO  [11:57:17.357] [mlr3] Applying learner 'classif.cv_glmnet' on task 'candi_gene' (iter 5/5)
INFO  [11:57:17.572] [mlr3] Finished benchmark
INFO  [11:57:17.597] [bbotk] Result of batch 3:
INFO  [11:57:17.599] [bbotk]  alpha classif.auc warnings errors runtime_learners
INFO  [11:57:17.599] [bbotk]    0.2   0.6147563        0      0             1.06
INFO  [11:57:17.599] [bbotk]                                 uhash
INFO  [11:57:17.599] [bbotk]  4563527a-a798-4fec-a966-f9e101f57e22
INFO  [11:57:17.600] [bbotk] Evaluating 1 configuration(s)
INFO  [11:57:17.623] [mlr3] Running benchmark with 5 resampling iterations
INFO  [11:57:17.628] [mlr3] Applying learner 'classif.cv_glmnet' on task 'candi_gene' (iter 1/5)
INFO  [11:57:17.823] [mlr3] Applying learner 'classif.cv_glmnet' on task 'candi_gene' (iter 2/5)
INFO  [11:57:18.021] [mlr3] Applying learner 'classif.cv_glmnet' on task 'candi_gene' (iter 3/5)
INFO  [11:57:18.196] [mlr3] Applying learner 'classif.cv_glmnet' on task 'candi_gene' (iter 4/5)
INFO  [11:57:18.746] [mlr3] Applying learner 'classif.cv_glmnet' on task 'candi_gene' (iter 5/5)
INFO  [11:57:18.923] [mlr3] Finished benchmark
INFO  [11:57:18.948] [bbotk] Result of batch 4:
INFO  [11:57:18.950] [bbotk]  alpha classif.auc warnings errors runtime_learners
INFO  [11:57:18.950] [bbotk]    0.9   0.5621871        0      0            1.252
INFO  [11:57:18.950] [bbotk]                                 uhash
INFO  [11:57:18.950] [bbotk]  879b8489-f290-4063-9305-28669b059df3
INFO  [11:57:18.951] [bbotk] Evaluating 1 configuration(s)
INFO  [11:57:18.974] [mlr3] Running benchmark with 5 resampling iterations
INFO  [11:57:18.978] [mlr3] Applying learner 'classif.cv_glmnet' on task 'candi_gene' (iter 1/5)
INFO  [11:57:19.170] [mlr3] Applying learner 'classif.cv_glmnet' on task 'candi_gene' (iter 2/5)
INFO  [11:57:19.366] [mlr3] Applying learner 'classif.cv_glmnet' on task 'candi_gene' (iter 3/5)
INFO  [11:57:19.535] [mlr3] Applying learner 'classif.cv_glmnet' on task 'candi_gene' (iter 4/5)
INFO  [11:57:19.727] [mlr3] Applying learner 'classif.cv_glmnet' on task 'candi_gene' (iter 5/5)
INFO  [11:57:19.900] [mlr3] Finished benchmark
INFO  [11:57:19.924] [bbotk] Result of batch 5:
INFO  [11:57:19.926] [bbotk]  alpha classif.auc warnings errors runtime_learners
INFO  [11:57:19.926] [bbotk]   0.95   0.5648221        0      0             0.88
INFO  [11:57:19.926] [bbotk]                                 uhash
INFO  [11:57:19.926] [bbotk]  b23866ef-341d-4208-ae9e-b43d3bcfd54d
INFO  [11:57:19.927] [bbotk] Evaluating 1 configuration(s)
INFO  [11:57:19.950] [mlr3] Running benchmark with 5 resampling iterations
INFO  [11:57:19.955] [mlr3] Applying learner 'classif.cv_glmnet' on task 'candi_gene' (iter 1/5)
INFO  [11:57:20.150] [mlr3] Applying learner 'classif.cv_glmnet' on task 'candi_gene' (iter 2/5)
INFO  [11:57:20.345] [mlr3] Applying learner 'classif.cv_glmnet' on task 'candi_gene' (iter 3/5)
INFO  [11:57:20.532] [mlr3] Applying learner 'classif.cv_glmnet' on task 'candi_gene' (iter 4/5)
INFO  [11:57:20.735] [mlr3] Applying learner 'classif.cv_glmnet' on task 'candi_gene' (iter 5/5)
INFO  [11:57:20.920] [mlr3] Finished benchmark
INFO  [11:57:20.945] [bbotk] Result of batch 6:
INFO  [11:57:20.947] [bbotk]  alpha classif.auc warnings errors runtime_learners
INFO  [11:57:20.947] [bbotk]    0.4   0.5768116        0      0            0.924
INFO  [11:57:20.947] [bbotk]                                 uhash
INFO  [11:57:20.947] [bbotk]  a997e45f-3fa1-4874-83f2-37447773405a
INFO  [11:57:20.948] [bbotk] Evaluating 1 configuration(s)
INFO  [11:57:20.971] [mlr3] Running benchmark with 5 resampling iterations
INFO  [11:57:20.976] [mlr3] Applying learner 'classif.cv_glmnet' on task 'candi_gene' (iter 1/5)
INFO  [11:57:21.174] [mlr3] Applying learner 'classif.cv_glmnet' on task 'candi_gene' (iter 2/5)
INFO  [11:57:21.361] [mlr3] Applying learner 'classif.cv_glmnet' on task 'candi_gene' (iter 3/5)
INFO  [11:57:21.541] [mlr3] Applying learner 'classif.cv_glmnet' on task 'candi_gene' (iter 4/5)
INFO  [11:57:21.723] [mlr3] Applying learner 'classif.cv_glmnet' on task 'candi_gene' (iter 5/5)
INFO  [11:57:21.897] [mlr3] Finished benchmark
INFO  [11:57:21.922] [bbotk] Result of batch 7:
INFO  [11:57:21.924] [bbotk]  alpha classif.auc warnings errors runtime_learners
INFO  [11:57:21.924] [bbotk]    0.8   0.5222222        0      0            0.882
INFO  [11:57:21.924] [bbotk]                                 uhash
INFO  [11:57:21.924] [bbotk]  918b6748-2938-4f84-a374-d13021f99428
INFO  [11:57:21.925] [bbotk] Evaluating 1 configuration(s)
INFO  [11:57:21.948] [mlr3] Running benchmark with 5 resampling iterations
INFO  [11:57:21.952] [mlr3] Applying learner 'classif.cv_glmnet' on task 'candi_gene' (iter 1/5)
INFO  [11:57:22.150] [mlr3] Applying learner 'classif.cv_glmnet' on task 'candi_gene' (iter 2/5)
INFO  [11:57:22.346] [mlr3] Applying learner 'classif.cv_glmnet' on task 'candi_gene' (iter 3/5)
INFO  [11:57:22.520] [mlr3] Applying learner 'classif.cv_glmnet' on task 'candi_gene' (iter 4/5)
INFO  [11:57:22.709] [mlr3] Applying learner 'classif.cv_glmnet' on task 'candi_gene' (iter 5/5)
INFO  [11:57:22.881] [mlr3] Finished benchmark
INFO  [11:57:22.906] [bbotk] Result of batch 8:
INFO  [11:57:22.908] [bbotk]  alpha classif.auc warnings errors runtime_learners
INFO  [11:57:22.908] [bbotk]      1   0.6181784        0      0            0.887
INFO  [11:57:22.908] [bbotk]                                 uhash
INFO  [11:57:22.908] [bbotk]  c2dc8c83-2734-46e0-b7c1-f362a19cec36
INFO  [11:57:22.909] [bbotk] Evaluating 1 configuration(s)
INFO  [11:57:22.932] [mlr3] Running benchmark with 5 resampling iterations
INFO  [11:57:22.937] [mlr3] Applying learner 'classif.cv_glmnet' on task 'candi_gene' (iter 1/5)
INFO  [11:57:23.183] [mlr3] Applying learner 'classif.cv_glmnet' on task 'candi_gene' (iter 2/5)
INFO  [11:57:23.423] [mlr3] Applying learner 'classif.cv_glmnet' on task 'candi_gene' (iter 3/5)
INFO  [11:57:23.655] [mlr3] Applying learner 'classif.cv_glmnet' on task 'candi_gene' (iter 4/5)
INFO  [11:57:23.907] [mlr3] Applying learner 'classif.cv_glmnet' on task 'candi_gene' (iter 5/5)
INFO  [11:57:24.156] [mlr3] Finished benchmark
INFO  [11:57:24.181] [bbotk] Result of batch 9:
INFO  [11:57:24.183] [bbotk]  alpha classif.auc warnings errors runtime_learners
INFO  [11:57:24.183] [bbotk]    0.1   0.6963802        0      0            1.179
INFO  [11:57:24.183] [bbotk]                                 uhash
INFO  [11:57:24.183] [bbotk]  143b19da-2ef8-40ff-abc9-a5c18e8d4de0
INFO  [11:57:24.185] [bbotk] Evaluating 1 configuration(s)
INFO  [11:57:24.207] [mlr3] Running benchmark with 5 resampling iterations
INFO  [11:57:24.212] [mlr3] Applying learner 'classif.cv_glmnet' on task 'candi_gene' (iter 1/5)
INFO  [11:57:24.409] [mlr3] Applying learner 'classif.cv_glmnet' on task 'candi_gene' (iter 2/5)
INFO  [11:57:24.593] [mlr3] Applying learner 'classif.cv_glmnet' on task 'candi_gene' (iter 3/5)
INFO  [11:57:24.771] [mlr3] Applying learner 'classif.cv_glmnet' on task 'candi_gene' (iter 4/5)
INFO  [11:57:24.962] [mlr3] Applying learner 'classif.cv_glmnet' on task 'candi_gene' (iter 5/5)
INFO  [11:57:25.141] [mlr3] Finished benchmark
INFO  [11:57:25.166] [bbotk] Result of batch 10:
INFO  [11:57:25.168] [bbotk]  alpha classif.auc warnings errors runtime_learners
INFO  [11:57:25.168] [bbotk]   0.65   0.6183761        0      0            0.886
INFO  [11:57:25.168] [bbotk]                                 uhash
INFO  [11:57:25.168] [bbotk]  2945406d-893a-4530-8b14-92eafdfa11e6
INFO  [11:57:25.169] [bbotk] Evaluating 1 configuration(s)
INFO  [11:57:25.192] [mlr3] Running benchmark with 5 resampling iterations
INFO  [11:57:25.197] [mlr3] Applying learner 'classif.cv_glmnet' on task 'candi_gene' (iter 1/5)
INFO  [11:57:25.387] [mlr3] Applying learner 'classif.cv_glmnet' on task 'candi_gene' (iter 2/5)
INFO  [11:57:25.576] [mlr3] Applying learner 'classif.cv_glmnet' on task 'candi_gene' (iter 3/5)
INFO  [11:57:25.754] [mlr3] Applying learner 'classif.cv_glmnet' on task 'candi_gene' (iter 4/5)
INFO  [11:57:25.938] [mlr3] Applying learner 'classif.cv_glmnet' on task 'candi_gene' (iter 5/5)
INFO  [11:57:26.114] [mlr3] Finished benchmark
INFO  [11:57:26.139] [bbotk] Result of batch 11:
INFO  [11:57:26.141] [bbotk]  alpha classif.auc warnings errors runtime_learners
INFO  [11:57:26.141] [bbotk]    0.7   0.6514375        0      0            0.874
INFO  [11:57:26.141] [bbotk]                                 uhash
INFO  [11:57:26.141] [bbotk]  c128f198-b08c-41cb-8a36-51e958754b1f
INFO  [11:57:26.142] [bbotk] Evaluating 1 configuration(s)
INFO  [11:57:26.165] [mlr3] Running benchmark with 5 resampling iterations
INFO  [11:57:26.170] [mlr3] Applying learner 'classif.cv_glmnet' on task 'candi_gene' (iter 1/5)
INFO  [11:57:26.368] [mlr3] Applying learner 'classif.cv_glmnet' on task 'candi_gene' (iter 2/5)
INFO  [11:57:26.554] [mlr3] Applying learner 'classif.cv_glmnet' on task 'candi_gene' (iter 3/5)
INFO  [11:57:26.737] [mlr3] Applying learner 'classif.cv_glmnet' on task 'candi_gene' (iter 4/5)
INFO  [11:57:26.935] [mlr3] Applying learner 'classif.cv_glmnet' on task 'candi_gene' (iter 5/5)
INFO  [11:57:27.121] [mlr3] Finished benchmark
INFO  [11:57:27.146] [bbotk] Result of batch 12:
INFO  [11:57:27.148] [bbotk]  alpha classif.auc warnings errors runtime_learners
INFO  [11:57:27.148] [bbotk]   0.55   0.6205196        0      0             0.91
INFO  [11:57:27.148] [bbotk]                                 uhash
INFO  [11:57:27.148] [bbotk]  7cc39483-f664-4ded-bb2d-2395cd70b1b8
INFO  [11:57:27.149] [bbotk] Evaluating 1 configuration(s)
INFO  [11:57:27.172] [mlr3] Running benchmark with 5 resampling iterations
INFO  [11:57:27.177] [mlr3] Applying learner 'classif.cv_glmnet' on task 'candi_gene' (iter 1/5)
INFO  [11:57:27.376] [mlr3] Applying learner 'classif.cv_glmnet' on task 'candi_gene' (iter 2/5)
INFO  [11:57:27.561] [mlr3] Applying learner 'classif.cv_glmnet' on task 'candi_gene' (iter 3/5)
INFO  [11:57:27.749] [mlr3] Applying learner 'classif.cv_glmnet' on task 'candi_gene' (iter 4/5)
INFO  [11:57:27.948] [mlr3] Applying learner 'classif.cv_glmnet' on task 'candi_gene' (iter 5/5)
INFO  [11:57:28.139] [mlr3] Finished benchmark
INFO  [11:57:28.164] [bbotk] Result of batch 13:
INFO  [11:57:28.166] [bbotk]  alpha classif.auc warnings errors runtime_learners
INFO  [11:57:28.166] [bbotk]   0.45   0.5915297        0      0             0.92
INFO  [11:57:28.166] [bbotk]                                 uhash
INFO  [11:57:28.166] [bbotk]  a81b1721-7db5-4726-8903-1dfd56d1f28c
INFO  [11:57:28.167] [bbotk] Evaluating 1 configuration(s)
INFO  [11:57:28.190] [mlr3] Running benchmark with 5 resampling iterations
INFO  [11:57:28.195] [mlr3] Applying learner 'classif.cv_glmnet' on task 'candi_gene' (iter 1/5)
INFO  [11:57:28.394] [mlr3] Applying learner 'classif.cv_glmnet' on task 'candi_gene' (iter 2/5)
INFO  [11:57:28.582] [mlr3] Applying learner 'classif.cv_glmnet' on task 'candi_gene' (iter 3/5)
INFO  [11:57:28.764] [mlr3] Applying learner 'classif.cv_glmnet' on task 'candi_gene' (iter 4/5)
INFO  [11:57:28.955] [mlr3] Applying learner 'classif.cv_glmnet' on task 'candi_gene' (iter 5/5)
INFO  [11:57:29.144] [mlr3] Finished benchmark
INFO  [11:57:29.169] [bbotk] Result of batch 14:
INFO  [11:57:29.171] [bbotk]  alpha classif.auc warnings errors runtime_learners
INFO  [11:57:29.171] [bbotk]    0.6   0.6236816        0      0            0.907
INFO  [11:57:29.171] [bbotk]                                 uhash
INFO  [11:57:29.171] [bbotk]  2b583cb1-7af1-4188-9871-7d613e91ef49
INFO  [11:57:29.172] [bbotk] Evaluating 1 configuration(s)
INFO  [11:57:29.195] [mlr3] Running benchmark with 5 resampling iterations
INFO  [11:57:29.200] [mlr3] Applying learner 'classif.cv_glmnet' on task 'candi_gene' (iter 1/5)
INFO  [11:57:29.483] [mlr3] Applying learner 'classif.cv_glmnet' on task 'candi_gene' (iter 2/5)
INFO  [11:57:29.743] [mlr3] Applying learner 'classif.cv_glmnet' on task 'candi_gene' (iter 3/5)
INFO  [11:57:30.005] [mlr3] Applying learner 'classif.cv_glmnet' on task 'candi_gene' (iter 4/5)
INFO  [11:57:30.278] [mlr3] Applying learner 'classif.cv_glmnet' on task 'candi_gene' (iter 5/5)
INFO  [11:57:30.552] [mlr3] Finished benchmark
INFO  [11:57:30.577] [bbotk] Result of batch 15:
INFO  [11:57:30.579] [bbotk]  alpha classif.auc warnings errors runtime_learners
INFO  [11:57:30.579] [bbotk]   0.05   0.6732779        0      0             1.31
INFO  [11:57:30.579] [bbotk]                                 uhash
INFO  [11:57:30.579] [bbotk]  560f8c94-71d7-4a57-b853-a917a67729a4
INFO  [11:57:30.580] [bbotk] Evaluating 1 configuration(s)
INFO  [11:57:30.603] [mlr3] Running benchmark with 5 resampling iterations
INFO  [11:57:30.608] [mlr3] Applying learner 'classif.cv_glmnet' on task 'candi_gene' (iter 1/5)
INFO  [11:57:30.811] [mlr3] Applying learner 'classif.cv_glmnet' on task 'candi_gene' (iter 2/5)
INFO  [11:57:30.992] [mlr3] Applying learner 'classif.cv_glmnet' on task 'candi_gene' (iter 3/5)
INFO  [11:57:31.181] [mlr3] Applying learner 'classif.cv_glmnet' on task 'candi_gene' (iter 4/5)
INFO  [11:57:31.382] [mlr3] Applying learner 'classif.cv_glmnet' on task 'candi_gene' (iter 5/5)
INFO  [11:57:31.571] [mlr3] Finished benchmark
INFO  [11:57:31.596] [bbotk] Result of batch 16:
INFO  [11:57:31.598] [bbotk]  alpha classif.auc warnings errors runtime_learners
INFO  [11:57:31.598] [bbotk]    0.5   0.5111111        0      0            0.921
INFO  [11:57:31.598] [bbotk]                                 uhash
INFO  [11:57:31.598] [bbotk]  c17ef938-eac1-4bfb-a300-df8cdfc12aeb
INFO  [11:57:31.599] [bbotk] Evaluating 1 configuration(s)
INFO  [11:57:31.622] [mlr3] Running benchmark with 5 resampling iterations
INFO  [11:57:31.627] [mlr3] Applying learner 'classif.cv_glmnet' on task 'candi_gene' (iter 1/5)
INFO  [11:57:31.830] [mlr3] Applying learner 'classif.cv_glmnet' on task 'candi_gene' (iter 2/5)
INFO  [11:57:32.022] [mlr3] Applying learner 'classif.cv_glmnet' on task 'candi_gene' (iter 3/5)
INFO  [11:57:32.194] [mlr3] Applying learner 'classif.cv_glmnet' on task 'candi_gene' (iter 4/5)
INFO  [11:57:32.385] [mlr3] Applying learner 'classif.cv_glmnet' on task 'candi_gene' (iter 5/5)
INFO  [11:57:32.566] [mlr3] Finished benchmark
INFO  [11:57:32.591] [bbotk] Result of batch 17:
INFO  [11:57:32.593] [bbotk]  alpha classif.auc warnings errors runtime_learners
INFO  [11:57:32.593] [bbotk]   0.75   0.6021959        0      0            0.888
INFO  [11:57:32.593] [bbotk]                                 uhash
INFO  [11:57:32.593] [bbotk]  8b09557f-946c-4d07-95a0-a709a1815d1a
INFO  [11:57:32.594] [bbotk] Evaluating 1 configuration(s)
INFO  [11:57:32.617] [mlr3] Running benchmark with 5 resampling iterations
INFO  [11:57:32.622] [mlr3] Applying learner 'classif.cv_glmnet' on task 'candi_gene' (iter 1/5)
INFO  [11:57:33.010] [mlr3] Applying learner 'classif.cv_glmnet' on task 'candi_gene' (iter 2/5)
INFO  [11:57:33.808] [mlr3] Applying learner 'classif.cv_glmnet' on task 'candi_gene' (iter 3/5)
INFO  [11:57:34.233] [mlr3] Applying learner 'classif.cv_glmnet' on task 'candi_gene' (iter 4/5)
INFO  [11:57:34.632] [mlr3] Applying learner 'classif.cv_glmnet' on task 'candi_gene' (iter 5/5)
INFO  [11:57:35.052] [mlr3] Finished benchmark
INFO  [11:57:35.077] [bbotk] Result of batch 18:
INFO  [11:57:35.079] [bbotk]  alpha classif.auc warnings errors runtime_learners
INFO  [11:57:35.079] [bbotk]      0   0.6147792        0      0            2.385
INFO  [11:57:35.079] [bbotk]                                 uhash
INFO  [11:57:35.079] [bbotk]  a6c5ba69-dc5f-4419-9e00-79f55b0c3cfd
INFO  [11:57:35.080] [bbotk] Evaluating 1 configuration(s)
INFO  [11:57:35.103] [mlr3] Running benchmark with 5 resampling iterations
INFO  [11:57:35.108] [mlr3] Applying learner 'classif.cv_glmnet' on task 'candi_gene' (iter 1/5)
INFO  [11:57:35.341] [mlr3] Applying learner 'classif.cv_glmnet' on task 'candi_gene' (iter 2/5)
INFO  [11:57:35.564] [mlr3] Applying learner 'classif.cv_glmnet' on task 'candi_gene' (iter 3/5)
INFO  [11:57:35.784] [mlr3] Applying learner 'classif.cv_glmnet' on task 'candi_gene' (iter 4/5)
INFO  [11:57:36.017] [mlr3] Applying learner 'classif.cv_glmnet' on task 'candi_gene' (iter 5/5)
INFO  [11:57:36.244] [mlr3] Finished benchmark
INFO  [11:57:36.269] [bbotk] Result of batch 19:
INFO  [11:57:36.271] [bbotk]  alpha classif.auc warnings errors runtime_learners
INFO  [11:57:36.271] [bbotk]   0.15   0.6511824        0      0            1.094
INFO  [11:57:36.271] [bbotk]                                 uhash
INFO  [11:57:36.271] [bbotk]  9055bdf4-8a8e-40eb-97df-ec2f0f0cc1a5
INFO  [11:57:36.272] [bbotk] Evaluating 1 configuration(s)
INFO  [11:57:36.295] [mlr3] Running benchmark with 5 resampling iterations
INFO  [11:57:36.300] [mlr3] Applying learner 'classif.cv_glmnet' on task 'candi_gene' (iter 1/5)
INFO  [11:57:36.490] [mlr3] Applying learner 'classif.cv_glmnet' on task 'candi_gene' (iter 2/5)
INFO  [11:57:36.678] [mlr3] Applying learner 'classif.cv_glmnet' on task 'candi_gene' (iter 3/5)
INFO  [11:57:36.843] [mlr3] Applying learner 'classif.cv_glmnet' on task 'candi_gene' (iter 4/5)
INFO  [11:57:37.029] [mlr3] Applying learner 'classif.cv_glmnet' on task 'candi_gene' (iter 5/5)
INFO  [11:57:37.204] [mlr3] Finished benchmark
INFO  [11:57:37.229] [bbotk] Result of batch 20:
INFO  [11:57:37.231] [bbotk]  alpha classif.auc warnings errors runtime_learners
INFO  [11:57:37.231] [bbotk]   0.85   0.5621871        0      0            0.862
INFO  [11:57:37.231] [bbotk]                                 uhash
INFO  [11:57:37.231] [bbotk]  5595e4c0-8db0-417c-ac86-4c4cf71e45fe
INFO  [11:57:37.232] [bbotk] Evaluating 1 configuration(s)
INFO  [11:57:37.255] [mlr3] Running benchmark with 5 resampling iterations
INFO  [11:57:37.260] [mlr3] Applying learner 'classif.cv_glmnet' on task 'candi_gene' (iter 1/5)
INFO  [11:57:37.464] [mlr3] Applying learner 'classif.cv_glmnet' on task 'candi_gene' (iter 2/5)
INFO  [11:57:37.662] [mlr3] Applying learner 'classif.cv_glmnet' on task 'candi_gene' (iter 3/5)
INFO  [11:57:37.853] [mlr3] Applying learner 'classif.cv_glmnet' on task 'candi_gene' (iter 4/5)
INFO  [11:57:38.056] [mlr3] Applying learner 'classif.cv_glmnet' on task 'candi_gene' (iter 5/5)
INFO  [11:57:38.251] [mlr3] Finished benchmark
INFO  [11:57:38.276] [bbotk] Result of batch 21:
INFO  [11:57:38.278] [bbotk]  alpha classif.auc warnings errors runtime_learners
INFO  [11:57:38.278] [bbotk]   0.35   0.5839262        0      0            0.949
INFO  [11:57:38.278] [bbotk]                                 uhash
INFO  [11:57:38.278] [bbotk]  9c923b2c-191c-4f9a-92a2-50b37a7bf7be
INFO  [11:57:38.283] [bbotk] Finished optimizing after 21 evaluation(s)
INFO  [11:57:38.284] [bbotk] Result:
INFO  [11:57:38.286] [bbotk]   alpha learner_param_vals x_domain classif.auc
INFO  [11:57:38.286] [bbotk]  <char>             <list>   <list>       <num>
INFO  [11:57:38.286] [bbotk]     0.1       c(7.8947....      0.1   0.6963802
